<bug id='11967' author='namrata-ibm' open_date='2017-08-02T13:36:00Z' closed_time='2017-08-10T18:33:44Z'>
	<summary>Training_ops_test assertion failures on Ubuntu 16.04</summary>
	<description>
&lt;denchmark-h:h3&gt;System information&lt;/denchmark-h&gt;


Have I written custom code (as opposed to using a stock example script provided in TensorFlow): No
OS Platform and Distribution (e.g., Linux Ubuntu 16.04): Linux Ubuntu 16.04
TensorFlow installed from (source or binary): source
TensorFlow version (use command below):  'v1.2.1-0-gb4957ff', '1.2.1'
Python version:  2.7.12
Bazel version (if compiling from source): 0.4.5
CUDA/cuDNN version: No GPU
GPU model and memory: No GPU
Exact command to reproduce: bazel test -c opt //tensorflow/python:training_ops_test

&lt;denchmark-h:h3&gt;The problem&lt;/denchmark-h&gt;

The //tensorflow/python:training_ops_test is failing on s390x with AssertionError in _testTypesForFtrl method. I have added test log below.
A single value differs as below in the result:
&lt;denchmark-code&gt;lhs =  [-2.9473114]
rhs =  [-2.94730377]
&lt;/denchmark-code&gt;

&lt;denchmark-link:https://github.com/gunan&gt;@gunan&lt;/denchmark-link&gt;
, I saw your suggestion in &lt;denchmark-link:https://github.com/tensorflow/tensorflow/issues/8945#issuecomment-291763267&gt;issue&lt;/denchmark-link&gt;
, that the test tolerance bounds are too tight.
So I tried increasing tolerance to 4e-06  as below and test passes.
&lt;denchmark-code&gt;- self.assertAllClose(linear_update, linear.eval())
+ self.assertAllClose(linear_update, linear.eval(), rtol=4e-06, atol=4e-06)
&lt;/denchmark-code&gt;

Is this tolerance level acceptable?
&lt;denchmark-h:h3&gt;Source code / logs&lt;/denchmark-h&gt;

&lt;denchmark-code&gt;AssertionError:
Not equal to tolerance rtol=1e-06, atol=1e-06
None
(mismatch 1.0%)
 x: array([  1.020000e+02,   1.038411e+02,   1.050863e+02,   1.055917e+02,
         1.053070e+02,   1.042043e+02,   1.022649e+02,   9.947507e+01,
         9.582399e+01,   9.130299e+01,   8.590485e+01,   7.962347e+01,...
 y: array([  1.020000e+02,   1.038411e+02,   1.050863e+02,   1.055917e+02,
         1.053070e+02,   1.042043e+02,   1.022649e+02,   9.947507e+01,
         9.582399e+01,   9.130299e+01,   8.590485e+01,   7.962347e+01,...

----------------------------------------------------------------------

Ran 9 tests in 4.704s

FAILED (failures=1)
not close where =  (array([19]),)
not close lhs =  [-2.9473114]
not close rhs =  [-2.94730377]
not close dif =  [  7.62939453e-06]
not close tol =  [  3.94730387e-06]
dtype = float32, shape = (100,)
&lt;/denchmark-code&gt;

	</description>
	<comments>
		<comment id='1' author='namrata-ibm' date='2017-08-02T23:04:09Z'>
		Which test specifically is failing?  If it's one where the final values are the result of multiple math ops, then 1e-6 is not a very high tolerance.
		</comment>
		<comment id='2' author='namrata-ibm' date='2017-08-03T11:34:27Z'>
		&lt;denchmark-link:https://github.com/poxvoculi&gt;@poxvoculi&lt;/denchmark-link&gt;
 , &lt;denchmark-link:https://github.com/tensorflow/tensorflow/blob/v1.2.1/tensorflow/python/training/training_ops_test.py#L131&gt;testApplyFtrl&lt;/denchmark-link&gt;
 is failing at &lt;denchmark-link:https://github.com/tensorflow/tensorflow/blob/v1.2.1/tensorflow/python/training/training_ops_test.py#L119&gt;this&lt;/denchmark-link&gt;
.
Without change in tolerance, the test passes if I run in debug mode:
bazel test -c dbg //tensorflow/python:training_ops_test 
However it fails with opt or fastbuild compilation modes:
&lt;denchmark-code&gt;bazel test -c opt //tensorflow/python:training_ops_test
bazel test //tensorflow/python:training_ops_test
&lt;/denchmark-code&gt;

		</comment>
		<comment id='3' author='namrata-ibm' date='2017-08-03T20:35:41Z'>
		Internal bug opened to raise the error tolerance at this point.
		</comment>
		<comment id='4' author='namrata-ibm' date='2017-08-04T12:28:31Z'>
		&lt;denchmark-link:https://github.com/poxvoculi&gt;@poxvoculi&lt;/denchmark-link&gt;
, Thank you for you support.
On similar lines I found a test failure in .
Here the error tolerance increase needed is even lower ( i.e. 2e-06) at &lt;denchmark-link:https://github.com/tensorflow/tensorflow/blob/master/tensorflow/python/kernel_tests/summary_image_op_test.py#L83&gt;assert&lt;/denchmark-link&gt;
.
Also test passes when run in debug mode without tolerance increase.
Adding the log below:
&lt;denchmark-code&gt;F..
======================================================================
FAIL: testImageSummary (__main__.SummaryImageOpTest)
----------------------------------------------------------------------
Traceback (most recent call last):
  File "/home/test/.cache/bazel/_bazel_test/24685d064c07f7346b48c2d13ec3ad69/execroot/tensorflow/bazel-out/local-opt/bin/tensorflow/python/kernel_tests/summary_image_op_test.runfiles/org_tensorflow/tensorflow/python/kernel_tests/summary_image_op_test.py", line 83, in testImageSummary
    self.assertAllClose(image, adjusted[0])
  File "/home/test/.cache/bazel/_bazel_test/24685d064c07f7346b48c2d13ec3ad69/execroot/tensorflow/bazel-out/local-opt/bin/tensorflow/python/kernel_tests/summary_image_op_test.runfiles/org_tensorflow/tensorflow/python/framework/test_util.py", line 634, in assertAllClose
    self._assertArrayLikeAllClose(a, b, rtol=rtol, atol=atol)
  File "/home/test/.cache/bazel/_bazel_test/24685d064c07f7346b48c2d13ec3ad69/execroot/tensorflow/bazel-out/local-opt/bin/tensorflow/python/kernel_tests/summary_image_op_test.runfiles/org_tensorflow/tensorflow/python/framework/test_util.py", line 604, in _assertArrayLikeAllClose
    np.testing.assert_allclose(a, b, rtol=rtol, atol=atol, err_msg=msg)
  File "/usr/lib/python2.7/dist-packages/numpy/testing/utils.py", line 1391, in assert_allclose
    verbose=verbose, header=header)
  File "/usr/lib/python2.7/dist-packages/numpy/testing/utils.py", line 733, in assert_array_compare
    raise AssertionError(msg)
AssertionError:
Not equal to tolerance rtol=1e-06, atol=1e-06
None
(mismatch 2.85714285714%)
 x: array([[[221],
        [102],
        [129],...
 y: array([[[ 221.],
        [ 102.],
        [ 129.],...

----------------------------------------------------------------------
Ran 3 tests in 0.069s

FAILED (failures=1)
not close where =  (array([3]), array([6]), array([0]))
not close lhs =  [0]
not close rhs =  [ 1.]
not close dif =  [ 1.]
not close tol =  [  1.99999999e-06]
dtype = uint8, shape = (5, 7, 1)

&lt;/denchmark-code&gt;

		</comment>
		<comment id='5' author='namrata-ibm' date='2017-08-04T19:09:36Z'>
		Thanks, I've added that one to the change.
		</comment>
		<comment id='6' author='namrata-ibm' date='2017-08-10T18:33:44Z'>
		Will be fixed in upcoming release.
		</comment>
	</comments>
</bug>