<bug id='34592' author='tobiaszwingmann' open_date='2019-11-25T20:22:43Z' closed_time='2020-01-23T23:11:59Z'>
	<summary>TensorFlow SavedModel export fails with AttributeError</summary>
	<description>
I'm following the tutorial exactly as it is here: &lt;denchmark-link:https://www.tensorflow.org/tutorials/keras/text_classification_with_hub&gt;https://www.tensorflow.org/tutorials/keras/text_classification_with_hub&lt;/denchmark-link&gt;

Finally, if I want to export the trained model from this tutorial using model.save() I get this error message:
&lt;denchmark-code&gt;---------------------------------------------------------------------------
AttributeError                            Traceback (most recent call last)
&lt;ipython-input-19-768eb5acd4e8&gt; in &lt;module&gt;()
      3 
      4 export_path = "/tmp/saved_models/{}".format(int(t))
----&gt; 5 model.save(export_path, save_format='tf')

4 frames
/usr/local/lib/python3.6/dist-packages/tensorflow_core/python/keras/engine/network.py in save(self, filepath, overwrite, include_optimizer, save_format, signatures, options)
    984     """
    985     saving.save_model(self, filepath, overwrite, include_optimizer, save_format,
--&gt; 986                       signatures, options)
    987 
    988   def save_weights(self, filepath, overwrite=True, save_format=None):

/usr/local/lib/python3.6/dist-packages/tensorflow_core/python/keras/saving/save.py in save_model(model, filepath, overwrite, include_optimizer, save_format, signatures, options)
    113   else:
    114     saved_model_save.save(model, filepath, overwrite, include_optimizer,
--&gt; 115                           signatures, options)
    116 
    117 

/usr/local/lib/python3.6/dist-packages/tensorflow_core/python/keras/saving/saved_model/save.py in save(model, filepath, overwrite, include_optimizer, signatures, options)
     72   # default learning phase placeholder.
     73   with K.learning_phase_scope(0):
---&gt; 74     save_lib.save(model, filepath, signatures, options)
     75 
     76   if not include_optimizer:

/usr/local/lib/python3.6/dist-packages/tensorflow_core/python/saved_model/save.py in save(obj, export_dir, signatures, options)
    905   # Note we run this twice since, while constructing the view the first time
    906   # there can be side effects of creating variables.
--&gt; 907   _ = _SaveableView(checkpoint_graph_view)
    908   saveable_view = _SaveableView(checkpoint_graph_view)
    909 

/usr/local/lib/python3.6/dist-packages/tensorflow_core/python/saved_model/save.py in __init__(self, checkpoint_view)
    189           concrete_functions = [function]
    190         for concrete_function in concrete_functions:
--&gt; 191           if concrete_function.name not in seen_function_names:
    192             seen_function_names.add(concrete_function.name)
    193             self.concrete_functions.append(concrete_function)

AttributeError: 'NoneType' object has no attribute 'name'
&lt;/denchmark-code&gt;

What's going on? Shouldn't it be possible to simply export this model to the SavedModel format? I'm trying with and without the save_format='tf' parameter.
	</description>
	<comments>
		<comment id='1' author='tobiaszwingmann' date='2019-11-25T21:40:45Z'>
		Here you go:
&lt;denchmark-code&gt;!pip install tensorflow==2.0 
!pip install -q tensorflow-hub
!pip install -q tensorflow-datasets

import numpy as np
import tensorflow as tf
import tensorflow_hub as hub
import tensorflow_datasets as tfds

print("Version: ", tf.__version__)
print("Eager mode: ", tf.executing_eagerly())
print("Hub version: ", hub.__version__)
print("GPU is", "available" if tf.config.experimental.list_physical_devices("GPU") else "NOT AVAILABLE")


# Split the training set into 60% and 40%, so we'll end up with 15,000 examples
# for training, 10,000 examples for validation and 25,000 examples for testing.
train_validation_split = tfds.Split.TRAIN.subsplit([6, 4])

(train_data, validation_data), test_data = tfds.load(
    name="imdb_reviews", 
    split=(train_validation_split, tfds.Split.TEST),
    as_supervised=True)

embedding = "https://tfhub.dev/google/tf2-preview/gnews-swivel-20dim/1"
hub_layer = hub.KerasLayer(embedding, input_shape=[], 
                           dtype=tf.string, trainable=True)

model = tf.keras.Sequential()
model.add(hub_layer)
model.add(tf.keras.layers.Dense(16, activation='relu'))
model.add(tf.keras.layers.Dense(1, activation='sigmoid'))

model.compile(optimizer='adam',
              loss='binary_crossentropy',
              metrics=['accuracy'])


history = model.fit(train_data.shuffle(10000).batch(512),
                    epochs=2,
                    validation_data=validation_data.batch(512),
                    verbose=1)

model.save('tmp')
&lt;/denchmark-code&gt;

		</comment>
		<comment id='2' author='tobiaszwingmann' date='2019-11-25T21:44:38Z'>
		Was able to reproduce the issue. Please find the gist &lt;denchmark-link:https://colab.sandbox.google.com/gist/gowthamkpr/e7c994341d6d4f2b6757b03cc4359fd2/copy-of-text_classification_with_hub.ipynb&gt;here&lt;/denchmark-link&gt;
.
		</comment>
		<comment id='3' author='tobiaszwingmann' date='2020-01-07T21:21:19Z'>
		I am having the same issue
&lt;denchmark-code&gt;---------------------------------------------------------------------------
AttributeError                            Traceback (most recent call last)
&lt;ipython-input-24-cb8b79bcc41d&gt; in &lt;module&gt;
----&gt; 1 tf.saved_model.save(model, "./spam/1/")

~/anaconda3/envs/orca/lib/python3.7/site-packages/tensorflow_core/python/saved_model/save.py in save(obj, export_dir, signatures, options)
    881   # Note we run this twice since, while constructing the view the first time
    882   # there can be side effects of creating variables.
--&gt; 883   _ = _SaveableView(checkpoint_graph_view)
    884   saveable_view = _SaveableView(checkpoint_graph_view)
    885 

~/anaconda3/envs/orca/lib/python3.7/site-packages/tensorflow_core/python/saved_model/save.py in __init__(self, checkpoint_view)
    188           concrete_functions = [function]
    189         for concrete_function in concrete_functions:
--&gt; 190           if concrete_function.name not in seen_function_names:
    191             seen_function_names.add(concrete_function.name)
    192             self.concrete_functions.append(concrete_function)

AttributeError: 'NoneType' object has no attribute 'name'
&lt;/denchmark-code&gt;

		</comment>
		<comment id='4' author='tobiaszwingmann' date='2020-01-23T23:11:59Z'>
		This issue is fixed in latest tf-nightly. Close this for now. Feel free to reopen it if needed.
		</comment>
		<comment id='5' author='tobiaszwingmann' date='2020-01-23T23:12:00Z'>
		Are you satisfied with the resolution of your issue?
&lt;denchmark-link:https://docs.google.com/forms/d/e/1FAIpQLSfaP12TRhd9xSxjXZjcZFNXPGk4kc1-qMdv3gc6bEP90vY1ew/viewform?entry.85265664=Yes&amp;entry.2137816233=https://github.com/tensorflow/tensorflow/issues/34592&gt;Yes&lt;/denchmark-link&gt;

&lt;denchmark-link:https://docs.google.com/forms/d/e/1FAIpQLSfaP12TRhd9xSxjXZjcZFNXPGk4kc1-qMdv3gc6bEP90vY1ew/viewform?entry.85265664=No&amp;entry.2137816233=https://github.com/tensorflow/tensorflow/issues/34592&gt;No&lt;/denchmark-link&gt;

		</comment>
	</comments>
</bug>