<bug id='39883' author='ruixin-bao' open_date='2020-05-26T19:07:37Z' closed_time='2020-06-22T13:49:16Z'>
	<summary>test_fit_with_ModelCheckpoint_with_dir_as_h5_filepath test failure in //tensorflow/python/keras:callbacks_test</summary>
	<description>
Hello,
System information

Have I written custom code (as opposed to using a stock example script provided in TensorFlow): N/A
OS Platform and Distribution (e.g., Linux Ubuntu 16.04): Linux Ubuntu 18.04 x86_64
Mobile device (e.g. iPhone 8, Pixel 2, Samsung Galaxy) if the issue happens on mobile device:
TensorFlow installed from (source or binary): source
TensorFlow version (use command below):  v2.2.0
Python version: 3.6.9
Bazel version (if compiling from source): 2.0.0
GCC/Compiler version (if compiling from source):  gcc (Ubuntu 7.5.0-3ubuntu1~18.04) 7.5.0
CUDA/cuDNN version: N/A
GPU model and memory: N/A

Describe the current behavior
When running the test cases on 2.2.0, I encountered an error in //tensorflow/python/keras:callbacks_test
The failed test log snippet is:
&lt;denchmark-code&gt;FAIL: test_fit_with_ModelCheckpoint_with_dir_as_h5_filepath (__main__.KerasCallbacksTest)
test_fit_with_ModelCheckpoint_with_dir_as_h5_filepath (__main__.KerasCallbacksTest)
----------------------------------------------------------------------
Traceback (most recent call last):
  File "/home/peterbao/.cache/bazel/_bazel_peterbao/c55b467aea9f5b6a0b36d1bc596dae4f/execroot/org_tensorflow/bazel-out/k8-opt/bin/tensorflow/python/keras/callbacks_test.runfiles/org_tensorflow/tensorflow/python/keras/callbacks_test.py", line 821, in test_fit_with_ModelCheckpoint_with_dir_as_h5_filepath
    model.fit(train_ds, epochs=1, callbacks=[callback])
AssertionError: OSError not raised
&lt;/denchmark-code&gt;

Describe the expected behavior
test_fit_with_ModelCheckpoint_with_dir_as_h5_filepath   and //tensorflow/python/keras:callbacks_test to pass
Standalone code to reproduce the issue
The test case  appears to be introduced in &lt;denchmark-link:https://github.com/tensorflow/tensorflow/commit/50256e69b727e49025020e80ab98d5d05d4c7dcc&gt;50256e6&lt;/denchmark-link&gt;
 and seems not changed after that. So I am thinking the test case would still fail on the master. To reproduce the failure, you can run .
Other info / logs
I spent some time looking into the test case , and this is what I noticed,
&lt;denchmark-code&gt;(Pdb) list
1225                self.model.save(filepath, overwrite=True)
1226
1227            self._maybe_remove_file()
1228          except IOError as e:
1229            # `e.errno` appears to be `None` so checking the content of `e.args[0]`.
1230 -&gt;         if 'is a directory' in six.ensure_str(e.args[0]):
1231              raise IOError('Please specify a non-directory filepath for '
1232                            'ModelCheckpoint. Filepath used is an existing '
1233                            'directory: {}'.format(filepath))
1234
1235      def _get_file_path(self, epoch, logs):
(Pdb) p e.args[0]
"Unable to create file (unable to open file: name = '/tmp/tem49izq6ff/tmplrdc03ul/temp.h5', errno = 21, error message = 'Is a directory', flags = 13, o_flags = 242)"
&lt;/denchmark-code&gt;

It looks like the code above wants an error message to be is a directory but the OSError actually has Is a directory as the error message. As a result, the more detailed error message is not outputted here and that results test_fit_with_ModelCheckpoint_with_dir_as_h5_filepath to be failing.
Based on this information, I think the following can fix the problem:
&lt;denchmark-code&gt;diff --git a/tensorflow/python/keras/callbacks.py b/tensorflow/python/keras/callbacks.py
index bb9e61d01a..bfad1112d7 100644
--- a/tensorflow/python/keras/callbacks.py
+++ b/tensorflow/python/keras/callbacks.py
@@ -1227,7 +1227,7 @@ class ModelCheckpoint(Callback):
         self._maybe_remove_file()
       except IOError as e:
         # `e.errno` appears to be `None` so checking the content of `e.args[0]`.
-        if 'is a directory' in six.ensure_str(e.args[0]):
+        if 'Is a directory' in six.ensure_str(e.args[0]):
           raise IOError('Please specify a non-directory filepath for '
                         'ModelCheckpoint. Filepath used is an existing '
                         'directory: {}'.format(filepath))
&lt;/denchmark-code&gt;

Let me know if more information is needed.
Thanks,
Peter
	</description>
	<comments>
		<comment id='1' author='ruixin-bao' date='2020-05-27T05:27:11Z'>
		&lt;denchmark-link:https://github.com/ruixin-bao&gt;@ruixin-bao&lt;/denchmark-link&gt;

Please share simple stand alone code for us to replicate the issue faced along with the exact steps before which you encountered this issue
		</comment>
		<comment id='2' author='ruixin-bao' date='2020-05-27T12:28:46Z'>
		Hi,
&lt;denchmark-link:https://github.com/Saduf2019&gt;@Saduf2019&lt;/denchmark-link&gt;
, thank you for the reply. I encountered this error while running the test cases, so might not have a simple stand alone code. I tried isolating that test case (and its related functions) into the following python file, would that work?
&lt;denchmark-code&gt;from tensorflow.python.keras import keras_parameterized
import os
from tensorflow.python.platform import test
from tensorflow.python.data.ops import dataset_ops
from tensorflow.python.keras.engine import sequential
from tensorflow.python.keras.optimizer_v2 import gradient_descent
from tensorflow.python.keras import testing_utils
from tensorflow.python import keras

class KerasCallbacksTest(keras_parameterized.TestCase):
  def _get_dummy_resource_for_model_checkpoint_testing(self):

    def get_input_datasets():
      # Simple training input.
      train_input = [[1.]] * 16
      train_label = [[0.]] * 16
      ds = dataset_ops.Dataset.from_tensor_slices((train_input, train_label))
      return ds.batch(8, drop_remainder=True)

    # Very simple bias model to eliminate randomness.
    optimizer = gradient_descent.SGD(0.1)
    model = sequential.Sequential()
    model.add(testing_utils.Bias(input_shape=(1,)))
    model.compile(loss='mae', optimizer=optimizer, metrics=['mae'])
    train_ds = get_input_datasets()

    temp_dir = self.get_temp_dir()
    filepath = os.path.join(temp_dir, 'checkpoint.epoch{epoch:02d}.h5')

    # The filepath shouldn't exist at the beginning.
    self.assertFalse(os.path.exists(filepath))
    callback = keras.callbacks.ModelCheckpoint(
        filepath=filepath, save_weights_only=True)

    return model, train_ds, callback, filepath

  def test_fit_with_ModelCheckpoint_with_dir_as_h5_filepath(self):
    (model, train_ds, callback,
     filepath) = self._get_dummy_resource_for_model_checkpoint_testing()
    temp_dir = self.get_temp_dir()
    filepath = os.path.join(temp_dir, 'temp.h5')

    self.assertFalse(os.path.exists(filepath))
    os.mkdir(filepath)
    self.assertTrue(os.path.exists(filepath))

    callback = keras.callbacks.ModelCheckpoint(filepath=filepath)
    
    with self.assertRaisesRegexp(IOError, 'Please specify a non-directory '
                                        'filepath for ModelCheckpoint.'):
      model.fit(train_ds, epochs=1, callbacks=[callback])

if __name__ == '__main__':
  test.main()
&lt;/denchmark-code&gt;


faced along with the exact steps before which you encountered this issue

I originally encountered this issue after I build TensorFlow 2.2.0 on Ubuntu 18.04 x86 and run its test suite, but that might be a bit time consuming. I think I find a simpler reproducer:
1: I install TensorFlow 2.2.0 following &lt;denchmark-link:https://www.tensorflow.org/install/pip&gt;https://www.tensorflow.org/install/pip&lt;/denchmark-link&gt;

2: I have the above the test case written in a file called 
3: I run  under a virtual environment
The test case then shows the following on my local environment:
&lt;denchmark-code&gt;(venv) peterbao@xxx:~$ python testcase.py 
Running tests under Python 3.6.9: /home/peterbao/venv/bin/python
[ RUN      ] KerasCallbacksTest.test_fit_with_ModelCheckpoint_with_dir_as_h5_filepath
WARNING:tensorflow:From /home/peterbao/venv/lib/python3.6/site-packages/tensorflow/python/keras/testing_utils.py:612: Layer.add_variable (from tensorflow.python.keras.engine.base_layer) is deprecated and will be removed in a future version.
Instructions for updating:
Please use `layer.add_weight` method instead.
W0527 05:24:02.982633 139958468568896 deprecation.py:323] From /home/peterbao/venv/lib/python3.6/site-packages/tensorflow/python/keras/testing_utils.py:612: Layer.add_variable (from tensorflow.python.keras.engine.base_layer) is deprecated and will be removed in a future version.
Instructions for updating:
Please use `layer.add_weight` method instead.
2020-05-27 05:24:02.988186: W tensorflow/stream_executor/platform/default/dso_loader.cc:55] Could not load dynamic library 'libcuda.so.1'; dlerror: libcuda.so.1: cannot open shared object file: No such file or directory
2020-05-27 05:24:02.988473: E tensorflow/stream_executor/cuda/cuda_driver.cc:313] failed call to cuInit: UNKNOWN ERROR (303)
2020-05-27 05:24:02.988672: I tensorflow/stream_executor/cuda/cuda_diagnostics.cc:156] kernel driver does not appear to be running on this host (tithed1.fyre.ibm.com): /proc/driver/nvidia/version does not exist
2020-05-27 05:24:02.989427: I tensorflow/core/platform/cpu_feature_guard.cc:143] Your CPU supports instructions that this TensorFlow binary was not compiled to use: AVX2 FMA
2020-05-27 05:24:03.010707: I tensorflow/core/platform/profile_utils/cpu_utils.cc:102] CPU Frequency: 2199970000 Hz
2020-05-27 05:24:03.012074: I tensorflow/compiler/xla/service/service.cc:168] XLA service 0x7f49f4000b20 initialized for platform Host (this does not guarantee that XLA will be used). Devices:
2020-05-27 05:24:03.012298: I tensorflow/compiler/xla/service/service.cc:176]   StreamExecutor device (0): Host, Default Version
2/2 [==============================] - 0s 6ms/step - loss: 0.9500 - mae: 0.9500
[  FAILED  ] KerasCallbacksTest.test_fit_with_ModelCheckpoint_with_dir_as_h5_filepath
[ RUN      ] KerasCallbacksTest.test_session
[  SKIPPED ] KerasCallbacksTest.test_session
======================================================================
FAIL: test_fit_with_ModelCheckpoint_with_dir_as_h5_filepath (__main__.KerasCallbacksTest)
test_fit_with_ModelCheckpoint_with_dir_as_h5_filepath (__main__.KerasCallbacksTest)
----------------------------------------------------------------------
Traceback (most recent call last):
  File "testcase.py", line 51, in test_fit_with_ModelCheckpoint_with_dir_as_h5_filepath
    model.fit(train_ds, epochs=1, callbacks=[callback])
AssertionError: OSError not raised

----------------------------------------------------------------------
Ran 2 tests in 1.131s

FAILED (failures=1, skipped=1)
&lt;/denchmark-code&gt;

Thanks,
Peter
		</comment>
		<comment id='3' author='ruixin-bao' date='2020-05-28T11:53:33Z'>
		&lt;denchmark-link:https://github.com/ruixin-bao&gt;@ruixin-bao&lt;/denchmark-link&gt;

I ran the code shared and face a different error, please find the &lt;denchmark-link:https://colab.sandbox.google.com/gist/Saduf2019/3fec449ff781573ad1e9ceed7d4eafa2/untitled198.ipynb&gt;gist here&lt;/denchmark-link&gt;

		</comment>
		<comment id='4' author='ruixin-bao' date='2020-05-28T14:22:59Z'>
		Hi,
&lt;denchmark-link:https://github.com/Saduf2019&gt;@Saduf2019&lt;/denchmark-link&gt;
, thanks for the reply and providing the gist. I saw the flag error as well when I am running this gist. I took some time to find why that is the case as this test case works for me locally.
According to &lt;denchmark-link:https://github.com/jupyter/notebook/issues/2746&gt;jupyter/notebook#2746&lt;/denchmark-link&gt;
 and its linked stack overflow, it seems that

By looking at the pdb output, I did see something similar to what the issue above describes:
&lt;denchmark-link:https://user-images.githubusercontent.com/54991207/83152539-eb04ff80-a0cb-11ea-9b90-f269199562a8.png&gt;&lt;/denchmark-link&gt;

So I am suspecting that is the issue. However, seems like when I use tensorflow platform's test  to run the test (i.e: from tensorflow.python.platform import test), the mentioned workaround in the issue does not work for me. To solve the problem, I switched to use unittest, hopefully it shouldn't change too much of what I try to show.
I have attached the gist I tried &lt;denchmark-link:https://colab.research.google.com/drive/1FQPJfqnaHH6PuJpvxMaEHyv1mCK0AEoD#scrollTo=2W8vfkHiilZ6&gt;here&lt;/denchmark-link&gt;
. Let me know if that works for you.
Thanks,
Peter
		</comment>
		<comment id='5' author='ruixin-bao' date='2020-05-28T14:33:32Z'>
		&lt;denchmark-link:https://github.com/ruixin-bao&gt;@ruixin-bao&lt;/denchmark-link&gt;

I need permission to view the gist shared.
		</comment>
		<comment id='6' author='ruixin-bao' date='2020-05-28T14:36:10Z'>
		&lt;denchmark-link:https://github.com/Saduf2019&gt;@Saduf2019&lt;/denchmark-link&gt;

oops, sorry,  I just learned how to use colab today.
does this: &lt;denchmark-link:https://colab.research.google.com/drive/1FQPJfqnaHH6PuJpvxMaEHyv1mCK0AEoD?usp=sharing&gt;https://colab.research.google.com/drive/1FQPJfqnaHH6PuJpvxMaEHyv1mCK0AEoD?usp=sharing&lt;/denchmark-link&gt;
 work?
		</comment>
		<comment id='7' author='ruixin-bao' date='2020-05-29T08:44:23Z'>
		&lt;denchmark-link:https://github.com/ruixin-bao&gt;@ruixin-bao&lt;/denchmark-link&gt;

I ran the gist shared and &lt;denchmark-link:https://colab.sandbox.google.com/gist/Saduf2019/2ae27e7d82ef757c105a123d94eb58d8/untitled207.ipynb&gt;here&lt;/denchmark-link&gt;
 is the error faced.
		</comment>
		<comment id='8' author='ruixin-bao' date='2020-05-29T12:36:02Z'>
		&lt;denchmark-link:https://github.com/Saduf2019&gt;@Saduf2019&lt;/denchmark-link&gt;

Odd NameError: name 'unittest' is not defined looks like an import error. I ran this multiple times yesterday in colab but did not catch this error...
&lt;denchmark-link:https://colab.research.google.com/drive/1kDsQVec4GxyMyv6JkxFeg8-2lu_Pd0kh?usp=sharing&gt;this&lt;/denchmark-link&gt;
 is the updated one with  imported. Do you mind having another quick check? Thanks
		</comment>
		<comment id='9' author='ruixin-bao' date='2020-05-29T14:25:50Z'>
		i am able to replicate the issue faced, please find the &lt;denchmark-link:https://colab.sandbox.google.com/gist/Saduf2019/fabe9e823c30f0b188e8896b0dc60c71/untitled208.ipynb&gt;gist here&lt;/denchmark-link&gt;

		</comment>
		<comment id='10' author='ruixin-bao' date='2020-06-10T15:46:57Z'>
		gentle ping : ).
Looks like &lt;denchmark-link:https://github.com/tensorflow/tensorflow/commit/42e08300a053cced03292b430d51a1273bb642f0&gt;42e0830&lt;/denchmark-link&gt;
 addresses the problem, wondering if I should close this issue?
		</comment>
		<comment id='11' author='ruixin-bao' date='2020-06-22T13:49:16Z'>
		I tested out that &lt;denchmark-link:https://github.com/tensorflow/tensorflow/commit/42e08300a053cced03292b430d51a1273bb642f0&gt;42e0830&lt;/denchmark-link&gt;
 indeed fixes the issue. Also, from &lt;denchmark-link:https://github.com/tensorflow/tensorflow/blob/master/tensorflow/python/keras/BUILD#L520-L536&gt;https://github.com/tensorflow/tensorflow/blob/master/tensorflow/python/keras/BUILD#L520-L536&lt;/denchmark-link&gt;
, looks like this test has  tag.
Hence, I am closing this issue. Thanks all for the help provided!
		</comment>
		<comment id='12' author='ruixin-bao' date='2020-06-22T13:49:18Z'>
		Are you satisfied with the resolution of your issue?
&lt;denchmark-link:https://docs.google.com/forms/d/e/1FAIpQLSfaP12TRhd9xSxjXZjcZFNXPGk4kc1-qMdv3gc6bEP90vY1ew/viewform?entry.85265664=Yes&amp;entry.2137816233=https://github.com/tensorflow/tensorflow/issues/39883&gt;Yes&lt;/denchmark-link&gt;

&lt;denchmark-link:https://docs.google.com/forms/d/e/1FAIpQLSfaP12TRhd9xSxjXZjcZFNXPGk4kc1-qMdv3gc6bEP90vY1ew/viewform?entry.85265664=No&amp;entry.2137816233=https://github.com/tensorflow/tensorflow/issues/39883&gt;No&lt;/denchmark-link&gt;

		</comment>
	</comments>
</bug>