<bug id='39894' author='DEKHTIARJonathan' open_date='2020-05-26T23:45:07Z' closed_time='2020-05-27T01:28:38Z'>
	<summary>Keras Mixed Precision Policy and Horovod are incompatible.</summary>
	<description>
CC: &lt;denchmark-link:https://github.com/reedwm&gt;@reedwm&lt;/denchmark-link&gt;
 &lt;denchmark-link:https://github.com/nluehr&gt;@nluehr&lt;/denchmark-link&gt;
 &lt;denchmark-link:https://github.com/tgaddair&gt;@tgaddair&lt;/denchmark-link&gt;
 &lt;denchmark-link:https://github.com/cliffwoolley&gt;@cliffwoolley&lt;/denchmark-link&gt;
 &lt;denchmark-link:https://github.com/pkanwar23&gt;@pkanwar23&lt;/denchmark-link&gt;

It seems that Mixed Precision Keras policy is currently in broken state when used combined with Horovod. If you use the test repository, you can reproduce the issue (you will need 2+ GPUs) &lt;denchmark-link:https://github.com/DEKHTIARJonathan/TF_HVD_Stability_Test&gt;https://github.com/DEKHTIARJonathan/TF_HVD_Stability_Test&lt;/denchmark-link&gt;
.
The issues comes by the sequence of operations:

set_visible_devices()
define Keras Policy

Reproducible Test Case:
#!/usr/bin/env bash

export HOROVOD_GPU_ALLREDUCE=NCCL
export HOROVOD_GPU_BROADCAST=NCCL
export HOROVOD_NCCL_INCLUDE=/usr/include
export HOROVOD_NCCL_LIB=/usr/lib/x86_64-linux-gnu
export HOROVOD_NCCL_LINK=SHARED
export HOROVOD_WITHOUT_PYTORCH=1
export HOROVOD_WITHOUT_MXNET=1
export HOROVOD_WITH_TENSORFLOW=1
export HOROVOD_WITH_MPI=1
export HOROVOD_BUILD_ARCH_FLAGS="-march=sandybridge -mtune=broadwell"
pip uninstall horovod -y
pip install --no-cache --no-cache-dir horovod==0.19.3

git clone https://github.com/DEKHTIARJonathan/TF_HVD_Stability_Test.git
cd TF_HVD_Stability_Test 

pip install -r requirements.txt
pytest
Will give the following result:
platform linux -- Python 3.6.9, pytest-5.4.2, py-1.8.1, pluggy-0.13.1 -- /usr/bin/python
cachedir: .pytest_cache
rootdir: /workspace, inifile: pytest.ini
plugins: typeguard-2.7.1
collected 18 items                                                                                                                                                                                           
test.py::HorovodTest::test_example_00_RN50_Gradient_Tape_HVD_1GPU PASSED                                                         [  5%]
test.py::HorovodTest::test_example_01_RN50_Gradient_Tape_HVD_AMP_1GPU PASSED                                                     [ 11%]
test.py::HorovodTest::test_example_02_RN50_Gradient_Tape_HVD_AMP_FP16_All_Reduce_1GPU PASSED                                     [ 16%]
test.py::HorovodTest::test_example_03_RN50_Gradient_Tape_HVD_2GPUs PASSED                                                        [ 22%]
test.py::HorovodTest::test_example_04_RN50_Gradient_Tape_HVD_AMP_2GPUs FAILED                                                    [ 27%]        # ======&gt; FAILS
test.py::HorovodTest::test_example_05_RN50_Gradient_Tape_HVD_AMP_FP16_All_Reduce_2GPUs FAILED                                    [ 33%]        # ======&gt; FAILS
test.py::HorovodTest::test_example_06_keras_Sequential_CTL_Gradient_Tape_HVD_1GPU PASSED                                         [ 38%]
test.py::HorovodTest::test_example_07_keras_Sequential_CTL_Gradient_Tape_HVD_AMP_1GPU PASSED                                     [ 44%]
test.py::HorovodTest::test_example_08_keras_Sequential_CTL_Gradient_Tape_HVD_AMP_FP16_All_Reduce_1GPU PASSED                     [ 50%]
test.py::HorovodTest::test_example_09_keras_Sequential_CTL_Gradient_Tape_HVD_2GPUs PASSED                                        [ 55%]
test.py::HorovodTest::test_example_10_keras_Sequential_CTL_Gradient_Tape_HVD_AMP_2GPUs FAILED                                    [ 61%]        # ======&gt; FAILS
test.py::HorovodTest::test_example_11_keras_Sequential_CTL_Gradient_Tape_HVD_AMP_FP16_All_Reduce_2GPUs FAILED                    [ 66%]        # ======&gt; FAILS
test.py::HorovodTest::test_example_12_keras_fit_compile_Gradient_Tape_HVD_1GPU PASSED                                            [ 72%]
test.py::HorovodTest::test_example_13_keras_fit_compile_Gradient_Tape_HVD_AMP_1GPU PASSED                                        [ 77%]
test.py::HorovodTest::test_example_14_keras_fit_compile_Gradient_Tape_HVD_AMP_FP16_All_Reduce_1GPU PASSED                        [ 83%]
test.py::HorovodTest::test_example_15_keras_fit_compile_Gradient_Tape_HVD_2GPUs PASSED                                           [ 88%]
test.py::HorovodTest::test_example_16_keras_fit_compile_Gradient_Tape_HVD_AMP_2GPUs FAILED                                       [ 94%]        # ======&gt; FAILS
test.py::HorovodTest::test_example_17_keras_fit_compile_Gradient_Tape_HVD_AMP_FP16_All_Reduce_2GPUs FAILED                       [100%]        # ======&gt; FAILS
If we look at the traceback, the error is quite explicit:
[1,1]&lt;stderr&gt;:Traceback (most recent call last):
[1,1]&lt;stderr&gt;:  File "examples/tf2_FitCompile_GradientTape.py", line 49, in &lt;module&gt;
[1,1]&lt;stderr&gt;:    policy = mixed_precision.Policy('mixed_float16')
[1,1]&lt;stderr&gt;:  File "/usr/local/lib/python3.6/dist-packages/tensorflow/python/keras/mixed_precision/experimental/policy.py", line 349, in __init__
[1,1]&lt;stderr&gt;:    skip_local=True)
[1,1]&lt;stderr&gt;:  File "/usr/local/lib/python3.6/dist-packages/tensorflow/python/keras/mixed_precision/experimental/device_compatibility_check.py", line 157, in log_device_compatibility_check
[1,1]&lt;stderr&gt;:    device_attr_list = device_lib.list_local_devices()
[1,1]&lt;stderr&gt;:  File "/usr/local/lib/python3.6/dist-packages/tensorflow/python/client/device_lib.py", line 43, in list_local_devices
[1,1]&lt;stderr&gt;:    _convert(s) for s in _pywrap_device_lib.list_devices(serialized_config)
[1,1]&lt;stderr&gt;:RuntimeError: TensorFlow device (GPU:0) is being mapped to multiple CUDA devices (0 now, and 1 previously), which is not supported. This may be the result of providing different GPU configurations (ConfigProto.gpu_options, for example different visible_device_list) when creating multiple Sessions in the same process. This is not  currently supported, see https://github.com/tensorflow/tensorflow/issues/19083
&lt;denchmark-link:https://github.com/reedwm&gt;@reedwm&lt;/denchmark-link&gt;
 so far I can see that you found a somehow linked issue: &lt;denchmark-link:https://github.com/tensorflow/tensorflow/commit/f748283ee01059be52da5dada6e2157d9f6732ba&gt;f748283&lt;/denchmark-link&gt;

Unfortunately, this is not solve and is something really limiting.
To "hot fix" the issue, you can just comment these lines: &lt;denchmark-link:https://github.com/tensorflow/tensorflow/blob/master/tensorflow/python/keras/mixed_precision/experimental/policy.py#L339-L341&gt;https://github.com/tensorflow/tensorflow/blob/master/tensorflow/python/keras/mixed_precision/experimental/policy.py#L339-L341&lt;/denchmark-link&gt;

However, I suppose that you may want to fix the issue more "cleanly".
&lt;denchmark-link:https://github.com/pkanwar23&gt;@pkanwar23&lt;/denchmark-link&gt;
: one more example why we need the horovod unittests.
	</description>
	<comments>
		<comment id='1' author='DEKHTIARJonathan' date='2020-05-27T01:28:38Z'>
		I think this is fixed in &lt;denchmark-link:https://github.com/tensorflow/tensorflow/commit/2730e4b0bcba80799ddc10f52081927848540f30&gt;2730e4b&lt;/denchmark-link&gt;
. Unfortunately, this commit didn't make it into TF 2.2. I commented a very hacky workaround in &lt;denchmark-link:https://github.com/tensorflow/tensorflow/issues/38516#issuecomment-613712149&gt;this comment&lt;/denchmark-link&gt;
.
		</comment>
		<comment id='2' author='DEKHTIARJonathan' date='2020-05-27T01:28:40Z'>
		Are you satisfied with the resolution of your issue?
&lt;denchmark-link:https://docs.google.com/forms/d/e/1FAIpQLSfaP12TRhd9xSxjXZjcZFNXPGk4kc1-qMdv3gc6bEP90vY1ew/viewform?entry.85265664=Yes&amp;entry.2137816233=https://github.com/tensorflow/tensorflow/issues/39894&gt;Yes&lt;/denchmark-link&gt;

&lt;denchmark-link:https://docs.google.com/forms/d/e/1FAIpQLSfaP12TRhd9xSxjXZjcZFNXPGk4kc1-qMdv3gc6bEP90vY1ew/viewform?entry.85265664=No&amp;entry.2137816233=https://github.com/tensorflow/tensorflow/issues/39894&gt;No&lt;/denchmark-link&gt;

		</comment>
	</comments>
</bug>