<bug id='44975' author='KarthikDutt' open_date='2020-11-18T10:48:02Z' closed_time='2020-12-09T22:48:05Z'>
	<summary>Conversion to TFLite fails with 2.4.0-rc1</summary>
	<description>
System information

OS - Windows
TensorFlow installed from binary
TensorFlow version (or github SHA if from source): v2.4.0-rc1

Command used to run the converter or code if you’re using the Python API
Running the following set of commands to do the conversion to tf-lite
&lt;denchmark-code&gt;graph_def = tf.compat.v1.GraphDef()
graph_def.ParseFromString(open('resnet.pb', 'rb').read())
concrete_func = wrap_frozen_graph(graph_def, inputs=["input:0"], outputs=["output:0"])
converter = tf.lite.TFLiteConverter.from_concrete_functions([concrete_func])
converter.experimental_new_converter = True
converter.optimizations = [tf.compat.v1.lite.Optimize.DEFAULT]
converter.target_ops = [tf.lite.OpsSet.TFLITE_BUILTINS_INT8, tf.lite.OpsSet.SELECT_TF_OPS]
tflite_model = converter.convert()
&lt;/denchmark-code&gt;

The output from the converter invocation
&lt;denchmark-code&gt;--------------------------------------------------
Frozen model layers: 
--------------------------------------------------

INFO:absl:Using new converter: If you encounter a problem please file a bug. You can opt-out by setting experimental_new_converter=False

---------------------------------------------------------------------------
Exception                                 Traceback (most recent call last)
~\Anaconda3\envs\arcgis_1_8_3_tensorflow_test\lib\site-packages\tensorflow\lite\python\convert.py in toco_convert_protos(model_flags_str, toco_flags_str, input_data_str, debug_info_str, enable_mlir_converter)
    212                                                  debug_info_str,
--&gt; 213                                                  enable_mlir_converter)
    214       return model_str

~\Anaconda3\envs\arcgis_1_8_3_tensorflow_test\lib\site-packages\tensorflow\lite\python\wrap_toco.py in wrapped_toco_convert(model_flags_str, toco_flags_str, input_data_str, debug_info_str, enable_mlir_converter)
     37       debug_info_str,
---&gt; 38       enable_mlir_converter)
     39 

Exception: C:\Users\kar11081\Anaconda3\envs\arcgis_1_8_3_tensorflow_test\lib\site-packages\tensorflow\python\eager\lift_to_graph.py:339:0: error: operand #0 does not dominate this use
C:\Users\kar11081\Anaconda3\envs\arcgis_1_8_3_tensorflow_test\lib\site-packages\tensorflow\python\eager\wrap_function.py:338:0: note: called from
&lt;ipython-input-5-1fc724505eae&gt;:18:0: note: called from
&lt;ipython-input-9-dd55b0fa94e3&gt;:3:0: note: called from
C:\Users\kar11081\Anaconda3\envs\arcgis_1_8_3_tensorflow_test\lib\site-packages\IPython\core\interactiveshell.py:3417:0: note: called from
C:\Users\kar11081\Anaconda3\envs\arcgis_1_8_3_tensorflow_test\lib\site-packages\IPython\core\interactiveshell.py:3337:0: note: called from
C:\Users\kar11081\Anaconda3\envs\arcgis_1_8_3_tensorflow_test\lib\site-packages\IPython\core\interactiveshell.py:3146:0: note: called from
C:\Users\kar11081\Anaconda3\envs\arcgis_1_8_3_tensorflow_test\lib\site-packages\IPython\core\async_helpers.py:68:0: note: called from
C:\Users\kar11081\Anaconda3\envs\arcgis_1_8_3_tensorflow_test\lib\site-packages\IPython\core\interactiveshell.py:2922:0: note: called from
C:\Users\kar11081\Anaconda3\envs\arcgis_1_8_3_tensorflow_test\lib\site-packages\IPython\core\interactiveshell.py:2877:0: note: called from
C:\Users\kar11081\Anaconda3\envs\arcgis_1_8_3_tensorflow_test\lib\site-packages\tensorflow\python\eager\lift_to_graph.py:339:0: note: operand defined here


During handling of the above exception, another exception occurred:

ConverterError                            Traceback (most recent call last)
&lt;ipython-input-9-dd55b0fa94e3&gt; in &lt;module&gt;
      6 converter.optimizations = [tf.compat.v1.lite.Optimize.DEFAULT]
      7 converter.target_ops = [tf.lite.OpsSet.TFLITE_BUILTINS_INT8, tf.lite.OpsSet.SELECT_TF_OPS]
----&gt; 8 tflite_model = converter.convert()

~\Anaconda3\envs\arcgis_1_8_3_tensorflow_test\lib\site-packages\tensorflow\lite\python\lite.py in convert(self)
   1115         Invalid quantization parameters.
   1116     """
-&gt; 1117     return super(TFLiteConverterV2, self).convert()
   1118 
   1119 

~\Anaconda3\envs\arcgis_1_8_3_tensorflow_test\lib\site-packages\tensorflow\lite\python\lite.py in convert(self)
    941 
    942     return super(TFLiteFrozenGraphConverterV2,
--&gt; 943                  self).convert(graph_def, input_tensors, output_tensors)
    944 
    945 

~\Anaconda3\envs\arcgis_1_8_3_tensorflow_test\lib\site-packages\tensorflow\lite\python\lite.py in convert(self, graph_def, input_tensors, output_tensors)
    626         input_tensors=input_tensors,
    627         output_tensors=output_tensors,
--&gt; 628         **converter_kwargs)
    629 
    630     calibrate_and_quantize, flags = quant_mode.quantizer_flags()

~\Anaconda3\envs\arcgis_1_8_3_tensorflow_test\lib\site-packages\tensorflow\lite\python\convert.py in toco_convert_impl(input_data, input_tensors, output_tensors, enable_mlir_converter, *args, **kwargs)
    611       input_data.SerializeToString(),
    612       debug_info_str=debug_info_str,
--&gt; 613       enable_mlir_converter=enable_mlir_converter)
    614   return data
    615 

~\Anaconda3\envs\arcgis_1_8_3_tensorflow_test\lib\site-packages\tensorflow\lite\python\convert.py in toco_convert_protos(model_flags_str, toco_flags_str, input_data_str, debug_info_str, enable_mlir_converter)
    214       return model_str
    215     except Exception as e:
--&gt; 216       raise ConverterError(str(e))
    217 
    218   if distutils.spawn.find_executable(_toco_from_proto_bin) is None:

ConverterError: C:\Users\kar11081\Anaconda3\envs\arcgis_1_8_3_tensorflow_test\lib\site-packages\tensorflow\python\eager\lift_to_graph.py:339:0: error: operand #0 does not dominate this use
C:\Users\kar11081\Anaconda3\envs\arcgis_1_8_3_tensorflow_test\lib\site-packages\tensorflow\python\eager\wrap_function.py:338:0: note: called from
&lt;ipython-input-5-1fc724505eae&gt;:18:0: note: called from
&lt;ipython-input-9-dd55b0fa94e3&gt;:3:0: note: called from
C:\Users\kar11081\Anaconda3\envs\arcgis_1_8_3_tensorflow_test\lib\site-packages\IPython\core\interactiveshell.py:3417:0: note: called from
C:\Users\kar11081\Anaconda3\envs\arcgis_1_8_3_tensorflow_test\lib\site-packages\IPython\core\interactiveshell.py:3337:0: note: called from
C:\Users\kar11081\Anaconda3\envs\arcgis_1_8_3_tensorflow_test\lib\site-packages\IPython\core\interactiveshell.py:3146:0: note: called from
C:\Users\kar11081\Anaconda3\envs\arcgis_1_8_3_tensorflow_test\lib\site-packages\IPython\core\async_helpers.py:68:0: note: called from
C:\Users\kar11081\Anaconda3\envs\arcgis_1_8_3_tensorflow_test\lib\site-packages\IPython\core\interactiveshell.py:2922:0: note: called from
C:\Users\kar11081\Anaconda3\envs\arcgis_1_8_3_tensorflow_test\lib\site-packages\IPython\core\interactiveshell.py:2877:0: note: called from
C:\Users\kar11081\Anaconda3\envs\arcgis_1_8_3_tensorflow_test\lib\site-packages\tensorflow\python\eager\lift_to_graph.py:339:0: note: operand defined here
&lt;/denchmark-code&gt;

Also, please include a link to the saved model or GraphDef
&lt;denchmark-code&gt;[Link to the model](https://drive.google.com/file/d/1RSmk7zdqmHHBjkE-KPY3BNrW5q0Txv-P/view?usp=sharing)
&lt;/denchmark-code&gt;

Failure details
The failure is observed only in the v2.4.0-rc1. The conversion works fine when I switch to nightly version tf-nightly==2.4.0.dev20200901
	</description>
	<comments>
		<comment id='1' author='KarthikDutt' date='2020-11-19T09:09:23Z'>
		&lt;denchmark-link:https://github.com/KarthikDutt&gt;@KarthikDutt&lt;/denchmark-link&gt;

I ran the code on nightly but face a different error, please find the &lt;denchmark-link:https://colab.research.google.com/gist/Saduf2019/ca8c330949823528cbc8200fe28c35a5/untitled463.ipynb&gt;gist here&lt;/denchmark-link&gt;
. please share all dependencies for us to replicate the issue faced.
		</comment>
		<comment id='2' author='KarthikDutt' date='2020-11-19T13:49:36Z'>
		Hello, I have recreated the issue here:
&lt;denchmark-link:https://colab.research.google.com/gist/KarthikDutt/64c0ed9d9ea09a40cd6028fb339d7fe2/untitled463.ipynb&gt;https://colab.research.google.com/gist/KarthikDutt/64c0ed9d9ea09a40cd6028fb339d7fe2/untitled463.ipynb&lt;/denchmark-link&gt;

Please note, the issue doesn't occur with the nightly  2.4.0.dev20200905 but occurs in v2.4.0-rc1.
In the gist, you will find code working perfectly when I have nightly build from 2.4.0.dev20200905 and in the subsequent portion of the notebook (after installing v2.4.0-rc1) , the same code fails with the error I reported.
		</comment>
		<comment id='3' author='KarthikDutt' date='2020-11-20T04:49:53Z'>
		&lt;denchmark-link:https://github.com/KarthikDutt&gt;@KarthikDutt&lt;/denchmark-link&gt;

Please share "resnet.pb" for us to replicate the issue faced.
		</comment>
		<comment id='4' author='KarthikDutt' date='2020-11-20T04:55:24Z'>
		&lt;denchmark-link:https://github.com/Saduf2019&gt;@Saduf2019&lt;/denchmark-link&gt;
 - resnet.pb is available here:
&lt;denchmark-link:https://drive.google.com/file/d/1RSmk7zdqmHHBjkE-KPY3BNrW5q0Txv-P/view?usp=sharing&gt;https://drive.google.com/file/d/1RSmk7zdqmHHBjkE-KPY3BNrW5q0Txv-P/view?usp=sharing&lt;/denchmark-link&gt;

		</comment>
		<comment id='5' author='KarthikDutt' date='2020-12-01T03:28:52Z'>
		&lt;denchmark-link:https://github.com/Saduf2019&gt;@Saduf2019&lt;/denchmark-link&gt;
 Any update on this?
		</comment>
		<comment id='6' author='KarthikDutt' date='2020-12-04T19:01:54Z'>
		i ran the code shared, please find the &lt;denchmark-link:https://colab.research.google.com/gist/Saduf2019/acedfe5ba2b4cb18344a15c069791d52/untitled477.ipynb&gt;gist here&lt;/denchmark-link&gt;
.
		</comment>
		<comment id='7' author='KarthikDutt' date='2020-12-04T19:30:16Z'>
		You are using the wrong version of the nightly. If you look at the nightly
which I used it’s a different version. Apparently the conversion was
happening fine during the nightlies built for 2.4 but the feature was
either not propagated to RC versions or purposefully left out.  You will be
able to reproduce the error with the tf nightly which I have used.
&lt;denchmark-link:#&gt;…&lt;/denchmark-link&gt;


On Sat, 5 Dec 2020 at 12:32 AM, Saduf2019 ***@***.***&gt; wrote:
 i ran the code shared, please find the gist here
 &lt;https://colab.research.google.com/gist/Saduf2019/acedfe5ba2b4cb18344a15c069791d52/untitled477.ipynb&gt;
 .

 —
 You are receiving this because you were mentioned.
 Reply to this email directly, view it on GitHub
 &lt;#44975 (comment)&gt;,
 or unsubscribe
 &lt;https://github.com/notifications/unsubscribe-auth/AFIPWQEVV2MMZ4GD4Y7VABDSTEW3HANCNFSM4TZZSW2Q&gt;
 .



		</comment>
		<comment id='8' author='KarthikDutt' date='2020-12-05T01:48:05Z'>
		&lt;denchmark-link:https://github.com/KarthikDutt&gt;@KarthikDutt&lt;/denchmark-link&gt;
 Agree with you. Conversion is successful with  but not successful with . I tried with most recent TF version  but that was also not successful. We will look into it. in the meantime, please use . Thanks!
		</comment>
		<comment id='9' author='KarthikDutt' date='2020-12-05T01:57:09Z'>
		Is my understanding correct that the issue is fixed in the nightly already ?
		</comment>
		<comment id='10' author='KarthikDutt' date='2020-12-05T02:37:54Z'>
		&lt;denchmark-link:https://github.com/karimnosseir&gt;@karimnosseir&lt;/denchmark-link&gt;
 Yes, Conversion is successful in  so it is fixed in . But, those fixes didn't propagate to  branch (including 2.4rc3 which was released today). Thanks!
		</comment>
		<comment id='11' author='KarthikDutt' date='2020-12-09T10:57:43Z'>
		&lt;denchmark-link:https://github.com/karimnosseir&gt;@karimnosseir&lt;/denchmark-link&gt;
 &lt;denchmark-link:https://github.com/jvishnuvardhan&gt;@jvishnuvardhan&lt;/denchmark-link&gt;
 Will this be part of 2.4?
		</comment>
		<comment id='12' author='KarthikDutt' date='2020-12-09T22:47:44Z'>
		&lt;denchmark-link:https://github.com/KarthikDutt&gt;@KarthikDutt&lt;/denchmark-link&gt;
 No AFAIK, they should be part of the next release though 2.5
		</comment>
		<comment id='13' author='KarthikDutt' date='2020-12-09T22:48:04Z'>
		I am not sure there is any action on the issue. So closing.
Thanks
		</comment>
		<comment id='14' author='KarthikDutt' date='2020-12-09T22:48:06Z'>
		Are you satisfied with the resolution of your issue?
&lt;denchmark-link:https://docs.google.com/forms/d/e/1FAIpQLSfaP12TRhd9xSxjXZjcZFNXPGk4kc1-qMdv3gc6bEP90vY1ew/viewform?entry.85265664=Yes&amp;entry.2137816233=https://github.com/tensorflow/tensorflow/issues/44975&gt;Yes&lt;/denchmark-link&gt;

&lt;denchmark-link:https://docs.google.com/forms/d/e/1FAIpQLSfaP12TRhd9xSxjXZjcZFNXPGk4kc1-qMdv3gc6bEP90vY1ew/viewform?entry.85265664=No&amp;entry.2137816233=https://github.com/tensorflow/tensorflow/issues/44975&gt;No&lt;/denchmark-link&gt;

		</comment>
	</comments>
</bug>