<bug_data>
<bug id='12542' author='alalek' open_date='2018-09-14T23:57:34Z' closed_time='2018-09-26T18:38:42Z'>
 	<summary>opencv_test_dnn: sporadic failures of Test_ONNX_nets.TinyYolov2/0</summary>
 	<description>
 &lt;denchmark-link:http://pullrequest.opencv.org/buildbot/builders/3_4_coverage-lin64-debug/builds/154&gt;Coverage&lt;/denchmark-link&gt;
  (Debug / AVX2):
 &lt;denchmark-code&gt;[ RUN      ] Test_ONNX_nets.TinyYolov2/0, where GetParam() = OCV/CPU
 /build/3_4_coverage-lin64-debug/opencv/modules/dnn/test/test_common.hpp:95: Failure
 Expected: (normL1) &lt;= (l1), actual: 8.48328e+25 vs 1e-05
 /build/3_4_coverage-lin64-debug/opencv/modules/dnn/test/test_common.hpp:98: Failure
 Expected: (normInf) &lt;= (lInf), actual: 7.84223e+26 vs 0.0001
 [  FAILED  ] Test_ONNX_nets.TinyYolov2/0, where GetParam() = OCV/CPU (3368 ms)
 &lt;/denchmark-code&gt;
 
 &lt;denchmark-link:http://pullrequest.opencv.org/buildbot/builders/3_4_noOCL_noICV_noSSE-win64-vc14/builds/151&gt;Win64&lt;/denchmark-link&gt;
 :
 &lt;denchmark-code&gt;[ RUN      ] Test_ONNX_nets.TinyYolov2/0, where GetParam() = OCV/CPU
 c:\build\3_4_noocl_noicv_nosse-win64-vc14\opencv\modules\dnn\test\test_common.hpp(95): error: Expected: (normL1) &lt;= (l1), actual: 2.63622e+11 vs 1e-05
 c:\build\3_4_noocl_noicv_nosse-win64-vc14\opencv\modules\dnn\test\test_common.hpp(98): error: Expected: (normInf) &lt;= (lInf), actual: 2.43701e+12 vs 0.0001
 [  FAILED  ] Test_ONNX_nets.TinyYolov2/0, where GetParam() = OCV/CPU (358 ms)
 &lt;/denchmark-code&gt;
 
 &lt;denchmark-link:http://pullrequest.opencv.org/buildbot/builders/3_4_noOCL-mac/builds/153&gt;MacOSX&lt;/denchmark-link&gt;
 :
 &lt;denchmark-code&gt;[ RUN      ] Test_ONNX_nets.TinyYolov2/0, where GetParam() = OCV/CPU
 /build/3_4_noOCL-mac/opencv/modules/dnn/test/test_common.hpp:95: Failure
 Expected: (normL1) &lt;= (l1), actual: 110.836 vs 1e-05
 /build/3_4_noOCL-mac/opencv/modules/dnn/test/test_common.hpp:98: Failure
 Expected: (normInf) &lt;= (lInf), actual: 925.761 vs 0.0001
 [  FAILED  ] Test_ONNX_nets.TinyYolov2/0, where GetParam() = OCV/CPU (774 ms)
 &lt;/denchmark-code&gt;
 
 Probably related OpenCL failure on &lt;denchmark-link:http://pullrequest.opencv.org/buildbot/builders/3_4_noICV-lin64/builds/153&gt;Linux&lt;/denchmark-link&gt;
  (without IPP, OpenCL):
 &lt;denchmark-code&gt;[ RUN      ] Test_ONNX_nets.TinyYolov2/2, where GetParam() = OCV/OCL_FP16
 /build/3_4_noICV-lin64/opencv/modules/dnn/test/test_common.hpp:95: Failure
 Expected: (normL1) &lt;= (l1), actual: nan vs 0.017
 [  FAILED  ] Test_ONNX_nets.TinyYolov2/2, where GetParam() = OCV/OCL_FP16 (259 ms)
 &lt;/denchmark-code&gt;
 
 	</description>
 	<comments>
 		<comment id='1' author='alalek' date='2018-09-21T07:10:23Z'>
 		&lt;denchmark-link:https://github.com/alalek&gt;@alalek&lt;/denchmark-link&gt;
 , can reproduce it on Win64.
 		</comment>
 	</comments>
 </bug>
<commit id='c8f3579f936f9943a691cc65cda64bd70ba3ae9f' author='Dmitry Kurtaev' date='2018-09-26 16:08:51+03:00'>
 	<dmm_unit complexity='1.0' interfacing='1.0' size='1.0'></dmm_unit>
 	<modification change_type='MODIFY' old_name='modules\dnn\CMakeLists.txt' new_name='modules\dnn\CMakeLists.txt'>
 		<file_info nloc='None' complexity='None' token_count='None'></file_info>
 		<modified_lines>
 			<added_lines></added_lines>
 			<deleted_lines>39</deleted_lines>
 		</modified_lines>
 	</modification>
 	<modification change_type='MODIFY' old_name='modules\dnn\src\onnx\onnx_importer.cpp' new_name='modules\dnn\src\onnx\onnx_importer.cpp'>
 		<file_info nloc='511' complexity='102' token_count='4171'></file_info>
 		<method name='cv::dnn::ONNXImporter::getLayerParams' parameters='node_proto'>
 				<method_info nloc='86' complexity='22' token_count='753' nesting_level='2' start_line='154' end_line='240'></method_info>
 			<added_lines>216</added_lines>
 			<deleted_lines>216</deleted_lines>
 		</method>
 		<modified_lines>
 			<added_lines></added_lines>
 			<deleted_lines></deleted_lines>
 		</modified_lines>
 	</modification>
 	<modification change_type='MODIFY' old_name='modules\dnn\src\tensorflow\tf_graph_simplifier.cpp' new_name='modules\dnn\src\tensorflow\tf_graph_simplifier.cpp'>
 		<file_info nloc='738' complexity='100' token_count='6253'></file_info>
 		<method name='cv::dnn::Subgraph::~Subgraph' parameters=''>
 				<method_info nloc='1' complexity='1' token_count='5' nesting_level='3' start_line='23' end_line='23'></method_info>
 			<added_lines>23</added_lines>
 			<deleted_lines></deleted_lines>
 		</method>
 		<modified_lines>
 			<added_lines>24</added_lines>
 			<deleted_lines></deleted_lines>
 		</modified_lines>
 	</modification>
 </commit>
</bug_data>
