<bug_data>
<bug id='16040' author='hanseun' open_date='2019-12-03T00:25:07Z' closed_time='2019-12-05T18:24:09Z'>
 	<summary>When using solvePnPGeneric to get reprojectionError, exception occurred.</summary>
 	<description>
 solvePnPGeneric work normally when reprojectionError parameter is skipped, but exception occurred reprojectionError parameter was sent to the function.
 ...
 Mat reprojectionError = new Mat(2,1,CvType.CV_64FC1);
 Calib3d.solvePnPGeneric(objectPoints, imgPointsMat, cameraMatrix, distCoeffs, rvecs, tvecs, false, Calib3d.SOLVEPNP_IPPE, rvec, tvec, reprojectionError);
 ...
 
 Environment : java
 Version : opencv 4.1.1 / opencv_contrib 4.1.1
 Log:
 
 Caused by: CvException [org.opencv.core.CvException: cv::Exception: OpenCV(4.1.1) ../modules/core/src/norm.cpp:1018: error: (-215:Assertion failed) _src1.sameSize(_src2) &amp;&amp; _src1.type() == _src2.type() in function 'norm'
 ]
 at org.opencv.calib3d.Calib3d.solvePnPGeneric_0(Native Method)
 at org.opencv.calib3d.Calib3d.solvePnPGeneric(Calib3d.java:6641)
 	</description>
 	<comments>
 		<comment id='1' author='hanseun' date='2019-12-03T05:57:53Z'>
 		Please provide minimal complete reproducer (including some input data).
 Take a look on current Java &lt;denchmark-link:https://github.com/opencv/opencv/blob/4.1.2/modules/calib3d/misc/java/test/Calib3dTest.java&gt;tests&lt;/denchmark-link&gt;
 .
 Could you try this too?
 -Mat reprojectionError = new Mat(2,1,CvType.CV_64FC1);
 +Mat reprojectionError = new Mat();
 		</comment>
 		<comment id='2' author='hanseun' date='2019-12-03T14:31:16Z'>
 		I was testing solvePnpGeneric in Python (4.1.2) today and encountered the same error.
 Here is the code:
 import numpy as np
 import cv2
 
 obj_points = np.array([[0, 0, 0], [0, 1, 0], [1, 1, 0], [1, 0, 0]], dtype=np.float32)
 img_points = np.array(
     [[700, 400], [700, 600], [900, 600], [900, 400]], dtype=np.float32
 )
 
 cameraMatrix = np.array(
     [[712.0634, 0, 800], [0, 712.540, 500], [0, 0, 1]], dtype=np.float32
 )
 distCoeffs = np.array([[0, 0, 0, 0]], dtype=np.float32)
 r = np.array([], dtype=np.float32)
 x, r, t, e = cv2.solvePnPGeneric(
     obj_points, img_points, cameraMatrix, distCoeffs, reprojectionError=r
 )
 print(e)
 print(t)
 Traceback (most recent call last):
   File "error.py", line 20, in &lt;module&gt;
     x, r, t, e = cv2.solvePnPGeneric(obj_points, img_points, cameraMatrix, distCoeffs, reprojectionError=r)
 cv2.error: OpenCV(4.1.2) /io/opencv/modules/core/src/norm.cpp:1081: error: (-215:Assertion failed) _src1.sameSize(_src2) &amp;&amp; _src1.type() == _src2.type() in function 'norm'
 I can fix the error if I create img_points in this way (notice the extra array).
 img_points = np.array(
     [[[700, 400], [700, 600], [900, 600], [900, 400]]], dtype=np.float32
 )
 Hope this can help debugging!
 		</comment>
 	</comments>
 </bug>
<commit id='72f35e0626c2a4a87d4617ad4a8a6b1ff3b2fb09' author='Alexander Alekhin' date='2019-12-05 15:36:39+03:00'>
 	<dmm_unit complexity='1.0' interfacing='1.0' size='0.4727272727272727'></dmm_unit>
 	<modification change_type='MODIFY' old_name='modules\calib3d\misc\java\test\Calib3dTest.java' new_name='modules\calib3d\misc\java\test\Calib3dTest.java'>
 		<file_info nloc='488' complexity='97' token_count='4222'></file_info>
 		<method name='Calib3dTest::testSolvePnPGeneric_regression_16040' parameters=''>
 				<method_info nloc='30' complexity='2' token_count='364' nesting_level='1' start_line='645' end_line='684'></method_info>
 			<added_lines>645,646,647,648,649,650,651,652,653,654,655,656,657,658,659,660,661,662,663,664,665,666,667,668,669,670,671,672,673,674,675,676,677,678,679,680,681,682,683,684</added_lines>
 			<deleted_lines></deleted_lines>
 		</method>
 		<modified_lines>
 			<added_lines>3,4,644</added_lines>
 			<deleted_lines></deleted_lines>
 		</modified_lines>
 	</modification>
 	<modification change_type='ADD' old_name='None' new_name='modules\calib3d\misc\python\test\test_solvepnp.py'>
 		<file_info nloc='33' complexity='2' token_count='424'></file_info>
 	</modification>
 	<modification change_type='MODIFY' old_name='modules\calib3d\src\solvepnp.cpp' new_name='modules\calib3d\src\solvepnp.cpp'>
 		<file_info nloc='774' complexity='163' token_count='7204'></file_info>
 		<method name='cv::solvePnPGeneric' parameters='_opoints,_ipoints,_cameraMatrix,_distCoeffs,_rvecs,_tvecs,useExtrinsicGuess,flags,_rvec,_tvec,reprojectionError'>
 				<method_info nloc='243' complexity='58' token_count='2115' nesting_level='1' start_line='743' end_line='1054'></method_info>
 			<added_lines>756,757,797,1018,1020,1024,1026,1028,1032,1039,1044,1048</added_lines>
 			<deleted_lines>756,757,758,759,799,1020,1022,1026,1028,1030,1034,1041,1046,1050</deleted_lines>
 		</method>
 		<modified_lines>
 			<added_lines></added_lines>
 			<deleted_lines></deleted_lines>
 		</modified_lines>
 	</modification>
 	<modification change_type='MODIFY' old_name='modules\core\src\norm.cpp' new_name='modules\core\src\norm.cpp'>
 		<file_info nloc='1057' complexity='401' token_count='10230'></file_info>
 		<method name='cv::norm' parameters='_src1,_src2,normType,_mask'>
 				<method_info nloc='137' complexity='43' token_count='1075' nesting_level='0' start_line='1061' end_line='1221'></method_info>
 			<added_lines>1065,1066</added_lines>
 			<deleted_lines>1065</deleted_lines>
 		</method>
 		<modified_lines>
 			<added_lines></added_lines>
 			<deleted_lines></deleted_lines>
 		</modified_lines>
 	</modification>
 </commit>
</bug_data>
