<bug id='2937' author='loopylangur' open_date='2020-01-20T18:49:19Z' closed_time='2020-05-22T00:06:05Z'>
	<summary>Flaky test in test_precision.py</summary>
	<description>
Describe the bug
The test test_torch_sigmoid_approx in test/torch/tensors/test_precision.py fails intermittently (4 out of 30 times that i tried) with the following error:
&gt;               assert (diff / (tolerance * norm)) &lt; 1  
E               assert (tensor(0.0585) / (0.05 * tensor(0.9880))) &lt; 1  
Does this indicate a bug or a dependency issue? I can help contribute to a fix if suggested.
To Reproduce
The error can be reproduced using the following seed:
&lt;denchmark-code&gt;def test_torch_sigmoid_approx(workers):
       torch.manual_seed(7893584826795948387)
       .....
&lt;/denchmark-code&gt;

Expected behavior
The test should always pass
Screenshots
NA
Desktop (please complete the following information):
Environment:
&lt;denchmark-code&gt;Ubuntu 16.04
python 3.7
numpy==1.17.4
syft-tensorflow==0.1.0
tensorflow==1.15.0
torch==1.3.0
torchvision==0.4.1 
&lt;/denchmark-code&gt;

Additional context
Full error log:
&lt;denchmark-code&gt;Falling back to insecure randomness since the required custom op could not be found for the installed version of TensorFlow. Fix this by compiling custom ops. Missing file was 'python3.7/site-packages/tf_encrypted/operations/secure_random/secure_random_module_tf_1.15.0.so'
WARNING:tensorflow:From python3.7/site-packages/tf_encrypted/session.py:24: The name tf.Session is deprecated. Please use tf.compat.v1.Session instead.

=============================================================================================== test session starts ===============================================================================================
platform linux -- Python 3.7.6, pytest-5.3.2, py-1.8.1, pluggy-0.13.1 -- bin/python
cachedir: .pytest_cache
rootdir: PySyft, inifile: setup.cfg
collecting ... collected 1 item

test/torch/tensors/test_precision.py::test_torch_sigmoid_approx FAILED

==================================================================================================== FAILURES =====================================================================================================
____________________________________________________________________________________________ test_torch_sigmoid_approx ____________________________________________________________________________________________

workers = {'alice': &lt;VirtualWorker id:alice #objects:580&gt;, 'bob': &lt;VirtualWorker id:bob #objects:544&gt;, 'charlie': &lt;VirtualWorker id:charlie #objects:0&gt;, 'james': &lt;VirtualWorker id:james #objects:81&gt;, ...}

    @assert_time(max_time=40)
    def test_torch_sigmoid_approx(workers):
        """
        Test the approximate sigmoid with different tolerance depending on
        the precision_fractional considered
        """
        #np.random.seed(771475754)
        torch.manual_seed(7893584826795948387)
        alice, bob, james = workers["alice"], workers["bob"], workers["james"]
    
        fix_prec_tolerance_by_method = {
            "exp": {3: 5 / 100, 4: 1 / 100, 5: 1 / 100},
            "maclaurin": {3: 7 / 100, 4: 15 / 100, 5: 15 / 100},
        }
    
        for method, fix_prec_tolerance in fix_prec_tolerance_by_method.items():
            for prec_frac, tolerance in fix_prec_tolerance.items():
                t = torch.tensor(range(-10, 10)) * 0.5
                t_sh = t.fix_precision(precision_fractional=prec_frac).share(
                    alice, bob, crypto_provider=james
                )
                r_sh = t_sh.sigmoid(method=method)
                r = r_sh.get().float_prec()
                t = t.sigmoid()
                diff = (r - t).abs().max()
                norm = (r + t).abs().max() / 2
    
&gt;               assert (diff / (tolerance * norm)) &lt; 1
E               assert (tensor(0.0585) / (0.05 * tensor(0.9880))) &lt; 1

test/torch/tensors/test_precision.py:474: AssertionError
================================================================================================ 1 failed in 5.91s ================================================================================================

&lt;/denchmark-code&gt;

	</description>
	<comments>
		<comment id='1' author='loopylangur' date='2020-02-10T14:50:29Z'>
		&lt;denchmark-link:https://github.com/loopylangur&gt;@loopylangur&lt;/denchmark-link&gt;
 could you test this after &lt;denchmark-link:https://github.com/OpenMined/PySyft/pull/2998&gt;#2998&lt;/denchmark-link&gt;
 gets merged?
		</comment>
		<comment id='2' author='loopylangur' date='2020-02-11T15:50:58Z'>
		&lt;denchmark-link:https://github.com/loopylangur&gt;@loopylangur&lt;/denchmark-link&gt;
 the PR got merged - could you retest this, please?
		</comment>
		<comment id='3' author='loopylangur' date='2020-02-13T17:16:29Z'>
		Hi, I can still reproduce the error with the latest version.
		</comment>
		<comment id='4' author='loopylangur' date='2020-05-22T00:06:04Z'>
		This issue has been marked stale because it has been open 30 days with no activity. Leave a comment or remove the stale label to unmark it. Otherwise, this will be closed in 7 days.
		</comment>
	</comments>
</bug>