# JRE version: Java(TM) SE Runtime Environment (8.0_45-b15) (build 1.8.0_45-b15)
# Java VM: Java HotSpot(TM) 64-Bit Server VM (25.45-b02 mixed mode windows-amd64 compressed oops)
Heap:
 PSYoungGen      total 272896K, used 128753K [0x00000000d5f00000, 0x00000000f1300000, 0x0000000100000000)
  eden space 266240K, 45% used [0x00000000d5f00000,0x00000000dd6405e8,0x00000000e6300000)
  from space 6656K, 99% used [0x00000000e6300000,0x00000000e697c010,0x00000000e6980000)
  to   space 10240K, 0% used [0x00000000f0900000,0x00000000f0900000,0x00000000f1300000)
 ParOldGen       total 87552K, used 8930K [0x0000000081c00000, 0x0000000087180000, 0x00000000d5f00000)
  object space 87552K, 10% used [0x0000000081c00000,0x00000000824b88f0,0x0000000087180000)
 Metaspace       used 15902K, capacity 16089K, committed 16256K, reserved 1062912K
  class space    used 1791K, capacity 1822K, committed 1920K, reserved 1048576K
GC Heap History (10 events):
Event: 2.485 GC heap before
{Heap before GC invocations=5 (full 0):
 PSYoungGen      total 71680K, used 70642K [0x00000000d5f00000, 0x00000000daa00000, 0x0000000100000000)
  eden space 66560K, 100% used [0x00000000d5f00000,0x00000000da000000,0x00000000da000000)
  from space 5120K, 79% used [0x00000000da500000,0x00000000da8fcaa8,0x00000000daa00000)
  to   space 5120K, 0% used [0x00000000da000000,0x00000000da000000,0x00000000da500000)
 ParOldGen       total 87552K, used 441K [0x0000000081c00000, 0x0000000087180000, 0x00000000d5f00000)
  object space 87552K, 0% used [0x0000000081c00000,0x0000000081c6e650,0x0000000087180000)
 Metaspace       used 13432K, capacity 13565K, committed 13696K, reserved 1060864K
  class space    used 1539K, capacity 1588K, committed 1664K, reserved 1048576K
Event: 2.489 GC heap after
Heap after GC invocations=5 (full 0):
 PSYoungGen      total 71680K, used 2711K [0x00000000d5f00000, 0x00000000dee00000, 0x0000000100000000)
  eden space 66560K, 0% used [0x00000000d5f00000,0x00000000d5f00000,0x00000000da000000)
  from space 5120K, 52% used [0x00000000da000000,0x00000000da2a5f80,0x00000000da500000)
  to   space 6656K, 0% used [0x00000000de780000,0x00000000de780000,0x00000000dee00000)
 ParOldGen       total 87552K, used 449K [0x0000000081c00000, 0x0000000087180000, 0x00000000d5f00000)
  object space 87552K, 0% used [0x0000000081c00000,0x0000000081c70650,0x0000000087180000)
 Metaspace       used 13432K, capacity 13565K, committed 13696K, reserved 1060864K
  class space    used 1539K, capacity 1588K, committed 1664K, reserved 1048576K
}
Event: 2.542 GC heap before
{Heap before GC invocations=6 (full 0):
 PSYoungGen      total 71680K, used 69271K [0x00000000d5f00000, 0x00000000dee00000, 0x0000000100000000)
  eden space 66560K, 100% used [0x00000000d5f00000,0x00000000da000000,0x00000000da000000)
  from space 5120K, 52% used [0x00000000da000000,0x00000000da2a5f80,0x00000000da500000)
  to   space 6656K, 0% used [0x00000000de780000,0x00000000de780000,0x00000000dee00000)
 ParOldGen       total 87552K, used 449K [0x0000000081c00000, 0x0000000087180000, 0x00000000d5f00000)
  object space 87552K, 0% used [0x0000000081c00000,0x0000000081c70650,0x0000000087180000)
 Metaspace       used 13433K, capacity 13565K, committed 13696K, reserved 1060864K
  class space    used 1539K, capacity 1588K, committed 1664K, reserved 1048576K
Event: 2.546 GC heap after
Heap after GC invocations=6 (full 0):
 PSYoungGen      total 139776K, used 2663K [0x00000000d5f00000, 0x00000000dee00000, 0x0000000100000000)
  eden space 133120K, 0% used [0x00000000d5f00000,0x00000000d5f00000,0x00000000de100000)
  from space 6656K, 40% used [0x00000000de780000,0x00000000dea19f90,0x00000000dee00000)
  to   space 6656K, 0% used [0x00000000de100000,0x00000000de100000,0x00000000de780000)
 ParOldGen       total 87552K, used 457K [0x0000000081c00000, 0x0000000087180000, 0x00000000d5f00000)
  object space 87552K, 0% used [0x0000000081c00000,0x0000000081c72650,0x0000000087180000)
 Metaspace       used 13433K, capacity 13565K, committed 13696K, reserved 1060864K
  class space    used 1539K, capacity 1588K, committed 1664K, reserved 1048576K
}
Event: 8.824 GC heap before
{Heap before GC invocations=7 (full 0):
 PSYoungGen      total 139776K, used 135783K [0x00000000d5f00000, 0x00000000dee00000, 0x0000000100000000)
  eden space 133120K, 100% used [0x00000000d5f00000,0x00000000de100000,0x00000000de100000)
  from space 6656K, 40% used [0x00000000de780000,0x00000000dea19f90,0x00000000dee00000)
  to   space 6656K, 0% used [0x00000000de100000,0x00000000de100000,0x00000000de780000)
 ParOldGen       total 87552K, used 457K [0x0000000081c00000, 0x0000000087180000, 0x00000000d5f00000)
  object space 87552K, 0% used [0x0000000081c00000,0x0000000081c72650,0x0000000087180000)
 Metaspace       used 14796K, capacity 14953K, committed 15104K, reserved 1062912K
  class space    used 1702K, capacity 1750K, committed 1792K, reserved 1048576K
Event: 8.829 GC heap after
Heap after GC invocations=7 (full 0):
 PSYoungGen      total 139776K, used 2002K [0x00000000d5f00000, 0x00000000e7000000, 0x0000000100000000)
  eden space 133120K, 0% used [0x00000000d5f00000,0x00000000d5f00000,0x00000000de100000)
  from space 6656K, 30% used [0x00000000de100000,0x00000000de2f4888,0x00000000de780000)
  to   space 6656K, 0% used [0x00000000e6980000,0x00000000e6980000,0x00000000e7000000)
 ParOldGen       total 87552K, used 2521K [0x0000000081c00000, 0x0000000087180000, 0x00000000d5f00000)
  object space 87552K, 2% used [0x0000000081c00000,0x0000000081e765c8,0x0000000087180000)
 Metaspace       used 14796K, capacity 14953K, committed 15104K, reserved 1062912K
  class space    used 1702K, capacity 1750K, committed 1792K, reserved 1048576K
}
Event: 13.303 GC heap before
{Heap before GC invocations=8 (full 0):
 PSYoungGen      total 139776K, used 135122K [0x00000000d5f00000, 0x00000000e7000000, 0x0000000100000000)
  eden space 133120K, 100% used [0x00000000d5f00000,0x00000000de100000,0x00000000de100000)
  from space 6656K, 30% used [0x00000000de100000,0x00000000de2f4888,0x00000000de780000)
  to   space 6656K, 0% used [0x00000000e6980000,0x00000000e6980000,0x00000000e7000000)
 ParOldGen       total 87552K, used 2521K [0x0000000081c00000, 0x0000000087180000, 0x00000000d5f00000)
  object space 87552K, 2% used [0x0000000081c00000,0x0000000081e765c8,0x0000000087180000)
 Metaspace       used 15459K, capacity 15641K, committed 16000K, reserved 1062912K
  class space    used 1776K, capacity 1822K, committed 1920K, reserved 1048576K
Event: 13.306 GC heap after
Heap after GC invocations=8 (full 0):
 PSYoungGen      total 272896K, used 1173K [0x00000000d5f00000, 0x00000000e7000000, 0x0000000100000000)
  eden space 266240K, 0% used [0x00000000d5f00000,0x00000000d5f00000,0x00000000e6300000)
  from space 6656K, 17% used [0x00000000e6980000,0x00000000e6aa56a8,0x00000000e7000000)
  to   space 6656K, 0% used [0x00000000e6300000,0x00000000e6300000,0x00000000e6980000)
 ParOldGen       total 87552K, used 3054K [0x0000000081c00000, 0x0000000087180000, 0x00000000d5f00000)
  object space 87552K, 3% used [0x0000000081c00000,0x0000000081efb808,0x0000000087180000)
 Metaspace       used 15459K, capacity 15641K, committed 16000K, reserved 1062912K
  class space    used 1776K, capacity 1822K, committed 1920K, reserved 1048576K
}
Event: 17.735 GC heap before
{Heap before GC invocations=9 (full 0):
 PSYoungGen      total 272896K, used 267413K [0x00000000d5f00000, 0x00000000e7000000, 0x0000000100000000)
  eden space 266240K, 100% used [0x00000000d5f00000,0x00000000e6300000,0x00000000e6300000)
  from space 6656K, 17% used [0x00000000e6980000,0x00000000e6aa56a8,0x00000000e7000000)
  to   space 6656K, 0% used [0x00000000e6300000,0x00000000e6300000,0x00000000e6980000)
 ParOldGen       total 87552K, used 3054K [0x0000000081c00000, 0x0000000087180000, 0x00000000d5f00000)
  object space 87552K, 3% used [0x0000000081c00000,0x0000000081efb808,0x0000000087180000)
 Metaspace       used 15852K, capacity 16025K, committed 16256K, reserved 1062912K
  class space    used 1788K, capacity 1822K, committed 1920K, reserved 1048576K
Event: 17.761 GC heap after
Heap after GC invocations=9 (full 0):
 PSYoungGen      total 272896K, used 6640K [0x00000000d5f00000, 0x00000000f1300000, 0x0000000100000000)
  eden space 266240K, 0% used [0x00000000d5f00000,0x00000000d5f00000,0x00000000e6300000)
  from space 6656K, 99% used [0x00000000e6300000,0x00000000e697c010,0x00000000e6980000)
  to   space 10240K, 0% used [0x00000000f0900000,0x00000000f0900000,0x00000000f1300000)
 ParOldGen       total 87552K, used 8930K [0x0000000081c00000, 0x0000000087180000, 0x00000000d5f00000)
  object space 87552K, 10% used [0x0000000081c00000,0x00000000824b88f0,0x0000000087180000)
 Metaspace       used 15852K, capacity 16025K, committed 16256K, reserved 1062912K
  class space    used 1788K, capacity 1822K, committed 1920K, reserved 1048576K
}

