<bug id='1895' author='AlexDBlack' open_date='2016-07-27T06:51:49Z' closed_time='2016-11-23T14:50:07Z'>
	<summary>Current DL4J Unit Test Failures</summary>
	<description>
ConvolutionLayerSetupTest

testLRN
testMultiChannel

RBMTest

testLfw
testSetGetParams

BatchNormalizationTests

testDnnShapeBatchNormForward
testCnnShapeBatchNormBack
testDnnShapeBatchNormBack

	</description>
	<comments>
		<comment id='1' author='AlexDBlack' date='2016-07-28T02:54:52Z'>
		I can look at these and see where I get.
		</comment>
		<comment id='2' author='AlexDBlack' date='2016-07-31T17:31:59Z'>
		Current state of affairs on deeplearning4j-core tests.
Tests run: 397, Failures: 2, Errors: 21, Skipped: 16
Failed tests:
TestDropout.testDropoutMultiLayer:160 expected:&lt;2.0&gt; but was:&lt;1.0&gt;
MagicQueueTest.addDataSet2:86 expected:&lt;8&gt; but was:&lt;4&gt;
&lt;denchmark-link:https://gist.github.com/eraly/4289d329a819f31e4d3ffd94651eadba&gt;https://gist.github.com/eraly/4289d329a819f31e4d3ffd94651eadba&lt;/denchmark-link&gt;

And a lot of errors because of missing class paths/resource issues.
&lt;denchmark-link:https://gist.github.com/eraly/a1c269cd9551c8b951fcf393c0a37c11&gt;https://gist.github.com/eraly/a1c269cd9551c8b951fcf393c0a37c11&lt;/denchmark-link&gt;

		</comment>
		<comment id='3' author='AlexDBlack' date='2016-07-31T17:39:48Z'>
		MagicQueue tests are irrelevant right now, it will be used after next release only. I'll mark them as ignored.
		</comment>
		<comment id='4' author='AlexDBlack' date='2016-08-02T02:00:20Z'>
		On my machine (Linux) I still get a lot more test failures than that.
&lt;denchmark-code&gt;Failed tests: 
  BatchNormalizationTest.testCnnShapeBatchNormBack:222 expected: org.nd4j.linalg.cpu.nativecpu.NDArray&lt;[512.00, 512.00]&gt; but was: org.nd4j.linalg.cpu.nativecpu.NDArray&lt;[512.00, 512.00]&gt;
  BatchNormalizationTest.testDnnShapeBatchNormBack:132 expected: org.nd4j.linalg.cpu.nativecpu.NDArray&lt;[[0.00, -0.00, -0.00, -0.00, -0.00, -0.00, -0.00, -0.00, -0.00, -0.00, -0.00, -0.00, -0.00, -0.00, -0.00, -0.00],
 [0.00, 0.00, 0.00, 0.00, 0.00, 0.00, 0.00, 0.00, 0.00, 0.00, 0.00, 0.00, 0.00, 0.00, 0.00, 0.00]]&gt; but was: org.nd4j.linalg.cpu.nativecpu.NDArray&lt;[[0.00, -0.00, -0.00, -0.00, -0.00, -0.00, -0.00, -0.00, -0.00, -0.00, -0.00, -0.00, -0.00, -0.00, -0.00, -0.00],
 [0.00, 0.00, 0.00, 0.00, 0.00, 0.00, 0.00, 0.00, 0.00, 0.00, 0.00, 0.00, 0.00, 0.00, 0.00, 0.00]]&gt;
  BatchNormalizationTest.testDnnShapeBatchNormForward:82 expected: org.nd4j.linalg.cpu.nativecpu.NDArray&lt;[[ 0.00,  0.00,  0.00,  0.00,  0.00,  0.00,  0.00,  0.00,  0.00,  0.00,  0.00,  0.00,  0.00,  0.00,  0.00,  0.00],
 [ 0.00,  2.00,  4.00,  6.00,  8.00, 10.00, 12.00, 14.00, 16.00, 18.00, 20.00, 22.00, 24.00, 26.00, 28.00, 30.00]]&gt; but was: org.nd4j.linalg.cpu.nativecpu.NDArray&lt;[[ 0.00,  0.00,  0.00,  0.00,  0.00,  0.00,  0.00,  0.00,  0.00,  0.00,  0.00,  0.00,  0.00,  0.00,  0.00,  0.00],
 [ 0.00,  2.00,  4.00,  6.00,  8.00, 10.00, 12.00, 14.00, 16.00, 18.00, 20.00, 22.00, 24.00, 26.00, 28.00, 30.00]]&gt;
Tests in error: 
  ComputationGraphConfigurationTest.testConfigurationWithRuntimeJSONSubtypes:211 » Runtime
  ConvolutionLayerSetupTest.testLRN:153 » FileNotFound class path resource [lfwt...
  ConvolutionLayerSetupTest.testMultiChannel:131 » NullPointer
&lt;/denchmark-code&gt;

&lt;denchmark-code&gt;Tests in error: 
  PipelineTest.testPipeline:52 » FailedToCreateRoute Failed to create route rout...
  Dl4jServingRouteTest.testServingRoute:170 » FileNotFound File 'tmpdir/tmp.txt'...
&lt;/denchmark-code&gt;

&lt;denchmark-code&gt;Failed tests: 
  GloveTest.testGloVe1:120 null
  SequenceVectorsTest.testGlove1:321 null
Tests in error: 
  BagOfWordsVectorizerTest.testBagOfWordsVectorizer:59 » Runtime java.lang.NullP...
  TfidfVectorizerTest.testTfIdfVectorizer:51 » Runtime java.lang.NullPointerExce...
  InMemoryLookupTableTest.testConsumeOnNonEqualVocabs:130 » Runtime java.lang.Nu...
  WordVectorSerializerTest.testLoaderBinary:114 » NumberFormat For input string:...
  Word2VecIteratorTest.before:49 » Runtime java.lang.IndexOutOfBoundsException
  VocabConstructorTest.testMergedVocabWithLabels1:319 » Runtime java.lang.NullPo...
  FileLabelAwareIteratorTest.testExtractLabelFromPath1:25 » Runtime java.lang.Nu...
  FileLabelAwareIteratorTest.testExtractLabelFromPath2:54 » Runtime java.lang.Nu...
  FilenamesLabelAwareIteratorTest.testNextDocument:26 » Runtime java.lang.NullPo...
  SentenceIteratorTest.after:140 » IO Unable to delete directory dir.
  SentenceIteratorTest.after:140 » IO Unable to delete directory dir.
  SentenceIteratorTest.after:140 » IO Unable to delete directory dir.
&lt;/denchmark-code&gt;

&lt;denchmark-code&gt;Tests in error: 
  TrainMultiLayerConfigTest.testMultiLayerConfig:83 » ava.lang.RuntimeException: java.lang.ClassNotFoundException: org.canova.api.formats.input.impl.SVMLightInputFormat
&lt;/denchmark-code&gt;

All tests for dl4j-spark fail with
&lt;denchmark-code&gt;com.fasterxml.jackson.databind.JsonMappingException: Could not find creator property with name 'id' (in class org.apache.spark.rdd.RDDOperationScope)
 at [Source: {"id":"1","name":"parallelize"}; line: 1, column: 1]
&lt;/denchmark-code&gt;

And all tests for dl4j-spark-nlp fail with
&lt;denchmark-code&gt;org.apache.hadoop.mapred.InvalidInputException: Input path does not exist: file:/ext/Temp/SampleRussianCorpus.txt
&lt;/denchmark-code&gt;

and then
&lt;denchmark-code&gt;org.apache.spark.SparkException: Only one SparkContext may be running in this JVM (see SPARK-2243). To ignore this error, set spark.driver.allowMultipleContexts = true.
&lt;/denchmark-code&gt;

Should this be considered a blocker for the release?
In any case, some of those look easy to fix, so I'll start with that...
		</comment>
		<comment id='5' author='AlexDBlack' date='2016-08-02T02:04:15Z'>
		of the onse I know how to fix:
com.fasterxml.jackson.databind.JsonMappingException: Could not find creator property with name 'id'...
-&gt; That's jackson version. We can add jackson 2.4.4 as test scope.
Tests in error:
TrainMultiLayerConfigTest.testMultiLayerConfig:83 » ava.lang.RuntimeException: java.lang.ClassNotFoundException: org.canova.api.formats.input.impl.SVMLightInputFormat
-&gt; Looks old. Shouldn't be using Canova anymore; I'll take a look.
ComputationGraphConfigurationTest.testConfigurationWithRuntimeJSONSubtypes:211 » Runtime
-&gt; Let's add an Ignore to this one - it's just not picking up stuff on classpath. Not core functionality either.
		</comment>
		<comment id='6' author='AlexDBlack' date='2016-08-02T02:42:11Z'>
		Spark json stuff fixed here: &lt;denchmark-link:https://github.com/deeplearning4j/deeplearning4j/pull/1926&gt;https://github.com/deeplearning4j/deeplearning4j/pull/1926&lt;/denchmark-link&gt;

		</comment>
		<comment id='7' author='AlexDBlack' date='2016-08-02T03:54:04Z'>
		Another thing, I've made deeplearning4j-cuda-7.5 rerun the tests for deeplearning4j-core, but using the nd4j-cuda-7.5 backend instead of nd4j-native one, and most tests are failing. Is this expected and can we ignore that? It's not related to cuDNN. They fail whether we comment out cuDNN or not.
		</comment>
		<comment id='8' author='AlexDBlack' date='2016-08-02T06:24:52Z'>
		So, I'm down to the following list:
&lt;denchmark-code&gt;Failed tests: 
  BatchNormalizationTest.testCnnShapeBatchNormBack:222 expected: org.nd4j.linalg.cpu.nativecpu.NDArray&lt;[512.00, 512.00]&gt; but was: org.nd4j.linalg.cpu.nativecpu.NDArray&lt;[512.00, 512.00]&gt;
  BatchNormalizationTest.testDnnShapeBatchNormBack:132 expected: org.nd4j.linalg.cpu.nativecpu.NDArray&lt;[[0.00, -0.00, -0.00, -0.00, -0.00, -0.00, -0.00, -0.00, -0.00, -0.00, -0.00, -0.00, -0.00, -0.00, -0.00, -0.00],
 [0.00, 0.00, 0.00, 0.00, 0.00, 0.00, 0.00, 0.00, 0.00, 0.00, 0.00, 0.00, 0.00, 0.00, 0.00, 0.00]]&gt; but was: org.nd4j.linalg.cpu.nativecpu.NDArray&lt;[[0.00, -0.00, -0.00, -0.00, -0.00, -0.00, -0.00, -0.00, -0.00, -0.00, -0.00, -0.00, -0.00, -0.00, -0.00, -0.00],
 [0.00, 0.00, 0.00, 0.00, 0.00, 0.00, 0.00, 0.00, 0.00, 0.00, 0.00, 0.00, 0.00, 0.00, 0.00, 0.00]]&gt;
  BatchNormalizationTest.testDnnShapeBatchNormForward:82 expected: org.nd4j.linalg.cpu.nativecpu.NDArray&lt;[[ 0.00,  0.00,  0.00,  0.00,  0.00,  0.00,  0.00,  0.00,  0.00,  0.00,  0.00,  0.00,  0.00,  0.00,  0.00,  0.00],
 [ 0.00,  2.00,  4.00,  6.00,  8.00, 10.00, 12.00, 14.00, 16.00, 18.00, 20.00, 22.00, 24.00, 26.00, 28.00, 30.00]]&gt; but was: org.nd4j.linalg.cpu.nativecpu.NDArray&lt;[[ 0.00,  0.00,  0.00,  0.00,  0.00,  0.00,  0.00,  0.00,  0.00,  0.00,  0.00,  0.00,  0.00,  0.00,  0.00,  0.00],
 [ 0.00,  2.00,  4.00,  6.00,  8.00, 10.00, 12.00, 14.00, 16.00, 18.00, 20.00, 22.00, 24.00, 26.00, 28.00, 30.00]]&gt;
Tests in error: 
  ComputationGraphConfigurationTest.testConfigurationWithRuntimeJSONSubtypes:211 » java.lang.RuntimeException: com.fasterxml.jackson.databind.JsonMappingException: Could not resolve type id 'TestGraphVertex' into a subtype of [simple type, class org.deeplearning4j.nn.conf.graph.GraphVertex]: known type ids = [DuplicateToTimeSeriesVertex, ElementWiseVertex, GraphVertex, LastTimeStepVertex, LayerVertex, MergeVertex, PreprocessorVertex, SubsetVertex]
  ConvolutionLayerSetupTest.testMultiChannel:142 » NullPointer
&lt;/denchmark-code&gt;

&lt;denchmark-code&gt;Tests in error: 
  PipelineTest.testPipeline:52 » FailedToCreateRoute Failed to create route rout...
  Dl4jServingRouteTest.testServingRoute:170 » FileNotFound File 'tmpdir/tmp.txt'...
&lt;/denchmark-code&gt;

&lt;denchmark-code&gt;Failed tests: 
  GloveTest.testGloVe1:120 null
  SequenceVectorsTest.testGlove1:321 null
&lt;/denchmark-code&gt;

If they are still there tomorrow, I'll continue and try to fix all that then.
And Word2VecTest doesn't fail anymore, but it now ends up crashing the JVM, so I'll post a separate issue about that...
		</comment>
		<comment id='9' author='AlexDBlack' date='2016-11-23T14:50:07Z'>
		Not relevant anymore.
		</comment>
		<comment id='10' author='AlexDBlack' date='2019-01-20T10:09:26Z'>
		This thread has been automatically locked since there has not been any recent activity after it was closed. Please open a new issue for related bugs.
		</comment>
	</comments>
</bug>