<bug id='7358' author='alexanderst' open_date='2019-03-26T12:14:27Z' closed_time='2019-06-27T14:20:02Z'>
	<summary>deeplearning4j-nlp tests failures</summary>
	<description>
Tests in deeplearning4j-nlp-parent fail when full test set is started. Tests are passed successfully when distinct test classes are started. Reproduced on Linux and Windows, CPU backend.
Fixed.
	</description>
	<comments>
		<comment id='1' author='alexanderst' date='2019-03-26T12:14:54Z'>
		Failures (may be different on different systems):
org.deeplearning4j.TsneTest.testSimple(TsneTest.java:90)
java.lang.OutOfMemoryError: GC overhead limit exceeded

org.deeplearning4j.bagofwords.vectorizer.BagOfWordsVectorizerTest.testBagOfWordsVectorizer(BagOfWordsVectorizerTest.java:75)
org.junit.runners.model.TestTimedOutException: test timed out after 60000 milliseconds
org.deeplearning4j.bagofwords.vectorizer.TfidfVectorizerTest.testParallelFlag2(TfidfVectorizerTest.java:159)
org.junit.runners.model.TestTimedOutException: test timed out after 20000 milliseconds
org.deeplearning4j.bagofwords.vectorizer.TfidfVectorizerTest.testTfIdfVectorizer(TfidfVectorizerTest.java:75)
org.junit.runners.model.TestTimedOutException: test timed out after 60000 milliseconds
org.deeplearning4j.iterator.TestCnnSentenceDataSetIterator
Assertions failed
org.deeplearning4j.models.glove.count.BinaryCoOccurrenceReaderTest.testHasMoreObjects1(BinaryCoOccurrenceReaderTest.java:82)
java.lang.OutOfMemoryError: Java heap space
org.deeplearning4j.models.paragraphvectors.ParagraphVectorsTest.testDirectInference(ParagraphVectorsTest.java:1011)
at org.deeplearning4j.models.embeddings.learning.impl.elements.SkipGram.configure(SkipGram.java:125)
at org.deeplearning4j.models.sequencevectors.SequenceVectors.initLearners(SequenceVectors.java:197)
at org.deeplearning4j.models.sequencevectors.SequenceVectors.fit(SequenceVectors.java:326)
java.lang.NoClassDefFoundError: org/nd4j/linalg/util/DeviceLocalNDArray
org.deeplearning4j.models.paragraphvectors.ParagraphVectorsTest.testJSONSerialization(ParagraphVectorsTest.java:1126)
java.lang.NoClassDefFoundError: org/nd4j/shade/jackson/core/JsonFactory
at org.deeplearning4j.models.paragraphvectors.ParagraphVectors.mapper(ParagraphVectors.java:719)
at org.deeplearning4j.models.paragraphvectors.ParagraphVectors.toJson(ParagraphVectors.java:735)
at org.deeplearning4j.models.paragraphvectors.ParagraphVectorsTest.testJSONSerialization(ParagraphVectorsTest.java:1126)

org.deeplearning4j.models.word2vec.Word2VecTestsSmall.testUnkSerialization_1
java.lang.RuntimeException: java.lang.RuntimeException: java.lang.NullPointerException
at org.deeplearning4j.models.embeddings.loader.WordVectorSerializer.writeWord2VecModel(WordVectorSerializer.java:433)
at org.deeplearning4j.models.word2vec.Word2VecTestsSmall.testUnkSerialization_1(Word2VecTestsSmall.java:117)

org.deeplearning4j.text.documentiterator.FilenamesLabelAwareIteratorTest.testNextDocument(
java.lang.AssertionError
at org.junit.Assert.fail(Assert.java:86)
at org.junit.Assert.assertTrue(Assert.java:41)
at org.junit.Assert.assertFalse(Assert.java:64)
at org.junit.Assert.assertFalse(Assert.java:74)
at org.deeplearning4j.text.documentiterator.FilenamesLabelAwareIteratorTest.testNextDocument(FilenamesLabelAwareIteratorTest.java:68)

TestCnnSentenceDataSetIterator
Assertions failed

Fixed.
		</comment>
		<comment id='2' author='alexanderst' date='2019-03-26T12:17:08Z'>
		üëç  Memory errors are probably related to that LongBuffer issue...
		</comment>
		<comment id='3' author='alexanderst' date='2019-03-26T12:33:12Z'>
		dl4j-core
org.deeplearning4j.nn.mkldnn.ValidateMKLDNN.validateBatchNorm
o.d.LayerHelperValidationUtil - Forward pass, max relative error: layer_-1 - input - 0.0
o.d.LayerHelperValidationUtil - Forward pass, max relative error: layer_0 - ConvolutionLayer - 0.0
Different values at index 227: -0.3762032985687256, 0.3200366199016571 - RE = 1.0
org.deeplearning4j.LayerHelperValidationUtil.validateMLN(LayerHelperValidationUtil.java:130)
at org.deeplearning4j.nn.mkldnn.ValidateMKLDNN.validateBatchNorm(ValidateMKLDNN.java:173)
org.deeplearning4j.nn.layers.convolution.Upsampling1DTest.testUpsampling1DBackprop
java.lang.NoSuchMethodError: org.nd4j.linalg.api.ndarray.INDArray.repeat(I[I)Lorg/nd4j/linalg/api/ndarray/INDArray;
&lt;denchmark-code&gt;at org.deeplearning4j.nn.layers.convolution.upsampling.Upsampling1D.backpropGradient(Upsampling1D.java:65)
at org.deeplearning4j.nn.layers.convolution.Upsampling1DTest.testUpsampling1DBackprop(Upsampling1DTest.java:88)
&lt;/denchmark-code&gt;

org.deeplearning4j.gradientcheck.BNGradientCheckTest.testGradientBNWithCNNandSubsamplingcCnfigurableProfile
Should be removed
		</comment>
		<comment id='5' author='alexanderst' date='2019-03-26T12:33:57Z'>
		nearest-neighbors-parent/nearest-neighbor-core
org.deeplearning4j.clustering.lsh.RandomProjectionLSHTest.testANNSearchReflexive(RandomProjectionLSHTest.java:195)
java.lang.ArrayIndexOutOfBoundsException: 1
org.deeplearning4j.clustering.lsh.RandomProjectionLSHTest.testEntropyDims
java.lang.ArrayIndexOutOfBoundsException: 1
&lt;denchmark-code&gt;at org.deeplearning4j.clustering.lsh.RandomProjectionLSH.entropy(RandomProjectionLSH.java:129)
at org.deeplearning4j.clustering.lsh.RandomProjectionLSHTest.testEntropyDims(RandomProjectionLSHTest.java:56)
&lt;/denchmark-code&gt;

org.deeplearning4j.clustering.lsh.RandomProjectionLSHTest.testBucketReflexive(RandomProjectionLSHTest.java:111)
java.lang.ArrayIndexOutOfBoundsException: 1
org.deeplearning4j.clustering.lsh.RandomProjectionLSHTest.testGetRawBucketOfDims(RandomProjectionLSHTest.java:89)
java.lang.AssertionError: array lengths differed, expected.length=2 actual.length=1
org.deeplearning4j.clustering.lsh.RandomProjectionLSHTest.testBucketDataReflexive(RandomProjectionLSHTest.java:131)
java.lang.ArrayIndexOutOfBoundsException: 1
&lt;denchmark-code&gt;at org.deeplearning4j.clustering.lsh.RandomProjectionLSH.entropy(RandomProjectionLSH.java:129)
&lt;/denchmark-code&gt;

‚Ä¶
org.deeplearning4j.clustering.randomprojection.RPUtilsTest.testDistanceComputeBatch(RPUtilsTest.java:32)
org.nd4j.linalg.exception.ND4JIllegalStateException: Shape of target array for reduction [[4]] doesn't match expected [1]
		</comment>
		<comment id='6' author='alexanderst' date='2019-03-26T12:34:30Z'>
		deeplearning4j-zoo
org.deeplearning4j.zoo.TestInstantiation.testMultipleCnnTraining(TestInstantiation.java:85)
java.lang.OutOfMemoryError: Cannot allocate new LongPointer(12): totalBytes = 472M, physicalBytes = 14766M
		</comment>
		<comment id='7' author='alexanderst' date='2019-04-16T12:47:38Z'>
		Assert failed:
org.deeplearning4j.earlystopping.TestEarlyStoppingCompGraph.testTimeTermination()
&lt;denchmark-code&gt;at org.junit.Assert.assertTrue(Assert.java:52)
at org.deeplearning4j.earlystopping.TestEarlyStoppingCompGraph.testTimeTermination(TestEarlyStoppingCompGraph.java:183)
&lt;/denchmark-code&gt;

		</comment>
		<comment id='8' author='alexanderst' date='2019-04-17T00:59:05Z'>
		
org.deeplearning4j.earlystopping.TestEarlyStoppingCompGraph.testTimeTermination()

Already fixed on my branch, should be merged today.
		</comment>
	</comments>
</bug>