<bug id='132' author='barak' open_date='2019-09-10T10:53:27Z' closed_time='2019-12-07T03:16:14Z'>
	<summary>Testing Smashing Autobuilders</summary>
	<description>
&lt;denchmark-h:h4&gt;Issue description&lt;/denchmark-h&gt;

The Debian ensmallen package is automatically built (compiled) on many architectures. The build process runs the test scripts. Everything works fine on some architectures (amd64, say) albeit with a rather large amount of time required for the test phase. But on some other architectures (i386, see &lt;denchmark-link:https://buildd.debian.org/status/fetch.php?pkg=ensmallen&amp;arch=i386&amp;ver=2.10.0-1&amp;stamp=1568047415&gt;https://buildd.debian.org/status/fetch.php?pkg=ensmallen&amp;arch=i386&amp;ver=2.10.0-1&amp;stamp=1568047415&lt;/denchmark-link&gt;
 for details) the test phase exceeds some resource limitation and the build is terminated.
I could just turn off testing, but that seems wrong. Best would be if the test phase were much faster, or if there was a fast test run by default with the current extremely time consuming test run only if some extra option is given.
&lt;denchmark-h:h4&gt;Your environment&lt;/denchmark-h&gt;


version of ensmallen: 2.10.0
operating system: Debian/unstable
compiler: GCC 9.x

&lt;denchmark-h:h4&gt;Steps to reproduce&lt;/denchmark-h&gt;

Clone &lt;denchmark-link:https://github.com/barak/ensmallen&gt;https://github.com/barak/ensmallen&lt;/denchmark-link&gt;
, go to tag debian/2.10.0-1, run  on a crappy machine with a low ulimit set.
&lt;denchmark-h:h4&gt;Expected behavior&lt;/denchmark-h&gt;

ensmallen sucessfully autobuilt on all sorts of weird architectures.
&lt;denchmark-h:h4&gt;Actual behavior&lt;/denchmark-h&gt;

&lt;denchmark-link:https://buildd.debian.org/status/package.php?p=ensmallen&gt;https://buildd.debian.org/status/package.php?p=ensmallen&lt;/denchmark-link&gt;

	</description>
	<comments>
		<comment id='1' author='barak' date='2019-09-10T12:29:25Z'>
		Thanks for the report, I can see a similar issue in the matrix build: &lt;denchmark-link:http://ci.mlpack.org/view/ensmallen/job/docker%20ensmallen%20nightly%20build/&gt;http://ci.mlpack.org/view/ensmallen/job/docker%20ensmallen%20nightly%20build/&lt;/denchmark-link&gt;

will take a closer look, unless somebody else likes to dive into the issue.
		</comment>
		<comment id='2' author='barak' date='2019-09-16T19:59:29Z'>
		&lt;denchmark-link:https://github.com/barak&gt;@barak&lt;/denchmark-link&gt;
 Is it possible to manually test against a branch, e.g. &lt;denchmark-link:https://github.com/mlpack/ensmallen/pull/135&gt;#135&lt;/denchmark-link&gt;
?
		</comment>
		<comment id='3' author='barak' date='2019-09-19T13:48:35Z'>
		I've heard rumours that it might be, but have not tried myself.
(Seriously, I can log into a development machine dedicated to porting to some architecture and give it a shot, especially if you tell me which architecture(s) you'd recommend.)
		</comment>
		<comment id='4' author='barak' date='2019-09-19T19:48:52Z'>
		Great, thanks. Any platform that timed out will do, e.g. i386 - Debian sid.
		</comment>
		<comment id='5' author='barak' date='2019-09-26T18:48:45Z'>
		&lt;denchmark-link:https://github.com/barak&gt;@barak&lt;/denchmark-link&gt;
 We just release ensmallen 2.10.3: &lt;denchmark-link:https://github.com/mlpack/ensmallen/releases/tag/2.10.3&gt;https://github.com/mlpack/ensmallen/releases/tag/2.10.3&lt;/denchmark-link&gt;
 hopefully that will  fix the issue you reported above.
		</comment>
		<comment id='6' author='barak' date='2019-09-27T13:01:22Z'>
		Uploaded the 2.10.3, and the autobuilders encountered issues on some architectures. See &lt;denchmark-link:https://buildd.debian.org/status/package.php?p=ensmallen&gt;https://buildd.debian.org/status/package.php?p=ensmallen&lt;/denchmark-link&gt;
 which already shows problems on armel, s390x, hurd-i386. Lots of  alignment warnings, not sure if those are relevant.
This is on armel:
&lt;denchmark-code&gt;...
Test project /&lt;&lt;PKGBUILDDIR&gt;&gt;/obj-arm-linux-gnueabi
    Start 1: ensmallen_tests
E: Build killed with signal TERM after 150 minutes of inactivity
&lt;/denchmark-code&gt;

This is on s360x:
&lt;denchmark-code&gt;...
make[2]: Leaving directory '/&lt;&lt;PKGBUILDDIR&gt;&gt;/obj-s390x-linux-gnu'
/usr/bin/cmake -E cmake_progress_start /&lt;&lt;PKGBUILDDIR&gt;&gt;/obj-s390x-linux-gnu/CMakeFiles 0
make[1]: Leaving directory '/&lt;&lt;PKGBUILDDIR&gt;&gt;/obj-s390x-linux-gnu'
   dh_auto_test -a
	cd obj-s390x-linux-gnu &amp;&amp; make -j2 test ARGS\+=-j2
make[1]: Entering directory '/&lt;&lt;PKGBUILDDIR&gt;&gt;/obj-s390x-linux-gnu'
Running tests...
/usr/bin/ctest --force-new-ctest-process -j2
Test project /&lt;&lt;PKGBUILDDIR&gt;&gt;/obj-s390x-linux-gnu
    Start 1: ensmallen_tests
1/1 Test #1: ensmallen_tests ..................***Failed  322.17 sec
ensmallen version: 2.10.3 (Fried Chicken)
armadillo version: 9.600.5 (Napa Invasion)

~~~~~~~~~~~~~~~~~~~~~~~~~~~~~~~~~~~~~~~~~~~~~~~~~~~~~~~~~~~~~~~~~~~~~~~~~~~~~~~
ensmallen_tests is a Catch v2.4.1 host application.
Run with -? for options

-------------------------------------------------------------------------------
EveSGDFunction
-------------------------------------------------------------------------------
/&lt;&lt;PKGBUILDDIR&gt;&gt;/tests/eve_test.cpp:23
...............................................................................

/&lt;&lt;PKGBUILDDIR&gt;&gt;/tests/eve_test.cpp:32: FAILED:
  REQUIRE( coordinates(1) == Approx(0.0).margin(0.1) )
with expansion:
  -0.1271843391 == Approx( 0.0 )

===============================================================================
test cases:   266 |   265 passed | 1 failed
assertions: 12391 | 12390 passed | 1 failed



0% tests passed, 1 tests failed out of 1

Total Test time (real) = 322.17 sec

The following tests FAILED:
	  1 - ensmallen_tests (Failed)
Errors while running CTest
make[1]: *** [Makefile:100: test] Error 8
&lt;/denchmark-code&gt;

		</comment>
		<comment id='7' author='barak' date='2019-09-27T14:46:11Z'>
		Also i386
&lt;denchmark-code&gt;...
/&lt;&lt;PKGBUILDDIR&gt;&gt;/tests/callbacks_test.cpp: In function ‚Äòvoid ____C_A_T_C_H____T_E_S_T____46()‚Äô:
/&lt;&lt;PKGBUILDDIR&gt;&gt;/tests/callbacks_test.cpp:397:28: warning: unsigned conversion from ‚Äòlong long int‚Äô to ‚Äòsize_t‚Äô {aka ‚Äòunsigned int‚Äô} changes value from ‚Äò10000000000‚Äô to ‚Äò1410065408‚Äô [-Woverflow]
  397 |   StandardSGD s(0.0003, 1, 10000000000, -10);
      |                            ^~~~~~~~~~~
/&lt;&lt;PKGBUILDDIR&gt;&gt;/tests/callbacks_test.cpp: In function ‚Äòvoid ____C_A_T_C_H____T_E_S_T____54()‚Äô:
/&lt;&lt;PKGBUILDDIR&gt;&gt;/tests/callbacks_test.cpp:473:28: warning: unsigned conversion from ‚Äòlong long int‚Äô to ‚Äòsize_t‚Äô {aka ‚Äòunsigned int‚Äô} changes value from ‚Äò10000000000‚Äô to ‚Äò1410065408‚Äô [-Woverflow]
  473 |   StandardSGD s(0.0003, 1, 10000000000, -100, true);
      |                            ^~~~~~~~~~~
...

Running tests...
/usr/bin/ctest --force-new-ctest-process -j4
Test project /&lt;&lt;PKGBUILDDIR&gt;&gt;/obj-i686-linux-gnu
    Start 1: ensmallen_tests
1/1 Test #1: ensmallen_tests ..................***Failed  2550.09 sec
ensmallen version: 2.10.3 (Fried Chicken)
armadillo version: 9.600.5 (Napa Invasion)

~~~~~~~~~~~~~~~~~~~~~~~~~~~~~~~~~~~~~~~~~~~~~~~~~~~~~~~~~~~~~~~~~~~~~~~~~~~~~~~
ensmallen_tests is a Catch v2.4.1 host application.
Run with -? for options

-------------------------------------------------------------------------------
RosenbrockFunctionFloatTest
-------------------------------------------------------------------------------
/&lt;&lt;PKGBUILDDIR&gt;&gt;/tests/lbfgs_test.cpp:41
...............................................................................

/&lt;&lt;PKGBUILDDIR&gt;&gt;/tests/lbfgs_test.cpp:54: FAILED:
  REQUIRE( coords(1) == Approx(1.0).epsilon(1e-7) )
with expansion:
  1.0f == Approx( 1.0 )

-------------------------------------------------------------------------------
Johnson844LovaszThetaFMatSDP
-------------------------------------------------------------------------------
/&lt;&lt;PKGBUILDDIR&gt;&gt;/tests/lrsdp_test.cpp:136
...............................................................................

/&lt;&lt;PKGBUILDDIR&gt;&gt;/tests/lrsdp_test.cpp:161: FAILED:
  REQUIRE( finalValue == Approx(-14.0).epsilon(0.1) )
with expansion:
  nanf == Approx( -14.0 )

===============================================================================
test cases:   266 |   264 passed | 2 failed
assertions: 11281 | 11279 passed | 2 failed



0% tests passed, 1 tests failed out of 1

Total Test time (real) = 2550.09 sec

The following tests FAILED:
	  1 - ensmallen_tests (Failed)
Errors while running CTest
...
&lt;/denchmark-code&gt;

		</comment>
		<comment id='8' author='barak' date='2019-09-30T19:55:39Z'>
		Will see if I can reproduce the issue and open a PR.
		</comment>
		<comment id='9' author='barak' date='2019-10-30T20:19:20Z'>
		This issue has been automatically marked as stale because it has not had any recent activity.  It will be closed in 7 days if no further activity occurs.  Thank you for your contributions! üëç
		</comment>
		<comment id='10' author='barak' date='2019-10-31T02:13:03Z'>
		I had this issue while doing Fedora packaging also; some of the ensmallen tests are flaky.  I looked through the historical Jenkins builds and came up with these (semi-regular) failing tests:
 - &lt;denchmark-link:http://ci.mlpack.org/job/docker%20ensmallen%20nightly%20build/64/armadillo_version=armadillo-8.600.1,compiler_version=llvm-3.5.2-patch,label=docker/testReport/junit/ensmallen_tests/global/NesterovMomentumSGDSpeedUpTestFunction/&gt;http://ci.mlpack.org/job/docker%20ensmallen%20nightly%20build/64/armadillo_version=armadillo-8.600.1,compiler_version=llvm-3.5.2-patch,label=docker/testReport/junit/ensmallen_tests/global/NesterovMomentumSGDSpeedUpTestFunction/&lt;/denchmark-link&gt;

 - &lt;denchmark-link:http://ci.mlpack.org/job/docker%20ensmallen%20nightly%20build/50/armadillo_version=armadillo-8.600.1,compiler_version=gcc-6.1.0,label=docker/testReport/junit/ensmallen_tests/global/DELogisticRegressionFMatTest/&gt;http://ci.mlpack.org/job/docker%20ensmallen%20nightly%20build/50/armadillo_version=armadillo-8.600.1,compiler_version=gcc-6.1.0,label=docker/testReport/junit/ensmallen_tests/global/DELogisticRegressionFMatTest/&lt;/denchmark-link&gt;

 - &lt;denchmark-link:http://ci.mlpack.org/job/docker%20ensmallen%20nightly%20build/47/armadillo_version=armadillo-9.600.6,compiler_version=llvm-8.0.1,label=docker/testReport/junit/ensmallen_tests/global/DELogisticRegressionTest/&gt;http://ci.mlpack.org/job/docker%20ensmallen%20nightly%20build/47/armadillo_version=armadillo-9.600.6,compiler_version=llvm-8.0.1,label=docker/testReport/junit/ensmallen_tests/global/DELogisticRegressionTest/&lt;/denchmark-link&gt;

This is in addition to the errors listed by &lt;denchmark-link:https://github.com/barak&gt;@barak&lt;/denchmark-link&gt;
.  (Actually that  just looks like it should be , which is an easy fix.
I'll try to handle the three tests above plus RosenbrockFunctionFloatTest shortly.
		</comment>
		<comment id='11' author='barak' date='2019-11-30T02:16:11Z'>
		This issue has been automatically marked as stale because it has not had any recent activity.  It will be closed in 7 days if no further activity occurs.  Thank you for your contributions! üëç
		</comment>
	</comments>
</bug>