<bug id='178' author='rubinliudongpo' open_date='2018-01-18T06:58:31Z' closed_time='2018-04-13T23:22:13Z'>
	<summary>Fails to build it on Ubuntu 17.xx</summary>
	<description>
I added following contents into CMakeLists.txt:
set(CMAKE_CXX_FLAGS "${CMAKE_CXX_FLAGS} -std=c++11")
add_definitions(-std=c++11)
on issue command 'python setup.py bdist_wheel', we still can see:
&lt;denchmark-code&gt;/home/xxx/repo/python/VisualDL/visualdl/utils/concurrency.h:32:23: error: ‘function’ in namespace ‘std’ does not name a template type
   using task_t = std::function&lt;bool()&gt;;
                       ^~~~~~~~
/home/xxx/repo/python/VisualDL/visualdl/utils/concurrency.h:42:19: error: ‘task_t’ has not been declared
   void operator()(task_t&amp;&amp; task, int msec) {
                   ^~~~~~
/home/xxx/repo/python/VisualDL/visualdl/utils/concurrency.h: In lambda function:
/home/xxx/repo/python/VisualDL/visualdl/utils/concurrency.h:48:19: error: ‘task’ cannot be used as a function
         if (!task()) break;
                   ^
In file included from /home/dongpo/repo/python/VisualDL/visualdl/utils/concurrency.h:18:0,
                 from /home/dongpo/repo/python/VisualDL/visualdl/logic/im.h:22,
                 from /home/dongpo/repo/python/VisualDL/visualdl/logic/im.cc:17:
/home/xxx/repo/python/VisualDL/visualdl/utils/logging.h: In destructor ‘visualdl::logging::LogStreamFatal::~LogStreamFatal()’:
/home/xxx/repo/python/VisualDL/visualdl/utils/logging.h:79:27: warning: throw will always call terminate() [-Wterminate]
       throw Error(ss.str());
                           ^
/home/xxx/repo/python/VisualDL/visualdl/utils/logging.h:79:27: note: in C++11 destructors default to noexcept
In file included from /home/dongpo/repo/python/VisualDL/visualdl/logic/im.h:22:0,
                 from /home/dongpo/repo/python/VisualDL/visualdl/logic/im.cc:17:
/home/xxx/repo/python/VisualDL/visualdl/utils/concurrency.h: At global scope:
/home/xxx/repo/python/VisualDL/visualdl/utils/concurrency.h:32:23: error: ‘function’ in namespace ‘std’ does not name a template type
   using task_t = std::function&lt;bool()&gt;;
                       ^~~~~~~~
/home/xxx/repo/python/VisualDL/visualdl/utils/concurrency.h:42:19: error: ‘task_t’ has not been declared
   void operator()(task_t&amp;&amp; task, int msec) {
                   ^~~~~~
/home/xxx/repo/python/VisualDL/visualdl/utils/concurrency.h: In lambda function:
/home/xxx/repo/python/VisualDL/visualdl/utils/concurrency.h:48:19: error: ‘task’ cannot be used as a function
         if (!task()) break;
&lt;/denchmark-code&gt;

	</description>
	<comments>
		<comment id='1' author='rubinliudongpo' date='2018-01-18T07:51:09Z'>
		we will have a look~
		</comment>
		<comment id='2' author='rubinliudongpo' date='2018-01-18T08:00:21Z'>
		I add this flag and the building is all right on my MacOS. I will try Ubuntu17 then.
		</comment>
		<comment id='3' author='rubinliudongpo' date='2018-02-28T11:46:32Z'>
		This could be fixed by adding a , which include in PR &lt;denchmark-link:https://github.com/PaddlePaddle/VisualDL/pull/286&gt;#286&lt;/denchmark-link&gt;
 .
		</comment>
	</comments>
</bug>