<bug id='269' author='ismailadjimera' open_date='2018-02-15T12:33:29Z' closed_time='2018-08-06T18:40:01Z'>
	<summary>VisualDL installation issue in Windows</summary>
	<description>
Hi guys
I have an issue when trying to install VisualDL in anaconda. After cloning the git, when I run this code:
pip install --upgrade dist/visualdl-*.whl
I got this error: Requirement dist/visualdl-*.whl looks like a filename, but the file does not exist
	</description>
	<comments>
		<comment id='1' author='ismailadjimera' date='2018-02-15T19:01:10Z'>
		Thanks for letting us know, &lt;denchmark-link:https://github.com/ismailadjimera&gt;@ismailadjimera&lt;/denchmark-link&gt;
. Have you built VDL from source? You need to do that only if you are building VDL locally - if not, you should just use the standard pip package.
May I ask what framework / project you are working on here?
		</comment>
		<comment id='2' author='ismailadjimera' date='2018-02-15T19:25:30Z'>
		Thanks for answering.
I try to use the standard pip package but I get issues like this one:
TypeError: parse() got an unexpected keyword argument 'transport_encoding' that's why I try to clone the git.
I 'm not working yet on a particulary project here
		</comment>
		<comment id='3' author='ismailadjimera' date='2018-02-15T20:01:23Z'>
		Ahaa. That's a real bug. Could you perhaps paste some info on what system you are working on? And if you still have a stack trace on you, if you could paste that, it would be awesome!
		</comment>
		<comment id='4' author='ismailadjimera' date='2018-02-27T01:08:31Z'>
		pip install --upgrade dist/visualdl-*.whl is an example command. The setup.py should create an wheel file under the dist folder. for example: visualdl-0.0.1a2-cp27-cp27m-macosx_10_13_intel.whl. Please try to install the wheel with your generated file.
		</comment>
		<comment id='5' author='ismailadjimera' date='2018-02-27T13:18:41Z'>
		I try to generate the wheel using the setup.py, but it said that I have to install nmp, bash, cmake, unzip which i have done, but I still got the error telling me that I should install unzip.
&lt;denchmark-link:https://user-images.githubusercontent.com/20044937/36730806-f78944e4-1bc8-11e8-95cd-e6d20d784da5.PNG&gt;&lt;/denchmark-link&gt;

		</comment>
		<comment id='6' author='ismailadjimera' date='2018-03-07T19:22:07Z'>
		&lt;denchmark-link:https://github.com/ismailadjimera&gt;@ismailadjimera&lt;/denchmark-link&gt;
 Sorry about that - let us try to replicate this is on Windows and get back to you.
cc: &lt;denchmark-link:https://github.com/jetfuel&gt;@jetfuel&lt;/denchmark-link&gt;

		</comment>
		<comment id='7' author='ismailadjimera' date='2018-03-22T12:33:36Z'>
		I have met the same issue.
I try to use Visual DL on windows 10. But there is not pip package in pypi. And I try to build from source.
I need to install cmake, unzip, bash.
And then , here is another trouble:

E:\Anaconda2\lib\site-packages\setuptools-27.2.0-py2.7.egg\setuptools\dist.py:331: UserWarning: Normalizing '0.0.2
' to '0.0.2'
running bdist_wheel
running build
running build_py
++ pwd


TOP_DIR='/mnt/e/集群/文件/Visual DL/VisualDL-develop'
FRONTEND_DIR='/mnt/e/集群/文件/Visual DL/VisualDL-develop/frontend'
BACKEND_DIR='/mnt/e/集群/文件/Visual DL/VisualDL-develop/visualdl'
BUILD_DIR='/mnt/e/集群/文件/Visual DL/VisualDL-develop/build'
mkdir -p /mnt/e/集群/文件/Visual DL/VisualDL-develop/build
ARG=
echo 'ARG: '
ARG:
'[' '' = travis-CI ']'
build_frontend
cd /mnt/e/集群/文件/Visual DL/VisualDL-develop/frontend
npm install
: not found/nodejs/npm: 3: /mnt/f/node/nodejs/npm:
: not found/nodejs/npm: 5: /mnt/f/node/nodejs/npm:
/mnt/f/node/nodejs/npm: 6: /mnt/f/node/nodejs/npm: Syntax error: word unexpected (expecting "in")
Traceback (most recent call last):
File "setup.py", line 100, in 
cmdclass=cmdclass)
File "E:\Anaconda2\lib\distutils\core.py", line 151, in setup
dist.run_commands()
File "E:\Anaconda2\lib\distutils\dist.py", line 953, in run_commands
self.run_command(cmd)
File "E:\Anaconda2\lib\distutils\dist.py", line 972, in run_command
cmd_obj.run()
File "E:\Anaconda2\lib\site-packages\wheel\bdist_wheel.py", line 179, in run
self.run_command('build')
File "E:\Anaconda2\lib\distutils\cmd.py", line 326, in run_command
self.distribution.run_command(command)
File "E:\Anaconda2\lib\distutils\dist.py", line 972, in run_command
cmd_obj.run()
File "E:\Anaconda2\lib\distutils\command\build.py", line 127, in run
self.run_command(cmd_name)
File "E:\Anaconda2\lib\distutils\cmd.py", line 326, in run_command
self.distribution.run_command(command)
File "E:\Anaconda2\lib\distutils\dist.py", line 972, in run_command
cmd_obj.run()
File "setup.py", line 66, in run
subprocess.check_call(cmd, env=env)
File "E:\Anaconda2\lib\subprocess.py", line 186, in check_call
raise CalledProcessError(retcode, cmd)
subprocess.CalledProcessError: Command '['bash', 'build.sh']' returned non-zero exit status 2

So, how can I fix this trouble?
Thank you!
		</comment>
		<comment id='8' author='ismailadjimera' date='2018-03-22T16:04:41Z'>
		Currently the build script is tailored for Linux / macOS, you have to run the the commands (cmake, msbuild) manually to build the project. I have tried and failed :(
		</comment>
		<comment id='9' author='ismailadjimera' date='2018-03-23T01:49:54Z'>
		&lt;denchmark-link:https://github.com/oraoto&gt;@oraoto&lt;/denchmark-link&gt;
  Thanks for your reply. So, what is the step to build this project manually.
Can you tell me detail?
Thank you again !
		</comment>
		<comment id='10' author='ismailadjimera' date='2018-03-23T04:41:10Z'>
		&lt;denchmark-code&gt;pip install -r requirements.txt
mkdir build
cd build
cmake -T v141 -DON_RELEASE=ON -DWITH_PYTHON3=ON -DWITH_TESTING=OFF ..
cmake --build .
&lt;/denchmark-code&gt;

This builds all third-party dependencies except gtest, and fails on VisualDL：
&lt;denchmark-code&gt;D:\bin\Microsoft Visual Studio\2017\Community\Common7\IDE\VC\VCTargets\Microsoft.CppCommon.targets(171,5): error MSB4018: “CustomBuild”任务意外失败。 [D:\Projects\VisualDL\build\visualdl\storage\binary_record.vc
xproj]
D:\bin\Microsoft Visual Studio\2017\Community\Common7\IDE\VC\VCTargets\Microsoft.CppCommon.targets(171,5): error MSB4018: System.NotSupportedException: 不支持给定路径的格式。 [D:\Projects\VisualDL\build\visualdl\s
torage\bin
ary_record.vcxproj]
D:\bin\Microsoft Visual Studio\2017\Community\Common7\IDE\VC\VCTargets\Microsoft.CppCommon.targets(171,5): error MSB4018:    在 System.Security.Permissions.FileIOPermission.EmulateFileIOPermissionChecks(String ful

lPath) [D:\Projects\VisualDL\build\visualdl\storage\binary_record.vcxproj]
D:\bin\Microsoft Visual Studio\2017\Community\Common7\IDE\VC\VCTargets\Microsoft.CppCommon.targets(171,5): error MSB4018:    在 System.Security.Permissions.FileIOPermission.QuickDemand(FileIOPermissionAccess acces

s, String fullPath, Boolean checkForDuplicates, Boolean needFullPath) [D:\Projects\VisualDL\build\visualdl\storage\binary_record.vcxproj]
D:\bin\Microsoft Visual Studio\2017\Community\Common7\IDE\VC\VCTargets\Microsoft.CppCommon.targets(171,5): error MSB4018:    在 Microsoft.Build.CPPTasks.CustomBuild.GetInputs(ITaskItem item) [D:\Projects\VisualDL\

build\visualdl\storage\binary_record.vcxproj]
D:\bin\Microsoft Visual Studio\2017\Community\Common7\IDE\VC\VCTargets\Microsoft.CppCommon.targets(171,5): error MSB4018:    在 Microsoft.Build.CPPTasks.CustomBuild.BuildExecutionGraph() [D:\Projects\VisualDL\buil

d\visualdl\storage\binary_record.vcxproj]
D:\bin\Microsoft Visual Studio\2017\Community\Common7\IDE\VC\VCTargets\Microsoft.CppCommon.targets(171,5): error MSB4018:    在 Microsoft.Build.CPPTasks.CustomBuild.GenerateCommandLineCommands(CommandLineFormat fo

rmat, EscapeFormat escapeFormat) [D:\Projects\VisualDL\build\visualdl\storage\binary_record.vcxproj]
D:\bin\Microsoft Visual Studio\2017\Community\Common7\IDE\VC\VCTargets\Microsoft.CppCommon.targets(171,5): error MSB4018:    在 Microsoft.Build.CPPTasks.VCToolTask.GenerateCommandLineCommands() [D:\Projects\Visual

DL\build\visualdl\storage\binary_record.vcxproj]
D:\bin\Microsoft Visual Studio\2017\Community\Common7\IDE\VC\VCTargets\Microsoft.CppCommon.targets(171,5): error MSB4018:    在 Microsoft.Build.Utilities.ToolTask.Execute() [D:\Projects\VisualDL\build\visualdl\sto

rage\binary_record.vcxproj]
D:\bin\Microsoft Visual Studio\2017\Community\Common7\IDE\VC\VCTargets\Microsoft.CppCommon.targets(171,5): error MSB4018:    在 Microsoft.Build.CPPTasks.TrackedVCToolTask.Execute() [D:\Projects\VisualDL\build\visu

aldl\storage\binary_record.vcxproj]
D:\bin\Microsoft Visual Studio\2017\Community\Common7\IDE\VC\VCTargets\Microsoft.CppCommon.targets(171,5): error MSB4018:    在 Microsoft.Build.BackEnd.TaskExecutionHost.Microsoft.Build.BackEnd.ITaskExecutionHost.

Execute() [D:\Projects\VisualDL\build\visualdl\storage\binary_record.vcxproj]
D:\bin\Microsoft Visual Studio\2017\Community\Common7\IDE\VC\VCTargets\Microsoft.CppCommon.targets(171,5): error MSB4018:    在 Microsoft.Build.BackEnd.TaskBuilder.&lt;ExecuteInstantiatedTask&gt;d__26.MoveNext() [D:\Pro

jects\VisualDL\build\visualdl\storage\binary_record.vcxproj]
&lt;/denchmark-code&gt;

		</comment>
		<comment id='11' author='ismailadjimera' date='2018-03-24T08:01:17Z'>
		I try to use VS2015 build like what you said. Also failed as follow:

12&gt;------ start build: project: storage, configuration: Debug Win32 ------
12&gt;  Building Custom Rule E:/Visual DL/VisualDL-develop/visualdl/storage/CMakeLists.txt
12&gt;  CMake does not need to re-run because E:/Visual DL/Visual_dl_build/visualdl/storage/CMakeFiles/generate.stamp is up-to-date.
12&gt;  Running C++ protocol buffer compiler on storage.proto
12&gt;E:/Visual DL/VisualDL-develop/visualdl/storage : warning : directory does not exist.
12&gt;  E:/Visual DL/VisualDL-develop/visualdl/storage/storage.proto: No such file or directory
12&gt;C:\Program Files (x86)\MSBuild\Microsoft.Cpp\v4.0\V140\Microsoft.CppCommon.targets(171,5): error MSB6006: “cmd.exe”已退出，代码为 1。
13&gt;  sdk.cc
13&gt;C:\Program Files (x86)\Microsoft Visual Studio 14.0\VC\include\xlocale(341): warning C4530:
13&gt;E:\Visual DL\VisualDL-develop\visualdl/storage/storage.h(23): fatal error C1083:  cannot open include file: “visualdl/storage/storage.pb.h”: No such file or directory


14&gt;cl : 命令行 warning D9002: Ignore the unknown option“-fPIC”
14&gt;  pybind.cc
14&gt;E:\Visual DL\VisualDL-develop\visualdl/storage/storage.h(23): fatal error C1083: cannot open include file: “visualdl/storage/storage.pb.h”: No such file or directory
15&gt;------ skip build: project: ALL_BUILD, configuration: Debug Win32 ------

		</comment>
		<comment id='12' author='ismailadjimera' date='2018-05-24T10:32:41Z'>
		&lt;denchmark-link:https://github.com/oraoto/VisualDL/releases&gt;Windows support&lt;/denchmark-link&gt;
 is comming, feel free to provide feedbacks.
		</comment>
		<comment id='13' author='ismailadjimera' date='2018-05-27T03:25:14Z'>
		&lt;denchmark-link:https://github.com/oraoto&gt;@oraoto&lt;/denchmark-link&gt;
 We love your contributions! Thank you so much. Kindly let me know if you wish to connect with us to discuss ideas for VisualDL.
		</comment>
		<comment id='14' author='ismailadjimera' date='2018-05-29T08:43:35Z'>
		&lt;denchmark-link:https://github.com/varunarora&gt;@varunarora&lt;/denchmark-link&gt;
 I'm not proficient in C++ or Python, just a little contribution to make VisualDL works in my env.
		</comment>
		<comment id='15' author='ismailadjimera' date='2018-08-06T18:40:01Z'>
		We just released VisualDL for Windows for pip install --upgrade visualdl ! Make sure you have Python 3.6 or above. Thanks &lt;denchmark-link:https://github.com/oraoto&gt;@oraoto&lt;/denchmark-link&gt;
 for contributing
		</comment>
	</comments>
</bug>