<bug id='311' author='cutechestnut' open_date='2018-11-14T09:02:00Z' closed_time='2019-08-19T02:31:46Z'>
	<summary>an AttributeError raised in mnist example   'NoneType' object has no attribute 'terminate'</summary>
	<description>
when i run the fit function in  mnist example, raised this error:
my evironment is windows 10 ,and is strictly requested due to requirements.txt.
has someone encountered such a situation?  please tell me how to solve
thank you
Traceback (most recent call last):
File "", line 1, in 
File "C:\Anaconda3\lib\site-packages\autokeras-0.2.19-py3.6.egg\autokeras\search.py", line 231, in search
File "C:\Anaconda3\lib\multiprocessing\spawn.py", line 105, in spawn_main
File "C:\Anaconda3\lib\multiprocessing\process.py", line 116, in terminate
exitcode = _main(fd)
File "C:\Anaconda3\lib\multiprocessing\spawn.py", line 114, in _main
self._popen.terminate()
AttributeError: 'NoneType' object has no attribute 'terminate'
prepare(preparation_data)
File "C:\Anaconda3\lib\multiprocessing\spawn.py", line 225, in prepare
_fixup_main_from_path(data['init_main_from_path'])
File "C:\Anaconda3\lib\multiprocessing\spawn.py", line 277, in _fixup_main_from_path
run_name="mp_main")
File "C:\Anaconda3\lib\runpy.py", line 263, in run_path
pkg_name=pkg_name, script_name=fname)
File "C:\Anaconda3\lib\runpy.py", line 96, in _run_module_code
mod_name, mod_spec, pkg_name, script_name)
File "C:\Anaconda3\lib\runpy.py", line 85, in _run_code
exec(code, run_globals)
File "D:\autokeras-master\examples\mnist.py", line 9, in 
clf.fit(x_train,y_train)
File "C:\Anaconda3\lib\site-packages\autokeras-0.2.19-py3.6.egg\autokeras\image\image_supervised.py", line 159, in fit
File "C:\Anaconda3\lib\site-packages\autokeras-0.2.19-py3.6.egg\autokeras\cnn_module.py", line 50, in fit
File "C:\Anaconda3\lib\site-packages\autokeras-0.2.19-py3.6.egg\autokeras\search.py", line 231, in search
File "C:\Anaconda3\lib\multiprocessing\process.py", line 116, in terminate
self._popen.terminate()
AttributeError: 'NoneType' object has no attribute 'terminate'
	</description>
	<comments>
		<comment id='1' author='cutechestnut' date='2018-11-16T23:36:02Z'>
		Hi &lt;denchmark-link:https://github.com/cutechestnut&gt;@cutechestnut&lt;/denchmark-link&gt;
. Thank you for the bug report, I'll be looking into this issue.
		</comment>
		<comment id='2' author='cutechestnut' date='2018-11-21T10:07:47Z'>
		i got this problem too，here is my error information.（autokeras0.3.1 windows10 py36）
Traceback (most recent call last):
File "", line 1, in 
runfile('F:/Ranly_Obj/AdcancedTech/auto_example.py', wdir='F:/Ranly_Obj/AdcancedTech')
File "E:\anaconda\lib\site-packages\spyder\utils\site\sitecustomize.py", line 705, in runfile
execfile(filename, namespace)
File "E:\anaconda\lib\site-packages\spyder\utils\site\sitecustomize.py", line 102, in execfile
exec(compile(f.read(), filename, 'exec'), namespace)
File "F:/Ranly_Obj/AdcancedTech/auto_example.py", line 27, in 
clf.fit(x_train, y_train, time_limit=12 * 60 * 60)
File "C:\Users\lenovo\AppData\Roaming\Python\Python36\site-packages\autokeras\image\image_supervised.py", line 123, in fit
super().fit(x, y, x_test, y_test, time_limit)
File "C:\Users\lenovo\AppData\Roaming\Python\Python36\site-packages\autokeras\supervised.py", line 140, in fit
self.cnn.fit(self.get_n_output_node(), x_train.shape, train_data, test_data, time_limit)
File "C:\Users\lenovo\AppData\Roaming\Python\Python36\site-packages\autokeras\net_module.py", line 60, in fit
self.searcher.search(train_data, test_data, int(time_remain))
File "C:\Users\lenovo\AppData\Roaming\Python\Python36\site-packages\autokeras\search.py", line 238, in search
p.terminate()
File "E:\anaconda\lib\multiprocessing\process.py", line 116, in terminate
self._popen.terminate()
AttributeError: 'NoneType' object has no attribute 'terminate'
		</comment>
		<comment id='3' author='cutechestnut' date='2018-11-21T12:36:31Z'>
		Hi, i got the same issue 5 minutes ago. May &lt;denchmark-link:https://github.com/tl-yang&gt;@tl-yang&lt;/denchmark-link&gt;
  you have an solution ?
		</comment>
		<comment id='4' author='cutechestnut' date='2018-11-26T05:37:49Z'>
		&lt;denchmark-link:https://github.com/Timmmeyyy&gt;@Timmmeyyy&lt;/denchmark-link&gt;
 &lt;denchmark-link:https://github.com/EverKnows&gt;@EverKnows&lt;/denchmark-link&gt;
 &lt;denchmark-link:https://github.com/cutechestnut&gt;@cutechestnut&lt;/denchmark-link&gt;
  I'm having a hard time reproducing the bug. Can you provide me with some more detail? Like how long do you run the mnist example until the error occurred? what is the console ouput(before the error)
I think it might be a race condition. But I can't tell under what circumstances the error will occur.
		</comment>
		<comment id='5' author='cutechestnut' date='2018-11-26T16:40:40Z'>
		Hi,
It also happens to me (Ubuntu 16.04.5 LTS), I am using a random generated dataset (np.random.rand), this is the code:
# train.py file, run with "python3.6 train.py" 
import numpy as np
import autokeras as ak
from tensorflow import set_random_seed
seed = 0
np.random.seed(seed)
set_random_seed(0)

x_train = np.random.rand(100, 30, 30, 1)
x_val  = np.random.rand(70, 30, 30, 1)
y_train = np.random.rand(100)
y_val = np.random.rand(70)
clf = ak.ImageClassifier(verbose=True)
clf.fit(x_train, y_train,  x_test=x_val, y_test=y_val)
This is the error:
&lt;denchmark-code&gt;Using TensorFlow backend.
Preprocessing the images.
x is  (100, 30, 30, 1)
Preprocessing finished.
Initializing search.
Initialization finished.
+----------------------------------------------+
|               Training model 0               |
+----------------------------------------------+
Using TensorFlow backend.
Preprocessing the images.
x is  (100, 30, 30, 1)
Preprocessing finished.
Initializing search.
Initialization finished.
+----------------------------------------------+
|               Training model 0               |
+----------------------------------------------+
Traceback (most recent call last):
  File "/home/s1881460/.local/lib/python3.6/site-packages/autokeras/search.py", line 231, in search
    raise e
  File "/home/s1881460/.local/lib/python3.6/site-packages/autokeras/search.py", line 199, in search
    p.start()
  File "/usr/lib/python3.6/multiprocessing/process.py", line 105, in start
    self._popen = self._Popen(self)
  File "/usr/lib/python3.6/multiprocessing/context.py", line 284, in _Popen
	return Popen(process_obj)
  File "/usr/lib/python3.6/multiprocessing/popen_spawn_posix.py", line 32, in __init__
    super().__init__(process_obj)
  File "/usr/lib/python3.6/multiprocessing/popen_fork.py", line 19, in __init__
    self._launch(process_obj)
  File "/usr/lib/python3.6/multiprocessing/popen_spawn_posix.py", line 42, in _launch
    prep_data = spawn.get_preparation_data(process_obj._name)
  File "/usr/lib/python3.6/multiprocessing/spawn.py", line 143, in get_preparation_data
    _check_not_importing_main()
  File "/usr/lib/python3.6/multiprocessing/spawn.py", line 136, in _check_not_importing_main
    is not going to be frozen to produce an executable.''')
RuntimeError: 
        An attempt has been made to start a new process before the
        current process has finished its bootstrapping phase.
        This probably means that you are not using fork to start your
        child processes and you have forgotten to use the proper idiom
        in the main module:
            if __name__ == '__main__':
                freeze_support()
                ...
        The "freeze_support()" line can be omitted if the program
        is not going to be frozen to produce an executable.
During handling of the above exception, another exception occurred:
Traceback (most recent call last):
  File "&lt;string&gt;", line 1, in &lt;module&gt;
  File "/usr/lib/python3.6/multiprocessing/spawn.py", line 105, in spawn_main
    exitcode = _main(fd)
  File "/usr/lib/python3.6/multiprocessing/spawn.py", line 114, in _main
    prepare(preparation_data)
  File "/usr/lib/python3.6/multiprocessing/spawn.py", line 225, in prepare
    _fixup_main_from_path(data['init_main_from_path'])
  File "/usr/lib/python3.6/multiprocessing/spawn.py", line 277, in _fixup_main_from_path
    run_name="__mp_main__")
  File "/usr/lib/python3.6/runpy.py", line 263, in run_path
    pkg_name=pkg_name, script_name=fname)
  File "/usr/lib/python3.6/runpy.py", line 96, in _run_module_code
    mod_name, mod_spec, pkg_name, script_name)
  File "/usr/lib/python3.6/runpy.py", line 85, in _run_code
    exec(code, run_globals)
  File "/home/s1881460/train.py", line 42, in &lt;module&gt;
    x_test=x_val, y_test=y_val)
  File "/home/s1881460/.local/lib/python3.6/site-packages/autokeras/image/image_supervised.py", line 123, in fit
    super().fit(x, y, x_test, y_test, time_limit)
  File "/home/s1881460/.local/lib/python3.6/site-packages/autokeras/supervised.py", line 140, in fit
    self.cnn.fit(self.get_n_output_node(), x_train.shape, train_data, test_data, time_limit)
  File "/home/s1881460/.local/lib/python3.6/site-packages/autokeras/net_module.py", line 60, in fit
    self.searcher.search(train_data, test_data, int(time_remain))
  File "/home/s1881460/.local/lib/python3.6/site-packages/autokeras/search.py", line 238, in search
    p.terminate()
  File "/usr/lib/python3.6/multiprocessing/process.py", line 116, in terminate
    self._popen.terminate()
AttributeError: 'NoneType' object has no attribute 'terminate'
&lt;/denchmark-code&gt;

Then, I have to Ctrl-C for stopping the execution, which outputs:
&lt;denchmark-code&gt;^CTraceback (most recent call last):
  File "/home/s1881460/.local/lib/python3.6/site-packages/autokeras/search.py", line 199, in search
    p.start()
  File "/usr/lib/python3.6/multiprocessing/process.py", line 105, in start
    self._popen = self._Popen(self)
  File "/usr/lib/python3.6/multiprocessing/context.py", line 284, in _Popen
    return Popen(process_obj)
  File "/usr/lib/python3.6/multiprocessing/popen_spawn_posix.py", line 32, in __init__
    super().__init__(process_obj)
  File "/usr/lib/python3.6/multiprocessing/popen_fork.py", line 19, in __init__
    self._launch(process_obj)
  File "/usr/lib/python3.6/multiprocessing/popen_spawn_posix.py", line 62, in _launch
    f.write(fp.getbuffer())
KeyboardInterrupt
During handling of the above exception, another exception occurred:
Traceback (most recent call last):
  File "train.py", line 42, in &lt;module&gt;
    x_test=x_val, y_test=y_val)
  File "/home/s1881460/.local/lib/python3.6/site-packages/autokeras/image/image_supervised.py", line 123, in fit
    super().fit(x, y, x_test, y_test, time_limit)
  File "/home/s1881460/.local/lib/python3.6/site-packages/autokeras/supervised.py", line 140, in fit
    self.cnn.fit(self.get_n_output_node(), x_train.shape, train_data, test_data, time_limit)
  File "/home/s1881460/.local/lib/python3.6/site-packages/autokeras/net_module.py", line 60, in fit
    self.searcher.search(train_data, test_data, int(time_remain))
  File "/home/s1881460/.local/lib/python3.6/site-packages/autokeras/search.py", line 238, in search
    p.terminate()
  File "/usr/lib/python3.6/multiprocessing/process.py", line 116, in terminate
    self._popen.terminate()
AttributeError: 'NoneType' object has no attribute 'terminate'
&lt;/denchmark-code&gt;

Hope it helps!
		</comment>
		<comment id='6' author='cutechestnut' date='2018-11-27T00:55:36Z'>
		hi &lt;denchmark-link:https://github.com/Ivorra&gt;@Ivorra&lt;/denchmark-link&gt;
 . I think you need to wrap your code in a block. Cause in linux, we're using the spawn method to start a process.
		</comment>
		<comment id='7' author='cutechestnut' date='2018-11-27T01:14:01Z'>
		&lt;denchmark-link:https://github.com/tl-yang&gt;@tl-yang&lt;/denchmark-link&gt;
 Could you clarify how to do the wrapping? I am doing the following, but it just gives another error:
import numpy as np
import autokeras as ak

from tensorflow import set_random_seed

def f():
    seed = 0
     np.random.seed(seed)
     set_random_seed(seed)

    x_train = np.random.rand(100, 30, 30, 1)
    x_val  = np.random.rand(70, 30, 30, 1)
    y_train = np.random.rand(100)
    y_val = np.random.rand(70)

    clf = ak.ImageClassifier(verbose=True)

    clf.fit(x_train, y_train, x_test=x_val, y_test=y_val)
        
if __name__ == '__main__':
    f()
And the error:
&lt;denchmark-code&gt;
Using TensorFlow backend.
Preprocessing the images.
x is  (100, 30, 30, 1)
Preprocessing finished.
Initializing search.
Initialization finished.

+----------------------------------------------+
|               Training model 0               |
+----------------------------------------------+
Using TensorFlow backend.
Process SpawnProcess-1:                                                                             
Traceback (most recent call last):
  File "/usr/lib/python3.6/multiprocessing/process.py", line 258, in _bootstrap
    self.run()
  File "/usr/lib/python3.6/multiprocessing/process.py", line 93, in run
    self._target(*self._args, **self._kwargs)
  File "/home/s1881460/.local/lib/python3.6/site-packages/autokeras/search.py", line 301, in train
    verbose=verbose).train_model(**trainer_args)
  File "/home/s1881460/.local/lib/python3.6/site-packages/autokeras/nn/model_trainer.py", line 115, in train_model
    test_loss, metric_value = self._test()
  File "/home/s1881460/.local/lib/python3.6/site-packages/autokeras/nn/model_trainer.py", line 179, in _test
    test_loss += float(self.loss_function(outputs, targets))
  File "/home/s1881460/.local/lib/python3.6/site-packages/autokeras/nn/loss_function.py", line 5, in classification_loss
    labels = target.argmax(1)
  File "/home/s1881460/.local/lib/python3.6/site-packages/torch/tensor.py", line 231, in argmax
    return torch.argmax(self, dim, keepdim)
  File "/home/s1881460/.local/lib/python3.6/site-packages/torch/functional.py", line 374, in argmax
    return torch._argmax(input, dim, keepdim)
RuntimeError: Dimension out of range (expected to be in range of [-1, 0], but got 1)
Exception ignored in: &lt;bound method StorageRef.__del__ of &lt;torch.multiprocessing.reductions.StorageRef object at 0x7fa24c3ff940&gt;&gt;
Traceback (most recent call last):
  File "/home/s1881460/.local/lib/python3.6/site-packages/torch/multiprocessing/reductions.py", line 26, in __del__
AttributeError: 'NoneType' object has no attribute '_free_weak_ref'
Exception ignored in: &lt;bound method StorageRef.__del__ of &lt;torch.multiprocessing.reductions.StorageRef object at 0x7fa24c3ffac8&gt;&gt;
Traceback (most recent call last):
  File "/home/s1881460/.local/lib/python3.6/site-packages/torch/multiprocessing/reductions.py", line 26, in __del__
AttributeError: 'NoneType' object has no attribute '_free_weak_ref'
Exception ignored in: &lt;bound method StorageRef.__del__ of &lt;torch.multiprocessing.reductions.StorageRef object at 0x7fa24c3ffbe0&gt;&gt;
Traceback (most recent call last):
  File "/home/s1881460/.local/lib/python3.6/site-packages/torch/multiprocessing/reductions.py", line 26, in __del__
AttributeError: 'NoneType' object has no attribute '_free_weak_ref'
Exception ignored in: &lt;bound method StorageRef.__del__ of &lt;torch.multiprocessing.reductions.StorageRef object at 0x7fa24c3ff080&gt;&gt;
Traceback (most recent call last):
  File "/home/s1881460/.local/lib/python3.6/site-packages/torch/multiprocessing/reductions.py", line 26, in __del__
AttributeError: 'NoneType' object has no attribute '_free_weak_ref'
Exception ignored in: &lt;bound method StorageRef.__del__ of &lt;torch.multiprocessing.reductions.StorageRef object at 0x7fa24c3ff470&gt;&gt;
Traceback (most recent call last):
  File "/home/s1881460/.local/lib/python3.6/site-packages/torch/multiprocessing/reductions.py", line 26, in __del__
AttributeError: 'NoneType' object has no attribute '_free_weak_ref'
Exception ignored in: &lt;bound method StorageRef.__del__ of &lt;torch.multiprocessing.reductions.StorageRef object at 0x7fa24c3ff5f8&gt;&gt;
Traceback (most recent call last):
  File "/home/s1881460/.local/lib/python3.6/site-packages/torch/multiprocessing/reductions.py", line 26, in __del__
AttributeError: 'NoneType' object has no attribute '_free_weak_ref'
&lt;/denchmark-code&gt;

After Ctrl-C:
&lt;denchmark-code&gt;^CTraceback (most recent call last):
  File "run.py", line 56, in &lt;module&gt;
    f()
  File "run.py", line 40, in f
    x_test=x_val, y_test=y_val)
  File "/home/s1881460/.local/lib/python3.6/site-packages/autokeras/image/image_supervised.py", line 123, in fit
    super().fit(x, y, x_test, y_test, time_limit)
  File "/home/s1881460/.local/lib/python3.6/site-packages/autokeras/supervised.py", line 140, in fit
    self.cnn.fit(self.get_n_output_node(), x_train.shape, train_data, test_data, time_limit)
  File "/home/s1881460/.local/lib/python3.6/site-packages/autokeras/net_module.py", line 60, in fit
    self.searcher.search(train_data, test_data, int(time_remain))
  File "/home/s1881460/.local/lib/python3.6/site-packages/autokeras/search.py", line 217, in search
    metric_value, loss, graph = q.get(timeout=remaining_time)
  File "/usr/lib/python3.6/multiprocessing/queues.py", line 104, in get
    if not self._poll(timeout):
  File "/usr/lib/python3.6/multiprocessing/connection.py", line 257, in poll
    return self._poll(timeout)
  File "/usr/lib/python3.6/multiprocessing/connection.py", line 414, in _poll
    r = wait([self], timeout)
  File "/usr/lib/python3.6/multiprocessing/connection.py", line 911, in wait
    ready = selector.select(timeout)
  File "/usr/lib/python3.6/selectors.py", line 376, in select
    fd_event_list = self._poll.poll(timeout)
KeyboardInterrupt

&lt;/denchmark-code&gt;

		</comment>
		<comment id='8' author='cutechestnut' date='2018-11-27T01:49:29Z'>
		&lt;denchmark-link:https://github.com/Ivorra&gt;@Ivorra&lt;/denchmark-link&gt;
 I think you just found another issue. Try to remove the x_test y_test parameter in the .fit function. It should work.
		</comment>
		<comment id='9' author='cutechestnut' date='2018-11-27T02:06:35Z'>
		&lt;denchmark-link:https://github.com/tl-yang&gt;@tl-yang&lt;/denchmark-link&gt;
 It seems to give the same error, I just set the line to "clf.fit(x_train, y_train, x_val, y_val)". Is that what I should change?
		</comment>
		<comment id='10' author='cutechestnut' date='2018-11-27T02:07:46Z'>
		&lt;denchmark-link:https://github.com/Ivorra&gt;@Ivorra&lt;/denchmark-link&gt;
 I mean remove the last two parameters:   it seems that x_test and y_test parameters have some problem now.
		</comment>
		<comment id='11' author='cutechestnut' date='2018-11-27T02:28:32Z'>
		&lt;denchmark-link:https://github.com/tl-yang&gt;@tl-yang&lt;/denchmark-link&gt;
 It seems that it gives the same error as before.
Code:
import numpy as np
import autokeras as ak
from tensorflow import set_random_seed
seed = 0
np.random.seed(seed)
set_random_seed(0)


x_train = np.random.rand(100, 30, 30, 1)
x_val  = np.random.rand(70, 30, 30, 1)
y_train = np.ceil(np.random.rand(100))
y_val = np.ceil(np.random.rand(70))
clf = ak.ImageClassifier(verbose=True)
clf.fit(x_train, y_train) #, x_val, y_val)
&lt;denchmark-code&gt;Using TensorFlow backend.
Preprocessing the images.
x is  (100, 30, 30, 1)
Preprocessing finished.
Initializing search.
Initialization finished.
+----------------------------------------------+
|               Training model 0               |
+----------------------------------------------+
Using TensorFlow backend.
Preprocessing the images.
x is  (100, 30, 30, 1)
Preprocessing finished.
Initializing search.
Initialization finished.
+----------------------------------------------+
|               Training model 0               |
+----------------------------------------------+
Traceback (most recent call last):
  File "/home/s1881460/.local/lib/python3.6/site-packages/autokeras/search.py", line 231, in search
    raise e
  File "/home/s1881460/.local/lib/python3.6/site-packages/autokeras/search.py", line 199, in search
    p.start()
  File "/usr/lib/python3.6/multiprocessing/process.py", line 105, in start
    self._popen = self._Popen(self)
  File "/usr/lib/python3.6/multiprocessing/context.py", line 284, in _Popen
    return Popen(process_obj)
  File "/usr/lib/python3.6/multiprocessing/popen_spawn_posix.py", line 32, in __init__
    super().__init__(process_obj)
  File "/usr/lib/python3.6/multiprocessing/popen_fork.py", line 19, in __init__
    self._launch(process_obj)
  File "/usr/lib/python3.6/multiprocessing/popen_spawn_posix.py", line 42, in _launch
    prep_data = spawn.get_preparation_data(process_obj._name)
  File "/usr/lib/python3.6/multiprocessing/spawn.py", line 143, in get_preparation_data
    _check_not_importing_main()
  File "/usr/lib/python3.6/multiprocessing/spawn.py", line 136, in _check_not_importing_main
    is not going to be frozen to produce an executable.''')
RuntimeError: 
        An attempt has been made to start a new process before the
        current process has finished its bootstrapping phase.
        This probably means that you are not using fork to start your
        child processes and you have forgotten to use the proper idiom
        in the main module:
            if __name__ == '__main__':
                freeze_support()
                ...
        The "freeze_support()" line can be omitted if the program
        is not going to be frozen to produce an executable.
During handling of the above exception, another exception occurred:
Traceback (most recent call last):
  File "&lt;string&gt;", line 1, in &lt;module&gt;
  File "/usr/lib/python3.6/multiprocessing/spawn.py", line 105, in spawn_main
    exitcode = _main(fd)
  File "/usr/lib/python3.6/multiprocessing/spawn.py", line 114, in _main
    prepare(preparation_data)
  File "/usr/lib/python3.6/multiprocessing/spawn.py", line 225, in prepare
    _fixup_main_from_path(data['init_main_from_path'])
  File "/usr/lib/python3.6/multiprocessing/spawn.py", line 277, in _fixup_main_from_path
    run_name="__mp_main__")
  File "/usr/lib/python3.6/runpy.py", line 263, in run_path
    pkg_name=pkg_name, script_name=fname)
  File "/usr/lib/python3.6/runpy.py", line 96, in _run_module_code
    mod_name, mod_spec, pkg_name, script_name)
  File "/usr/lib/python3.6/runpy.py", line 85, in _run_code
    exec(code, run_globals)
  File "/home/s1881460/train.py", line 41, in &lt;module&gt;
    clf.fit(x_train, y_train) #, x_val, y_val)
  File "/home/s1881460/.local/lib/python3.6/site-packages/autokeras/image/image_supervised.py", line 123, in fit
    super().fit(x, y, x_test, y_test, time_limit)
  File "/home/s1881460/.local/lib/python3.6/site-packages/autokeras/supervised.py", line 140, in fit
    self.cnn.fit(self.get_n_output_node(), x_train.shape, train_data, test_data, time_limit)
  File "/home/s1881460/.local/lib/python3.6/site-packages/autokeras/net_module.py", line 60, in fit
    self.searcher.search(train_data, test_data, int(time_remain))
  File "/home/s1881460/.local/lib/python3.6/site-packages/autokeras/search.py", line 238, in search
    p.terminate()
  File "/usr/lib/python3.6/multiprocessing/process.py", line 116, in terminate
    self._popen.terminate()
AttributeError: 'NoneType' object has no attribute 'terminate'
&lt;/denchmark-code&gt;

Ctrl-C,
&lt;denchmark-code&gt;^CTraceback (most recent call last):
  File "train.py", line 41, in &lt;module&gt;
    clf.fit(x_train, y_train) #, x_val, y_val)
  File "/home/s1881460/.local/lib/python3.6/site-packages/autokeras/image/image_supervised.py", line 123, in fit
    super().fit(x, y, x_test, y_test, time_limit)
  File "/home/s1881460/.local/lib/python3.6/site-packages/autokeras/supervised.py", line 140, in fit
    self.cnn.fit(self.get_n_output_node(), x_train.shape, train_data, test_data, time_limit)
  File "/home/s1881460/.local/lib/python3.6/site-packages/autokeras/net_module.py", line 60, in fit
    self.searcher.search(train_data, test_data, int(time_remain))
  File "/home/s1881460/.local/lib/python3.6/site-packages/autokeras/search.py", line 217, in search
    metric_value, loss, graph = q.get(timeout=remaining_time)
  File "/usr/lib/python3.6/multiprocessing/queues.py", line 104, in get
    if not self._poll(timeout):
  File "/usr/lib/python3.6/multiprocessing/connection.py", line 257, in poll
    return self._poll(timeout)
  File "/usr/lib/python3.6/multiprocessing/connection.py", line 414, in _poll
    r = wait([self], timeout)
  File "/usr/lib/python3.6/multiprocessing/connection.py", line 911, in wait
    ready = selector.select(timeout)
  File "/usr/lib/python3.6/selectors.py", line 376, in select
    fd_event_list = self._poll.poll(timeout)
&lt;/denchmark-code&gt;

		</comment>
		<comment id='12' author='cutechestnut' date='2018-11-27T02:40:38Z'>
		OK, think it works now:
import numpy as np
import autokeras as ak
def f():
        x_train = np.random.rand(100, 30, 30, 1)
        x_val  = np.random.rand(70, 30, 30, 1)
        y_train = np.ceil(np.random.rand(100))
        y_val = np.ceil(np.random.rand(70))
        clf = ak.ImageClassifier(verbose=True)
        clf.fit(x_train, y_train)
if __name__ == '__main__':
        f()
		</comment>
		<comment id='13' author='cutechestnut' date='2018-11-27T02:45:30Z'>
		My question is, does then autokeras use the training accuracy as the main metric, instead of the validation one?
		</comment>
		<comment id='14' author='cutechestnut' date='2018-11-27T13:38:26Z'>
		&lt;denchmark-link:https://github.com/tl-yang&gt;@tl-yang&lt;/denchmark-link&gt;

here is my code
from keras.datasets import mnist
from autokeras import ImageClassifier
import tensorflow
from fashion_mnist_load import fashion_mnist_load
def f():
(x_train, y_train), (x_test, y_test) = mnist.load_data(r'F:/Ranly_Obj/AdcancedTech/mnist/mnist.npz')
x_train = x_train.reshape(x_train.shape + (1,))
x_test = x_test.reshape(x_test.shape + (1,))
&lt;denchmark-code&gt;clf = ImageClassifier(verbose=True)
    
clf.fit(x_train, y_train, time_limit=12 * 60 * 60)
print('Done')
clf.final_fit(x_train, y_train, x_test, y_test, retrain=True)
y = clf.evaluate(x_test, y_test)
print(y * 100)
&lt;/denchmark-code&gt;

if name=='main':
f()
and here is my error info
runfile('F:/Ranly_Obj/AdcancedTech/auto_example.py', wdir='F:/Ranly_Obj/AdcancedTech')
Using TensorFlow backend.
C:\Users\lenovo\AppData\Roaming\Python\Python36\site-packages\tqdm\autonotebook_init_.py:14: TqdmExperimentalWarning: Using tqdm.autonotebook.tqdm in notebook mode. Use tqdm.tqdm instead to force console mode (e.g. in jupyter console)
" (e.g. in jupyter console)", TqdmExperimentalWarning)
Preprocessing the images.
x is  (60000, 28, 28, 1)
Preprocessing finished.
Initializing search.
Initialization finished.
+----------------------------------------------+
|               Training model 0               |
+----------------------------------------------+
Traceback (most recent call last):
File "", line 1, in 
runfile('F:/Ranly_Obj/AdcancedTech/auto_example.py', wdir='F:/Ranly_Obj/AdcancedTech')
File "E:\anaconda\lib\site-packages\spyder\utils\site\sitecustomize.py", line 705, in runfile
execfile(filename, namespace)
File "E:\anaconda\lib\site-packages\spyder\utils\site\sitecustomize.py", line 102, in execfile
exec(compile(f.read(), filename, 'exec'), namespace)
File "F:/Ranly_Obj/AdcancedTech/auto_example.py", line 32, in 
f()
File "F:/Ranly_Obj/AdcancedTech/auto_example.py", line 26, in f
clf.fit(x_train, y_train, time_limit=12 * 60 * 60)
File "C:\Users\lenovo\AppData\Roaming\Python\Python36\site-packages\autokeras\image\image_supervised.py", line 123, in fit
super().fit(x, y, x_test, y_test, time_limit)
File "C:\Users\lenovo\AppData\Roaming\Python\Python36\site-packages\autokeras\supervised.py", line 140, in fit
self.cnn.fit(self.get_n_output_node(), x_train.shape, train_data, test_data, time_limit)
File "C:\Users\lenovo\AppData\Roaming\Python\Python36\site-packages\autokeras\net_module.py", line 60, in fit
self.searcher.search(train_data, test_data, int(time_remain))
File "C:\Users\lenovo\AppData\Roaming\Python\Python36\site-packages\autokeras\search.py", line 238, in search
p.terminate()
File "E:\anaconda\lib\multiprocessing\process.py", line 116, in terminate
self._popen.terminate()
AttributeError: 'NoneType' object has no attribute 'terminate'
		</comment>
		<comment id='15' author='cutechestnut' date='2018-11-27T20:27:32Z'>
		&lt;denchmark-link:https://github.com/EverKnows&gt;@EverKnows&lt;/denchmark-link&gt;
 Are you using notebook to run the code?  Can you provide some more detail about your environment?
		</comment>
		<comment id='16' author='cutechestnut' date='2018-11-28T01:03:20Z'>
		&lt;denchmark-link:https://github.com/tl-yang&gt;@tl-yang&lt;/denchmark-link&gt;
  i use spyder to run my code

My enviroment

windows 10
python 3.6
autokeras 0.3.1
tensorflow 1.7.0
keras 2.2.2
torch 0.4.1
spyder 3.2.6
tensorflow-gpu 1.9.0
		</comment>
		<comment id='17' author='cutechestnut' date='2018-12-07T06:25:13Z'>
		When I put 46000 224 * 224 images for training ,I ran into this problem.
After I reduce the size to 96 * 96 , it works well
Then I tryed 128 * 128, problem occured again
I think It is something about resouces.   my enviroment is win10, gtx1080ti, i7-8700k, 32g memory
		</comment>
		<comment id='18' author='cutechestnut' date='2018-12-07T19:24:41Z'>
		&lt;denchmark-link:https://github.com/locys&gt;@locys&lt;/denchmark-link&gt;
 The exception actually may not have anything to do with the actual error. Could you provide me with the full console log?
		</comment>
		<comment id='19' author='cutechestnut' date='2019-01-13T08:13:10Z'>
		I have the same issue.
This is my code. Almost same as example.
`from keras.datasets import mnist
from autokeras import ImageClassifier
if name == 'main':
(x_train, y_train), (x_test, y_test) = mnist.load_data()
x_train = x_train.reshape(x_train.shape + (1,))
x_test = x_test.reshape(x_test.shape + (1,))
&lt;denchmark-code&gt;clf = ImageClassifier(verbose=True, augment=False)
clf.fit(x_train, y_train, time_limit=12 * 60 * 60)
clf.final_fit(x_train, y_train, x_test, y_test, retrain=True)
y = clf.evaluate(x_test, y_test)
print(y * 100)`
&lt;/denchmark-code&gt;

Error message:

Downloading data from https://s3.amazonaws.com/img-datasets/mnist.npz
11493376/11490434 [==============================] - 15s 1us/stepETA: 15s - ETA: 12s - ETA: 10s - ETA: 10s 4243456/11490434 [==========&gt;...................] - ETA: 9s 5046272/11490434 [============&gt;.................] - ETA: 8s - ETA: 8s - ETA: 7s - ETA: 7s - ETA: 5s 7831552/11490434 [===================&gt;..........] - ETA: 4s - ETA: 3s - ETA: 2s 9658368/11490434 [========================&gt;.....] - ETA: 2s - ETA: 2s - ETA: 1s - ETA: 1s - ETA: 1s - ETA: 0s
Preprocessing the images.
Preprocessing finished.

Initializing search.
Initialization finished.
+----------------------------------------------+
|               Training model 0               |
+----------------------------------------------+
Traceback (most recent call last):
File "", line 1, in 
runfile('E:/tm/mutlu_tm/tm_scrape/MNIST_autokeras.py', wdir='E:/tm/mutlu_tm/tm_scrape')
File "C:\Anaconda\envs\tf_gpu\lib\site-packages\spyder_kernels\customize\spydercustomize.py", line 704, in runfile
execfile(filename, namespace)
File "C:\Anaconda\envs\tf_gpu\lib\site-packages\spyder_kernels\customize\spydercustomize.py", line 108, in execfile
exec(compile(f.read(), filename, 'exec'), namespace)
File "E:/tm/mutlu_tm/tm_scrape/MNIST_autokeras.py", line 17, in 
clf.fit(x_train, y_train, time_limit=12 * 60 * 60)
File "C:\Anaconda\envs\tf_gpu\lib\site-packages\autokeras\image\image_supervised.py", line 114, in fit
super().fit(x, y, time_limit)
File "C:\Anaconda\envs\tf_gpu\lib\site-packages\autokeras\supervised.py", line 129, in fit
self.cnn.fit(self.get_n_output_node(), x_train.shape, train_data, test_data, time_limit)
File "C:\Anaconda\envs\tf_gpu\lib\site-packages\autokeras\net_module.py", line 65, in fit
self.searcher.search(train_data, test_data, int(time_remain))
File "C:\Anaconda\envs\tf_gpu\lib\site-packages\autokeras\search.py", line 222, in search
p.terminate()
File "C:\Anaconda\envs\tf_gpu\lib\multiprocessing\process.py", line 116, in terminate
self._popen.terminate()
AttributeError: 'NoneType' object has no attribute 'terminate'
Setup Details
OS type and version: Windows 8.1 Pro
Python: 3.6.8
autokeras: 0.3.5
scikit-learn: 0.20.1
numpy: 1.14.5 , 1.15.4 py36h19fb1c0_0
keras: 2.2.4 &lt;0&gt;, 2.2.2 
scipy: 1.1.0
tensorflow: 1.10.0
pytorch: 0.4.1
I am using conda virtual env and spyder to run the code.
		</comment>
		<comment id='20' author='cutechestnut' date='2019-04-09T14:34:38Z'>
		i also meet this error when i use spyder, but if i use command line to run python file, no error occur!
		</comment>
		<comment id='21' author='cutechestnut' date='2019-04-12T19:17:17Z'>
		I also have the same error with Django, How can I apply this solution ?
OS : Ubuntu 18
Python: 3.6.7
django: 2.2.0
pip: 19.0.3
virtualenv: 16.4.3
		</comment>
		<comment id='22' author='cutechestnut' date='2019-04-12T19:17:40Z'>
		&lt;denchmark-link:https://github.com/tl-yang&gt;@tl-yang&lt;/denchmark-link&gt;

		</comment>
		<comment id='23' author='cutechestnut' date='2019-04-24T09:55:23Z'>
		Any update regarding the "'NoneType' object has no attribute 'terminate'" bug??
		</comment>
		<comment id='24' author='cutechestnut' date='2019-05-04T14:34:33Z'>
		I found some thing about that , the issue happens if some bad object in the query set  doesn't contain the mentioned attribute, if all objects are fine the issue doesn't happen , at least on Django 2
		</comment>
		<comment id='25' author='cutechestnut' date='2019-05-04T14:35:59Z'>
		&lt;denchmark-link:https://github.com/abensaid&gt;@abensaid&lt;/denchmark-link&gt;

		</comment>
		<comment id='26' author='cutechestnut' date='2019-08-12T01:51:22Z'>
		This issue has been automatically marked as stale because it has not had recent activity. It will be closed if no further activity occurs. Thank you for your contributions.
		</comment>
	</comments>
</bug>