<bug id='3999' author='loretoparisi' open_date='2020-10-01T09:03:16Z' closed_time='2020-10-02T10:28:11Z'>
	<summary>node-pre-gyp install failed with error: Error: Command failed: node-pre-gyp install --fallback-to-build</summary>
	<description>
Please make sure that this is a bug. As per our
GitHub Policy,
we only address code/doc bugs, performance issues, feature requests and
build/installation issues on GitHub. tag:bug_template
System information

Have I written custom code (as opposed to using a stock example script provided in TensorFlow.js):
NO
OS Platform and Distribution (e.g., Linux Ubuntu 16.04):

&lt;denchmark-code&gt;ProductName:    Mac OS X
ProductVersion: 10.14.5
BuildVersion:   18F132
&lt;/denchmark-code&gt;


Mobile device (e.g. iPhone 8, Pixel 2, Samsung Galaxy) if the issue happens on mobile device:
Not applicable
TensorFlow.js installed from (npm or script link):
Latest version from command npm i @tensorflow/tfjs-node
TensorFlow.js version (use command below):
Browser version:
Not applicable using Node.JS
Tensorflow.js Converter Version:
Not applicable

Describe the current behavior
Installation error after npm i @tensorflow/tfjs-node
&lt;denchmark-code&gt;&gt; @tensorflow/tfjs-node@2.4.0 install /Users/loretoparisi/Documents/Projects/AI/tensorflow-node-examples/toxicity/node_modules/@tensorflow/tfjs-node
&gt; node scripts/install.js

CPU-darwin-2.4.0.tar.gz
* Downloading libtensorflow
[==============================] 8801882/bps 100% 0.0s
* Building TensorFlow Node.js bindings
node-pre-gyp install failed with error: Error: Command failed: node-pre-gyp install --fallback-to-build
node-pre-gyp WARN Using needle for node-pre-gyp https download 
node-pre-gyp WARN Tried to download(404): https://storage.googleapis.com/tf-builds/pre-built-binary/napi-v5/2.4.0/CPU-darwin-2.4.0.tar.gz 
node-pre-gyp WARN Pre-built binaries not found for @tensorflow/tfjs-node@2.4.0 and node@12.16.1 (node-v72 ABI, unknown) (falling back to source compile with node-gyp) 
Traceback (most recent call last):
  File "/usr/local/lib/node_modules/npm/node_modules/node-gyp/gyp/gyp_main.py", line 50, in &lt;module&gt;
    sys.exit(gyp.script_main())
  File "/usr/local/lib/node_modules/npm/node_modules/node-gyp/gyp/pylib/gyp/__init__.py", line 554, in script_main
    return main(sys.argv[1:])
  File "/usr/local/lib/node_modules/npm/node_modules/node-gyp/gyp/pylib/gyp/__init__.py", line 547, in main
    return gyp_main(args)
  File "/usr/local/lib/node_modules/npm/node_modules/node-gyp/gyp/pylib/gyp/__init__.py", line 532, in gyp_main
    generator.GenerateOutput(flat_list, targets, data, params)
  File "/usr/local/lib/node_modules/npm/node_modules/node-gyp/gyp/pylib/gyp/generator/make.py", line 2215, in GenerateOutput
    part_of_all=qualified_target in needed_targets)
  File "/usr/local/lib/node_modules/npm/node_modules/node-gyp/gyp/pylib/gyp/generator/make.py", line 845, in Write
    mac_bundle_deps, extra_outputs, part_of_all)
  File "/usr/local/lib/node_modules/npm/node_modules/node-gyp/gyp/pylib/gyp/generator/make.py", line 1539, in WriteTarget
    self.WriteSortedXcodeEnv(self.output, self.GetSortedXcodePostbuildEnv())
  File "/usr/local/lib/node_modules/npm/node_modules/node-gyp/gyp/pylib/gyp/generator/make.py", line 1896, in GetSortedXcodePostbuildEnv
    additional_settings={'CHROMIUM_STRIP_SAVE_FILE': strip_save_file})
  File "/usr/local/lib/node_modules/npm/node_modules/node-gyp/gyp/pylib/gyp/generator/make.py", line 1885, in GetSortedXcodeEnv
    additional_settings)
  File "/usr/local/lib/node_modules/npm/node_modules/node-gyp/gyp/pylib/gyp/xcode_emulation.py", line 1616, in GetSortedXcodeEnv
    additional_settings)
  File "/usr/local/lib/node_modules/npm/node_modules/node-gyp/gyp/pylib/gyp/xcode_emulation.py", line 1527, in _GetXcodeEnv
    if XcodeVersion() &gt;= '0500' and not env.get('SDKROOT'):
TypeError: '&gt;=' not supported between instances of 'tuple' and 'str'
gyp ERR! configure error 
gyp ERR! stack Error: `gyp` failed with exit code: 1
gyp ERR! stack     at ChildProcess.onCpExit (/usr/local/lib/node_modules/npm/node_modules/node-gyp/lib/configure.js:351:16)
gyp ERR! stack     at ChildProcess.emit (events.js:311:20)
gyp ERR! stack     at Process.ChildProcess._handle.onexit (internal/child_process.js:275:12)
gyp ERR! System Darwin 18.6.0
gyp ERR! command "/usr/local/bin/node" "/usr/local/lib/node_modules/npm/node_modules/node-gyp/bin/node-gyp.js" "configure" "--fallback-to-build" "--module=/Users/loretoparisi/Documents/Projects/AI/tensorflow-node-examples/toxicity/node_modules/@tensorflow/tfjs-node/lib/napi-v5/tfjs_binding.node" "--module_name=tfjs_binding" "--module_path=/Users/loretoparisi/Documents/Projects/AI/tensorflow-node-examples/toxicity/node_modules/@tensorflow/tfjs-node/lib/napi-v5" "--napi_version=5" "--node_abi_napi=napi" "--napi_build_version=5" "--node_napi_label=napi-v5"
gyp ERR! cwd /Users/loretoparisi/Documents/Projects/AI/tensorflow-node-examples/toxicity/node_modules/@tensorflow/tfjs-node
gyp ERR! node -v v12.16.1
gyp ERR! node-gyp -v v5.0.5
gyp ERR! not ok 
node-pre-gyp ERR! build error 
node-pre-gyp ERR! stack Error: Failed to execute '/usr/local/bin/node /usr/local/lib/node_modules/npm/node_modules/node-gyp/bin/node-gyp.js configure --fallback-to-build --module=/Users/loretoparisi/Documents/Projects/AI/tensorflow-node-examples/toxicity/node_modules/@tensorflow/tfjs-node/lib/napi-v5/tfjs_binding.node --module_name=tfjs_binding --module_path=/Users/loretoparisi/Documents/Projects/AI/tensorflow-node-examples/toxicity/node_modules/@tensorflow/tfjs-node/lib/napi-v5 --napi_version=5 --node_abi_napi=napi --napi_build_version=5 --node_napi_label=napi-v5' (1)
node-pre-gyp ERR! stack     at ChildProcess.&lt;anonymous&gt; (/Users/loretoparisi/Documents/Projects/AI/tensorflow-node-examples/toxicity/node_modules/node-pre-gyp/lib/util/compile.js:83:29)
node-pre-gyp ERR! stack     at ChildProcess.emit (events.js:311:20)
node-pre-gyp ERR! stack     at maybeClose (internal/child_process.js:1021:16)
node-pre-gyp ERR! stack     at Process.ChildProcess._handle.onexit (internal/child_process.js:286:5)
node-pre-gyp ERR! System Darwin 18.6.0
node-pre-gyp ERR! command "/usr/local/bin/node" "/Users/loretoparisi/Documents/Projects/AI/tensorflow-node-examples/toxicity/node_modules/.bin/node-pre-gyp" "install" "--fallback-to-build"
node-pre-gyp ERR! cwd /Users/loretoparisi/Documents/Projects/AI/tensorflow-node-examples/toxicity/node_modules/@tensorflow/tfjs-node
node-pre-gyp ERR! node -v v12.16.1
node-pre-gyp ERR! node-pre-gyp -v v0.14.0
node-pre-gyp ERR! not ok
&lt;/denchmark-code&gt;

Describe the expected behavior
the command npm i @tensorflow/tfjs-node should succeed.
Standalone code to reproduce the issue
Provide a reproducible test case that is the bare minimum necessary to generate
the problem. If possible, please share a link to Colab/CodePen/any notebook.
I have used to following install command in a clean folder
&lt;denchmark-code&gt;npm i @tensorflow/tfjs-node
&lt;/denchmark-code&gt;

Other info / logs Include any logs or source code that would be helpful to
diagnose the problem. If including tracebacks, please include the full
traceback. Large logs and files should be attached.
Not applicable - log reported above
	</description>
	<comments>
		<comment id='1' author='loretoparisi' date='2020-10-01T22:27:54Z'>
		&lt;denchmark-link:https://github.com/loretoparisi&gt;@loretoparisi&lt;/denchmark-link&gt;
 can you please check for a similar issue &lt;denchmark-link:https://github.com/tensorflow/tfjs/issues/3577&gt;here&lt;/denchmark-link&gt;

		</comment>
		<comment id='2' author='loretoparisi' date='2020-10-02T02:55:42Z'>
		&lt;denchmark-link:https://github.com/rthadur&gt;@rthadur&lt;/denchmark-link&gt;
 Thanks please wait let me check if is related to one of both issues mentioned.
		</comment>
		<comment id='3' author='loretoparisi' date='2020-10-02T10:01:42Z'>
		&lt;denchmark-link:https://github.com/rthadur&gt;@rthadur&lt;/denchmark-link&gt;
 my first attempt was trying the suggestion in the first of your links &lt;denchmark-link:https://github.com/tensorflow/tfjs/issues/3016#issuecomment-608003327&gt;here&lt;/denchmark-link&gt;
 so doing 
&lt;denchmark-code&gt;$ npm rebuild @tensorflow/tfjs-node build-addon-from-source

&gt; @tensorflow/tfjs-node@2.4.0 install /Users/loretoparisi/Documents/MyProjects/AI/tfjs-models/toxicity/node_modules/@tensorflow/tfjs-node
&gt; node scripts/install.js

CPU-darwin-2.4.0.tar.gz
* Building TensorFlow Node.js bindings
node-pre-gyp install failed with error: Error: Command failed: node-pre-gyp install --fallback-to-build
node-pre-gyp WARN Using needle for node-pre-gyp https download 
node-pre-gyp WARN Tried to download(404): https://storage.googleapis.com/tf-builds/pre-built-binary/napi-v5/2.4.0/CPU-darwin-2.4.0.tar.gz 
node-pre-gyp WARN Pre-built binaries not found for @tensorflow/tfjs-node@2.4.0 and node@12.16.1 (node-v72 ABI, unknown) (falling back to source compile with node-gyp) 
Traceback (most recent call last):
  File "/usr/local/lib/node_modules/npm/node_modules/node-gyp/gyp/gyp_main.py", line 50, in &lt;module&gt;
    sys.exit(gyp.script_main())
  File "/usr/local/lib/node_modules/npm/node_modules/node-gyp/gyp/pylib/gyp/__init__.py", line 554, in script_main
    return main(sys.argv[1:])
  File "/usr/local/lib/node_modules/npm/node_modules/node-gyp/gyp/pylib/gyp/__init__.py", line 547, in main
    return gyp_main(args)
  File "/usr/local/lib/node_modules/npm/node_modules/node-gyp/gyp/pylib/gyp/__init__.py", line 532, in gyp_main
    generator.GenerateOutput(flat_list, targets, data, params)
  File "/usr/local/lib/node_modules/npm/node_modules/node-gyp/gyp/pylib/gyp/generator/make.py", line 2215, in GenerateOutput
    part_of_all=qualified_target in needed_targets)
  File "/usr/local/lib/node_modules/npm/node_modules/node-gyp/gyp/pylib/gyp/generator/make.py", line 845, in Write
    mac_bundle_deps, extra_outputs, part_of_all)
  File "/usr/local/lib/node_modules/npm/node_modules/node-gyp/gyp/pylib/gyp/generator/make.py", line 1539, in WriteTarget
    self.WriteSortedXcodeEnv(self.output, self.GetSortedXcodePostbuildEnv())
  File "/usr/local/lib/node_modules/npm/node_modules/node-gyp/gyp/pylib/gyp/generator/make.py", line 1896, in GetSortedXcodePostbuildEnv
    additional_settings={'CHROMIUM_STRIP_SAVE_FILE': strip_save_file})
  File "/usr/local/lib/node_modules/npm/node_modules/node-gyp/gyp/pylib/gyp/generator/make.py", line 1885, in GetSortedXcodeEnv
    additional_settings)
  File "/usr/local/lib/node_modules/npm/node_modules/node-gyp/gyp/pylib/gyp/xcode_emulation.py", line 1616, in GetSortedXcodeEnv
    additional_settings)
  File "/usr/local/lib/node_modules/npm/node_modules/node-gyp/gyp/pylib/gyp/xcode_emulation.py", line 1527, in _GetXcodeEnv
    if XcodeVersion() &gt;= '0500' and not env.get('SDKROOT'):
TypeError: '&gt;=' not supported between instances of 'tuple' and 'str'
gyp ERR! configure error 
gyp ERR! stack Error: `gyp` failed with exit code: 1
gyp ERR! stack     at ChildProcess.onCpExit (/usr/local/lib/node_modules/npm/node_modules/node-gyp/lib/configure.js:351:16)
gyp ERR! stack     at ChildProcess.emit (events.js:311:20)
gyp ERR! stack     at Process.ChildProcess._handle.onexit (internal/child_process.js:275:12)
gyp ERR! System Darwin 18.6.0
gyp ERR! command "/usr/local/bin/node" "/usr/local/lib/node_modules/npm/node_modules/node-gyp/bin/node-gyp.js" "configure" "--fallback-to-build" "--module=/Users/loretoparisi/Documents/MyProjects/AI/tfjs-models/toxicity/node_modules/@tensorflow/tfjs-node/lib/napi-v5/tfjs_binding.node" "--module_name=tfjs_binding" "--module_path=/Users/loretoparisi/Documents/MyProjects/AI/tfjs-models/toxicity/node_modules/@tensorflow/tfjs-node/lib/napi-v5" "--napi_version=5" "--node_abi_napi=napi" "--napi_build_version=5" "--node_napi_label=napi-v5"
gyp ERR! cwd /Users/loretoparisi/Documents/MyProjects/AI/tfjs-models/toxicity/node_modules/@tensorflow/tfjs-node
gyp ERR! node -v v12.16.1
gyp ERR! node-gyp -v v5.0.5
gyp ERR! not ok 
node-pre-gyp ERR! build error 
node-pre-gyp ERR! stack Error: Failed to execute '/usr/local/bin/node /usr/local/lib/node_modules/npm/node_modules/node-gyp/bin/node-gyp.js configure --fallback-to-build --module=/Users/loretoparisi/Documents/MyProjects/AI/tfjs-models/toxicity/node_modules/@tensorflow/tfjs-node/lib/napi-v5/tfjs_binding.node --module_name=tfjs_binding --module_path=/Users/loretoparisi/Documents/MyProjects/AI/tfjs-models/toxicity/node_modules/@tensorflow/tfjs-node/lib/napi-v5 --napi_version=5 --node_abi_napi=napi --napi_build_version=5 --node_napi_label=napi-v5' (1)
node-pre-gyp ERR! stack     at ChildProcess.&lt;anonymous&gt; (/Users/loretoparisi/Documents/MyProjects/AI/tfjs-models/toxicity/node_modules/node-pre-gyp/lib/util/compile.js:83:29)
node-pre-gyp ERR! stack     at ChildProcess.emit (events.js:311:20)
node-pre-gyp ERR! stack     at maybeClose (internal/child_process.js:1021:16)
node-pre-gyp ERR! stack     at Process.ChildProcess._handle.onexit (internal/child_process.js:286:5)
node-pre-gyp ERR! System Darwin 18.6.0
node-pre-gyp ERR! command "/usr/local/bin/node" "/Users/loretoparisi/Documents/MyProjects/AI/tfjs-models/toxicity/node_modules/.bin/node-pre-gyp" "install" "--fallback-to-build"
node-pre-gyp ERR! cwd /Users/loretoparisi/Documents/MyProjects/AI/tfjs-models/toxicity/node_modules/@tensorflow/tfjs-node
node-pre-gyp ERR! node -v v12.16.1
node-pre-gyp ERR! node-pre-gyp -v v0.14.0
node-pre-gyp ERR! not ok 

@tensorflow/tfjs-node@2.4.0 /Users/loretoparisi/Documents/MyProjects/AI/tfjs-models/toxicity/node_modules/@tensorflow/tfjs-node
&lt;/denchmark-code&gt;

		</comment>
		<comment id='4' author='loretoparisi' date='2020-10-02T10:26:54Z'>
		The &lt;denchmark-link:https://github.com/netlify-templates/victor-hugo/issues/186&gt;other&lt;/denchmark-link&gt;
 approach I have used was to reinstall  doing  so I have
&lt;denchmark-code&gt;$ npm --version
6.14.8
&lt;/denchmark-code&gt;

and now it works! ðŸ’¯
The problem now becomes th 2nd one, I have cited &lt;denchmark-link:https://github.com/tensorflow/tfjs/issues/4000&gt;here&lt;/denchmark-link&gt;

&lt;denchmark-code&gt;ip-192-168-178-22:toxicity loretoparisi$ node test.js Platform node has already been set. Overwriting the platform with [object Object].
Platform node has already been set. Overwriting the platform with [object Object].
/Users/loretoparisi/Documents/MyProjects/AI/tfjs-models/toxicity/node_modules/@tensorflow/tfjs-backend-cpu/dist/tf-backend-cpu.node.js:268
var nonMaxSuppressionV3Impl = tf.kernel_impls.nonMaxSuppressionV3Impl;
                                              ^

TypeError: Cannot read property 'nonMaxSuppressionV3Impl' of undefined
    at Object.&lt;anonymous&gt; (/Users/loretoparisi/Documents/MyProjects/AI/tfjs-models/toxicity/node_modules/@tensorflow/tfjs-backend-cpu/dist/tf-backend-cpu.node.js:268:47)
    at Module._compile (internal/modules/cjs/loader.js:1158:30)
    at Object.Module._extensions..js (internal/modules/cjs/loader.js:1178:10)
    at Module.load (internal/modules/cjs/loader.js:1002:32)
    at Function.Module._load (internal/modules/cjs/loader.js:901:14)
    at Module.require (internal/modules/cjs/loader.js:1044:19)
    at require (internal/modules/cjs/helpers.js:77:18)
    at Object.&lt;anonymous&gt; (/Users/loretoparisi/Documents/MyProjects/AI/tfjs-models/toxicity/node_modules/@tensorflow/tfjs/dist/tf.node.js:25:22)
    at Module._compile (internal/modules/cjs/loader.js:1158:30)
    at Object.Module._extensions..js (internal/modules/cjs/loader.js:1178:10)
&lt;/denchmark-code&gt;

Closing this specific one then.
		</comment>
		<comment id='5' author='loretoparisi' date='2020-10-02T10:28:12Z'>
		Are you satisfied with the resolution of your issue?
&lt;denchmark-link:https://docs.google.com/forms/d/e/1FAIpQLSfaP12TRhd9xSxjXZjcZFNXPGk4kc1-qMdv3gc6bEP90vY1ew/viewform?entry.85265664=Yes&amp;entry.2137816233=https://github.com/tensorflow/tfjs/issues/3999&gt;Yes&lt;/denchmark-link&gt;

&lt;denchmark-link:https://docs.google.com/forms/d/e/1FAIpQLSfaP12TRhd9xSxjXZjcZFNXPGk4kc1-qMdv3gc6bEP90vY1ew/viewform?entry.85265664=No&amp;entry.2137816233=https://github.com/tensorflow/tfjs/issues/3999&gt;No&lt;/denchmark-link&gt;

		</comment>
	</comments>
</bug>