<bug id='4091' author='qjia7' open_date='2020-10-19T07:06:32Z' closed_time='2020-11-06T17:10:47Z'>
	<summary>webgpu: Many mirrorPad tests fail</summary>
	<description>
Steps to reproduce on my windows platform:

Download the latest TFJS code. 'git clone https://github.com/tensorflow/tfjs'
cd tfjs\tfjs-backend-webgpu
set CHROME_BIN=C:\Users\jqin7\AppData\Local\Google\Chrome SxS\Application\chrome.exe
yarn test --grep=mirrorPad
Below errors will be printed:
Chrome 88.0.4296 (Windows 10.0.0) mirrorPad test-webgpu {"WEBGPU_CPU_FORWARD":false} MirrorPad tensor1d FAILED
Error: Arrays differ: actual[2] = 3, expected[2] = 1.
at 
at expectArraysPredicate (C:/Users/jqin7/AppData/Local/Temp/karma-typescript-bundle-13512XiYs6A25Ygy0.js:125282:13)
at expectArraysClose (C:/Users/jqin7/AppData/Local/Temp/karma-typescript-bundle-13512XiYs6A25Ygy0.js:125232:10)
at _callee$ (C:/Users/jqin7/AppData/Local/Temp/karma-typescript-bundle-13512XiYs6A25Ygy0.js:92057:29)
at tryCatch (node_modules/@babel/polyfill/dist/polyfill.js:6517:40)
at Generator.invoke [as _invoke] (node_modules/@babel/polyfill/dist/polyfill.js:6746:22)
at Generator.prototype. [as next] (node_modules/@babel/polyfill/dist/polyfill.js:6569:21)
at asyncGeneratorStep (C:/Users/jqin7/AppData/Local/Temp/karma-typescript-bundle-13512XiYs6A25Ygy0.js:92037:103)
at _next (C:/Users/jqin7/AppData/Local/Temp/karma-typescript-bundle-13512XiYs6A25Ygy0.js:92039:194)
Chrome 88.0.4296 (Windows 10.0.0) mirrorPad test-webgpu {"WEBGPU_CPU_FORWARD":false} MirrorPad tensor2d FAILED
Error: Arrays differ: actual[1] = 6, expected[1] = 4.
at 
at expectArraysPredicate (C:/Users/jqin7/AppData/Local/Temp/karma-typescript-bundle-13512XiYs6A25Ygy0.js:125282:13)
at expectArraysClose (C:/Users/jqin7/AppData/Local/Temp/karma-typescript-bundle-13512XiYs6A25Ygy0.js:125232:10)
at _callee2$ (C:/Users/jqin7/AppData/Local/Temp/karma-typescript-bundle-13512XiYs6A25Ygy0.js:92096:30)
at tryCatch (node_modules/@babel/polyfill/dist/polyfill.js:6517:40)
at Generator.invoke [as _invoke] (node_modules/@babel/polyfill/dist/polyfill.js:6746:22)
at Generator.prototype. [as next] (node_modules/@babel/polyfill/dist/polyfill.js:6569:21)
at asyncGeneratorStep (C:/Users/jqin7/AppData/Local/Temp/karma-typescript-bundle-13512XiYs6A25Ygy0.js:92037:103)
at _next (C:/Users/jqin7/AppData/Local/Temp/karma-typescript-bundle-13512XiYs6A25Ygy0.js:92039:194)
... ...
Chrome 88.0.4296 (Windows 10.0.0): Executed 12 of 3763 (6 FAILED) (skipped 3751) (3.497 secs / 0.501 secs)

	</description>
	<comments>
		<comment id='1' author='qjia7' date='2020-10-19T07:09:03Z'>
		&lt;denchmark-link:https://github.com/AbdallaGomaa&gt;@AbdallaGomaa&lt;/denchmark-link&gt;
 Do you have time to look at this issue? I notice that you implemented this feature. Thanks.
Cc &lt;denchmark-link:https://github.com/annxingyuan&gt;@annxingyuan&lt;/denchmark-link&gt;

		</comment>
		<comment id='2' author='qjia7' date='2020-10-22T19:04:19Z'>
		Hi &lt;denchmark-link:https://github.com/qjia7&gt;@qjia7&lt;/denchmark-link&gt;
 - just wanted to say that if these failing tests are blocking development on your side in any way, please feel free to submit a PR to disable them for WebGPU :)
		</comment>
		<comment id='3' author='qjia7' date='2020-10-30T16:46:20Z'>
		This issue has been automatically marked as stale because it has not had recent activity. It will be closed in 7 days if no further activity occurs. Thank you.
		</comment>
		<comment id='4' author='qjia7' date='2020-11-06T17:10:46Z'>
		Closing as stale. Please @mention us if this needs more attention.
		</comment>
		<comment id='5' author='qjia7' date='2020-11-06T17:10:48Z'>
		Are you satisfied with the resolution of your issue?
&lt;denchmark-link:https://docs.google.com/forms/d/e/1FAIpQLSfaP12TRhd9xSxjXZjcZFNXPGk4kc1-qMdv3gc6bEP90vY1ew/viewform?entry.85265664=Yes&amp;entry.2137816233=https://github.com/tensorflow/tfjs/issues/4091&gt;Yes&lt;/denchmark-link&gt;

&lt;denchmark-link:https://docs.google.com/forms/d/e/1FAIpQLSfaP12TRhd9xSxjXZjcZFNXPGk4kc1-qMdv3gc6bEP90vY1ew/viewform?entry.85265664=No&amp;entry.2137816233=https://github.com/tensorflow/tfjs/issues/4091&gt;No&lt;/denchmark-link&gt;

		</comment>
	</comments>
</bug>