<bug id='3385' author='niboshi' open_date='2017-09-13T05:37:47Z' closed_time='2018-01-29T08:51:02Z'>
	<summary>Test failure in test_batch_renormalization</summary>
	<description>
The discrepancy is beyond what can be soved by adjusting tolerances.
&lt;denchmark-code&gt;assert_allclose failed: 
  shape: () ()
  dtype: float64 float64
  i: (0,)
  x[i]: 0.89111328125
  y[i]: 0.2871745824813843
  err[i]: 0.6039386987686157
x: 0.89111328125
y: 0.2871745824813843
F
======================================================================
FAIL: test_backward_cpu (test_batch_renormalization.transplant_class.&lt;locals&gt;.C)  parameter: {'dtype': &lt;class 'numpy.float16'&gt;, 'ndim': 2, 'test': False}
----------------------------------------------------------------------
Traceback (most recent call last):
  File "/data/work/w/repos/chainer/chainer/testing/condition.py", line 74, in wrapper
    fail()
  File "/data/work/w/repos/chainer/chainer/testing/condition.py", line 51, in fail
    instance.fail(msg)
AssertionError: 
Fail: 1, Success: 77

The first error message:
Traceback (most recent call last):
  File "/data/work/w/repos/chainer/chainer/testing/condition.py", line 60, in &lt;lambda&gt;
    lambda: f(ins, *args[1:], **kwargs),
  File "/data/work/w/repos/chainer/tests/chainer_tests/links_tests/normalization_tests/test_batch_renormalization.py", line 135, in test_backward_cpu
    self.check_backward(self.x, self.gy)
  File "/data/work/w/repos/chainer/tests/chainer_tests/links_tests/normalization_tests/test_batch_renormalization.py", line 129, in check_backward
    eps=1e-2, **self.check_backward_options)
  File "/data/work/w/repos/chainer/chainer/gradient_check.py", line 341, in check_backward
    testing.assert_allclose(gx, gx_accum, atol=atol, rtol=rtol)
  File "/data/work/w/repos/chainer/chainer/testing/array.py", line 25, in assert_allclose
    x, y, atol=atol, rtol=rtol, verbose=verbose)
  File "/home/niboshi/anaconda/anaconda3/lib/python3.6/site-packages/numpy/testing/utils.py", line 1395, in assert_allclose
    verbose=verbose, header=header, equal_nan=equal_nan)
  File "/home/niboshi/anaconda/anaconda3/lib/python3.6/site-packages/numpy/testing/utils.py", line 778, in assert_array_compare
    raise AssertionError(msg)
AssertionError: 
Not equal to tolerance rtol=0.1, atol=0.5

(mismatch 100.0%)
 x: array(0.89111328125)
 y: array(0.2871745824813843)
&lt;/denchmark-code&gt;

	</description>
	<comments>
		<comment id='1' author='niboshi' date='2017-10-30T02:43:56Z'>
		This seems to be fixed, or at least, I cannot reproduce this failure. Can we close this ticket?
		</comment>
		<comment id='2' author='niboshi' date='2017-10-30T02:52:55Z'>
		This is still occasionally happening in our CI server.
		</comment>
		<comment id='3' author='niboshi' date='2017-10-30T02:59:44Z'>
		Yes, I just confirmed it still happens in the current master(&lt;denchmark-link:https://github.com/chainer/chainer/commit/e7dcc12a114cb6ed26523a53b1f5d866accb0f33&gt;e7dcc12&lt;/denchmark-link&gt;
) after 64044 iterations.
&lt;denchmark-code&gt;E   AssertionError: 
E   Fail: 1, Success: 64043
&lt;/denchmark-code&gt;

		</comment>
		<comment id='4' author='niboshi' date='2018-01-29T08:51:02Z'>
		Moved to &lt;denchmark-link:https://github.com/chainer/chainer/issues/3766&gt;#3766&lt;/denchmark-link&gt;
.
		</comment>
	</comments>
</bug>