<bug id='434' author='unnonouno' open_date='2015-09-25T04:06:05Z' closed_time='2015-10-01T10:57:07Z'>
	<summary>`divmod` doesn't work for `cupy.ndarray`</summary>
	<description>
&lt;denchmark-code&gt;&gt;&gt;&gt; u=cupy.array(1)
&gt;&gt;&gt; divmod(u, 3)
/tmp/tmpDpvsv8/kern.cu(273): error: identifier "out1" is undefined

1 error detected in the compilation of "/tmp/tmpxft_00003ba3_00000000-6_kern.cpp1.ii".
Traceback (most recent call last):
  File "&lt;stdin&gt;", line 1, in &lt;module&gt;
  File "cupy/__init__.py", line 752, in __divmod__
    return elementwise._divmod(self, other)
  File "cupy/elementwise.py", line 637, in __call__
    self._params, self.name, self._preamble)
  File "cupy/util.py", line 34, in ret
    result = f(*args, **kwargs)
  File "cupy/elementwise.py", line 479, in _get_ufunc_kernel
    kernel_params, operation, name, preamble)
  File "cupy/elementwise.py", line 36, in _get_simple_elementwise_kernel
    module = carray.compile_with_cache(module_code, options)
  File "cupy/carray.py", line 74, in compile_with_cache
    return cuda.compile_with_cache(source, options, arch, cachd_dir)
  File "cupy/cuda/compiler.py", line 125, in compile_with_cache
    cubin = nvcc(source, options, arch)
  File "cupy/cuda/compiler.py", line 50, in nvcc
    subprocess.check_output(cmd, cwd=root_dir)
  File "/home/unno/.pyenv/versions/2.7.8/lib/python2.7/subprocess.py", line 573, in check_output
    raise CalledProcessError(retcode, cmd, output=output)
subprocess.CalledProcessError: Command '['nvcc', '--cubin', '-arch', 'sm_52', '/tmp/tmpDpvsv8/kern.cu']' returned non-zero exit status 2
&lt;/denchmark-code&gt;

	</description>
	<comments>
		<comment id='1' author='unnonouno' date='2015-09-25T06:08:29Z'>
		Could you tell me the detail of u in the code?
		</comment>
		<comment id='2' author='unnonouno' date='2015-09-25T13:36:49Z'>
		I fixed code snippet.
		</comment>
	</comments>
</bug>