<bug id='552' author='masahi' open_date='2017-10-13T22:36:40Z' closed_time='2017-10-23T00:51:55Z'>
	<summary>[ROCM] Failed topi unittests for rocm backend</summary>
	<description>
[Update 10/23] All failing test cases were resolved.
[Update 10/20] Currently 3 tests in &lt;denchmark-link:https://github.com/dmlc/tvm/tree/master/topi/tests/python&gt;topi unittests&lt;/denchmark-link&gt;
 are failing.
See the summary &lt;denchmark-link:https://gist.github.com/masahi/4da2b5ccaaf490fe7c62332eba7441ff&gt;here&lt;/denchmark-link&gt;
.
&lt;denchmark-h:h1&gt;test_topi_conv2d_nchw.py&lt;/denchmark-h&gt;

3 out of 12 test cases fail.
&lt;denchmark-h:h3&gt;case verify_conv2d_nchw(1, 3, 224, 64, 7, 3, 2)&lt;/denchmark-h&gt;

&lt;denchmark-code&gt;
$ python test_topi_conv2d_nchw.py 
AssertionError: 
Not equal to tolerance rtol=1e-05, atol=0

(mismatch 99.98687454346238%)
 x: array([[[[ 17.740227,  25.133751,  23.486025, ...,  25.639071,  24.148636,
           21.255533],
         [ 24.602934,  33.843094,  35.173992, ...,  39.136459,  36.724586,...
 y: array([[[[ 16.973913,  25.437023,  24.094303, ...,  27.416625,  25.55851 ,
           22.340623],
         [ 25.350509,  35.822084,  36.533454, ...,  38.809231,  36.673988,...
&lt;/denchmark-code&gt;

&lt;denchmark-h:h3&gt;case verify_conv2d_nchw(1, 128, 28, 128, 3, 1, 1)&lt;/denchmark-h&gt;

&lt;denchmark-code&gt;$ python test_topi_conv2d_nchw.py 
Use memoize topi.tests.test_topi_conv2d.verify_con2d_nchw.get_ref_data.pkl(5, (1, 128, 28, 28), 'float32', 1, 1, (128, 128, 3, 3))
testing  rocm  backend
Memory access fault by GPU node-1 on address 0x1000. Reason: Page not present or supervisor privilege.
Aborted (core dumped)
&lt;/denchmark-code&gt;

&lt;denchmark-h:h3&gt;case verify_conv2d_nchw(1, 256, 14, 256, 3, 1, 1)&lt;/denchmark-h&gt;

&lt;denchmark-code&gt;$ python test_topi_conv2d_nchw.py 
Use memoize topi.tests.test_topi_conv2d.verify_con2d_nchw.get_ref_data.pkl(5, (1, 256, 14, 14), 'float32', 1, 1, (256, 256, 3, 3))
testing  rocm  backend
Memory access fault by GPU node-1 on address 0x5fc4e1000. Reason: Page not present or supervisor privilege.
Aborted (core dumped)
&lt;/denchmark-code&gt;

&lt;denchmark-h:h1&gt;test_topi_depthwise_conv2d.py&lt;/denchmark-h&gt;

2 out of 15 test cases fail.
&lt;denchmark-h:h3&gt;case depthwise_conv2d_with_workload_nhwc(1, 728, 32, 1, 3, 1, "SAME")&lt;/denchmark-h&gt;

&lt;denchmark-code&gt;$ python test_topi_depthwise_conv2d.py 
AssertionError: 
Not equal to tolerance rtol=1e-05, atol=0

(mismatch 29.669793097527474%)
 x: array([[[[ 0.79067 ,  0.833293,  1.011379, ...,  0.855761,  0.685508,
           1.101951],
         [ 1.64011 ,  1.610993,  1.381752, ...,  1.928582,  1.182396,...
 y: array([[[[ 0.79067 ,  0.833293,  1.011379, ...,  0.855761,  0.685508,
           1.101951],
         [ 1.64011 ,  1.610993,  1.381752, ...,  1.928582,  1.182396,...

&lt;/denchmark-code&gt;

&lt;denchmark-h:h3&gt;case depthwise_conv2d_with_workload_nhwc(1, 728, 32, 1, 3, 1, "VALID")&lt;/denchmark-h&gt;

&lt;denchmark-code&gt;$ python test_topi_depthwise_conv2d.py 
AssertionError: 
Not equal to tolerance rtol=1e-05, atol=0

(mismatch 27.69184981684981%)
 x: array([[[[ 2.178229,  1.748752,  2.032793, ...,  2.637433,  1.739626,
           1.027414],
         [ 1.45854 ,  1.976049,  1.973471, ...,  1.987515,  1.736224,...
 y: array([[[[ 2.178229,  1.748752,  2.032793, ...,  2.637433,  1.739626,
           1.027414],
         [ 1.45854 ,  1.976049,  1.973471, ...,  1.987515,  1.736224,...

&lt;/denchmark-code&gt;

&lt;denchmark-h:h1&gt;test_topi_pooling.py&lt;/denchmark-h&gt;

1 out of 8 test cases fails.
&lt;denchmark-h:h3&gt;case  verify_pool(1, 256, 32, 2, 2, [0, 0], 'avg')&lt;/denchmark-h&gt;

&lt;denchmark-code&gt;$ python test_topi_pooling.py 
AssertionError: 
Not equal to tolerance rtol=1e-05, atol=0

(mismatch 50.0%)
 x: array([[[[ 0.383371,  0.234747,  0.431097, ...,  0.498689,  0.369492,
           0.783951],
         [ 0.551467,  0.405494,  0.410852, ...,  0.414632,  0.581095,...
 y: array([[[[ 0.383371,  0.234747,  0.431097, ...,  0.498689,  0.369492,
           0.783951],
         [ 0.551467,  0.405494,  0.410852, ...,  0.414632,  0.581095,...
&lt;/denchmark-code&gt;

	</description>
	<comments>
		<comment id='1' author='masahi' date='2017-10-13T22:42:22Z'>
		cc &lt;denchmark-link:https://github.com/adityaatluri&gt;@adityaatluri&lt;/denchmark-link&gt;

		</comment>
		<comment id='2' author='masahi' date='2017-10-15T18:55:47Z'>
		&lt;denchmark-link:https://github.com/apache/tvm/pull/558&gt;#558&lt;/denchmark-link&gt;

		</comment>
		<comment id='3' author='masahi' date='2017-10-15T20:02:22Z'>
		The segfault bug was resolved by &lt;denchmark-link:https://github.com/apache/tvm/pull/558&gt;#558&lt;/denchmark-link&gt;

		</comment>
		<comment id='4' author='masahi' date='2017-10-20T05:00:46Z'>
		Math function is supported with &lt;denchmark-link:https://github.com/apache/tvm/pull/570&gt;#570&lt;/denchmark-link&gt;
, 2 failing tests resolved.
But found another failing test in test_topi_pooling.py
Updated to reflect the latest status.
		</comment>
		<comment id='5' author='masahi' date='2017-10-22T22:19:31Z'>
		verify_conv2d_nchw(1, 128, 28, 128, 3, 1, 1) and verify_conv2d_nchw(1, 256, 14, 256, 3, 1, 1) were failing because of too aggressive unrolling when unroll_explicit = True.
They were resolved by &lt;denchmark-link:https://github.com/apache/tvm/pull/576&gt;#576&lt;/denchmark-link&gt;
 .
		</comment>
		<comment id='6' author='masahi' date='2017-10-23T00:47:28Z'>
		The rest of failing tests cases were due to a large thread block size.
They were all resolved by &lt;denchmark-link:https://github.com/apache/tvm/pull/577&gt;#577&lt;/denchmark-link&gt;
.
We still do not know why rocm backend cannot handle thread block of size 512 or 728.
		</comment>
		<comment id='7' author='masahi' date='2017-10-23T00:51:45Z'>
		All unit tests are good now. Closing.
nosetests output:
&lt;denchmark-code&gt;$ nosetests -v topi/tests/python/
test_topi_basic.test_util ... ok
test_topi_basic.test_ewise ... ok
test_topi_broadcast.test_broadcast_to ... [09:44:50] src/runtime/opencl/opencl_device_api.cc:195: Initialize OpenCL platform 'AMD Accelerated Parallel Processing'
[09:44:50] src/runtime/opencl/opencl_device_api.cc:215: opencl(0)='gfx803' cl_device_id=0x7f03c8727720
ok
test_topi_broadcast.test_broadcast_binary ... ok
test_topi_clip.test_clip ... ok
test_topi_conv2d.test_conv2d ... ok
test_topi_conv2d_hwcn.test_conv2d_hwcn ... [09:44:57] src/pass/vectorize_loop.cc:303: Detect vector condition in Vectorized Loop, scalarizing...
[09:44:57] src/pass/vectorize_loop.cc:303: Detect vector condition in Vectorized Loop, scalarizing...
[09:44:57] src/pass/vectorize_loop.cc:303: Detect vector condition in Vectorized Loop, scalarizing...
[09:44:58] src/pass/vectorize_loop.cc:303: Detect vector condition in Vectorized Loop, scalarizing...
[09:44:58] src/pass/vectorize_loop.cc:303: Detect vector condition in Vectorized Loop, scalarizing...
[09:44:58] src/pass/vectorize_loop.cc:303: Detect vector condition in Vectorized Loop, scalarizing...
[09:44:58] src/pass/vectorize_loop.cc:303: Detect vector condition in Vectorized Loop, scalarizing...
[09:44:58] src/pass/vectorize_loop.cc:303: Detect vector condition in Vectorized Loop, scalarizing...
[09:45:02] src/pass/vectorize_loop.cc:303: Detect vector condition in Vectorized Loop, scalarizing...
[09:45:02] src/pass/vectorize_loop.cc:303: Detect vector condition in Vectorized Loop, scalarizing...
[09:45:02] src/pass/vectorize_loop.cc:303: Detect vector condition in Vectorized Loop, scalarizing...
[09:45:02] src/pass/vectorize_loop.cc:303: Detect vector condition in Vectorized Loop, scalarizing...
[09:45:09] src/pass/vectorize_loop.cc:303: Detect vector condition in Vectorized Loop, scalarizing...
[09:45:09] src/pass/vectorize_loop.cc:303: Detect vector condition in Vectorized Loop, scalarizing...
[09:45:09] src/pass/vectorize_loop.cc:303: Detect vector condition in Vectorized Loop, scalarizing...
[09:45:10] src/pass/vectorize_loop.cc:303: Detect vector condition in Vectorized Loop, scalarizing...
[09:45:14] src/pass/vectorize_loop.cc:303: Detect vector condition in Vectorized Loop, scalarizing...
[09:45:14] src/pass/vectorize_loop.cc:303: Detect vector condition in Vectorized Loop, scalarizing...
[09:45:14] src/pass/vectorize_loop.cc:303: Detect vector condition in Vectorized Loop, scalarizing...
[09:45:15] src/pass/vectorize_loop.cc:303: Detect vector condition in Vectorized Loop, scalarizing...
[09:45:15] src/pass/vectorize_loop.cc:303: Detect vector condition in Vectorized Loop, scalarizing...
[09:45:15] src/pass/vectorize_loop.cc:303: Detect vector condition in Vectorized Loop, scalarizing...
[09:45:15] src/pass/vectorize_loop.cc:303: Detect vector condition in Vectorized Loop, scalarizing...
[09:45:15] src/pass/vectorize_loop.cc:303: Detect vector condition in Vectorized Loop, scalarizing...
[09:45:18] src/pass/vectorize_loop.cc:303: Detect vector condition in Vectorized Loop, scalarizing...
[09:45:18] src/pass/vectorize_loop.cc:303: Detect vector condition in Vectorized Loop, scalarizing...
[09:45:19] src/pass/vectorize_loop.cc:303: Detect vector condition in Vectorized Loop, scalarizing...
[09:45:19] src/pass/vectorize_loop.cc:303: Detect vector condition in Vectorized Loop, scalarizing...
[09:45:25] src/pass/vectorize_loop.cc:303: Detect vector condition in Vectorized Loop, scalarizing...
[09:45:25] src/pass/vectorize_loop.cc:303: Detect vector condition in Vectorized Loop, scalarizing...
[09:45:25] src/pass/vectorize_loop.cc:303: Detect vector condition in Vectorized Loop, scalarizing...
[09:45:25] src/pass/vectorize_loop.cc:303: Detect vector condition in Vectorized Loop, scalarizing...
ok
test_topi_conv2d_nchw.test_conv2d_nchw ... ok
test_topi_dense.test_dense ... ok
test_topi_depthwise_conv2d.test_depthwise_conv2d ... ok
test_topi_depthwise_conv2d_back_input.test_topi_depthwise_conv2d_backward_input_nhwc ... ok
test_topi_depthwise_conv2d_back_weight.test_topi_depthwise_conv2d_backward_weight_nhwc ... ok
test_topi_dilate.test_dilate ... ok
test_topi_pooling.test_pool ... ok
test_topi_pooling.test_global_pool ... ok
test_topi_reduce.test_reduce_map ... [09:49:04] src/schedule/bound.cc:98: not in feed graph consumer = compute(compute_red_temp.repl, 0x7f03c36af960)
[09:49:04] src/schedule/bound.cc:98: not in feed graph consumer = compute(compute_red_temp.rf, 0x7f03c3bba530)
[09:49:04] src/schedule/bound.cc:98: not in feed graph consumer = compute(compute_red_temp, 0x7f03c36aa150)
[09:49:04] src/schedule/bound.cc:98: not in feed graph consumer = compute(compute_red_temp.repl, 0x7f03c38e3cf0)
[09:49:04] src/schedule/bound.cc:98: not in feed graph consumer = compute(compute_red_temp.rf, 0x7f03b61214b0)
[09:49:04] src/schedule/bound.cc:98: not in feed graph consumer = compute(compute_red_temp.repl, 0x7f03b9dd8890)
[09:49:04] src/schedule/bound.cc:98: not in feed graph consumer = compute(compute_red_temp.rf, 0x7f03b5b0db20)
[09:49:05] src/schedule/bound.cc:98: not in feed graph consumer = compute(compute_red_temp, 0x7f03c3bba530)
[09:49:05] src/schedule/bound.cc:98: not in feed graph consumer = compute(compute_red_temp.repl, 0x7f03c38ff430)
[09:49:05] src/schedule/bound.cc:98: not in feed graph consumer = compute(compute_red_temp.rf, 0x7f03c8be7ee0)
[09:49:05] src/schedule/bound.cc:98: not in feed graph consumer = compute(compute_red_temp.repl, 0x7f03c3613670)
[09:49:05] src/schedule/bound.cc:98: not in feed graph consumer = compute(compute_red_temp.rf, 0x7f0378e244a0)
[09:49:05] src/schedule/bound.cc:98: not in feed graph consumer = compute(compute_red_temp, 0x7f03c1938520)
[09:49:05] src/schedule/bound.cc:98: not in feed graph consumer = compute(compute_red_temp.repl, 0x7f03c38b7820)
[09:49:05] src/schedule/bound.cc:98: not in feed graph consumer = compute(compute_red_temp.rf, 0x7f03c3613670)
ok
test_topi_relu.test_relu ... ok
test_topi_relu.test_leaky_relu ... ok
test_topi_softmax.test_softmax ... ok
test_topi_softmax.test_log_softmax ... ok
test_topi_transform.test_expand_dims ... ok
test_topi_transform.test_tranpose ... ok
test_topi_transform.test_reshape ... ok
test_topi_transform.test_squeeze ... ok
test_topi_transform.test_concatenate ... ok
test_topi_transform.test_split ... ok

----------------------------------------------------------------------
Ran 26 tests in 261.625s

OK
Save memoize result to .pkl_memoize_py3/topi.tests.test_topi_clip.get_ref_data.pkl
Save memoize result to .pkl_memoize_py3/topi.tests.test_topi_conv2d.verify_conv2d.get_ref_data.pkl
Save memoize result to .pkl_memoize_py3/topi.tests.test_topi_conv2d_hwcn.verify_hwcn.get_ref_data.pkl
Save memoize result to .pkl_memoize_py3/topi.tests.test_topi_conv2d.verify_con2d_nchw.get_ref_data.pkl
Save memoize result to .pkl_memoize_py3/topi.tests.test_topi_dense.get_ref_data.pkl
Save memoize result to .pkl_memoize_py3/topi.tests.test_topi_depthwise_conv2d.nchw.get_ref_data.pkl
Save memoize result to .pkl_memoize_py3/topi.tests.test_topi_depthwise_conv2d.nhwc.get_ref_data.pkl
Save memoize result to .pkl_memoize_py3/topi.tests.test_topi_depthwise_conv2d_backward_input.nhwc.get_ref_data.pkl
Save memoize result to .pkl_memoize_py3/topi.tests.test_topi_depthwise_conv2d_backward_weight.nhwc.get_ref_data.pkl
&lt;/denchmark-code&gt;

		</comment>
	</comments>
</bug>