<bug id='167' author='xsacha' open_date='2020-08-07T03:58:31Z' closed_time='2020-12-30T00:15:03Z'>
	<summary>üêõ [Bug] C++ Serialise produces a model that cannot be loaded</summary>
	<description>
&lt;denchmark-h:h2&gt;Bug Description&lt;/denchmark-h&gt;

When I serialise a model in C++ using .save()
&lt;denchmark-code&gt;auto compile_settings = trtorch::ExtraInfo(dims);
compile_settings.op_precision = torch::kFloat;
m = trtorch::CompileGraph(m, compile_settings);
// Serialise for later
m.save(opt.string());
&lt;/denchmark-code&gt;

Then try to do torch::jit::load on this model, I get:
[enforce fail at ....\caffe2\serialize\inline_container.cc:209] . file not found: facespoof_grey_opt/constants.pkl
Note: It appears to work correctly when saved from Python.
&lt;denchmark-h:h2&gt;Expected behavior&lt;/denchmark-h&gt;

Same as Python
&lt;denchmark-h:h2&gt;Environment&lt;/denchmark-h&gt;


Build information about the TRTorch compiler can be found by turning on debug messages


PyTorch Version (e.g., 1.0): 1.6.0
CPU Architecture: AMD64
OS (e.g., Linux): Windows
How you installed PyTorch (conda, pip, libtorch, source): libtorch
Build command you used (if compiling from source): N/A
Are you using local sources or building from archives: archives
Python version: N/A
CUDA version: 10.2
GPU models and configuration: RTX2060
Any other relevant information:

	</description>
	<comments>
		<comment id='1' author='xsacha' date='2020-08-07T18:34:14Z'>
		Can you try unzipping the TRTorch compiled program and see if that constants.pkl file is there? Also do you notice similar behavior if you load and save the module without compiling with TRTorch?
		</comment>
		<comment id='2' author='xsacha' date='2020-08-07T18:44:31Z'>
		The compiled model has:
data.pkl (approx twice size of original model)
version (2 bytes)
torch.jit.save works otherwise.
		</comment>
		<comment id='3' author='xsacha' date='2020-08-07T19:01:40Z'>
		Are you able to run test_serialization in the test suite?
To run the test first run hub.py in the tests/modules directory to download the test models.
Then bazel test //tests/modules:test_serialization --test_output=errors
		</comment>
		<comment id='4' author='xsacha' date='2020-08-08T00:41:59Z'>
		Edit: I found it doesn't copy all the required DLLs to bazel-out\x64_windows-fastbuild\bin\tests\modules
After fixing this, I get:
[  FAILED  ] 4 tests, listed below:
[  FAILED  ] CompiledModuleForwardIsCloseSuite/ModuleTests.SerializedModuleIsStillCorrect/0, where GetParam() = ("tests/modules/resnet18_traced.jit.pt", { { 1, 3, 224, 224 } })
[  FAILED  ] CompiledModuleForwardIsCloseSuite/ModuleTests.SerializedModuleIsStillCorrect/1, where GetParam() = ("tests/modules/pooling_traced.jit.pt", { { 1, 3, 10, 10 } })
[  FAILED  ] CompiledModuleForwardIsCloseSuite/ModuleTests.SerializedDynamicModuleIsStillCorrect/0, where GetParam() = ("tests/modules/resnet18_traced.jit.pt", { { 1, 3, 224, 224 } })
[  FAILED  ] CompiledModuleForwardIsCloseSuite/ModuleTests.SerializedDynamicModuleIsStillCorrect/1, where GetParam() = ("tests/modules/pooling_traced.jit.pt", { { 1, 3, 10, 10 } })
4 FAILED TESTS
Full log: &lt;denchmark-link:https://pastebin.com/RUGi8uvF&gt;https://pastebin.com/RUGi8uvF&lt;/denchmark-link&gt;

Seems related to &lt;denchmark-link:https://github.com/NVIDIA/TRTorch/issues/153&gt;#153&lt;/denchmark-link&gt;

		</comment>
		<comment id='5' author='xsacha' date='2020-09-08T00:06:50Z'>
		This issue has not seen activity for 30 days, Remove stale label or comment or this will be closed in 5 days
		</comment>
		<comment id='6' author='xsacha' date='2020-09-08T00:10:38Z'>
		Not stale. Still actively waiting for a solution.
		</comment>
		<comment id='7' author='xsacha' date='2020-10-09T00:05:31Z'>
		This issue has not seen activity for 30 days, Remove stale label or comment or this will be closed in 5 days
		</comment>
		<comment id='8' author='xsacha' date='2020-11-23T00:05:07Z'>
		This issue has not seen activity for 30 days, Remove stale label or comment or this will be closed in 5 days
		</comment>
		<comment id='9' author='xsacha' date='2020-12-25T00:12:50Z'>
		This issue has not seen activity for 30 days, Remove stale label or comment or this will be closed in 5 days
		</comment>
	</comments>
</bug>