<bug id='453' author='Zahlii' open_date='2020-10-14T09:31:34Z' closed_time='2020-10-15T13:57:07Z'>
	<summary>setup.py failing: no such file requirements.txt since 0.7.5</summary>
	<description>
&lt;denchmark-code&gt;11:15:13  #8 1.281 Collecting label-studio
11:15:13  #8 1.315   Downloading label-studio-0.7.5-1.tar.gz (10.1 MB)
11:15:14  #8 2.317     ERROR: Command errored out with exit status 1:
11:15:14  #8 2.317      command: /usr/local/bin/python -c 'import sys, setuptools, tokenize; sys.argv[0] = '"'"'/tmp/pip-install-dnwcebdi/label-studio/setup.py'"'"'; __file__='"'"'/tmp/pip-install-dnwcebdi/label-studio/setup.py'"'"';f=getattr(tokenize, '"'"'open'"'"', open)(__file__);code=f.read().replace('"'"'\r\n'"'"', '"'"'\n'"'"');f.close();exec(compile(code, __file__, '"'"'exec'"'"'))' egg_info --egg-base /tmp/pip-pip-egg-info-6m8lje95
11:15:14  #8 2.317          cwd: /tmp/pip-install-dnwcebdi/label-studio/
11:15:14  #8 2.317     Complete output (6 lines):
11:15:14  #8 2.317     Label Studio 0.7.5
11:15:14  #8 2.317     Traceback (most recent call last):
11:15:14  #8 2.317       File "&lt;string&gt;", line 1, in &lt;module&gt;
11:15:14  #8 2.317       File "/tmp/pip-install-dnwcebdi/label-studio/setup.py", line 11, in &lt;module&gt;
11:15:14  #8 2.317         with open('requirements.txt') as f:
11:15:14  #8 2.317     FileNotFoundError: [Errno 2] No such file or directory: 'requirements.txt'
&lt;/denchmark-code&gt;

	</description>
	<comments>
		<comment id='1' author='Zahlii' date='2020-10-14T12:27:20Z'>
		What pip version do you use? Try to upgrade to the latest:
&lt;denchmark-code&gt;pip install -U pip 
&lt;/denchmark-code&gt;

		</comment>
		<comment id='2' author='Zahlii' date='2020-10-14T12:30:10Z'>
		Happening as part of a Docker build (latest pip installed!). You should be able to reproduce using:
&lt;denchmark-code&gt;FROM python:3.7.3-slim-stretch

RUN apt-get -y update &amp;&amp; pip install --upgrade pip

RUN pip install label-studio

&lt;/denchmark-code&gt;

		</comment>
		<comment id='3' author='Zahlii' date='2020-10-14T14:51:07Z'>
		Hi, same problema here, using pip 20.2.3:
&lt;denchmark-code&gt;    ERROR: Command errored out with exit status 1:
     command: /home/work/Programs/miniconda3/envs/label-studio/bin/python -c 'import sys, setuptools, tokenize; sys.argv[0] = '"'"'/tmp/pip-install-12zdr00s/label-studio/setup.py'"'"'; __file__='"'"'/tmp/pip-install-12zdr00s/label-studio/setup.py'"'"';f=getattr(tokenize, '"'"'open'"'"', open)(__file__);code=f.read().replace('"'"'\r\n'"'"', '"'"'\n'"'"');f.close();exec(compile(code, __file__, '"'"'exec'"'"'))' egg_info --egg-base /tmp/pip-pip-egg-info-9tt2xo2k
         cwd: /tmp/pip-install-12zdr00s/label-studio/
    Complete output (6 lines):
    Traceback (most recent call last):
      File "&lt;string&gt;", line 1, in &lt;module&gt;
      File "/tmp/pip-install-12zdr00s/label-studio/setup.py", line 11, in &lt;module&gt;
        with open('requirements.txt') as f:
    FileNotFoundError: [Errno 2] No such file or directory: 'requirements.txt'
    Label Studio 0.7.5
    ----------------------------------------
ERROR: Command errored out with exit status 1: python setup.py egg_info Check the logs for full command output.
&lt;/denchmark-code&gt;

		</comment>
		<comment id='4' author='Zahlii' date='2020-10-14T14:56:22Z'>
		Hi, &lt;denchmark-link:https://github.com/Zahlii&gt;@Zahlii&lt;/denchmark-link&gt;
 !
Probably you've missed copying requirements.txt inside docker? &lt;denchmark-link:https://github.com/heartexlabs/label-studio/blob/master/Dockerfile#L7&gt;https://github.com/heartexlabs/label-studio/blob/master/Dockerfile#L7&lt;/denchmark-link&gt;

		</comment>
		<comment id='5' author='Zahlii' date='2020-10-14T15:01:46Z'>
		
Hi, @Zahlii !
Probably you've missed copying requirements.txt inside docker? https://github.com/heartexlabs/label-studio/blob/master/Dockerfile#L7

As you can see above, I am not using the Dockerfile provided here; I am simply attempted to install the self-contained pip package. I.e., all I am trying to do is a "pip install label-studio". The Dockerfile I posted above was just to provide a reliable source of reproducing this issue.
For now, I have pinned label-studio at 0.7.4 until this bug is resolved for our CI pipelines.
		</comment>
		<comment id='6' author='Zahlii' date='2020-10-14T17:57:00Z'>
		&lt;denchmark-link:https://github.com/Zahlii&gt;@Zahlii&lt;/denchmark-link&gt;
, &lt;denchmark-link:https://github.com/czrcbl&gt;@czrcbl&lt;/denchmark-link&gt;
 Can you please try using  with the same setup?
		</comment>
		<comment id='7' author='Zahlii' date='2020-10-15T13:46:16Z'>
		
@Zahlii, @czrcbl Can you please try using label-studio==0.7.5.post1 with the same setup?

pip install "label-studio==0.7.5.post1" worked as expected
		</comment>
		<comment id='8' author='Zahlii' date='2020-10-15T13:57:07Z'>
		&lt;denchmark-link:https://github.com/Zahlii&gt;@Zahlii&lt;/denchmark-link&gt;
 it's post2 available now, there is fixed some issues with task validation on S3 and GCS.
		</comment>
	</comments>
</bug>