<bug id='379' author='jiata' open_date='2019-10-21T14:47:43Z' closed_time='2019-11-01T19:27:33Z'>
	<summary>[BUG] tweak test threshold</summary>
	<description>
&lt;denchmark-h:h3&gt;Description&lt;/denchmark-h&gt;

&lt;denchmark-link:https://dev.azure.com/best-practices/computervision/_build/results?buildId=12152&gt;https://dev.azure.com/best-practices/computervision/_build/results?buildId=12152&lt;/denchmark-link&gt;

&lt;denchmark-code&gt;tests/integration/classification/test_integration_classification_notebooks.py . [  0%]
....                                                                     [  4%]
tests/integration/detection/test_integration_detection.py ..             [  5%]
tests/integration/similarity/test_integration_similarity_notebooks.py F. [  7%]
.                                                                        [  8%]
tests/unit/classification/test_classification_data.py ....               [ 11%]
tests/unit/classification/test_classification_model.py ......            [ 16%]
tests/unit/classification/test_classification_notebooks.py .......       [ 21%]
tests/unit/classification/test_classification_parameter_sweeper.py ....  [ 25%]
tests/unit/classification/test_classification_plot.py ....               [ 28%]
tests/unit/classification/test_classification_widget.py ..               [ 29%]
tests/unit/common/test_common_data.py ........                           [ 36%]
tests/unit/common/test_common_deployment.py .                            [ 37%]
tests/unit/common/test_common_gpu.py .....                               [ 41%]
tests/unit/common/test_common_image.py .....                             [ 45%]
tests/unit/common/test_common_misc.py ...                                [ 47%]
tests/unit/common/test_common_plot.py ..                                 [ 49%]
tests/unit/detection/test_detection_bbox.py ..........                   [ 57%]
tests/unit/detection/test_detection_data.py ..                           [ 58%]
tests/unit/detection/test_detection_dataset.py ........                  [ 65%]
tests/unit/detection/test_detection_model.py ..............              [ 76%]
tests/unit/detection/test_detection_notebooks.py ...                     [ 79%]
tests/unit/detection/test_detection_plot.py ..........                   [ 87%]
tests/unit/similarity/test_similarity_data.py .                          [ 87%]
tests/unit/similarity/test_similarity_metrics.py ....                    [ 91%]
tests/unit/similarity/test_similarity_model.py ...                       [ 93%]
tests/unit/similarity/test_similarity_notebooks.py ....                  [ 96%]
tests/unit/similarity/test_similarity_plot.py ....                       [100%]

=================================== FAILURES ===================================
_____________________________ test_01_notebook_run _____________________________

similarity_notebooks = {'00': '/data/home/cvcat/myagent/_work/3/s/scenarios/similarity/00_webcam.ipynb', '01': '/data/home/cvcat/myagent/_wor...loring_hyperparameters.ipynb', '12': '/data/home/cvcat/myagent/_work/3/s/scenarios/similarity/12_fast_retrieval.ipynb'}

    @pytest.mark.notebooks
    @pytest.mark.linuxgpu
    def test_01_notebook_run(similarity_notebooks):
        notebook_path = similarity_notebooks["01"]
        pm.execute_notebook(
            notebook_path,
            OUTPUT_NOTEBOOK,
            parameters=dict(PM_VERSION=pm.__version__),
            kernel_name=KERNEL_NAME,
        )
    
        nb_output = sb.read_notebook(OUTPUT_NOTEBOOK)
&gt;       assert nb_output.scraps["median_rank"].data &lt;= 10
E       AssertionError: assert 13.0 &lt;= 10
E        +  where 13.0 = Scrap(name='median_rank', data=13.0, encoder='json', display=None).data
&lt;/denchmark-code&gt;

&lt;denchmark-h:h3&gt;How do we replicate the issue?&lt;/denchmark-h&gt;

sometimes this threahold is exceeded causing the test to fail
&lt;denchmark-h:h3&gt;Expected behavior (i.e. solution)&lt;/denchmark-h&gt;

&lt;denchmark-h:h3&gt;Other Comments&lt;/denchmark-h&gt;

	</description>
	<comments>
	</comments>
</bug>