<bug id='396' author='zou000' open_date='2019-05-21T08:17:46Z' closed_time='2019-05-21T11:27:36Z'>
	<summary>worker_test failure</summary>
	<description>
&lt;denchmark-code&gt;python -m unittest elasticdl/worker/*_test.py
/usr/local/anaconda3/lib/python3.6/site-packages/h5py/__init__.py:36: FutureWarning: Conversion of the second argument of issubdtype from `float` to `np.floating` is deprecated. In future, it will be treated as `np.float64 == np.dtype(float).type`.
  from ._conv import register_converters as _register_converters
2019-05-21 13:57:07.262725: I tensorflow/core/platform/cpu_feature_guard.cc:141] Your CPU supports instructions that this TensorFlow binary was not compiled to use: AVX2 FMA
WARNING:tensorflow:From /usr/local/anaconda3/lib/python3.6/site-packages/tensorflow/python/ops/resource_variable_ops.py:642: colocate_with (from tensorflow.python.framework.ops) is deprecated and will be removed in a future version.
Instructions for updating:
Colocations handled automatically by placer.
must be str, not NoneType
FLoss is  3.090042
Loss is  1.4608976
Loss is  0.913306
Loss is  0.5969497
Loss is  0.66515267
Loss is  0.3935135
Loss is  0.37774342
Loss is  0.289928
.
======================================================================
FAIL: test_distributed_train (elasticdl.worker.worker_test.WorkerTest)
----------------------------------------------------------------------
Traceback (most recent call last):
  File "/Users/l.zou/git/elasticdl/elasticdl/worker/worker_test.py", line 96, in test_distributed_train
    self.assertTrue(res)
AssertionError: False is not true

----------------------------------------------------------------------
Ran 2 tests in 0.165s

&lt;/denchmark-code&gt;

	</description>
	<comments>
	</comments>
</bug>