<bug id='1072' author='jackalcooper' open_date='2019-05-14T08:17:38Z' closed_time='2019-05-14T08:47:33Z'>
	<summary>failed to install hvd with TF 1.13.1</summary>
	<description>
Environment:

Framework: TensorFlow
Framework version: 1.13.1
Horovod version: not specified
MPI version: 3.1.0
CUDA version: 9.0
NCCL version:
Python version: 2.7
OS and version: Amazon Linux

Checklist:

Did you search issues to find if somebody asked this question before?
If your question is about hang, did you read this doc?
If your question is about docker, did you read this doc?

Bug report:
Please describe errorneous behavior you're observing and steps to reproduce it.
&lt;denchmark-code&gt;(tensorflow_p27_1_13_1) [ec2-user@ip-172-31-31-224 ~]$ HOROVOD_GPU_ALLREDUCE=NCCL pip install --no-cache-dir horovod -U --user --ignore-installed
Collecting horovod
  Downloading https://files.pythonhosted.org/packages/89/70/327e1ce9bee0fb8a879b98f8265fb7a41ae6d04a3ee019b2bafba8b66333/horovod-0.16.1.tar.gz (2.6MB)
    100% |████████████████████████████████| 2.6MB 121.6MB/s                                                                                                            
Collecting cffi&gt;=1.4.0 (from horovod)
  Downloading https://files.pythonhosted.org/packages/8d/e9/0c8afd1579e5cf7bc0f06fbcd7cdb954cbc0baadd505973949a99337da1c/cffi-1.12.3-cp27-cp27mu-manylinux1_x86_64.whl (415kB)
    100% |████████████████████████████████| 419kB 115.1MB/s                                                                                                            
Collecting cloudpickle (from horovod)
  Downloading https://files.pythonhosted.org/packages/c6/d9/d45cdb70f3d86480f02f220bc2ec6da69a45de4a5bb61a49fd4a5106ada8/cloudpickle-1.0.0-py2.py3-none-any.whl
Collecting psutil (from horovod)
  Downloading https://files.pythonhosted.org/packages/c6/c1/beed5e4eaa1345901b595048fab1c85aee647ea0fc02d9e8bf9aceb81078/psutil-5.6.2.tar.gz (432kB)
    100% |████████████████████████████████| 440kB 128.0MB/s                                                                                                            
Collecting six (from horovod)
  Downloading https://files.pythonhosted.org/packages/73/fb/00a976f728d0d1fecfe898238ce23f502a721c0ac0ecfedb80e0d88c64e9/six-1.12.0-py2.py3-none-any.whl
Collecting pycparser (from cffi&gt;=1.4.0-&gt;horovod)
  Downloading https://files.pythonhosted.org/packages/68/9e/49196946aee219aead1290e00d1e7fdeab8567783e83e1b9ab5585e6206a/pycparser-2.19.tar.gz (158kB)
    100% |████████████████████████████████| 163kB 118.6MB/s                                                                                                            
Installing collected packages: pycparser, cffi, cloudpickle, psutil, six, horovod
  Running setup.py install for pycparser ... done
  Running setup.py install for psutil ... done
  Running setup.py install for horovod ... error
    Complete output from command /home/ec2-user/anaconda3/envs/tensorflow_p27_1_13_1/bin/python -u -c "import setuptools, tokenize;__file__='/tmp/pip-install-VZlq_a/horovod/setup.py';f=getattr(tokenize, 'open', open)(__file__);code=f.read().replace('\r\n', '\n');f.close();exec(compile(code, __file__, 'exec'))" install --record /tmp/pip-record-pCeskd/install-record.txt --single-version-externally-managed --compile --user --prefix=:
    running install
    running build
    running build_py
    creating build
    creating build/lib.linux-x86_64-2.7
    creating build/lib.linux-x86_64-2.7/horovod
    copying horovod/__init__.py -&gt; build/lib.linux-x86_64-2.7/horovod
    creating build/lib.linux-x86_64-2.7/horovod/keras
    copying horovod/keras/__init__.py -&gt; build/lib.linux-x86_64-2.7/horovod/keras
    copying horovod/keras/callbacks.py -&gt; build/lib.linux-x86_64-2.7/horovod/keras
    creating build/lib.linux-x86_64-2.7/horovod/_keras
    copying horovod/_keras/__init__.py -&gt; build/lib.linux-x86_64-2.7/horovod/_keras
    copying horovod/_keras/callbacks.py -&gt; build/lib.linux-x86_64-2.7/horovod/_keras
    creating build/lib.linux-x86_64-2.7/horovod/run
    copying horovod/run/run.py -&gt; build/lib.linux-x86_64-2.7/horovod/run
    copying horovod/run/__init__.py -&gt; build/lib.linux-x86_64-2.7/horovod/run
    copying horovod/run/task_fn.py -&gt; build/lib.linux-x86_64-2.7/horovod/run
    creating build/lib.linux-x86_64-2.7/horovod/mxnet
    copying horovod/mxnet/__init__.py -&gt; build/lib.linux-x86_64-2.7/horovod/mxnet
    copying horovod/mxnet/mpi_ops.py -&gt; build/lib.linux-x86_64-2.7/horovod/mxnet
    creating build/lib.linux-x86_64-2.7/horovod/spark
    copying horovod/spark/__init__.py -&gt; build/lib.linux-x86_64-2.7/horovod/spark
    creating build/lib.linux-x86_64-2.7/horovod/common
    copying horovod/common/__init__.py -&gt; build/lib.linux-x86_64-2.7/horovod/common
    creating build/lib.linux-x86_64-2.7/horovod/tensorflow
    copying horovod/tensorflow/__init__.py -&gt; build/lib.linux-x86_64-2.7/horovod/tensorflow
    copying horovod/tensorflow/mpi_ops.py -&gt; build/lib.linux-x86_64-2.7/horovod/tensorflow
    copying horovod/tensorflow/compression.py -&gt; build/lib.linux-x86_64-2.7/horovod/tensorflow
    copying horovod/tensorflow/util.py -&gt; build/lib.linux-x86_64-2.7/horovod/tensorflow
    creating build/lib.linux-x86_64-2.7/horovod/torch
    copying horovod/torch/__init__.py -&gt; build/lib.linux-x86_64-2.7/horovod/torch
    copying horovod/torch/mpi_ops.py -&gt; build/lib.linux-x86_64-2.7/horovod/torch
    copying horovod/torch/compression.py -&gt; build/lib.linux-x86_64-2.7/horovod/torch
    creating build/lib.linux-x86_64-2.7/horovod/run/common
    copying horovod/run/common/__init__.py -&gt; build/lib.linux-x86_64-2.7/horovod/run/common
    creating build/lib.linux-x86_64-2.7/horovod/run/util
    copying horovod/run/util/__init__.py -&gt; build/lib.linux-x86_64-2.7/horovod/run/util
    copying horovod/run/util/network.py -&gt; build/lib.linux-x86_64-2.7/horovod/run/util
    copying horovod/run/util/threads.py -&gt; build/lib.linux-x86_64-2.7/horovod/run/util
    copying horovod/run/util/cache.py -&gt; build/lib.linux-x86_64-2.7/horovod/run/util
    creating build/lib.linux-x86_64-2.7/horovod/run/task
    copying horovod/run/task/task_service.py -&gt; build/lib.linux-x86_64-2.7/horovod/run/task
    copying horovod/run/task/__init__.py -&gt; build/lib.linux-x86_64-2.7/horovod/run/task
    creating build/lib.linux-x86_64-2.7/horovod/run/driver
    copying horovod/run/driver/__init__.py -&gt; build/lib.linux-x86_64-2.7/horovod/run/driver
    copying horovod/run/driver/driver_service.py -&gt; build/lib.linux-x86_64-2.7/horovod/run/driver
    creating build/lib.linux-x86_64-2.7/horovod/run/common/util
    copying horovod/run/common/util/host_hash.py -&gt; build/lib.linux-x86_64-2.7/horovod/run/common/util
    copying horovod/run/common/util/__init__.py -&gt; build/lib.linux-x86_64-2.7/horovod/run/common/util
    copying horovod/run/common/util/secret.py -&gt; build/lib.linux-x86_64-2.7/horovod/run/common/util
    copying horovod/run/common/util/timeout.py -&gt; build/lib.linux-x86_64-2.7/horovod/run/common/util
    copying horovod/run/common/util/network.py -&gt; build/lib.linux-x86_64-2.7/horovod/run/common/util
    copying horovod/run/common/util/codec.py -&gt; build/lib.linux-x86_64-2.7/horovod/run/common/util
    copying horovod/run/common/util/safe_shell_exec.py -&gt; build/lib.linux-x86_64-2.7/horovod/run/common/util
    creating build/lib.linux-x86_64-2.7/horovod/run/common/service
    copying horovod/run/common/service/task_service.py -&gt; build/lib.linux-x86_64-2.7/horovod/run/common/service
    copying horovod/run/common/service/__init__.py -&gt; build/lib.linux-x86_64-2.7/horovod/run/common/service
    copying horovod/run/common/service/driver_service.py -&gt; build/lib.linux-x86_64-2.7/horovod/run/common/service
    creating build/lib.linux-x86_64-2.7/horovod/spark/task
    copying horovod/spark/task/task_service.py -&gt; build/lib.linux-x86_64-2.7/horovod/spark/task
    copying horovod/spark/task/__init__.py -&gt; build/lib.linux-x86_64-2.7/horovod/spark/task
    copying horovod/spark/task/mpirun_exec_fn.py -&gt; build/lib.linux-x86_64-2.7/horovod/spark/task
    creating build/lib.linux-x86_64-2.7/horovod/spark/driver
    copying horovod/spark/driver/mpirun_rsh.py -&gt; build/lib.linux-x86_64-2.7/horovod/spark/driver
    copying horovod/spark/driver/__init__.py -&gt; build/lib.linux-x86_64-2.7/horovod/spark/driver
    copying horovod/spark/driver/driver_service.py -&gt; build/lib.linux-x86_64-2.7/horovod/spark/driver
    copying horovod/spark/driver/job_id.py -&gt; build/lib.linux-x86_64-2.7/horovod/spark/driver
    creating build/lib.linux-x86_64-2.7/horovod/tensorflow/keras
    copying horovod/tensorflow/keras/__init__.py -&gt; build/lib.linux-x86_64-2.7/horovod/tensorflow/keras
    copying horovod/tensorflow/keras/callbacks.py -&gt; build/lib.linux-x86_64-2.7/horovod/tensorflow/keras
    creating build/lib.linux-x86_64-2.7/horovod/torch/mpi_lib_impl
    copying horovod/torch/mpi_lib_impl/__init__.py -&gt; build/lib.linux-x86_64-2.7/horovod/torch/mpi_lib_impl
    creating build/lib.linux-x86_64-2.7/horovod/torch/mpi_lib
    copying horovod/torch/mpi_lib/__init__.py -&gt; build/lib.linux-x86_64-2.7/horovod/torch/mpi_lib
    running build_ext
    gcc -pthread -B /home/ec2-user/anaconda3/envs/tensorflow_p27_1_13_1/compiler_compat -Wl,--sysroot=/ -fno-strict-aliasing -g -O2 -DNDEBUG -g -fwrapv -O3 -Wall -Wstrict-prototypes -fPIC -std=c++11 -fPIC -O2 -Wall -mf16c -mavx -I/home/ec2-user/anaconda3/envs/tensorflow_p27_1_13_1/include/python2.7 -c build/temp.linux-x86_64-2.7/test_compile/test_cpp_flags.cc -o build/temp.linux-x86_64-2.7/test_compile/test_cpp_flags.o
    cc1plus: warning: command line option ‘-Wstrict-prototypes’ is valid for C/ObjC but not for C++ [enabled by default]
    gcc -pthread -shared -B /home/ec2-user/anaconda3/envs/tensorflow_p27_1_13_1/compiler_compat -L/home/ec2-user/anaconda3/envs/tensorflow_p27_1_13_1/lib -Wl,-rpath=/home/ec2-user/anaconda3/envs/tensorflow_p27_1_13_1/lib -Wl,--no-as-needed -Wl,--sysroot=/ build/temp.linux-x86_64-2.7/test_compile/test_cpp_flags.o -L/home/ec2-user/anaconda3/envs/tensorflow_p27_1_13_1/lib -o build/temp.linux-x86_64-2.7/test_compile/test_cpp_flags.so
    gcc -pthread -B /home/ec2-user/anaconda3/envs/tensorflow_p27_1_13_1/compiler_compat -Wl,--sysroot=/ -fno-strict-aliasing -g -O2 -DNDEBUG -g -fwrapv -O3 -Wall -Wstrict-prototypes -fPIC -I/home/ec2-user/anaconda3/envs/tensorflow_p27_1_13_1/include/python2.7 -c build/temp.linux-x86_64-2.7/test_compile/test_link_flags.cc -o build/temp.linux-x86_64-2.7/test_compile/test_link_flags.o
    cc1plus: warning: command line option ‘-Wstrict-prototypes’ is valid for C/ObjC but not for C++ [enabled by default]
    gcc -pthread -shared -B /home/ec2-user/anaconda3/envs/tensorflow_p27_1_13_1/compiler_compat -L/home/ec2-user/anaconda3/envs/tensorflow_p27_1_13_1/lib -Wl,-rpath=/home/ec2-user/anaconda3/envs/tensorflow_p27_1_13_1/lib -Wl,--no-as-needed -Wl,--sysroot=/ -Wl,--version-script=horovod.lds build/temp.linux-x86_64-2.7/test_compile/test_link_flags.o -L/home/ec2-user/anaconda3/envs/tensorflow_p27_1_13_1/lib -o build/temp.linux-x86_64-2.7/test_compile/test_link_flags.so
    gcc -pthread -B /home/ec2-user/anaconda3/envs/tensorflow_p27_1_13_1/compiler_compat -Wl,--sysroot=/ -fno-strict-aliasing -g -O2 -DNDEBUG -g -fwrapv -O3 -Wall -Wstrict-prototypes -fPIC -std=c++11 -fPIC -O2 -Wall -mf16c -mavx -I/usr/local/cuda/include -I/home/ec2-user/anaconda3/envs/tensorflow_p27_1_13_1/include/python2.7 -c build/temp.linux-x86_64-2.7/test_compile/test_cuda.cc -o build/temp.linux-x86_64-2.7/test_compile/test_cuda.o
    cc1plus: warning: command line option ‘-Wstrict-prototypes’ is valid for C/ObjC but not for C++ [enabled by default]
    gcc -pthread -shared -B /home/ec2-user/anaconda3/envs/tensorflow_p27_1_13_1/compiler_compat -L/home/ec2-user/anaconda3/envs/tensorflow_p27_1_13_1/lib -Wl,-rpath=/home/ec2-user/anaconda3/envs/tensorflow_p27_1_13_1/lib -Wl,--no-as-needed -Wl,--sysroot=/ build/temp.linux-x86_64-2.7/test_compile/test_cuda.o -L/usr/local/cuda/lib -L/usr/local/cuda/lib64 -L/home/ec2-user/anaconda3/envs/tensorflow_p27_1_13_1/lib -lcudart -o build/temp.linux-x86_64-2.7/test_compile/test_cuda.so
    gcc -pthread -B /home/ec2-user/anaconda3/envs/tensorflow_p27_1_13_1/compiler_compat -Wl,--sysroot=/ -fno-strict-aliasing -g -O2 -DNDEBUG -g -fwrapv -O3 -Wall -Wstrict-prototypes -fPIC -std=c++11 -fPIC -O2 -Wall -mf16c -mavx -I/usr/local/cuda-9.0/include -I/usr/local/cuda/include -I/home/ec2-user/anaconda3/envs/tensorflow_p27_1_13_1/include/python2.7 -c build/temp.linux-x86_64-2.7/test_compile/test_nccl.cc -o build/temp.linux-x86_64-2.7/test_compile/test_nccl.o
    cc1plus: warning: command line option ‘-Wstrict-prototypes’ is valid for C/ObjC but not for C++ [enabled by default]
    gcc -pthread -shared -B /home/ec2-user/anaconda3/envs/tensorflow_p27_1_13_1/compiler_compat -L/home/ec2-user/anaconda3/envs/tensorflow_p27_1_13_1/lib -Wl,-rpath=/home/ec2-user/anaconda3/envs/tensorflow_p27_1_13_1/lib -Wl,--no-as-needed -Wl,--sysroot=/ build/temp.linux-x86_64-2.7/test_compile/test_nccl.o -L/usr/local/cuda-9.0/lib -L/usr/local/cuda-9.0/lib64 -L/usr/local/cuda/lib -L/usr/local/cuda/lib64 -L/home/ec2-user/anaconda3/envs/tensorflow_p27_1_13_1/lib -lnccl_static -o build/temp.linux-x86_64-2.7/test_compile/test_nccl.so
    building 'horovod.tensorflow.mpi_lib' extension
    creating build/temp.linux-x86_64-2.7/horovod
    creating build/temp.linux-x86_64-2.7/horovod/common
    creating build/temp.linux-x86_64-2.7/horovod/common/ops
    creating build/temp.linux-x86_64-2.7/horovod/common/optim
    creating build/temp.linux-x86_64-2.7/horovod/tensorflow
    gcc -pthread -B /home/ec2-user/anaconda3/envs/tensorflow_p27_1_13_1/compiler_compat -Wl,--sysroot=/ -fno-strict-aliasing -g -O2 -DNDEBUG -g -fwrapv -O3 -Wall -Wstrict-prototypes -fPIC -DEIGEN_MPL2_ONLY=1 -DHAVE_CUDA=1 -DHAVE_NCCL=1 -DHOROVOD_GPU_ALLREDUCE='N' -Ithird_party/eigen -Ithird_party/lbfgs/include -Ithird_party/boost/assert/include -Ithird_party/boost/config/include -Ithird_party/boost/core/include -Ithird_party/boost/detail/include -Ithird_party/boost/iterator/include -Ithird_party/boost/lockfree/include -Ithird_party/boost/mpl/include -Ithird_party/boost/parameter/include -Ithird_party/boost/predef/include -Ithird_party/boost/preprocessor/include -Ithird_party/boost/static_assert/include -Ithird_party/boost/type_traits/include -Ithird_party/boost/utility/include -Ithird_party/flatbuffers/include -I/usr/local/cuda/include -I/usr/local/cuda-9.0/include -I/home/ec2-user/anaconda3/envs/tensorflow_p27_1_13_1/include/python2.7 -c horovod/common/common.cc -o build/temp.linux-x86_64-2.7/horovod/common/common.o -std=c++11 -fPIC -O2 -Wall -mf16c -mavx -I/home/ec2-user/anaconda3/envs/tensorflow_p27_1_13_1/include -pthread -Wl,-rpath -Wl,/home/ec2-user/anaconda3/envs/tensorflow_p27_1_13_1/lib -Wl,--enable-new-dtags -L/home/ec2-user/anaconda3/envs/tensorflow_p27_1_13_1/lib -lmpi_cxx -lmpi -I/home/ec2-user/anaconda3/envs/tensorflow_p27_1_13_1/lib/python2.7/site-packages/tensorflow/include -D_GLIBCXX_USE_CXX11_ABI=1
    cc1plus: warning: command line option ‘-Wstrict-prototypes’ is valid for C/ObjC but not for C++ [enabled by default]
    gcc -pthread -B /home/ec2-user/anaconda3/envs/tensorflow_p27_1_13_1/compiler_compat -Wl,--sysroot=/ -fno-strict-aliasing -g -O2 -DNDEBUG -g -fwrapv -O3 -Wall -Wstrict-prototypes -fPIC -DEIGEN_MPL2_ONLY=1 -DHAVE_CUDA=1 -DHAVE_NCCL=1 -DHOROVOD_GPU_ALLREDUCE='N' -Ithird_party/eigen -Ithird_party/lbfgs/include -Ithird_party/boost/assert/include -Ithird_party/boost/config/include -Ithird_party/boost/core/include -Ithird_party/boost/detail/include -Ithird_party/boost/iterator/include -Ithird_party/boost/lockfree/include -Ithird_party/boost/mpl/include -Ithird_party/boost/parameter/include -Ithird_party/boost/predef/include -Ithird_party/boost/preprocessor/include -Ithird_party/boost/static_assert/include -Ithird_party/boost/type_traits/include -Ithird_party/boost/utility/include -Ithird_party/flatbuffers/include -I/usr/local/cuda/include -I/usr/local/cuda-9.0/include -I/home/ec2-user/anaconda3/envs/tensorflow_p27_1_13_1/include/python2.7 -c horovod/common/fusion_buffer_manager.cc -o build/temp.linux-x86_64-2.7/horovod/common/fusion_buffer_manager.o -std=c++11 -fPIC -O2 -Wall -mf16c -mavx -I/home/ec2-user/anaconda3/envs/tensorflow_p27_1_13_1/include -pthread -Wl,-rpath -Wl,/home/ec2-user/anaconda3/envs/tensorflow_p27_1_13_1/lib -Wl,--enable-new-dtags -L/home/ec2-user/anaconda3/envs/tensorflow_p27_1_13_1/lib -lmpi_cxx -lmpi -I/home/ec2-user/anaconda3/envs/tensorflow_p27_1_13_1/lib/python2.7/site-packages/tensorflow/include -D_GLIBCXX_USE_CXX11_ABI=1
    cc1plus: warning: command line option ‘-Wstrict-prototypes’ is valid for C/ObjC but not for C++ [enabled by default]
    gcc -pthread -B /home/ec2-user/anaconda3/envs/tensorflow_p27_1_13_1/compiler_compat -Wl,--sysroot=/ -fno-strict-aliasing -g -O2 -DNDEBUG -g -fwrapv -O3 -Wall -Wstrict-prototypes -fPIC -DEIGEN_MPL2_ONLY=1 -DHAVE_CUDA=1 -DHAVE_NCCL=1 -DHOROVOD_GPU_ALLREDUCE='N' -Ithird_party/eigen -Ithird_party/lbfgs/include -Ithird_party/boost/assert/include -Ithird_party/boost/config/include -Ithird_party/boost/core/include -Ithird_party/boost/detail/include -Ithird_party/boost/iterator/include -Ithird_party/boost/lockfree/include -Ithird_party/boost/mpl/include -Ithird_party/boost/parameter/include -Ithird_party/boost/predef/include -Ithird_party/boost/preprocessor/include -Ithird_party/boost/static_assert/include -Ithird_party/boost/type_traits/include -Ithird_party/boost/utility/include -Ithird_party/flatbuffers/include -I/usr/local/cuda/include -I/usr/local/cuda-9.0/include -I/home/ec2-user/anaconda3/envs/tensorflow_p27_1_13_1/include/python2.7 -c horovod/common/half.cc -o build/temp.linux-x86_64-2.7/horovod/common/half.o -std=c++11 -fPIC -O2 -Wall -mf16c -mavx -I/home/ec2-user/anaconda3/envs/tensorflow_p27_1_13_1/include -pthread -Wl,-rpath -Wl,/home/ec2-user/anaconda3/envs/tensorflow_p27_1_13_1/lib -Wl,--enable-new-dtags -L/home/ec2-user/anaconda3/envs/tensorflow_p27_1_13_1/lib -lmpi_cxx -lmpi -I/home/ec2-user/anaconda3/envs/tensorflow_p27_1_13_1/lib/python2.7/site-packages/tensorflow/include -D_GLIBCXX_USE_CXX11_ABI=1
    cc1plus: warning: command line option ‘-Wstrict-prototypes’ is valid for C/ObjC but not for C++ [enabled by default]
    gcc -pthread -B /home/ec2-user/anaconda3/envs/tensorflow_p27_1_13_1/compiler_compat -Wl,--sysroot=/ -fno-strict-aliasing -g -O2 -DNDEBUG -g -fwrapv -O3 -Wall -Wstrict-prototypes -fPIC -DEIGEN_MPL2_ONLY=1 -DHAVE_CUDA=1 -DHAVE_NCCL=1 -DHOROVOD_GPU_ALLREDUCE='N' -Ithird_party/eigen -Ithird_party/lbfgs/include -Ithird_party/boost/assert/include -Ithird_party/boost/config/include -Ithird_party/boost/core/include -Ithird_party/boost/detail/include -Ithird_party/boost/iterator/include -Ithird_party/boost/lockfree/include -Ithird_party/boost/mpl/include -Ithird_party/boost/parameter/include -Ithird_party/boost/predef/include -Ithird_party/boost/preprocessor/include -Ithird_party/boost/static_assert/include -Ithird_party/boost/type_traits/include -Ithird_party/boost/utility/include -Ithird_party/flatbuffers/include -I/usr/local/cuda/include -I/usr/local/cuda-9.0/include -I/home/ec2-user/anaconda3/envs/tensorflow_p27_1_13_1/include/python2.7 -c horovod/common/message.cc -o build/temp.linux-x86_64-2.7/horovod/common/message.o -std=c++11 -fPIC -O2 -Wall -mf16c -mavx -I/home/ec2-user/anaconda3/envs/tensorflow_p27_1_13_1/include -pthread -Wl,-rpath -Wl,/home/ec2-user/anaconda3/envs/tensorflow_p27_1_13_1/lib -Wl,--enable-new-dtags -L/home/ec2-user/anaconda3/envs/tensorflow_p27_1_13_1/lib -lmpi_cxx -lmpi -I/home/ec2-user/anaconda3/envs/tensorflow_p27_1_13_1/lib/python2.7/site-packages/tensorflow/include -D_GLIBCXX_USE_CXX11_ABI=1
    cc1plus: warning: command line option ‘-Wstrict-prototypes’ is valid for C/ObjC but not for C++ [enabled by default]
    gcc -pthread -B /home/ec2-user/anaconda3/envs/tensorflow_p27_1_13_1/compiler_compat -Wl,--sysroot=/ -fno-strict-aliasing -g -O2 -DNDEBUG -g -fwrapv -O3 -Wall -Wstrict-prototypes -fPIC -DEIGEN_MPL2_ONLY=1 -DHAVE_CUDA=1 -DHAVE_NCCL=1 -DHOROVOD_GPU_ALLREDUCE='N' -Ithird_party/eigen -Ithird_party/lbfgs/include -Ithird_party/boost/assert/include -Ithird_party/boost/config/include -Ithird_party/boost/core/include -Ithird_party/boost/detail/include -Ithird_party/boost/iterator/include -Ithird_party/boost/lockfree/include -Ithird_party/boost/mpl/include -Ithird_party/boost/parameter/include -Ithird_party/boost/predef/include -Ithird_party/boost/preprocessor/include -Ithird_party/boost/static_assert/include -Ithird_party/boost/type_traits/include -Ithird_party/boost/utility/include -Ithird_party/flatbuffers/include -I/usr/local/cuda/include -I/usr/local/cuda-9.0/include -I/home/ec2-user/anaconda3/envs/tensorflow_p27_1_13_1/include/python2.7 -c horovod/common/mpi_context.cc -o build/temp.linux-x86_64-2.7/horovod/common/mpi_context.o -std=c++11 -fPIC -O2 -Wall -mf16c -mavx -I/home/ec2-user/anaconda3/envs/tensorflow_p27_1_13_1/include -pthread -Wl,-rpath -Wl,/home/ec2-user/anaconda3/envs/tensorflow_p27_1_13_1/lib -Wl,--enable-new-dtags -L/home/ec2-user/anaconda3/envs/tensorflow_p27_1_13_1/lib -lmpi_cxx -lmpi -I/home/ec2-user/anaconda3/envs/tensorflow_p27_1_13_1/lib/python2.7/site-packages/tensorflow/include -D_GLIBCXX_USE_CXX11_ABI=1
    cc1plus: warning: command line option ‘-Wstrict-prototypes’ is valid for C/ObjC but not for C++ [enabled by default]
    gcc -pthread -B /home/ec2-user/anaconda3/envs/tensorflow_p27_1_13_1/compiler_compat -Wl,--sysroot=/ -fno-strict-aliasing -g -O2 -DNDEBUG -g -fwrapv -O3 -Wall -Wstrict-prototypes -fPIC -DEIGEN_MPL2_ONLY=1 -DHAVE_CUDA=1 -DHAVE_NCCL=1 -DHOROVOD_GPU_ALLREDUCE='N' -Ithird_party/eigen -Ithird_party/lbfgs/include -Ithird_party/boost/assert/include -Ithird_party/boost/config/include -Ithird_party/boost/core/include -Ithird_party/boost/detail/include -Ithird_party/boost/iterator/include -Ithird_party/boost/lockfree/include -Ithird_party/boost/mpl/include -Ithird_party/boost/parameter/include -Ithird_party/boost/predef/include -Ithird_party/boost/preprocessor/include -Ithird_party/boost/static_assert/include -Ithird_party/boost/type_traits/include -Ithird_party/boost/utility/include -Ithird_party/flatbuffers/include -I/usr/local/cuda/include -I/usr/local/cuda-9.0/include -I/home/ec2-user/anaconda3/envs/tensorflow_p27_1_13_1/include/python2.7 -c horovod/common/operations.cc -o build/temp.linux-x86_64-2.7/horovod/common/operations.o -std=c++11 -fPIC -O2 -Wall -mf16c -mavx -I/home/ec2-user/anaconda3/envs/tensorflow_p27_1_13_1/include -pthread -Wl,-rpath -Wl,/home/ec2-user/anaconda3/envs/tensorflow_p27_1_13_1/lib -Wl,--enable-new-dtags -L/home/ec2-user/anaconda3/envs/tensorflow_p27_1_13_1/lib -lmpi_cxx -lmpi -I/home/ec2-user/anaconda3/envs/tensorflow_p27_1_13_1/lib/python2.7/site-packages/tensorflow/include -D_GLIBCXX_USE_CXX11_ABI=1
    cc1plus: warning: command line option ‘-Wstrict-prototypes’ is valid for C/ObjC but not for C++ [enabled by default]
    gcc -pthread -B /home/ec2-user/anaconda3/envs/tensorflow_p27_1_13_1/compiler_compat -Wl,--sysroot=/ -fno-strict-aliasing -g -O2 -DNDEBUG -g -fwrapv -O3 -Wall -Wstrict-prototypes -fPIC -DEIGEN_MPL2_ONLY=1 -DHAVE_CUDA=1 -DHAVE_NCCL=1 -DHOROVOD_GPU_ALLREDUCE='N' -Ithird_party/eigen -Ithird_party/lbfgs/include -Ithird_party/boost/assert/include -Ithird_party/boost/config/include -Ithird_party/boost/core/include -Ithird_party/boost/detail/include -Ithird_party/boost/iterator/include -Ithird_party/boost/lockfree/include -Ithird_party/boost/mpl/include -Ithird_party/boost/parameter/include -Ithird_party/boost/predef/include -Ithird_party/boost/preprocessor/include -Ithird_party/boost/static_assert/include -Ithird_party/boost/type_traits/include -Ithird_party/boost/utility/include -Ithird_party/flatbuffers/include -I/usr/local/cuda/include -I/usr/local/cuda-9.0/include -I/home/ec2-user/anaconda3/envs/tensorflow_p27_1_13_1/include/python2.7 -c horovod/common/parameter_manager.cc -o build/temp.linux-x86_64-2.7/horovod/common/parameter_manager.o -std=c++11 -fPIC -O2 -Wall -mf16c -mavx -I/home/ec2-user/anaconda3/envs/tensorflow_p27_1_13_1/include -pthread -Wl,-rpath -Wl,/home/ec2-user/anaconda3/envs/tensorflow_p27_1_13_1/lib -Wl,--enable-new-dtags -L/home/ec2-user/anaconda3/envs/tensorflow_p27_1_13_1/lib -lmpi_cxx -lmpi -I/home/ec2-user/anaconda3/envs/tensorflow_p27_1_13_1/lib/python2.7/site-packages/tensorflow/include -D_GLIBCXX_USE_CXX11_ABI=1
    cc1plus: warning: command line option ‘-Wstrict-prototypes’ is valid for C/ObjC but not for C++ [enabled by default]
    gcc -pthread -B /home/ec2-user/anaconda3/envs/tensorflow_p27_1_13_1/compiler_compat -Wl,--sysroot=/ -fno-strict-aliasing -g -O2 -DNDEBUG -g -fwrapv -O3 -Wall -Wstrict-prototypes -fPIC -DEIGEN_MPL2_ONLY=1 -DHAVE_CUDA=1 -DHAVE_NCCL=1 -DHOROVOD_GPU_ALLREDUCE='N' -Ithird_party/eigen -Ithird_party/lbfgs/include -Ithird_party/boost/assert/include -Ithird_party/boost/config/include -Ithird_party/boost/core/include -Ithird_party/boost/detail/include -Ithird_party/boost/iterator/include -Ithird_party/boost/lockfree/include -Ithird_party/boost/mpl/include -Ithird_party/boost/parameter/include -Ithird_party/boost/predef/include -Ithird_party/boost/preprocessor/include -Ithird_party/boost/static_assert/include -Ithird_party/boost/type_traits/include -Ithird_party/boost/utility/include -Ithird_party/flatbuffers/include -I/usr/local/cuda/include -I/usr/local/cuda-9.0/include -I/home/ec2-user/anaconda3/envs/tensorflow_p27_1_13_1/include/python2.7 -c horovod/common/timeline.cc -o build/temp.linux-x86_64-2.7/horovod/common/timeline.o -std=c++11 -fPIC -O2 -Wall -mf16c -mavx -I/home/ec2-user/anaconda3/envs/tensorflow_p27_1_13_1/include -pthread -Wl,-rpath -Wl,/home/ec2-user/anaconda3/envs/tensorflow_p27_1_13_1/lib -Wl,--enable-new-dtags -L/home/ec2-user/anaconda3/envs/tensorflow_p27_1_13_1/lib -lmpi_cxx -lmpi -I/home/ec2-user/anaconda3/envs/tensorflow_p27_1_13_1/lib/python2.7/site-packages/tensorflow/include -D_GLIBCXX_USE_CXX11_ABI=1
    cc1plus: warning: command line option ‘-Wstrict-prototypes’ is valid for C/ObjC but not for C++ [enabled by default]
    gcc -pthread -B /home/ec2-user/anaconda3/envs/tensorflow_p27_1_13_1/compiler_compat -Wl,--sysroot=/ -fno-strict-aliasing -g -O2 -DNDEBUG -g -fwrapv -O3 -Wall -Wstrict-prototypes -fPIC -DEIGEN_MPL2_ONLY=1 -DHAVE_CUDA=1 -DHAVE_NCCL=1 -DHOROVOD_GPU_ALLREDUCE='N' -Ithird_party/eigen -Ithird_party/lbfgs/include -Ithird_party/boost/assert/include -Ithird_party/boost/config/include -Ithird_party/boost/core/include -Ithird_party/boost/detail/include -Ithird_party/boost/iterator/include -Ithird_party/boost/lockfree/include -Ithird_party/boost/mpl/include -Ithird_party/boost/parameter/include -Ithird_party/boost/predef/include -Ithird_party/boost/preprocessor/include -Ithird_party/boost/static_assert/include -Ithird_party/boost/type_traits/include -Ithird_party/boost/utility/include -Ithird_party/flatbuffers/include -I/usr/local/cuda/include -I/usr/local/cuda-9.0/include -I/home/ec2-user/anaconda3/envs/tensorflow_p27_1_13_1/include/python2.7 -c horovod/common/ops/collective_operations.cc -o build/temp.linux-x86_64-2.7/horovod/common/ops/collective_operations.o -std=c++11 -fPIC -O2 -Wall -mf16c -mavx -I/home/ec2-user/anaconda3/envs/tensorflow_p27_1_13_1/include -pthread -Wl,-rpath -Wl,/home/ec2-user/anaconda3/envs/tensorflow_p27_1_13_1/lib -Wl,--enable-new-dtags -L/home/ec2-user/anaconda3/envs/tensorflow_p27_1_13_1/lib -lmpi_cxx -lmpi -I/home/ec2-user/anaconda3/envs/tensorflow_p27_1_13_1/lib/python2.7/site-packages/tensorflow/include -D_GLIBCXX_USE_CXX11_ABI=1
    cc1plus: warning: command line option ‘-Wstrict-prototypes’ is valid for C/ObjC but not for C++ [enabled by default]
    gcc -pthread -B /home/ec2-user/anaconda3/envs/tensorflow_p27_1_13_1/compiler_compat -Wl,--sysroot=/ -fno-strict-aliasing -g -O2 -DNDEBUG -g -fwrapv -O3 -Wall -Wstrict-prototypes -fPIC -DEIGEN_MPL2_ONLY=1 -DHAVE_CUDA=1 -DHAVE_NCCL=1 -DHOROVOD_GPU_ALLREDUCE='N' -Ithird_party/eigen -Ithird_party/lbfgs/include -Ithird_party/boost/assert/include -Ithird_party/boost/config/include -Ithird_party/boost/core/include -Ithird_party/boost/detail/include -Ithird_party/boost/iterator/include -Ithird_party/boost/lockfree/include -Ithird_party/boost/mpl/include -Ithird_party/boost/parameter/include -Ithird_party/boost/predef/include -Ithird_party/boost/preprocessor/include -Ithird_party/boost/static_assert/include -Ithird_party/boost/type_traits/include -Ithird_party/boost/utility/include -Ithird_party/flatbuffers/include -I/usr/local/cuda/include -I/usr/local/cuda-9.0/include -I/home/ec2-user/anaconda3/envs/tensorflow_p27_1_13_1/include/python2.7 -c horovod/common/ops/mpi_operations.cc -o build/temp.linux-x86_64-2.7/horovod/common/ops/mpi_operations.o -std=c++11 -fPIC -O2 -Wall -mf16c -mavx -I/home/ec2-user/anaconda3/envs/tensorflow_p27_1_13_1/include -pthread -Wl,-rpath -Wl,/home/ec2-user/anaconda3/envs/tensorflow_p27_1_13_1/lib -Wl,--enable-new-dtags -L/home/ec2-user/anaconda3/envs/tensorflow_p27_1_13_1/lib -lmpi_cxx -lmpi -I/home/ec2-user/anaconda3/envs/tensorflow_p27_1_13_1/lib/python2.7/site-packages/tensorflow/include -D_GLIBCXX_USE_CXX11_ABI=1
    cc1plus: warning: command line option ‘-Wstrict-prototypes’ is valid for C/ObjC but not for C++ [enabled by default]
    gcc -pthread -B /home/ec2-user/anaconda3/envs/tensorflow_p27_1_13_1/compiler_compat -Wl,--sysroot=/ -fno-strict-aliasing -g -O2 -DNDEBUG -g -fwrapv -O3 -Wall -Wstrict-prototypes -fPIC -DEIGEN_MPL2_ONLY=1 -DHAVE_CUDA=1 -DHAVE_NCCL=1 -DHOROVOD_GPU_ALLREDUCE='N' -Ithird_party/eigen -Ithird_party/lbfgs/include -Ithird_party/boost/assert/include -Ithird_party/boost/config/include -Ithird_party/boost/core/include -Ithird_party/boost/detail/include -Ithird_party/boost/iterator/include -Ithird_party/boost/lockfree/include -Ithird_party/boost/mpl/include -Ithird_party/boost/parameter/include -Ithird_party/boost/predef/include -Ithird_party/boost/preprocessor/include -Ithird_party/boost/static_assert/include -Ithird_party/boost/type_traits/include -Ithird_party/boost/utility/include -Ithird_party/flatbuffers/include -I/usr/local/cuda/include -I/usr/local/cuda-9.0/include -I/home/ec2-user/anaconda3/envs/tensorflow_p27_1_13_1/include/python2.7 -c horovod/common/ops/operation_manager.cc -o build/temp.linux-x86_64-2.7/horovod/common/ops/operation_manager.o -std=c++11 -fPIC -O2 -Wall -mf16c -mavx -I/home/ec2-user/anaconda3/envs/tensorflow_p27_1_13_1/include -pthread -Wl,-rpath -Wl,/home/ec2-user/anaconda3/envs/tensorflow_p27_1_13_1/lib -Wl,--enable-new-dtags -L/home/ec2-user/anaconda3/envs/tensorflow_p27_1_13_1/lib -lmpi_cxx -lmpi -I/home/ec2-user/anaconda3/envs/tensorflow_p27_1_13_1/lib/python2.7/site-packages/tensorflow/include -D_GLIBCXX_USE_CXX11_ABI=1
    cc1plus: warning: command line option ‘-Wstrict-prototypes’ is valid for C/ObjC but not for C++ [enabled by default]
    gcc -pthread -B /home/ec2-user/anaconda3/envs/tensorflow_p27_1_13_1/compiler_compat -Wl,--sysroot=/ -fno-strict-aliasing -g -O2 -DNDEBUG -g -fwrapv -O3 -Wall -Wstrict-prototypes -fPIC -DEIGEN_MPL2_ONLY=1 -DHAVE_CUDA=1 -DHAVE_NCCL=1 -DHOROVOD_GPU_ALLREDUCE='N' -Ithird_party/eigen -Ithird_party/lbfgs/include -Ithird_party/boost/assert/include -Ithird_party/boost/config/include -Ithird_party/boost/core/include -Ithird_party/boost/detail/include -Ithird_party/boost/iterator/include -Ithird_party/boost/lockfree/include -Ithird_party/boost/mpl/include -Ithird_party/boost/parameter/include -Ithird_party/boost/predef/include -Ithird_party/boost/preprocessor/include -Ithird_party/boost/static_assert/include -Ithird_party/boost/type_traits/include -Ithird_party/boost/utility/include -Ithird_party/flatbuffers/include -I/usr/local/cuda/include -I/usr/local/cuda-9.0/include -I/home/ec2-user/anaconda3/envs/tensorflow_p27_1_13_1/include/python2.7 -c horovod/common/optim/bayesian_optimization.cc -o build/temp.linux-x86_64-2.7/horovod/common/optim/bayesian_optimization.o -std=c++11 -fPIC -O2 -Wall -mf16c -mavx -I/home/ec2-user/anaconda3/envs/tensorflow_p27_1_13_1/include -pthread -Wl,-rpath -Wl,/home/ec2-user/anaconda3/envs/tensorflow_p27_1_13_1/lib -Wl,--enable-new-dtags -L/home/ec2-user/anaconda3/envs/tensorflow_p27_1_13_1/lib -lmpi_cxx -lmpi -I/home/ec2-user/anaconda3/envs/tensorflow_p27_1_13_1/lib/python2.7/site-packages/tensorflow/include -D_GLIBCXX_USE_CXX11_ABI=1
    cc1plus: warning: command line option ‘-Wstrict-prototypes’ is valid for C/ObjC but not for C++ [enabled by default]
    gcc -pthread -B /home/ec2-user/anaconda3/envs/tensorflow_p27_1_13_1/compiler_compat -Wl,--sysroot=/ -fno-strict-aliasing -g -O2 -DNDEBUG -g -fwrapv -O3 -Wall -Wstrict-prototypes -fPIC -DEIGEN_MPL2_ONLY=1 -DHAVE_CUDA=1 -DHAVE_NCCL=1 -DHOROVOD_GPU_ALLREDUCE='N' -Ithird_party/eigen -Ithird_party/lbfgs/include -Ithird_party/boost/assert/include -Ithird_party/boost/config/include -Ithird_party/boost/core/include -Ithird_party/boost/detail/include -Ithird_party/boost/iterator/include -Ithird_party/boost/lockfree/include -Ithird_party/boost/mpl/include -Ithird_party/boost/parameter/include -Ithird_party/boost/predef/include -Ithird_party/boost/preprocessor/include -Ithird_party/boost/static_assert/include -Ithird_party/boost/type_traits/include -Ithird_party/boost/utility/include -Ithird_party/flatbuffers/include -I/usr/local/cuda/include -I/usr/local/cuda-9.0/include -I/home/ec2-user/anaconda3/envs/tensorflow_p27_1_13_1/include/python2.7 -c horovod/common/optim/gaussian_process.cc -o build/temp.linux-x86_64-2.7/horovod/common/optim/gaussian_process.o -std=c++11 -fPIC -O2 -Wall -mf16c -mavx -I/home/ec2-user/anaconda3/envs/tensorflow_p27_1_13_1/include -pthread -Wl,-rpath -Wl,/home/ec2-user/anaconda3/envs/tensorflow_p27_1_13_1/lib -Wl,--enable-new-dtags -L/home/ec2-user/anaconda3/envs/tensorflow_p27_1_13_1/lib -lmpi_cxx -lmpi -I/home/ec2-user/anaconda3/envs/tensorflow_p27_1_13_1/lib/python2.7/site-packages/tensorflow/include -D_GLIBCXX_USE_CXX11_ABI=1
    cc1plus: warning: command line option ‘-Wstrict-prototypes’ is valid for C/ObjC but not for C++ [enabled by default]
    gcc -pthread -B /home/ec2-user/anaconda3/envs/tensorflow_p27_1_13_1/compiler_compat -Wl,--sysroot=/ -fno-strict-aliasing -g -O2 -DNDEBUG -g -fwrapv -O3 -Wall -Wstrict-prototypes -fPIC -DEIGEN_MPL2_ONLY=1 -DHAVE_CUDA=1 -DHAVE_NCCL=1 -DHOROVOD_GPU_ALLREDUCE='N' -Ithird_party/eigen -Ithird_party/lbfgs/include -Ithird_party/boost/assert/include -Ithird_party/boost/config/include -Ithird_party/boost/core/include -Ithird_party/boost/detail/include -Ithird_party/boost/iterator/include -Ithird_party/boost/lockfree/include -Ithird_party/boost/mpl/include -Ithird_party/boost/parameter/include -Ithird_party/boost/predef/include -Ithird_party/boost/preprocessor/include -Ithird_party/boost/static_assert/include -Ithird_party/boost/type_traits/include -Ithird_party/boost/utility/include -Ithird_party/flatbuffers/include -I/usr/local/cuda/include -I/usr/local/cuda-9.0/include -I/home/ec2-user/anaconda3/envs/tensorflow_p27_1_13_1/include/python2.7 -c horovod/common/logging.cc -o build/temp.linux-x86_64-2.7/horovod/common/logging.o -std=c++11 -fPIC -O2 -Wall -mf16c -mavx -I/home/ec2-user/anaconda3/envs/tensorflow_p27_1_13_1/include -pthread -Wl,-rpath -Wl,/home/ec2-user/anaconda3/envs/tensorflow_p27_1_13_1/lib -Wl,--enable-new-dtags -L/home/ec2-user/anaconda3/envs/tensorflow_p27_1_13_1/lib -lmpi_cxx -lmpi -I/home/ec2-user/anaconda3/envs/tensorflow_p27_1_13_1/lib/python2.7/site-packages/tensorflow/include -D_GLIBCXX_USE_CXX11_ABI=1
    cc1plus: warning: command line option ‘-Wstrict-prototypes’ is valid for C/ObjC but not for C++ [enabled by default]
    gcc -pthread -B /home/ec2-user/anaconda3/envs/tensorflow_p27_1_13_1/compiler_compat -Wl,--sysroot=/ -fno-strict-aliasing -g -O2 -DNDEBUG -g -fwrapv -O3 -Wall -Wstrict-prototypes -fPIC -DEIGEN_MPL2_ONLY=1 -DHAVE_CUDA=1 -DHAVE_NCCL=1 -DHOROVOD_GPU_ALLREDUCE='N' -Ithird_party/eigen -Ithird_party/lbfgs/include -Ithird_party/boost/assert/include -Ithird_party/boost/config/include -Ithird_party/boost/core/include -Ithird_party/boost/detail/include -Ithird_party/boost/iterator/include -Ithird_party/boost/lockfree/include -Ithird_party/boost/mpl/include -Ithird_party/boost/parameter/include -Ithird_party/boost/predef/include -Ithird_party/boost/preprocessor/include -Ithird_party/boost/static_assert/include -Ithird_party/boost/type_traits/include -Ithird_party/boost/utility/include -Ithird_party/flatbuffers/include -I/usr/local/cuda/include -I/usr/local/cuda-9.0/include -I/home/ec2-user/anaconda3/envs/tensorflow_p27_1_13_1/include/python2.7 -c horovod/common/ops/cuda_operations.cc -o build/temp.linux-x86_64-2.7/horovod/common/ops/cuda_operations.o -std=c++11 -fPIC -O2 -Wall -mf16c -mavx -I/home/ec2-user/anaconda3/envs/tensorflow_p27_1_13_1/include -pthread -Wl,-rpath -Wl,/home/ec2-user/anaconda3/envs/tensorflow_p27_1_13_1/lib -Wl,--enable-new-dtags -L/home/ec2-user/anaconda3/envs/tensorflow_p27_1_13_1/lib -lmpi_cxx -lmpi -I/home/ec2-user/anaconda3/envs/tensorflow_p27_1_13_1/lib/python2.7/site-packages/tensorflow/include -D_GLIBCXX_USE_CXX11_ABI=1
    cc1plus: warning: command line option ‘-Wstrict-prototypes’ is valid for C/ObjC but not for C++ [enabled by default]
    gcc -pthread -B /home/ec2-user/anaconda3/envs/tensorflow_p27_1_13_1/compiler_compat -Wl,--sysroot=/ -fno-strict-aliasing -g -O2 -DNDEBUG -g -fwrapv -O3 -Wall -Wstrict-prototypes -fPIC -DEIGEN_MPL2_ONLY=1 -DHAVE_CUDA=1 -DHAVE_NCCL=1 -DHOROVOD_GPU_ALLREDUCE='N' -Ithird_party/eigen -Ithird_party/lbfgs/include -Ithird_party/boost/assert/include -Ithird_party/boost/config/include -Ithird_party/boost/core/include -Ithird_party/boost/detail/include -Ithird_party/boost/iterator/include -Ithird_party/boost/lockfree/include -Ithird_party/boost/mpl/include -Ithird_party/boost/parameter/include -Ithird_party/boost/predef/include -Ithird_party/boost/preprocessor/include -Ithird_party/boost/static_assert/include -Ithird_party/boost/type_traits/include -Ithird_party/boost/utility/include -Ithird_party/flatbuffers/include -I/usr/local/cuda/include -I/usr/local/cuda-9.0/include -I/home/ec2-user/anaconda3/envs/tensorflow_p27_1_13_1/include/python2.7 -c horovod/common/ops/mpi_cuda_operations.cc -o build/temp.linux-x86_64-2.7/horovod/common/ops/mpi_cuda_operations.o -std=c++11 -fPIC -O2 -Wall -mf16c -mavx -I/home/ec2-user/anaconda3/envs/tensorflow_p27_1_13_1/include -pthread -Wl,-rpath -Wl,/home/ec2-user/anaconda3/envs/tensorflow_p27_1_13_1/lib -Wl,--enable-new-dtags -L/home/ec2-user/anaconda3/envs/tensorflow_p27_1_13_1/lib -lmpi_cxx -lmpi -I/home/ec2-user/anaconda3/envs/tensorflow_p27_1_13_1/lib/python2.7/site-packages/tensorflow/include -D_GLIBCXX_USE_CXX11_ABI=1
    cc1plus: warning: command line option ‘-Wstrict-prototypes’ is valid for C/ObjC but not for C++ [enabled by default]
    gcc -pthread -B /home/ec2-user/anaconda3/envs/tensorflow_p27_1_13_1/compiler_compat -Wl,--sysroot=/ -fno-strict-aliasing -g -O2 -DNDEBUG -g -fwrapv -O3 -Wall -Wstrict-prototypes -fPIC -DEIGEN_MPL2_ONLY=1 -DHAVE_CUDA=1 -DHAVE_NCCL=1 -DHOROVOD_GPU_ALLREDUCE='N' -Ithird_party/eigen -Ithird_party/lbfgs/include -Ithird_party/boost/assert/include -Ithird_party/boost/config/include -Ithird_party/boost/core/include -Ithird_party/boost/detail/include -Ithird_party/boost/iterator/include -Ithird_party/boost/lockfree/include -Ithird_party/boost/mpl/include -Ithird_party/boost/parameter/include -Ithird_party/boost/predef/include -Ithird_party/boost/preprocessor/include -Ithird_party/boost/static_assert/include -Ithird_party/boost/type_traits/include -Ithird_party/boost/utility/include -Ithird_party/flatbuffers/include -I/usr/local/cuda/include -I/usr/local/cuda-9.0/include -I/home/ec2-user/anaconda3/envs/tensorflow_p27_1_13_1/include/python2.7 -c horovod/common/ops/nccl_operations.cc -o build/temp.linux-x86_64-2.7/horovod/common/ops/nccl_operations.o -std=c++11 -fPIC -O2 -Wall -mf16c -mavx -I/home/ec2-user/anaconda3/envs/tensorflow_p27_1_13_1/include -pthread -Wl,-rpath -Wl,/home/ec2-user/anaconda3/envs/tensorflow_p27_1_13_1/lib -Wl,--enable-new-dtags -L/home/ec2-user/anaconda3/envs/tensorflow_p27_1_13_1/lib -lmpi_cxx -lmpi -I/home/ec2-user/anaconda3/envs/tensorflow_p27_1_13_1/lib/python2.7/site-packages/tensorflow/include -D_GLIBCXX_USE_CXX11_ABI=1
    cc1plus: warning: command line option ‘-Wstrict-prototypes’ is valid for C/ObjC but not for C++ [enabled by default]
    gcc -pthread -B /home/ec2-user/anaconda3/envs/tensorflow_p27_1_13_1/compiler_compat -Wl,--sysroot=/ -fno-strict-aliasing -g -O2 -DNDEBUG -g -fwrapv -O3 -Wall -Wstrict-prototypes -fPIC -DEIGEN_MPL2_ONLY=1 -DHAVE_CUDA=1 -DHAVE_NCCL=1 -DHOROVOD_GPU_ALLREDUCE='N' -Ithird_party/eigen -Ithird_party/lbfgs/include -Ithird_party/boost/assert/include -Ithird_party/boost/config/include -Ithird_party/boost/core/include -Ithird_party/boost/detail/include -Ithird_party/boost/iterator/include -Ithird_party/boost/lockfree/include -Ithird_party/boost/mpl/include -Ithird_party/boost/parameter/include -Ithird_party/boost/predef/include -Ithird_party/boost/preprocessor/include -Ithird_party/boost/static_assert/include -Ithird_party/boost/type_traits/include -Ithird_party/boost/utility/include -Ithird_party/flatbuffers/include -I/usr/local/cuda/include -I/usr/local/cuda-9.0/include -I/home/ec2-user/anaconda3/envs/tensorflow_p27_1_13_1/include/python2.7 -c horovod/tensorflow/mpi_ops.cc -o build/temp.linux-x86_64-2.7/horovod/tensorflow/mpi_ops.o -std=c++11 -fPIC -O2 -Wall -mf16c -mavx -I/home/ec2-user/anaconda3/envs/tensorflow_p27_1_13_1/include -pthread -Wl,-rpath -Wl,/home/ec2-user/anaconda3/envs/tensorflow_p27_1_13_1/lib -Wl,--enable-new-dtags -L/home/ec2-user/anaconda3/envs/tensorflow_p27_1_13_1/lib -lmpi_cxx -lmpi -I/home/ec2-user/anaconda3/envs/tensorflow_p27_1_13_1/lib/python2.7/site-packages/tensorflow/include -D_GLIBCXX_USE_CXX11_ABI=1
    cc1plus: warning: command line option ‘-Wstrict-prototypes’ is valid for C/ObjC but not for C++ [enabled by default]
    In file included from /home/ec2-user/anaconda3/envs/tensorflow_p27_1_13_1/lib/python2.7/site-packages/tensorflow/include/tensorflow/core/framework/op_def_builder.h:24:0,
                     from /home/ec2-user/anaconda3/envs/tensorflow_p27_1_13_1/lib/python2.7/site-packages/tensorflow/include/tensorflow/core/framework/op.h:23,
                     from horovod/tensorflow/mpi_ops.cc:22:
    /home/ec2-user/anaconda3/envs/tensorflow_p27_1_13_1/lib/python2.7/site-packages/tensorflow/include/tensorflow/core/framework/op_def.pb.h:12:2: error: #error This file was generated by a newer version of protoc which is
     #error This file was generated by a newer version of protoc which is
      ^
    /home/ec2-user/anaconda3/envs/tensorflow_p27_1_13_1/lib/python2.7/site-packages/tensorflow/include/tensorflow/core/framework/op_def.pb.h:13:2: error: #error incompatible with your Protocol Buffer headers. Please update
     #error incompatible with your Protocol Buffer headers.  Please update
      ^
    /home/ec2-user/anaconda3/envs/tensorflow_p27_1_13_1/lib/python2.7/site-packages/tensorflow/include/tensorflow/core/framework/op_def.pb.h:14:2: error: #error your headers.
     #error your headers.
      ^
    In file included from /home/ec2-user/anaconda3/envs/tensorflow_p27_1_13_1/lib/python2.7/site-packages/tensorflow/include/tensorflow/core/framework/op_def.pb.h:33:0,
                     from /home/ec2-user/anaconda3/envs/tensorflow_p27_1_13_1/lib/python2.7/site-packages/tensorflow/include/tensorflow/core/framework/op_def_builder.h:24,
                     from /home/ec2-user/anaconda3/envs/tensorflow_p27_1_13_1/lib/python2.7/site-packages/tensorflow/include/tensorflow/core/framework/op.h:23,
                     from horovod/tensorflow/mpi_ops.cc:22:
    /home/ec2-user/anaconda3/envs/tensorflow_p27_1_13_1/lib/python2.7/site-packages/tensorflow/include/tensorflow/core/framework/attr_value.pb.h:12:2: error: #error This file was generated by a newer version of protoc which is
     #error This file was generated by a newer version of protoc which is
      ^
    /home/ec2-user/anaconda3/envs/tensorflow_p27_1_13_1/lib/python2.7/site-packages/tensorflow/include/tensorflow/core/framework/attr_value.pb.h:13:2: error: #error incompatible with your Protocol Buffer headers. Please update
     #error incompatible with your Protocol Buffer headers.  Please update
      ^
    /home/ec2-user/anaconda3/envs/tensorflow_p27_1_13_1/lib/python2.7/site-packages/tensorflow/include/tensorflow/core/framework/attr_value.pb.h:14:2: error: #error your headers.
     #error your headers.
      ^
    In file included from /home/ec2-user/anaconda3/envs/tensorflow_p27_1_13_1/lib/python2.7/site-packages/tensorflow/include/tensorflow/core/framework/attr_value.pb.h:36:0,
                     from /home/ec2-user/anaconda3/envs/tensorflow_p27_1_13_1/lib/python2.7/site-packages/tensorflow/include/tensorflow/core/framework/op_def.pb.h:33,
                     from /home/ec2-user/anaconda3/envs/tensorflow_p27_1_13_1/lib/python2.7/site-packages/tensorflow/include/tensorflow/core/framework/op_def_builder.h:24,
                     from /home/ec2-user/anaconda3/envs/tensorflow_p27_1_13_1/lib/python2.7/site-packages/tensorflow/include/tensorflow/core/framework/op.h:23,
                     from horovod/tensorflow/mpi_ops.cc:22:
    /home/ec2-user/anaconda3/envs/tensorflow_p27_1_13_1/lib/python2.7/site-packages/tensorflow/include/tensorflow/core/framework/tensor.pb.h:12:2: error: #error This file was generated by a newer version of protoc which is
     #error This file was generated by a newer version of protoc which is
      ^
    /home/ec2-user/anaconda3/envs/tensorflow_p27_1_13_1/lib/python2.7/site-packages/tensorflow/include/tensorflow/core/framework/tensor.pb.h:13:2: error: #error incompatible with your Protocol Buffer headers. Please update
     #error incompatible with your Protocol Buffer headers.  Please update
      ^
    /home/ec2-user/anaconda3/envs/tensorflow_p27_1_13_1/lib/python2.7/site-packages/tensorflow/include/tensorflow/core/framework/tensor.pb.h:14:2: error: #error your headers.
     #error your headers.
      ^
    In file included from /home/ec2-user/anaconda3/envs/tensorflow_p27_1_13_1/lib/python2.7/site-packages/tensorflow/include/tensorflow/core/framework/tensor.pb.h:33:0,
                     from /home/ec2-user/anaconda3/envs/tensorflow_p27_1_13_1/lib/python2.7/site-packages/tensorflow/include/tensorflow/core/framework/attr_value.pb.h:36,
                     from /home/ec2-user/anaconda3/envs/tensorflow_p27_1_13_1/lib/python2.7/site-packages/tensorflow/include/tensorflow/core/framework/op_def.pb.h:33,
                     from /home/ec2-user/anaconda3/envs/tensorflow_p27_1_13_1/lib/python2.7/site-packages/tensorflow/include/tensorflow/core/framework/op_def_builder.h:24,
                     from /home/ec2-user/anaconda3/envs/tensorflow_p27_1_13_1/lib/python2.7/site-packages/tensorflow/include/tensorflow/core/framework/op.h:23,
                     from horovod/tensorflow/mpi_ops.cc:22:
    /home/ec2-user/anaconda3/envs/tensorflow_p27_1_13_1/lib/python2.7/site-packages/tensorflow/include/tensorflow/core/framework/resource_handle.pb.h:12:2: error: #error This file was generated by a newer version of protoc which is
     #error This file was generated by a newer version of protoc which is
      ^
    /home/ec2-user/anaconda3/envs/tensorflow_p27_1_13_1/lib/python2.7/site-packages/tensorflow/include/tensorflow/core/framework/resource_handle.pb.h:13:2: error: #error incompatible with your Protocol Buffer headers. Please update
     #error incompatible with your Protocol Buffer headers.  Please update
      ^
    /home/ec2-user/anaconda3/envs/tensorflow_p27_1_13_1/lib/python2.7/site-packages/tensorflow/include/tensorflow/core/framework/resource_handle.pb.h:14:2: error: #error your headers.
     #error your headers.
      ^
    In file included from /home/ec2-user/anaconda3/envs/tensorflow_p27_1_13_1/lib/python2.7/site-packages/tensorflow/include/tensorflow/core/framework/tensor.pb.h:34:0,
                     from /home/ec2-user/anaconda3/envs/tensorflow_p27_1_13_1/lib/python2.7/site-packages/tensorflow/include/tensorflow/core/framework/attr_value.pb.h:36,
                     from /home/ec2-user/anaconda3/envs/tensorflow_p27_1_13_1/lib/python2.7/site-packages/tensorflow/include/tensorflow/core/framework/op_def.pb.h:33,
                     from /home/ec2-user/anaconda3/envs/tensorflow_p27_1_13_1/lib/python2.7/site-packages/tensorflow/include/tensorflow/core/framework/op_def_builder.h:24,
                     from /home/ec2-user/anaconda3/envs/tensorflow_p27_1_13_1/lib/python2.7/site-packages/tensorflow/include/tensorflow/core/framework/op.h:23,
                     from horovod/tensorflow/mpi_ops.cc:22:
    /home/ec2-user/anaconda3/envs/tensorflow_p27_1_13_1/lib/python2.7/site-packages/tensorflow/include/tensorflow/core/framework/tensor_shape.pb.h:12:2: error: #error This file was generated by a newer version of protoc which is
     #error This file was generated by a newer version of protoc which is
      ^
    /home/ec2-user/anaconda3/envs/tensorflow_p27_1_13_1/lib/python2.7/site-packages/tensorflow/include/tensorflow/core/framework/tensor_shape.pb.h:13:2: error: #error incompatible with your Protocol Buffer headers. Please update
     #error incompatible with your Protocol Buffer headers.  Please update
      ^
    /home/ec2-user/anaconda3/envs/tensorflow_p27_1_13_1/lib/python2.7/site-packages/tensorflow/include/tensorflow/core/framework/tensor_shape.pb.h:14:2: error: #error your headers.
     #error your headers.
      ^
    In file included from /home/ec2-user/anaconda3/envs/tensorflow_p27_1_13_1/lib/python2.7/site-packages/tensorflow/include/tensorflow/core/framework/tensor.pb.h:35:0,
                     from /home/ec2-user/anaconda3/envs/tensorflow_p27_1_13_1/lib/python2.7/site-packages/tensorflow/include/tensorflow/core/framework/attr_value.pb.h:36,
                     from /home/ec2-user/anaconda3/envs/tensorflow_p27_1_13_1/lib/python2.7/site-packages/tensorflow/include/tensorflow/core/framework/op_def.pb.h:33,
                     from /home/ec2-user/anaconda3/envs/tensorflow_p27_1_13_1/lib/python2.7/site-packages/tensorflow/include/tensorflow/core/framework/op_def_builder.h:24,
                     from /home/ec2-user/anaconda3/envs/tensorflow_p27_1_13_1/lib/python2.7/site-packages/tensorflow/include/tensorflow/core/framework/op.h:23,
                     from horovod/tensorflow/mpi_ops.cc:22:
    /home/ec2-user/anaconda3/envs/tensorflow_p27_1_13_1/lib/python2.7/site-packages/tensorflow/include/tensorflow/core/framework/types.pb.h:12:2: error: #error This file was generated by a newer version of protoc which is
     #error This file was generated by a newer version of protoc which is
      ^
    /home/ec2-user/anaconda3/envs/tensorflow_p27_1_13_1/lib/python2.7/site-packages/tensorflow/include/tensorflow/core/framework/types.pb.h:13:2: error: #error incompatible with your Protocol Buffer headers. Please update
     #error incompatible with your Protocol Buffer headers.  Please update
      ^
    /home/ec2-user/anaconda3/envs/tensorflow_p27_1_13_1/lib/python2.7/site-packages/tensorflow/include/tensorflow/core/framework/types.pb.h:14:2: error: #error your headers.
     #error your headers.
      ^
    In file included from /home/ec2-user/anaconda3/envs/tensorflow_p27_1_13_1/lib/python2.7/site-packages/tensorflow/include/tensorflow/core/lib/core/status.h:23:0,
                     from /home/ec2-user/anaconda3/envs/tensorflow_p27_1_13_1/lib/python2.7/site-packages/tensorflow/include/tensorflow/core/framework/op_def_builder.h:25,
                     from /home/ec2-user/anaconda3/envs/tensorflow_p27_1_13_1/lib/python2.7/site-packages/tensorflow/include/tensorflow/core/framework/op.h:23,
                     from horovod/tensorflow/mpi_ops.cc:22:
    /home/ec2-user/anaconda3/envs/tensorflow_p27_1_13_1/lib/python2.7/site-packages/tensorflow/include/tensorflow/core/lib/core/error_codes.pb.h:12:2: error: #error This file was generated by a newer version of protoc which is
     #error This file was generated by a newer version of protoc which is
      ^
    /home/ec2-user/anaconda3/envs/tensorflow_p27_1_13_1/lib/python2.7/site-packages/tensorflow/include/tensorflow/core/lib/core/error_codes.pb.h:13:2: error: #error incompatible with your Protocol Buffer headers. Please update
     #error incompatible with your Protocol Buffer headers.  Please update
      ^
    /home/ec2-user/anaconda3/envs/tensorflow_p27_1_13_1/lib/python2.7/site-packages/tensorflow/include/tensorflow/core/lib/core/error_codes.pb.h:14:2: error: #error your headers.
     #error your headers.
      ^
    In file included from /home/ec2-user/anaconda3/envs/tensorflow_p27_1_13_1/lib/python2.7/site-packages/tensorflow/include/tensorflow/core/framework/op_def_util.h:23:0,
                     from /home/ec2-user/anaconda3/envs/tensorflow_p27_1_13_1/lib/python2.7/site-packages/tensorflow/include/tensorflow/core/framework/op.h:24,
                     from horovod/tensorflow/mpi_ops.cc:22:
    /home/ec2-user/anaconda3/envs/tensorflow_p27_1_13_1/lib/python2.7/site-packages/tensorflow/include/tensorflow/core/framework/api_def.pb.h:12:2: error: #error This file was generated by a newer version of protoc which is
     #error This file was generated by a newer version of protoc which is
      ^
    /home/ec2-user/anaconda3/envs/tensorflow_p27_1_13_1/lib/python2.7/site-packages/tensorflow/include/tensorflow/core/framework/api_def.pb.h:13:2: error: #error incompatible with your Protocol Buffer headers. Please update
     #error incompatible with your Protocol Buffer headers.  Please update
      ^
    /home/ec2-user/anaconda3/envs/tensorflow_p27_1_13_1/lib/python2.7/site-packages/tensorflow/include/tensorflow/core/framework/api_def.pb.h:14:2: error: #error your headers.
     #error your headers.
      ^
    In file included from /home/ec2-user/anaconda3/envs/tensorflow_p27_1_13_1/lib/python2.7/site-packages/tensorflow/include/tensorflow/core/framework/op_kernel.h:27:0,
                     from horovod/tensorflow/mpi_ops.cc:23:
    /home/ec2-user/anaconda3/envs/tensorflow_p27_1_13_1/lib/python2.7/site-packages/tensorflow/include/tensorflow/core/framework/graph.pb.h:12:2: error: #error This file was generated by a newer version of protoc which is
     #error This file was generated by a newer version of protoc which is
      ^
    /home/ec2-user/anaconda3/envs/tensorflow_p27_1_13_1/lib/python2.7/site-packages/tensorflow/include/tensorflow/core/framework/graph.pb.h:13:2: error: #error incompatible with your Protocol Buffer headers. Please update
     #error incompatible with your Protocol Buffer headers.  Please update
      ^
    /home/ec2-user/anaconda3/envs/tensorflow_p27_1_13_1/lib/python2.7/site-packages/tensorflow/include/tensorflow/core/framework/graph.pb.h:14:2: error: #error your headers.
     #error your headers.
      ^
    In file included from /home/ec2-user/anaconda3/envs/tensorflow_p27_1_13_1/lib/python2.7/site-packages/tensorflow/include/tensorflow/core/framework/graph.pb.h:33:0,
                     from /home/ec2-user/anaconda3/envs/tensorflow_p27_1_13_1/lib/python2.7/site-packages/tensorflow/include/tensorflow/core/framework/op_kernel.h:27,
                     from horovod/tensorflow/mpi_ops.cc:23:
    /home/ec2-user/anaconda3/envs/tensorflow_p27_1_13_1/lib/python2.7/site-packages/tensorflow/include/tensorflow/core/framework/node_def.pb.h:12:2: error: #error This file was generated by a newer version of protoc which is
     #error This file was generated by a newer version of protoc which is
      ^
    /home/ec2-user/anaconda3/envs/tensorflow_p27_1_13_1/lib/python2.7/site-packages/tensorflow/include/tensorflow/core/framework/node_def.pb.h:13:2: error: #error incompatible with your Protocol Buffer headers. Please update
     #error incompatible with your Protocol Buffer headers.  Please update
      ^
    /home/ec2-user/anaconda3/envs/tensorflow_p27_1_13_1/lib/python2.7/site-packages/tensorflow/include/tensorflow/core/framework/node_def.pb.h:14:2: error: #error your headers.
     #error your headers.
      ^
    In file included from /home/ec2-user/anaconda3/envs/tensorflow_p27_1_13_1/lib/python2.7/site-packages/tensorflow/include/tensorflow/core/framework/graph.pb.h:34:0,
                     from /home/ec2-user/anaconda3/envs/tensorflow_p27_1_13_1/lib/python2.7/site-packages/tensorflow/include/tensorflow/core/framework/op_kernel.h:27,
                     from horovod/tensorflow/mpi_ops.cc:23:
    /home/ec2-user/anaconda3/envs/tensorflow_p27_1_13_1/lib/python2.7/site-packages/tensorflow/include/tensorflow/core/framework/function.pb.h:12:2: error: #error This file was generated by a newer version of protoc which is
     #error This file was generated by a newer version of protoc which is
      ^
    /home/ec2-user/anaconda3/envs/tensorflow_p27_1_13_1/lib/python2.7/site-packages/tensorflow/include/tensorflow/core/framework/function.pb.h:13:2: error: #error incompatible with your Protocol Buffer headers. Please update
     #error incompatible with your Protocol Buffer headers.  Please update
      ^
    /home/ec2-user/anaconda3/envs/tensorflow_p27_1_13_1/lib/python2.7/site-packages/tensorflow/include/tensorflow/core/framework/function.pb.h:14:2: error: #error your headers.
     #error your headers.
      ^
    In file included from /home/ec2-user/anaconda3/envs/tensorflow_p27_1_13_1/lib/python2.7/site-packages/tensorflow/include/tensorflow/core/framework/graph.pb.h:35:0,
                     from /home/ec2-user/anaconda3/envs/tensorflow_p27_1_13_1/lib/python2.7/site-packages/tensorflow/include/tensorflow/core/framework/op_kernel.h:27,
                     from horovod/tensorflow/mpi_ops.cc:23:
    /home/ec2-user/anaconda3/envs/tensorflow_p27_1_13_1/lib/python2.7/site-packages/tensorflow/include/tensorflow/core/framework/versions.pb.h:12:2: error: #error This file was generated by a newer version of protoc which is
     #error This file was generated by a newer version of protoc which is
      ^
    /home/ec2-user/anaconda3/envs/tensorflow_p27_1_13_1/lib/python2.7/site-packages/tensorflow/include/tensorflow/core/framework/versions.pb.h:13:2: error: #error incompatible with your Protocol Buffer headers. Please update
     #error incompatible with your Protocol Buffer headers.  Please update
      ^
    /home/ec2-user/anaconda3/envs/tensorflow_p27_1_13_1/lib/python2.7/site-packages/tensorflow/include/tensorflow/core/framework/versions.pb.h:14:2: error: #error your headers.
     #error your headers.
      ^
    In file included from /home/ec2-user/anaconda3/envs/tensorflow_p27_1_13_1/lib/python2.7/site-packages/tensorflow/include/tensorflow/core/framework/op_kernel.h:28:0,
                     from horovod/tensorflow/mpi_ops.cc:23:
    /home/ec2-user/anaconda3/envs/tensorflow_p27_1_13_1/lib/python2.7/site-packages/tensorflow/include/tensorflow/core/framework/kernel_def.pb.h:12:2: error: #error This file was generated by a newer version of protoc which is
     #error This file was generated by a newer version of protoc which is
      ^
    /home/ec2-user/anaconda3/envs/tensorflow_p27_1_13_1/lib/python2.7/site-packages/tensorflow/include/tensorflow/core/framework/kernel_def.pb.h:13:2: error: #error incompatible with your Protocol Buffer headers. Please update
     #error incompatible with your Protocol Buffer headers.  Please update
      ^
    /home/ec2-user/anaconda3/envs/tensorflow_p27_1_13_1/lib/python2.7/site-packages/tensorflow/include/tensorflow/core/framework/kernel_def.pb.h:14:2: error: #error your headers.
     #error your headers.
      ^
    In file included from /home/ec2-user/anaconda3/envs/tensorflow_p27_1_13_1/lib/python2.7/site-packages/tensorflow/include/tensorflow/stream_executor/dnn.h:34:0,
                     from /home/ec2-user/anaconda3/envs/tensorflow_p27_1_13_1/lib/python2.7/site-packages/tensorflow/include/tensorflow/stream_executor/stream.h:31,
                     from horovod/tensorflow/mpi_ops.cc:29:
    /home/ec2-user/anaconda3/envs/tensorflow_p27_1_13_1/lib/python2.7/site-packages/tensorflow/include/tensorflow/stream_executor/dnn.pb.h:12:2: error: #error This file was generated by a newer version of protoc which is
     #error This file was generated by a newer version of protoc which is
      ^
    /home/ec2-user/anaconda3/envs/tensorflow_p27_1_13_1/lib/python2.7/site-packages/tensorflow/include/tensorflow/stream_executor/dnn.pb.h:13:2: error: #error incompatible with your Protocol Buffer headers. Please update
     #error incompatible with your Protocol Buffer headers.  Please update
      ^
    /home/ec2-user/anaconda3/envs/tensorflow_p27_1_13_1/lib/python2.7/site-packages/tensorflow/include/tensorflow/stream_executor/dnn.pb.h:14:2: error: #error your headers.
     #error your headers.
      ^
    INFO: Unable to build TensorFlow plugin, will skip it.
    
    Traceback (most recent call last):
      File "/tmp/pip-install-VZlq_a/horovod/setup.py", line 909, in build_extensions
        build_tf_extension(self, options)
      File "/tmp/pip-install-VZlq_a/horovod/setup.py", line 622, in build_tf_extension
        build_ext.build_extension(tensorflow_mpi_lib)
      File "/home/ec2-user/anaconda3/envs/tensorflow_p27_1_13_1/lib/python2.7/site-packages/setuptools/command/build_ext.py", line 199, in build_extension
        _build_ext.build_extension(self, ext)
      File "/home/ec2-user/anaconda3/envs/tensorflow_p27_1_13_1/lib/python2.7/distutils/command/build_ext.py", line 499, in build_extension
        depends=ext.depends)
      File "/home/ec2-user/anaconda3/envs/tensorflow_p27_1_13_1/lib/python2.7/distutils/ccompiler.py", line 574, in compile
        self._compile(obj, src, ext, cc_args, extra_postargs, pp_opts)
      File "/home/ec2-user/anaconda3/envs/tensorflow_p27_1_13_1/lib/python2.7/distutils/unixccompiler.py", line 124, in _compile
        raise CompileError, msg
    CompileError: command 'gcc' failed with exit status 1
    
    INFO: Unable to build PyTorch plugin, will skip it.
    
    Traceback (most recent call last):
      File "/tmp/pip-install-VZlq_a/horovod/setup.py", line 920, in build_extensions
        torch_version = check_torch_version()
      File "/tmp/pip-install-VZlq_a/horovod/setup.py", line 718, in check_torch_version
        'import torch failed, is it installed?\n\n%s' % traceback.format_exc())
    DistutilsPlatformError: import torch failed, is it installed?
    
    Traceback (most recent call last):
      File "/tmp/pip-install-VZlq_a/horovod/setup.py", line 711, in check_torch_version
        import torch
    ImportError: No module named torch
    
    
    INFO: Unable to build MXNet plugin, will skip it.
    
    Traceback (most recent call last):
      File "/tmp/pip-install-VZlq_a/horovod/setup.py", line 935, in build_extensions
        build_mx_extension(self, options)
      File "/tmp/pip-install-VZlq_a/horovod/setup.py", line 672, in build_mx_extension
        check_mx_version()
      File "/tmp/pip-install-VZlq_a/horovod/setup.py", line 78, in check_mx_version
        'import mxnet failed, is it installed?\n\n%s' % traceback.format_exc())
    DistutilsPlatformError: import mxnet failed, is it installed?
    
    Traceback (most recent call last):
      File "/tmp/pip-install-VZlq_a/horovod/setup.py", line 71, in check_mx_version
        import mxnet as mx
    ImportError: No module named mxnet
    
    
    error: None of TensorFlow, PyTorch, or MXNet plugins were built. See errors above.
    
    ----------------------------------------
Command "/home/ec2-user/anaconda3/envs/tensorflow_p27_1_13_1/bin/python -u -c "import setuptools, tokenize;__file__='/tmp/pip-install-VZlq_a/horovod/setup.py';f=getattr(tokenize, 'open', open)(__file__);code=f.read().replace('\r\n', '\n');f.close();exec(compile(code, __file__, 'exec'))" install --record /tmp/pip-record-pCeskd/install-record.txt --single-version-externally-managed --compile --user --prefix=" failed with error code 1 in /tmp/pip-install-VZlq_a/horovod/
You are using pip version 10.0.1, however version 19.1.1 is available.
You should consider upgrading via the 'pip install --upgrade pip' command.

(tensorflow_p27_1_13_1) [ec2-user@ip-172-31-31-224 ~]$ python
Python 2.7.15 |Anaconda custom (64-bit)| (default, May  1 2018, 23:32:55) 
[GCC 7.2.0] on linux2
Type "help", "copyright", "credits" or "license" for more information.
&gt;&gt;&gt; import tensorflow
&gt;&gt;&gt; tensorflow.__version__                                                                                                                                             
'1.13.1'
&gt;&gt;&gt; 
&lt;/denchmark-code&gt;

	</description>
	<comments>
		<comment id='1' author='jackalcooper' date='2019-05-14T08:20:42Z'>
		after installing protobuf 3.6
&lt;denchmark-code&gt;(tensorflow_p27_1_13_1) [ec2-user@ip-172-31-31-224 ~]$ HOROVOD_GPU_ALLREDUCE=NCCL pip install --no-cache-dir horovod -U --user --ignore-installed                      
Collecting horovod
  Downloading https://files.pythonhosted.org/packages/89/70/327e1ce9bee0fb8a879b98f8265fb7a41ae6d04a3ee019b2bafba8b66333/horovod-0.16.1.tar.gz (2.6MB)
    100% |████████████████████████████████| 2.6MB 111.6MB/s                                                                                                            
Collecting cffi&gt;=1.4.0 (from horovod)
  Downloading https://files.pythonhosted.org/packages/8d/e9/0c8afd1579e5cf7bc0f06fbcd7cdb954cbc0baadd505973949a99337da1c/cffi-1.12.3-cp27-cp27mu-manylinux1_x86_64.whl (415kB)
    100% |████████████████████████████████| 419kB 113.4MB/s                                                                                                            
Collecting cloudpickle (from horovod)
  Downloading https://files.pythonhosted.org/packages/c6/d9/d45cdb70f3d86480f02f220bc2ec6da69a45de4a5bb61a49fd4a5106ada8/cloudpickle-1.0.0-py2.py3-none-any.whl
Collecting psutil (from horovod)
  Downloading https://files.pythonhosted.org/packages/c6/c1/beed5e4eaa1345901b595048fab1c85aee647ea0fc02d9e8bf9aceb81078/psutil-5.6.2.tar.gz (432kB)
    100% |████████████████████████████████| 440kB 112.8MB/s                                                                                                            
Collecting six (from horovod)
  Downloading https://files.pythonhosted.org/packages/73/fb/00a976f728d0d1fecfe898238ce23f502a721c0ac0ecfedb80e0d88c64e9/six-1.12.0-py2.py3-none-any.whl
Collecting pycparser (from cffi&gt;=1.4.0-&gt;horovod)
  Downloading https://files.pythonhosted.org/packages/68/9e/49196946aee219aead1290e00d1e7fdeab8567783e83e1b9ab5585e6206a/pycparser-2.19.tar.gz (158kB)
    100% |████████████████████████████████| 163kB 117.0MB/s                                                                                                            
Installing collected packages: pycparser, cffi, cloudpickle, psutil, six, horovod
  Running setup.py install for pycparser ... done
  Running setup.py install for psutil ... done
  Running setup.py install for horovod ... error
    Complete output from command /home/ec2-user/anaconda3/envs/tensorflow_p27_1_13_1/bin/python -u -c "import setuptools, tokenize;__file__='/tmp/pip-install-GofBye/horovod/setup.py';f=getattr(tokenize, 'open', open)(__file__);code=f.read().replace('\r\n', '\n');f.close();exec(compile(code, __file__, 'exec'))" install --record /tmp/pip-record-Je9Bs3/install-record.txt --single-version-externally-managed --compile --user --prefix=:
    running install
    running build
    running build_py
    creating build
    creating build/lib.linux-x86_64-2.7
    creating build/lib.linux-x86_64-2.7/horovod
    copying horovod/__init__.py -&gt; build/lib.linux-x86_64-2.7/horovod
    creating build/lib.linux-x86_64-2.7/horovod/keras
    copying horovod/keras/__init__.py -&gt; build/lib.linux-x86_64-2.7/horovod/keras
    copying horovod/keras/callbacks.py -&gt; build/lib.linux-x86_64-2.7/horovod/keras
    creating build/lib.linux-x86_64-2.7/horovod/_keras
    copying horovod/_keras/__init__.py -&gt; build/lib.linux-x86_64-2.7/horovod/_keras
    copying horovod/_keras/callbacks.py -&gt; build/lib.linux-x86_64-2.7/horovod/_keras
    creating build/lib.linux-x86_64-2.7/horovod/run
    copying horovod/run/run.py -&gt; build/lib.linux-x86_64-2.7/horovod/run
    copying horovod/run/__init__.py -&gt; build/lib.linux-x86_64-2.7/horovod/run
    copying horovod/run/task_fn.py -&gt; build/lib.linux-x86_64-2.7/horovod/run
    creating build/lib.linux-x86_64-2.7/horovod/mxnet
    copying horovod/mxnet/__init__.py -&gt; build/lib.linux-x86_64-2.7/horovod/mxnet
    copying horovod/mxnet/mpi_ops.py -&gt; build/lib.linux-x86_64-2.7/horovod/mxnet
    creating build/lib.linux-x86_64-2.7/horovod/spark
    copying horovod/spark/__init__.py -&gt; build/lib.linux-x86_64-2.7/horovod/spark
    creating build/lib.linux-x86_64-2.7/horovod/common
    copying horovod/common/__init__.py -&gt; build/lib.linux-x86_64-2.7/horovod/common
    creating build/lib.linux-x86_64-2.7/horovod/tensorflow
    copying horovod/tensorflow/__init__.py -&gt; build/lib.linux-x86_64-2.7/horovod/tensorflow
    copying horovod/tensorflow/mpi_ops.py -&gt; build/lib.linux-x86_64-2.7/horovod/tensorflow
    copying horovod/tensorflow/compression.py -&gt; build/lib.linux-x86_64-2.7/horovod/tensorflow
    copying horovod/tensorflow/util.py -&gt; build/lib.linux-x86_64-2.7/horovod/tensorflow
    creating build/lib.linux-x86_64-2.7/horovod/torch
    copying horovod/torch/__init__.py -&gt; build/lib.linux-x86_64-2.7/horovod/torch
    copying horovod/torch/mpi_ops.py -&gt; build/lib.linux-x86_64-2.7/horovod/torch
    copying horovod/torch/compression.py -&gt; build/lib.linux-x86_64-2.7/horovod/torch
    creating build/lib.linux-x86_64-2.7/horovod/run/common
    copying horovod/run/common/__init__.py -&gt; build/lib.linux-x86_64-2.7/horovod/run/common
    creating build/lib.linux-x86_64-2.7/horovod/run/util
    copying horovod/run/util/__init__.py -&gt; build/lib.linux-x86_64-2.7/horovod/run/util
    copying horovod/run/util/network.py -&gt; build/lib.linux-x86_64-2.7/horovod/run/util
    copying horovod/run/util/threads.py -&gt; build/lib.linux-x86_64-2.7/horovod/run/util
    copying horovod/run/util/cache.py -&gt; build/lib.linux-x86_64-2.7/horovod/run/util
    creating build/lib.linux-x86_64-2.7/horovod/run/task
    copying horovod/run/task/task_service.py -&gt; build/lib.linux-x86_64-2.7/horovod/run/task
    copying horovod/run/task/__init__.py -&gt; build/lib.linux-x86_64-2.7/horovod/run/task
    creating build/lib.linux-x86_64-2.7/horovod/run/driver
    copying horovod/run/driver/__init__.py -&gt; build/lib.linux-x86_64-2.7/horovod/run/driver
    copying horovod/run/driver/driver_service.py -&gt; build/lib.linux-x86_64-2.7/horovod/run/driver
    creating build/lib.linux-x86_64-2.7/horovod/run/common/util
    copying horovod/run/common/util/host_hash.py -&gt; build/lib.linux-x86_64-2.7/horovod/run/common/util
    copying horovod/run/common/util/__init__.py -&gt; build/lib.linux-x86_64-2.7/horovod/run/common/util
    copying horovod/run/common/util/secret.py -&gt; build/lib.linux-x86_64-2.7/horovod/run/common/util
    copying horovod/run/common/util/timeout.py -&gt; build/lib.linux-x86_64-2.7/horovod/run/common/util
    copying horovod/run/common/util/network.py -&gt; build/lib.linux-x86_64-2.7/horovod/run/common/util
    copying horovod/run/common/util/codec.py -&gt; build/lib.linux-x86_64-2.7/horovod/run/common/util
    copying horovod/run/common/util/safe_shell_exec.py -&gt; build/lib.linux-x86_64-2.7/horovod/run/common/util
    creating build/lib.linux-x86_64-2.7/horovod/run/common/service
    copying horovod/run/common/service/task_service.py -&gt; build/lib.linux-x86_64-2.7/horovod/run/common/service
    copying horovod/run/common/service/__init__.py -&gt; build/lib.linux-x86_64-2.7/horovod/run/common/service
    copying horovod/run/common/service/driver_service.py -&gt; build/lib.linux-x86_64-2.7/horovod/run/common/service
    creating build/lib.linux-x86_64-2.7/horovod/spark/task
    copying horovod/spark/task/task_service.py -&gt; build/lib.linux-x86_64-2.7/horovod/spark/task
    copying horovod/spark/task/__init__.py -&gt; build/lib.linux-x86_64-2.7/horovod/spark/task
    copying horovod/spark/task/mpirun_exec_fn.py -&gt; build/lib.linux-x86_64-2.7/horovod/spark/task
    creating build/lib.linux-x86_64-2.7/horovod/spark/driver
    copying horovod/spark/driver/mpirun_rsh.py -&gt; build/lib.linux-x86_64-2.7/horovod/spark/driver
    copying horovod/spark/driver/__init__.py -&gt; build/lib.linux-x86_64-2.7/horovod/spark/driver
    copying horovod/spark/driver/driver_service.py -&gt; build/lib.linux-x86_64-2.7/horovod/spark/driver
    copying horovod/spark/driver/job_id.py -&gt; build/lib.linux-x86_64-2.7/horovod/spark/driver
    creating build/lib.linux-x86_64-2.7/horovod/tensorflow/keras
    copying horovod/tensorflow/keras/__init__.py -&gt; build/lib.linux-x86_64-2.7/horovod/tensorflow/keras
    copying horovod/tensorflow/keras/callbacks.py -&gt; build/lib.linux-x86_64-2.7/horovod/tensorflow/keras
    creating build/lib.linux-x86_64-2.7/horovod/torch/mpi_lib_impl
    copying horovod/torch/mpi_lib_impl/__init__.py -&gt; build/lib.linux-x86_64-2.7/horovod/torch/mpi_lib_impl
    creating build/lib.linux-x86_64-2.7/horovod/torch/mpi_lib
    copying horovod/torch/mpi_lib/__init__.py -&gt; build/lib.linux-x86_64-2.7/horovod/torch/mpi_lib
    running build_ext
    gcc -pthread -B /home/ec2-user/anaconda3/envs/tensorflow_p27_1_13_1/compiler_compat -Wl,--sysroot=/ -fno-strict-aliasing -g -O2 -DNDEBUG -g -fwrapv -O3 -Wall -Wstrict-prototypes -fPIC -std=c++11 -fPIC -O2 -Wall -mf16c -mavx -I/home/ec2-user/anaconda3/envs/tensorflow_p27_1_13_1/include/python2.7 -c build/temp.linux-x86_64-2.7/test_compile/test_cpp_flags.cc -o build/temp.linux-x86_64-2.7/test_compile/test_cpp_flags.o
    cc1plus: warning: command line option ‘-Wstrict-prototypes’ is valid for C/ObjC but not for C++ [enabled by default]
    gcc -pthread -shared -B /home/ec2-user/anaconda3/envs/tensorflow_p27_1_13_1/compiler_compat -L/home/ec2-user/anaconda3/envs/tensorflow_p27_1_13_1/lib -Wl,-rpath=/home/ec2-user/anaconda3/envs/tensorflow_p27_1_13_1/lib -Wl,--no-as-needed -Wl,--sysroot=/ build/temp.linux-x86_64-2.7/test_compile/test_cpp_flags.o -L/home/ec2-user/anaconda3/envs/tensorflow_p27_1_13_1/lib -o build/temp.linux-x86_64-2.7/test_compile/test_cpp_flags.so
    gcc -pthread -B /home/ec2-user/anaconda3/envs/tensorflow_p27_1_13_1/compiler_compat -Wl,--sysroot=/ -fno-strict-aliasing -g -O2 -DNDEBUG -g -fwrapv -O3 -Wall -Wstrict-prototypes -fPIC -I/home/ec2-user/anaconda3/envs/tensorflow_p27_1_13_1/include/python2.7 -c build/temp.linux-x86_64-2.7/test_compile/test_link_flags.cc -o build/temp.linux-x86_64-2.7/test_compile/test_link_flags.o
    cc1plus: warning: command line option ‘-Wstrict-prototypes’ is valid for C/ObjC but not for C++ [enabled by default]
    gcc -pthread -shared -B /home/ec2-user/anaconda3/envs/tensorflow_p27_1_13_1/compiler_compat -L/home/ec2-user/anaconda3/envs/tensorflow_p27_1_13_1/lib -Wl,-rpath=/home/ec2-user/anaconda3/envs/tensorflow_p27_1_13_1/lib -Wl,--no-as-needed -Wl,--sysroot=/ -Wl,--version-script=horovod.lds build/temp.linux-x86_64-2.7/test_compile/test_link_flags.o -L/home/ec2-user/anaconda3/envs/tensorflow_p27_1_13_1/lib -o build/temp.linux-x86_64-2.7/test_compile/test_link_flags.so
    gcc -pthread -B /home/ec2-user/anaconda3/envs/tensorflow_p27_1_13_1/compiler_compat -Wl,--sysroot=/ -fno-strict-aliasing -g -O2 -DNDEBUG -g -fwrapv -O3 -Wall -Wstrict-prototypes -fPIC -std=c++11 -fPIC -O2 -Wall -mf16c -mavx -I/usr/local/cuda/include -I/home/ec2-user/anaconda3/envs/tensorflow_p27_1_13_1/include/python2.7 -c build/temp.linux-x86_64-2.7/test_compile/test_cuda.cc -o build/temp.linux-x86_64-2.7/test_compile/test_cuda.o
    cc1plus: warning: command line option ‘-Wstrict-prototypes’ is valid for C/ObjC but not for C++ [enabled by default]
    gcc -pthread -shared -B /home/ec2-user/anaconda3/envs/tensorflow_p27_1_13_1/compiler_compat -L/home/ec2-user/anaconda3/envs/tensorflow_p27_1_13_1/lib -Wl,-rpath=/home/ec2-user/anaconda3/envs/tensorflow_p27_1_13_1/lib -Wl,--no-as-needed -Wl,--sysroot=/ build/temp.linux-x86_64-2.7/test_compile/test_cuda.o -L/usr/local/cuda/lib -L/usr/local/cuda/lib64 -L/home/ec2-user/anaconda3/envs/tensorflow_p27_1_13_1/lib -lcudart -o build/temp.linux-x86_64-2.7/test_compile/test_cuda.so
    gcc -pthread -B /home/ec2-user/anaconda3/envs/tensorflow_p27_1_13_1/compiler_compat -Wl,--sysroot=/ -fno-strict-aliasing -g -O2 -DNDEBUG -g -fwrapv -O3 -Wall -Wstrict-prototypes -fPIC -std=c++11 -fPIC -O2 -Wall -mf16c -mavx -I/usr/local/cuda-9.0/include -I/usr/local/cuda/include -I/home/ec2-user/anaconda3/envs/tensorflow_p27_1_13_1/include/python2.7 -c build/temp.linux-x86_64-2.7/test_compile/test_nccl.cc -o build/temp.linux-x86_64-2.7/test_compile/test_nccl.o
    cc1plus: warning: command line option ‘-Wstrict-prototypes’ is valid for C/ObjC but not for C++ [enabled by default]
    gcc -pthread -shared -B /home/ec2-user/anaconda3/envs/tensorflow_p27_1_13_1/compiler_compat -L/home/ec2-user/anaconda3/envs/tensorflow_p27_1_13_1/lib -Wl,-rpath=/home/ec2-user/anaconda3/envs/tensorflow_p27_1_13_1/lib -Wl,--no-as-needed -Wl,--sysroot=/ build/temp.linux-x86_64-2.7/test_compile/test_nccl.o -L/usr/local/cuda-9.0/lib -L/usr/local/cuda-9.0/lib64 -L/usr/local/cuda/lib -L/usr/local/cuda/lib64 -L/home/ec2-user/anaconda3/envs/tensorflow_p27_1_13_1/lib -lnccl_static -o build/temp.linux-x86_64-2.7/test_compile/test_nccl.so
    INFO: Unable to build TensorFlow plugin, will skip it.
    
    Traceback (most recent call last):
      File "/tmp/pip-install-GofBye/horovod/setup.py", line 909, in build_extensions
        build_tf_extension(self, options)
      File "/tmp/pip-install-GofBye/horovod/setup.py", line 608, in build_tf_extension
        check_tf_version()
      File "/tmp/pip-install-GofBye/horovod/setup.py", line 62, in check_tf_version
        'import tensorflow failed, is it installed?\n\n%s' % traceback.format_exc())
    DistutilsPlatformError: import tensorflow failed, is it installed?
    
    Traceback (most recent call last):
      File "/tmp/pip-install-GofBye/horovod/setup.py", line 55, in check_tf_version
        import tensorflow as tf
      File "/home/ec2-user/anaconda3/envs/tensorflow_p27_1_13_1/lib/python2.7/site-packages/tensorflow/__init__.py", line 24, in &lt;module&gt;
        from tensorflow.python import pywrap_tensorflow  # pylint: disable=unused-import
      File "/home/ec2-user/anaconda3/envs/tensorflow_p27_1_13_1/lib/python2.7/site-packages/tensorflow/python/__init__.py", line 52, in &lt;module&gt;
        from tensorflow.core.framework.graph_pb2 import *
      File "/home/ec2-user/anaconda3/envs/tensorflow_p27_1_13_1/lib/python2.7/site-packages/tensorflow/core/framework/graph_pb2.py", line 6, in &lt;module&gt;
        from google.protobuf import descriptor as _descriptor
      File "/home/ec2-user/anaconda3/envs/tensorflow_p27_1_13_1/lib/python2.7/site-packages/google/protobuf/descriptor.py", line 47, in &lt;module&gt;
        from google.protobuf.pyext import _message
    ImportError: /home/ec2-user/anaconda3/envs/tensorflow_p27_1_13_1/lib/python2.7/site-packages/google/protobuf/pyext/_message.so: undefined symbol: _ZNK6google8protobuf10TextFormat17FieldValuePrinter9PrintBoolB5cxx11Eb
    
    
    INFO: Unable to build PyTorch plugin, will skip it.
    
    Traceback (most recent call last):
      File "/tmp/pip-install-GofBye/horovod/setup.py", line 920, in build_extensions
        torch_version = check_torch_version()
      File "/tmp/pip-install-GofBye/horovod/setup.py", line 718, in check_torch_version
        'import torch failed, is it installed?\n\n%s' % traceback.format_exc())
    DistutilsPlatformError: import torch failed, is it installed?
    
    Traceback (most recent call last):
      File "/tmp/pip-install-GofBye/horovod/setup.py", line 711, in check_torch_version
        import torch
    ImportError: No module named torch
    
    
    INFO: Unable to build MXNet plugin, will skip it.
    
    Traceback (most recent call last):
      File "/tmp/pip-install-GofBye/horovod/setup.py", line 935, in build_extensions
        build_mx_extension(self, options)
      File "/tmp/pip-install-GofBye/horovod/setup.py", line 672, in build_mx_extension
        check_mx_version()
      File "/tmp/pip-install-GofBye/horovod/setup.py", line 78, in check_mx_version
        'import mxnet failed, is it installed?\n\n%s' % traceback.format_exc())
    DistutilsPlatformError: import mxnet failed, is it installed?
    
    Traceback (most recent call last):
      File "/tmp/pip-install-GofBye/horovod/setup.py", line 71, in check_mx_version
        import mxnet as mx
    ImportError: No module named mxnet
    
    
    error: None of TensorFlow, PyTorch, or MXNet plugins were built. See errors above.
    
    ----------------------------------------
Command "/home/ec2-user/anaconda3/envs/tensorflow_p27_1_13_1/bin/python -u -c "import setuptools, tokenize;__file__='/tmp/pip-install-GofBye/horovod/setup.py';f=getattr(tokenize, 'open', open)(__file__);code=f.read().replace('\r\n', '\n');f.close();exec(compile(code, __file__, 'exec'))" install --record /tmp/pip-record-Je9Bs3/install-record.txt --single-version-externally-managed --compile --user --prefix=" failed with error code 1 in /tmp/pip-install-GofBye/horovod/
You are using pip version 10.0.1, however version 19.1.1 is available.
You should consider upgrading via the 'pip install --upgrade pip' command.
&lt;/denchmark-code&gt;

		</comment>
		<comment id='2' author='jackalcooper' date='2019-05-21T02:49:31Z'>
		Facing the same issue here. It's protobuf version issue. Following the link &lt;denchmark-link:https://stackoverflow.com/questions/46235376/tensorflow-protobuf-version-mismatch&gt;here&lt;/denchmark-link&gt;
 solves my problem.
		</comment>
	</comments>
</bug>