<bug id='2236' author='joequant' open_date='2020-09-04T06:19:22Z' closed_time='2020-09-21T20:02:20Z'>
	<summary>Logic error fails in building cuda_util.cc</summary>
	<description>
Environment:

Framework: (TensorFlow, Keras, PyTorch, MXNet)
Framework version:
Horovod version: 0.20.0
MPI version:
CUDA version:  None
NCCL version:
Python version: 3.8
Spark / PySpark version:
OS and version: Mageia Linux
GCC version: 10.2

Bug report:
Compiler fails on non-CUDA builds because of a missing header.  cuda_util.cc does not include 
01-install-python.sh	horovod	  distcc[33436] ERROR: compile /tmp/pip-install-_9_4iuqp/horovod/horovod/mxnet/cuda_util.cc on 172.17.0.1,cpp,lzo failed
01-install-python.sh	horovod	  distcc[33436] (dcc_build_somewhere) Warning: remote compilation of '/tmp/pip-install-_9_4iuqp/horovod/horovod/mxnet/cuda_util.cc' failed, retrying locally
01-install-python.sh	horovod	  distcc[33436] Warning: failed to distribute /tmp/pip-install-_9_4iuqp/horovod/horovod/mxnet/cuda_util.cc to 172.17.0.1,cpp,lzo, running locally instead
01-install-python.sh	horovod	  /tmp/pip-install-_9_4iuqp/horovod/horovod/mxnet/cuda_util.cc: In constructor ‘horovod::mxnet::with_device::with_device(int)’:
01-install-python.sh	horovod	  /tmp/pip-install-_9_4iuqp/horovod/horovod/mxnet/cuda_util.cc:36:16: error: ‘logic_error’ is not a member of ‘std’
01-install-python.sh	horovod	     36 |     throw std::logic_error("Internal error. Requested device context manager "
01-install-python.sh	horovod	        |                ^~~~~~~~~~~
01-install-python.sh	horovod	  distcc[33436] ERROR: compile /tmp/pip-install-_9_4iuqp/horovod/horovod/mxnet/cuda_util.cc on localhost failed
01-install-python.sh	horovod	  gmake[2]: *** [horovod/mxnet/CMakeFiles/mxnet.dir/build.make:472: horovod/mxnet/CMakeFiles/mxnet.dir/cuda_util.cc.o] Error 1
01-install-python.sh	horovod	  gmake[2]: *** Waiting for unfinished jobs....
01-install-python.sh	horovod	  [ 76%] Building CXX object horovod/torch/CMakeFiles/pytor
	</description>
	<comments>
		<comment id='1' author='joequant' date='2020-09-04T13:55:42Z'>
		Hey &lt;denchmark-link:https://github.com/joequant&gt;@joequant&lt;/denchmark-link&gt;
, can you try installing from &lt;denchmark-link:https://github.com/horovod/horovod/pull/2238&gt;#2238&lt;/denchmark-link&gt;
 and let me know if that addresses the issue?  Could be that certain includes in your version GCC no longer pull in  automatically.
		</comment>
	</comments>
</bug>