<bug id='2397' author='b1ueshad0w' open_date='2020-10-26T08:45:23Z' closed_time='2020-10-26T17:42:49Z'>
	<summary>fail to install horovod (cmake error,  Could NOT find CUDA)</summary>
	<description>
Environment:

Framework: (TensorFlow, Keras, PyTorch, MXNet) TensorFLow
Framework version: 1.15.0
Horovod version: 0.20.3
MPI version: Open MPI 4.0.0
CUDA version: 10.1
NCCL version: 2.7.8 (nccl-repo-rhel7-2.7.8-ga-cuda10.1-1-1.x86_64)
Python version: 3.6.8
Spark / PySpark version: N/A
OS and version: CentOS Linux release 7.8.2003 (Core)
GCC version: 4.9.2
CMake version: 3.18.4

Checklist:

Did you search issues to find if somebody asked this question before? Y
If your question is about hang, did you read [this doc] (https://github.com/horovod/horovod/blob/master/docs/running.rst)? Y
If your question is about docker, did you read this doc? Y
Did you check if you question is answered in the troubleshooting guide? Y

Bug report:
Please describe erroneous behavior you're observing and steps to reproduce it.
Installing horovo with command:
&lt;denchmark-code&gt;CUDA_TOOLKIT_ROOT_DIR=/usr/local/cuda-10.1/ HOROVOD_WITH_TENSORFLOW=1 HOROVOD_WITHOUT_PYTORCH=1 HOROVOD_WITHOUT_MXNET=1 HOROVOD_NCCL_INCLUDE=/usr/include HOROVOD_NCCL_LIB=/usr/lib64 HOROVOD_CUDA_HOME=/usr/local/cuda-10.0 HOROVOD_CUDA_INCLUDE=/usr/local/cuda-10.0/include  HOROVOD_GPU_OPERATIONS=NCCL HOROVOD_CPU_OPERATIONS=MPI HOROVOD_WITH_MPI=1 HOROVOD_WITHOUT_GLOO=1 pip install --no-cache-dir horovod
&lt;/denchmark-code&gt;

Output:
&lt;denchmark-code&gt;Looking in indexes: http://mirrors.xxxx.com/pypi/simple
Collecting horovod
  Downloading http://mirrors.xxx.com/pypi/packages/6f/bd/b979db25c1337967472630714d0f98ec596ad9f199a3d1777dc36453d713/horovod-0.20.3.tar.gz (3.2 MB)
     |████████████████████████████████| 3.2 MB 640 kB/s
Requirement already satisfied: cloudpickle in /usr/local/lib/python3.6/site-packages (from horovod) (1.6.0)
Requirement already satisfied: psutil in /usr/local/lib64/python3.6/site-packages (from horovod) (5.7.2)
Requirement already satisfied: pyyaml in /usr/local/lib64/python3.6/site-packages (from horovod) (5.1.2)
Requirement already satisfied: dataclasses in /usr/local/lib/python3.6/site-packages (from horovod) (0.7)
Building wheels for collected packages: horovod
  Building wheel for horovod (setup.py) ... error
  ERROR: Command errored out with exit status 1:
   command: /usr/bin/python3 -u -c 'import sys, setuptools, tokenize; sys.argv[0] = '"'"'/tmp/pip-install-k9qpng1t/horovod/setup.py'"'"'; __file__='"'"'/tmp/pip-install-k9qpng1t/horovod/setup.py'"'"';f=getattr(tokenize, '"'"'open'"'"', open)(__file__);code=f.read().replace('"'"'\r\n'"'"', '"'"'\n'"'"');f.close();exec(compile(code, __file__, '"'"'exec'"'"'))' bdist_wheel -d /tmp/pip-wheel-yc5ey6ps
       cwd: /tmp/pip-install-k9qpng1t/horovod/
  Complete output (209 lines):
  running bdist_wheel
  running build
  running build_py
  creating build
  creating build/lib.linux-x86_64-3.6
  creating build/lib.linux-x86_64-3.6/horovod
  copying horovod/__init__.py -&gt; build/lib.linux-x86_64-3.6/horovod
  creating build/lib.linux-x86_64-3.6/horovod/spark
  copying horovod/spark/conf.py -&gt; build/lib.linux-x86_64-3.6/horovod/spark
  copying horovod/spark/mpi_run.py -&gt; build/lib.linux-x86_64-3.6/horovod/spark
  copying horovod/spark/runner.py -&gt; build/lib.linux-x86_64-3.6/horovod/spark
  copying horovod/spark/__init__.py -&gt; build/lib.linux-x86_64-3.6/horovod/spark
  copying horovod/spark/gloo_run.py -&gt; build/lib.linux-x86_64-3.6/horovod/spark
  creating build/lib.linux-x86_64-3.6/horovod/_keras
  copying horovod/_keras/elastic.py -&gt; build/lib.linux-x86_64-3.6/horovod/_keras
  copying horovod/_keras/__init__.py -&gt; build/lib.linux-x86_64-3.6/horovod/_keras
  copying horovod/_keras/callbacks.py -&gt; build/lib.linux-x86_64-3.6/horovod/_keras
  creating build/lib.linux-x86_64-3.6/horovod/ray
  copying horovod/ray/elastic.py -&gt; build/lib.linux-x86_64-3.6/horovod/ray
  copying horovod/ray/runner.py -&gt; build/lib.linux-x86_64-3.6/horovod/ray
  copying horovod/ray/driver_service.py -&gt; build/lib.linux-x86_64-3.6/horovod/ray
  copying horovod/ray/__init__.py -&gt; build/lib.linux-x86_64-3.6/horovod/ray
  creating build/lib.linux-x86_64-3.6/horovod/tensorflow
  copying horovod/tensorflow/functions.py -&gt; build/lib.linux-x86_64-3.6/horovod/tensorflow
  copying horovod/tensorflow/mpi_ops.py -&gt; build/lib.linux-x86_64-3.6/horovod/tensorflow
  copying horovod/tensorflow/sync_batch_norm.py -&gt; build/lib.linux-x86_64-3.6/horovod/tensorflow
  copying horovod/tensorflow/compression.py -&gt; build/lib.linux-x86_64-3.6/horovod/tensorflow
  copying horovod/tensorflow/elastic.py -&gt; build/lib.linux-x86_64-3.6/horovod/tensorflow
  copying horovod/tensorflow/__init__.py -&gt; build/lib.linux-x86_64-3.6/horovod/tensorflow
  copying horovod/tensorflow/util.py -&gt; build/lib.linux-x86_64-3.6/horovod/tensorflow
  creating build/lib.linux-x86_64-3.6/horovod/keras
  copying horovod/keras/elastic.py -&gt; build/lib.linux-x86_64-3.6/horovod/keras
  copying horovod/keras/__init__.py -&gt; build/lib.linux-x86_64-3.6/horovod/keras
  copying horovod/keras/callbacks.py -&gt; build/lib.linux-x86_64-3.6/horovod/keras
  creating build/lib.linux-x86_64-3.6/horovod/torch
  copying horovod/torch/functions.py -&gt; build/lib.linux-x86_64-3.6/horovod/torch
  copying horovod/torch/mpi_ops.py -&gt; build/lib.linux-x86_64-3.6/horovod/torch
  copying horovod/torch/sync_batch_norm.py -&gt; build/lib.linux-x86_64-3.6/horovod/torch
  copying horovod/torch/compression.py -&gt; build/lib.linux-x86_64-3.6/horovod/torch
  copying horovod/torch/__init__.py -&gt; build/lib.linux-x86_64-3.6/horovod/torch
  copying horovod/torch/optimizer.py -&gt; build/lib.linux-x86_64-3.6/horovod/torch
  creating build/lib.linux-x86_64-3.6/horovod/mxnet
  copying horovod/mxnet/functions.py -&gt; build/lib.linux-x86_64-3.6/horovod/mxnet
  copying horovod/mxnet/mpi_ops.py -&gt; build/lib.linux-x86_64-3.6/horovod/mxnet
  copying horovod/mxnet/__init__.py -&gt; build/lib.linux-x86_64-3.6/horovod/mxnet
  creating build/lib.linux-x86_64-3.6/horovod/common
  copying horovod/common/basics.py -&gt; build/lib.linux-x86_64-3.6/horovod/common
  copying horovod/common/elastic.py -&gt; build/lib.linux-x86_64-3.6/horovod/common
  copying horovod/common/exceptions.py -&gt; build/lib.linux-x86_64-3.6/horovod/common
  copying horovod/common/__init__.py -&gt; build/lib.linux-x86_64-3.6/horovod/common
  copying horovod/common/util.py -&gt; build/lib.linux-x86_64-3.6/horovod/common
  creating build/lib.linux-x86_64-3.6/horovod/runner
  copying horovod/runner/run_task.py -&gt; build/lib.linux-x86_64-3.6/horovod/runner
  copying horovod/runner/task_fn.py -&gt; build/lib.linux-x86_64-3.6/horovod/runner
  copying horovod/runner/launch.py -&gt; build/lib.linux-x86_64-3.6/horovod/runner
  copying horovod/runner/mpi_run.py -&gt; build/lib.linux-x86_64-3.6/horovod/runner
  copying horovod/runner/__init__.py -&gt; build/lib.linux-x86_64-3.6/horovod/runner
  copying horovod/runner/js_run.py -&gt; build/lib.linux-x86_64-3.6/horovod/runner
  copying horovod/runner/gloo_run.py -&gt; build/lib.linux-x86_64-3.6/horovod/runner
  creating build/lib.linux-x86_64-3.6/horovod/spark/keras
  copying horovod/spark/keras/tensorflow.py -&gt; build/lib.linux-x86_64-3.6/horovod/spark/keras
  copying horovod/spark/keras/__init__.py -&gt; build/lib.linux-x86_64-3.6/horovod/spark/keras
  copying horovod/spark/keras/optimizer.py -&gt; build/lib.linux-x86_64-3.6/horovod/spark/keras
  copying horovod/spark/keras/util.py -&gt; build/lib.linux-x86_64-3.6/horovod/spark/keras
  copying horovod/spark/keras/bare.py -&gt; build/lib.linux-x86_64-3.6/horovod/spark/keras
  copying horovod/spark/keras/estimator.py -&gt; build/lib.linux-x86_64-3.6/horovod/spark/keras
  copying horovod/spark/keras/remote.py -&gt; build/lib.linux-x86_64-3.6/horovod/spark/keras
  creating build/lib.linux-x86_64-3.6/horovod/spark/torch
  copying horovod/spark/torch/__init__.py -&gt; build/lib.linux-x86_64-3.6/horovod/spark/torch
  copying horovod/spark/torch/util.py -&gt; build/lib.linux-x86_64-3.6/horovod/spark/torch
  copying horovod/spark/torch/estimator.py -&gt; build/lib.linux-x86_64-3.6/horovod/spark/torch
  copying horovod/spark/torch/remote.py -&gt; build/lib.linux-x86_64-3.6/horovod/spark/torch
  creating build/lib.linux-x86_64-3.6/horovod/spark/driver
  copying horovod/spark/driver/host_discovery.py -&gt; build/lib.linux-x86_64-3.6/horovod/spark/driver
  copying horovod/spark/driver/driver_service.py -&gt; build/lib.linux-x86_64-3.6/horovod/spark/driver
  copying horovod/spark/driver/rsh.py -&gt; build/lib.linux-x86_64-3.6/horovod/spark/driver
  copying horovod/spark/driver/__init__.py -&gt; build/lib.linux-x86_64-3.6/horovod/spark/driver
  copying horovod/spark/driver/mpirun_rsh.py -&gt; build/lib.linux-x86_64-3.6/horovod/spark/driver
  copying horovod/spark/driver/rendezvous.py -&gt; build/lib.linux-x86_64-3.6/horovod/spark/driver
  copying horovod/spark/driver/job_id.py -&gt; build/lib.linux-x86_64-3.6/horovod/spark/driver
  creating build/lib.linux-x86_64-3.6/horovod/spark/task
  copying horovod/spark/task/task_info.py -&gt; build/lib.linux-x86_64-3.6/horovod/spark/task
  copying horovod/spark/task/mpirun_exec_fn.py -&gt; build/lib.linux-x86_64-3.6/horovod/spark/task
  copying horovod/spark/task/gloo_exec_fn.py -&gt; build/lib.linux-x86_64-3.6/horovod/spark/task
  copying horovod/spark/task/__init__.py -&gt; build/lib.linux-x86_64-3.6/horovod/spark/task
  copying horovod/spark/task/task_service.py -&gt; build/lib.linux-x86_64-3.6/horovod/spark/task
  creating build/lib.linux-x86_64-3.6/horovod/spark/common
  copying horovod/spark/common/cache.py -&gt; build/lib.linux-x86_64-3.6/horovod/spark/common
  copying horovod/spark/common/serialization.py -&gt; build/lib.linux-x86_64-3.6/horovod/spark/common
  copying horovod/spark/common/params.py -&gt; build/lib.linux-x86_64-3.6/horovod/spark/common
  copying horovod/spark/common/constants.py -&gt; build/lib.linux-x86_64-3.6/horovod/spark/common
  copying horovod/spark/common/__init__.py -&gt; build/lib.linux-x86_64-3.6/horovod/spark/common
  copying horovod/spark/common/util.py -&gt; build/lib.linux-x86_64-3.6/horovod/spark/common
  copying horovod/spark/common/backend.py -&gt; build/lib.linux-x86_64-3.6/horovod/spark/common
  copying horovod/spark/common/estimator.py -&gt; build/lib.linux-x86_64-3.6/horovod/spark/common
  copying horovod/spark/common/_namedtuple_fix.py -&gt; build/lib.linux-x86_64-3.6/horovod/spark/common
  copying horovod/spark/common/store.py -&gt; build/lib.linux-x86_64-3.6/horovod/spark/common
  creating build/lib.linux-x86_64-3.6/horovod/tensorflow/keras
  copying horovod/tensorflow/keras/elastic.py -&gt; build/lib.linux-x86_64-3.6/horovod/tensorflow/keras
  copying horovod/tensorflow/keras/__init__.py -&gt; build/lib.linux-x86_64-3.6/horovod/tensorflow/keras
  copying horovod/tensorflow/keras/callbacks.py -&gt; build/lib.linux-x86_64-3.6/horovod/tensorflow/keras
  creating build/lib.linux-x86_64-3.6/horovod/torch/mpi_lib_impl
  copying horovod/torch/mpi_lib_impl/__init__.py -&gt; build/lib.linux-x86_64-3.6/horovod/torch/mpi_lib_impl
  creating build/lib.linux-x86_64-3.6/horovod/torch/elastic
  copying horovod/torch/elastic/sampler.py -&gt; build/lib.linux-x86_64-3.6/horovod/torch/elastic
  copying horovod/torch/elastic/state.py -&gt; build/lib.linux-x86_64-3.6/horovod/torch/elastic
  copying horovod/torch/elastic/__init__.py -&gt; build/lib.linux-x86_64-3.6/horovod/torch/elastic
  creating build/lib.linux-x86_64-3.6/horovod/torch/mpi_lib
  copying horovod/torch/mpi_lib/__init__.py -&gt; build/lib.linux-x86_64-3.6/horovod/torch/mpi_lib
  creating build/lib.linux-x86_64-3.6/horovod/runner/util
  copying horovod/runner/util/threads.py -&gt; build/lib.linux-x86_64-3.6/horovod/runner/util
  copying horovod/runner/util/cache.py -&gt; build/lib.linux-x86_64-3.6/horovod/runner/util
  copying horovod/runner/util/network.py -&gt; build/lib.linux-x86_64-3.6/horovod/runner/util
  copying horovod/runner/util/__init__.py -&gt; build/lib.linux-x86_64-3.6/horovod/runner/util
  copying horovod/runner/util/lsf.py -&gt; build/lib.linux-x86_64-3.6/horovod/runner/util
  copying horovod/runner/util/remote.py -&gt; build/lib.linux-x86_64-3.6/horovod/runner/util
  creating build/lib.linux-x86_64-3.6/horovod/runner/elastic
  copying horovod/runner/elastic/discovery.py -&gt; build/lib.linux-x86_64-3.6/horovod/runner/elastic
  copying horovod/runner/elastic/driver.py -&gt; build/lib.linux-x86_64-3.6/horovod/runner/elastic
  copying horovod/runner/elastic/settings.py -&gt; build/lib.linux-x86_64-3.6/horovod/runner/elastic
  copying horovod/runner/elastic/registration.py -&gt; build/lib.linux-x86_64-3.6/horovod/runner/elastic
  copying horovod/runner/elastic/worker.py -&gt; build/lib.linux-x86_64-3.6/horovod/runner/elastic
  copying horovod/runner/elastic/constants.py -&gt; build/lib.linux-x86_64-3.6/horovod/runner/elastic
  copying horovod/runner/elastic/__init__.py -&gt; build/lib.linux-x86_64-3.6/horovod/runner/elastic
  copying horovod/runner/elastic/rendezvous.py -&gt; build/lib.linux-x86_64-3.6/horovod/runner/elastic
  creating build/lib.linux-x86_64-3.6/horovod/runner/driver
  copying horovod/runner/driver/driver_service.py -&gt; build/lib.linux-x86_64-3.6/horovod/runner/driver
  copying horovod/runner/driver/__init__.py -&gt; build/lib.linux-x86_64-3.6/horovod/runner/driver
  creating build/lib.linux-x86_64-3.6/horovod/runner/task
  copying horovod/runner/task/__init__.py -&gt; build/lib.linux-x86_64-3.6/horovod/runner/task
  copying horovod/runner/task/task_service.py -&gt; build/lib.linux-x86_64-3.6/horovod/runner/task
  creating build/lib.linux-x86_64-3.6/horovod/runner/common
  copying horovod/runner/common/__init__.py -&gt; build/lib.linux-x86_64-3.6/horovod/runner/common
  creating build/lib.linux-x86_64-3.6/horovod/runner/http
  copying horovod/runner/http/http_server.py -&gt; build/lib.linux-x86_64-3.6/horovod/runner/http
  copying horovod/runner/http/__init__.py -&gt; build/lib.linux-x86_64-3.6/horovod/runner/http
  copying horovod/runner/http/http_client.py -&gt; build/lib.linux-x86_64-3.6/horovod/runner/http
  creating build/lib.linux-x86_64-3.6/horovod/runner/common/service
  copying horovod/runner/common/service/driver_service.py -&gt; build/lib.linux-x86_64-3.6/horovod/runner/common/service
  copying horovod/runner/common/service/__init__.py -&gt; build/lib.linux-x86_64-3.6/horovod/runner/common/service
  copying horovod/runner/common/service/task_service.py -&gt; build/lib.linux-x86_64-3.6/horovod/runner/common/service
  creating build/lib.linux-x86_64-3.6/horovod/runner/common/util
  copying horovod/runner/common/util/codec.py -&gt; build/lib.linux-x86_64-3.6/horovod/runner/common/util
  copying horovod/runner/common/util/tiny_shell_exec.py -&gt; build/lib.linux-x86_64-3.6/horovod/runner/common/util
  copying horovod/runner/common/util/config_parser.py -&gt; build/lib.linux-x86_64-3.6/horovod/runner/common/util
  copying horovod/runner/common/util/timeout.py -&gt; build/lib.linux-x86_64-3.6/horovod/runner/common/util
  copying horovod/runner/common/util/network.py -&gt; build/lib.linux-x86_64-3.6/horovod/runner/common/util
  copying horovod/runner/common/util/safe_shell_exec.py -&gt; build/lib.linux-x86_64-3.6/horovod/runner/common/util
  copying horovod/runner/common/util/settings.py -&gt; build/lib.linux-x86_64-3.6/horovod/runner/common/util
  copying horovod/runner/common/util/hosts.py -&gt; build/lib.linux-x86_64-3.6/horovod/runner/common/util
  copying horovod/runner/common/util/secret.py -&gt; build/lib.linux-x86_64-3.6/horovod/runner/common/util
  copying horovod/runner/common/util/env.py -&gt; build/lib.linux-x86_64-3.6/horovod/runner/common/util
  copying horovod/runner/common/util/__init__.py -&gt; build/lib.linux-x86_64-3.6/horovod/runner/common/util
  copying horovod/runner/common/util/host_hash.py -&gt; build/lib.linux-x86_64-3.6/horovod/runner/common/util
  running build_ext
  -- The CXX compiler identification is GNU 4.9.2
  -- Detecting CXX compiler ABI info
  -- Detecting CXX compiler ABI info - done
  -- Check for working CXX compiler: /usr/local/bin/c++ - skipped
  -- Detecting CXX compile features
  -- Detecting CXX compile features - done
  -- Build architecture flags: -mf16c -mavx -mfma
  -- Using command /usr/bin/python3
  -- Found MPI_CXX: /usr/local/lib/libmpi.so (found version "3.1")
  -- Found MPI: TRUE (found version "3.1")
  CMake Error at /usr/local/share/cmake-3.18/Modules/FindPackageHandleStandardArgs.cmake:165 (message):
    Could NOT find CUDA (missing: CUDA_INCLUDE_DIRS) (found version "10.1")
  Call Stack (most recent call first):
    /usr/local/share/cmake-3.18/Modules/FindPackageHandleStandardArgs.cmake:458 (_FPHSA_FAILURE_MESSAGE)
    /usr/local/share/cmake-3.18/Modules/FindCUDA.cmake:1119 (find_package_handle_standard_args)
    CMakeLists.txt:139 (find_package)
    CMakeLists.txt:157 (add_cuda)


  -- Configuring incomplete, errors occurred!
  See also "/tmp/pip-install-k9qpng1t/horovod/build/temp.linux-x86_64-3.6/CMakeFiles/CMakeOutput.log".
  Traceback (most recent call last):
    File "&lt;string&gt;", line 1, in &lt;module&gt;
    File "/tmp/pip-install-k9qpng1t/horovod/setup.py", line 191, in &lt;module&gt;
      'horovodrun = horovod.runner.launch:run_commandline'
    File "/usr/local/lib/python3.6/site-packages/setuptools/__init__.py", line 153, in setup
      return distutils.core.setup(**attrs)
    File "/usr/lib64/python3.6/distutils/core.py", line 148, in setup
      dist.run_commands()
    File "/usr/lib64/python3.6/distutils/dist.py", line 955, in run_commands
      self.run_command(cmd)
    File "/usr/lib64/python3.6/distutils/dist.py", line 974, in run_command
      cmd_obj.run()
    File "/usr/local/lib/python3.6/site-packages/wheel/bdist_wheel.py", line 290, in run
      self.run_command('build')
    File "/usr/lib64/python3.6/distutils/cmd.py", line 313, in run_command
      self.distribution.run_command(command)
    File "/usr/lib64/python3.6/distutils/dist.py", line 974, in run_command
      cmd_obj.run()
    File "/usr/lib64/python3.6/distutils/command/build.py", line 135, in run
      self.run_command(cmd_name)
    File "/usr/lib64/python3.6/distutils/cmd.py", line 313, in run_command
      self.distribution.run_command(command)
    File "/usr/lib64/python3.6/distutils/dist.py", line 974, in run_command
      cmd_obj.run()
    File "/usr/local/lib/python3.6/site-packages/setuptools/command/build_ext.py", line 79, in run
      _build_ext.run(self)
    File "/usr/lib64/python3.6/distutils/command/build_ext.py", line 339, in run
      self.build_extensions()
    File "/tmp/pip-install-k9qpng1t/horovod/setup.py", line 89, in build_extensions
      cwd=self.build_temp)
    File "/usr/lib64/python3.6/subprocess.py", line 311, in check_call
      raise CalledProcessError(retcode, cmd)
  subprocess.CalledProcessError: Command '['cmake', '/tmp/pip-install-k9qpng1t/horovod', '-DCMAKE_BUILD_TYPE=RelWithDebInfo', '-DCMAKE_LIBRARY_OUTPUT_DIRECTORY_RELWITHDEBINFO=/tmp/pip-install-k9qpng1t/horovod/build/lib.linux-x86_64-3.6', '-DPYTHON_EXECUTABLE:FILEPATH=/usr/bin/python3']' returned non-zero exit status 1.
  ----------------------------------------
  ERROR: Failed building wheel for horovod
  Running setup.py clean for horovod
Failed to build horovod
Installing collected packages: horovod
    Running setup.py install for horovod ... error
    ERROR: Command errored out with exit status 1:
     command: /usr/bin/python3 -u -c 'import sys, setuptools, tokenize; sys.argv[0] = '"'"'/tmp/pip-install-k9qpng1t/horovod/setup.py'"'"'; __file__='"'"'/tmp/pip-install-k9qpng1t/horovod/setup.py'"'"';f=getattr(tokenize, '"'"'open'"'"', open)(__file__);code=f.read().replace('"'"'\r\n'"'"', '"'"'\n'"'"');f.close();exec(compile(code, __file__, '"'"'exec'"'"'))' install --record /tmp/pip-record-g1xtpica/install-record.txt --single-version-externally-managed --compile --install-headers /usr/local/include/python3.6m/horovod
         cwd: /tmp/pip-install-k9qpng1t/horovod/
    Complete output (211 lines):
    running install
    running build
    running build_py
    creating build
    creating build/lib.linux-x86_64-3.6
    creating build/lib.linux-x86_64-3.6/horovod
    copying horovod/__init__.py -&gt; build/lib.linux-x86_64-3.6/horovod
    creating build/lib.linux-x86_64-3.6/horovod/spark
    copying horovod/spark/conf.py -&gt; build/lib.linux-x86_64-3.6/horovod/spark
    copying horovod/spark/mpi_run.py -&gt; build/lib.linux-x86_64-3.6/horovod/spark
    copying horovod/spark/runner.py -&gt; build/lib.linux-x86_64-3.6/horovod/spark
    copying horovod/spark/__init__.py -&gt; build/lib.linux-x86_64-3.6/horovod/spark
    copying horovod/spark/gloo_run.py -&gt; build/lib.linux-x86_64-3.6/horovod/spark
    creating build/lib.linux-x86_64-3.6/horovod/_keras
    copying horovod/_keras/elastic.py -&gt; build/lib.linux-x86_64-3.6/horovod/_keras
    copying horovod/_keras/__init__.py -&gt; build/lib.linux-x86_64-3.6/horovod/_keras
    copying horovod/_keras/callbacks.py -&gt; build/lib.linux-x86_64-3.6/horovod/_keras
    creating build/lib.linux-x86_64-3.6/horovod/ray
    copying horovod/ray/elastic.py -&gt; build/lib.linux-x86_64-3.6/horovod/ray
    copying horovod/ray/runner.py -&gt; build/lib.linux-x86_64-3.6/horovod/ray
    copying horovod/ray/driver_service.py -&gt; build/lib.linux-x86_64-3.6/horovod/ray
    copying horovod/ray/__init__.py -&gt; build/lib.linux-x86_64-3.6/horovod/ray
    creating build/lib.linux-x86_64-3.6/horovod/tensorflow
    copying horovod/tensorflow/functions.py -&gt; build/lib.linux-x86_64-3.6/horovod/tensorflow
    copying horovod/tensorflow/mpi_ops.py -&gt; build/lib.linux-x86_64-3.6/horovod/tensorflow
    copying horovod/tensorflow/sync_batch_norm.py -&gt; build/lib.linux-x86_64-3.6/horovod/tensorflow
    copying horovod/tensorflow/compression.py -&gt; build/lib.linux-x86_64-3.6/horovod/tensorflow
    copying horovod/tensorflow/elastic.py -&gt; build/lib.linux-x86_64-3.6/horovod/tensorflow
    copying horovod/tensorflow/__init__.py -&gt; build/lib.linux-x86_64-3.6/horovod/tensorflow
    copying horovod/tensorflow/util.py -&gt; build/lib.linux-x86_64-3.6/horovod/tensorflow
    creating build/lib.linux-x86_64-3.6/horovod/keras
    copying horovod/keras/elastic.py -&gt; build/lib.linux-x86_64-3.6/horovod/keras
    copying horovod/keras/__init__.py -&gt; build/lib.linux-x86_64-3.6/horovod/keras
    copying horovod/keras/callbacks.py -&gt; build/lib.linux-x86_64-3.6/horovod/keras
    creating build/lib.linux-x86_64-3.6/horovod/torch
    copying horovod/torch/functions.py -&gt; build/lib.linux-x86_64-3.6/horovod/torch
    copying horovod/torch/mpi_ops.py -&gt; build/lib.linux-x86_64-3.6/horovod/torch
    copying horovod/torch/sync_batch_norm.py -&gt; build/lib.linux-x86_64-3.6/horovod/torch
    copying horovod/torch/compression.py -&gt; build/lib.linux-x86_64-3.6/horovod/torch
    copying horovod/torch/__init__.py -&gt; build/lib.linux-x86_64-3.6/horovod/torch
    copying horovod/torch/optimizer.py -&gt; build/lib.linux-x86_64-3.6/horovod/torch
    creating build/lib.linux-x86_64-3.6/horovod/mxnet
    copying horovod/mxnet/functions.py -&gt; build/lib.linux-x86_64-3.6/horovod/mxnet
    copying horovod/mxnet/mpi_ops.py -&gt; build/lib.linux-x86_64-3.6/horovod/mxnet
    copying horovod/mxnet/__init__.py -&gt; build/lib.linux-x86_64-3.6/horovod/mxnet
    creating build/lib.linux-x86_64-3.6/horovod/common
    copying horovod/common/basics.py -&gt; build/lib.linux-x86_64-3.6/horovod/common
    copying horovod/common/elastic.py -&gt; build/lib.linux-x86_64-3.6/horovod/common
    copying horovod/common/exceptions.py -&gt; build/lib.linux-x86_64-3.6/horovod/common
    copying horovod/common/__init__.py -&gt; build/lib.linux-x86_64-3.6/horovod/common
    copying horovod/common/util.py -&gt; build/lib.linux-x86_64-3.6/horovod/common
    creating build/lib.linux-x86_64-3.6/horovod/runner
    copying horovod/runner/run_task.py -&gt; build/lib.linux-x86_64-3.6/horovod/runner
    copying horovod/runner/task_fn.py -&gt; build/lib.linux-x86_64-3.6/horovod/runner
    copying horovod/runner/launch.py -&gt; build/lib.linux-x86_64-3.6/horovod/runner
    copying horovod/runner/mpi_run.py -&gt; build/lib.linux-x86_64-3.6/horovod/runner
    copying horovod/runner/__init__.py -&gt; build/lib.linux-x86_64-3.6/horovod/runner
    copying horovod/runner/js_run.py -&gt; build/lib.linux-x86_64-3.6/horovod/runner
    copying horovod/runner/gloo_run.py -&gt; build/lib.linux-x86_64-3.6/horovod/runner
    creating build/lib.linux-x86_64-3.6/horovod/spark/keras
    copying horovod/spark/keras/tensorflow.py -&gt; build/lib.linux-x86_64-3.6/horovod/spark/keras
    copying horovod/spark/keras/__init__.py -&gt; build/lib.linux-x86_64-3.6/horovod/spark/keras
    copying horovod/spark/keras/optimizer.py -&gt; build/lib.linux-x86_64-3.6/horovod/spark/keras
    copying horovod/spark/keras/util.py -&gt; build/lib.linux-x86_64-3.6/horovod/spark/keras
    copying horovod/spark/keras/bare.py -&gt; build/lib.linux-x86_64-3.6/horovod/spark/keras
    copying horovod/spark/keras/estimator.py -&gt; build/lib.linux-x86_64-3.6/horovod/spark/keras
    copying horovod/spark/keras/remote.py -&gt; build/lib.linux-x86_64-3.6/horovod/spark/keras
    creating build/lib.linux-x86_64-3.6/horovod/spark/torch
    copying horovod/spark/torch/__init__.py -&gt; build/lib.linux-x86_64-3.6/horovod/spark/torch
    copying horovod/spark/torch/util.py -&gt; build/lib.linux-x86_64-3.6/horovod/spark/torch
    copying horovod/spark/torch/estimator.py -&gt; build/lib.linux-x86_64-3.6/horovod/spark/torch
    copying horovod/spark/torch/remote.py -&gt; build/lib.linux-x86_64-3.6/horovod/spark/torch
    creating build/lib.linux-x86_64-3.6/horovod/spark/driver
    copying horovod/spark/driver/host_discovery.py -&gt; build/lib.linux-x86_64-3.6/horovod/spark/driver
    copying horovod/spark/driver/driver_service.py -&gt; build/lib.linux-x86_64-3.6/horovod/spark/driver
    copying horovod/spark/driver/rsh.py -&gt; build/lib.linux-x86_64-3.6/horovod/spark/driver
    copying horovod/spark/driver/__init__.py -&gt; build/lib.linux-x86_64-3.6/horovod/spark/driver
    copying horovod/spark/driver/mpirun_rsh.py -&gt; build/lib.linux-x86_64-3.6/horovod/spark/driver
    copying horovod/spark/driver/rendezvous.py -&gt; build/lib.linux-x86_64-3.6/horovod/spark/driver
    copying horovod/spark/driver/job_id.py -&gt; build/lib.linux-x86_64-3.6/horovod/spark/driver
    creating build/lib.linux-x86_64-3.6/horovod/spark/task
    copying horovod/spark/task/task_info.py -&gt; build/lib.linux-x86_64-3.6/horovod/spark/task
    copying horovod/spark/task/mpirun_exec_fn.py -&gt; build/lib.linux-x86_64-3.6/horovod/spark/task
    copying horovod/spark/task/gloo_exec_fn.py -&gt; build/lib.linux-x86_64-3.6/horovod/spark/task
    copying horovod/spark/task/__init__.py -&gt; build/lib.linux-x86_64-3.6/horovod/spark/task
    copying horovod/spark/task/task_service.py -&gt; build/lib.linux-x86_64-3.6/horovod/spark/task
    creating build/lib.linux-x86_64-3.6/horovod/spark/common
    copying horovod/spark/common/cache.py -&gt; build/lib.linux-x86_64-3.6/horovod/spark/common
    copying horovod/spark/common/serialization.py -&gt; build/lib.linux-x86_64-3.6/horovod/spark/common
    copying horovod/spark/common/params.py -&gt; build/lib.linux-x86_64-3.6/horovod/spark/common
    copying horovod/spark/common/constants.py -&gt; build/lib.linux-x86_64-3.6/horovod/spark/common
    copying horovod/spark/common/__init__.py -&gt; build/lib.linux-x86_64-3.6/horovod/spark/common
    copying horovod/spark/common/util.py -&gt; build/lib.linux-x86_64-3.6/horovod/spark/common
    copying horovod/spark/common/backend.py -&gt; build/lib.linux-x86_64-3.6/horovod/spark/common
    copying horovod/spark/common/estimator.py -&gt; build/lib.linux-x86_64-3.6/horovod/spark/common
    copying horovod/spark/common/_namedtuple_fix.py -&gt; build/lib.linux-x86_64-3.6/horovod/spark/common
    copying horovod/spark/common/store.py -&gt; build/lib.linux-x86_64-3.6/horovod/spark/common
    creating build/lib.linux-x86_64-3.6/horovod/tensorflow/keras
    copying horovod/tensorflow/keras/elastic.py -&gt; build/lib.linux-x86_64-3.6/horovod/tensorflow/keras
    copying horovod/tensorflow/keras/__init__.py -&gt; build/lib.linux-x86_64-3.6/horovod/tensorflow/keras
    copying horovod/tensorflow/keras/callbacks.py -&gt; build/lib.linux-x86_64-3.6/horovod/tensorflow/keras
    creating build/lib.linux-x86_64-3.6/horovod/torch/mpi_lib_impl
    copying horovod/torch/mpi_lib_impl/__init__.py -&gt; build/lib.linux-x86_64-3.6/horovod/torch/mpi_lib_impl
    creating build/lib.linux-x86_64-3.6/horovod/torch/elastic
    copying horovod/torch/elastic/sampler.py -&gt; build/lib.linux-x86_64-3.6/horovod/torch/elastic
    copying horovod/torch/elastic/state.py -&gt; build/lib.linux-x86_64-3.6/horovod/torch/elastic
    copying horovod/torch/elastic/__init__.py -&gt; build/lib.linux-x86_64-3.6/horovod/torch/elastic
    creating build/lib.linux-x86_64-3.6/horovod/torch/mpi_lib
    copying horovod/torch/mpi_lib/__init__.py -&gt; build/lib.linux-x86_64-3.6/horovod/torch/mpi_lib
    creating build/lib.linux-x86_64-3.6/horovod/runner/util
    copying horovod/runner/util/threads.py -&gt; build/lib.linux-x86_64-3.6/horovod/runner/util
    copying horovod/runner/util/cache.py -&gt; build/lib.linux-x86_64-3.6/horovod/runner/util
    copying horovod/runner/util/network.py -&gt; build/lib.linux-x86_64-3.6/horovod/runner/util
    copying horovod/runner/util/__init__.py -&gt; build/lib.linux-x86_64-3.6/horovod/runner/util
    copying horovod/runner/util/lsf.py -&gt; build/lib.linux-x86_64-3.6/horovod/runner/util
    copying horovod/runner/util/remote.py -&gt; build/lib.linux-x86_64-3.6/horovod/runner/util
    creating build/lib.linux-x86_64-3.6/horovod/runner/elastic
    copying horovod/runner/elastic/discovery.py -&gt; build/lib.linux-x86_64-3.6/horovod/runner/elastic
    copying horovod/runner/elastic/driver.py -&gt; build/lib.linux-x86_64-3.6/horovod/runner/elastic
    copying horovod/runner/elastic/settings.py -&gt; build/lib.linux-x86_64-3.6/horovod/runner/elastic
    copying horovod/runner/elastic/registration.py -&gt; build/lib.linux-x86_64-3.6/horovod/runner/elastic
    copying horovod/runner/elastic/worker.py -&gt; build/lib.linux-x86_64-3.6/horovod/runner/elastic
    copying horovod/runner/elastic/constants.py -&gt; build/lib.linux-x86_64-3.6/horovod/runner/elastic
    copying horovod/runner/elastic/__init__.py -&gt; build/lib.linux-x86_64-3.6/horovod/runner/elastic
    copying horovod/runner/elastic/rendezvous.py -&gt; build/lib.linux-x86_64-3.6/horovod/runner/elastic
    creating build/lib.linux-x86_64-3.6/horovod/runner/driver
    copying horovod/runner/driver/driver_service.py -&gt; build/lib.linux-x86_64-3.6/horovod/runner/driver
    copying horovod/runner/driver/__init__.py -&gt; build/lib.linux-x86_64-3.6/horovod/runner/driver
    creating build/lib.linux-x86_64-3.6/horovod/runner/task
    copying horovod/runner/task/__init__.py -&gt; build/lib.linux-x86_64-3.6/horovod/runner/task
    copying horovod/runner/task/task_service.py -&gt; build/lib.linux-x86_64-3.6/horovod/runner/task
    creating build/lib.linux-x86_64-3.6/horovod/runner/common
    copying horovod/runner/common/__init__.py -&gt; build/lib.linux-x86_64-3.6/horovod/runner/common
    creating build/lib.linux-x86_64-3.6/horovod/runner/http
    copying horovod/runner/http/http_server.py -&gt; build/lib.linux-x86_64-3.6/horovod/runner/http
    copying horovod/runner/http/__init__.py -&gt; build/lib.linux-x86_64-3.6/horovod/runner/http
    copying horovod/runner/http/http_client.py -&gt; build/lib.linux-x86_64-3.6/horovod/runner/http
    creating build/lib.linux-x86_64-3.6/horovod/runner/common/service
    copying horovod/runner/common/service/driver_service.py -&gt; build/lib.linux-x86_64-3.6/horovod/runner/common/service
    copying horovod/runner/common/service/__init__.py -&gt; build/lib.linux-x86_64-3.6/horovod/runner/common/service
    copying horovod/runner/common/service/task_service.py -&gt; build/lib.linux-x86_64-3.6/horovod/runner/common/service
    creating build/lib.linux-x86_64-3.6/horovod/runner/common/util
    copying horovod/runner/common/util/codec.py -&gt; build/lib.linux-x86_64-3.6/horovod/runner/common/util
    copying horovod/runner/common/util/tiny_shell_exec.py -&gt; build/lib.linux-x86_64-3.6/horovod/runner/common/util
    copying horovod/runner/common/util/config_parser.py -&gt; build/lib.linux-x86_64-3.6/horovod/runner/common/util
    copying horovod/runner/common/util/timeout.py -&gt; build/lib.linux-x86_64-3.6/horovod/runner/common/util
    copying horovod/runner/common/util/network.py -&gt; build/lib.linux-x86_64-3.6/horovod/runner/common/util
    copying horovod/runner/common/util/safe_shell_exec.py -&gt; build/lib.linux-x86_64-3.6/horovod/runner/common/util
    copying horovod/runner/common/util/settings.py -&gt; build/lib.linux-x86_64-3.6/horovod/runner/common/util
    copying horovod/runner/common/util/hosts.py -&gt; build/lib.linux-x86_64-3.6/horovod/runner/common/util
    copying horovod/runner/common/util/secret.py -&gt; build/lib.linux-x86_64-3.6/horovod/runner/common/util
    copying horovod/runner/common/util/env.py -&gt; build/lib.linux-x86_64-3.6/horovod/runner/common/util
    copying horovod/runner/common/util/__init__.py -&gt; build/lib.linux-x86_64-3.6/horovod/runner/common/util
    copying horovod/runner/common/util/host_hash.py -&gt; build/lib.linux-x86_64-3.6/horovod/runner/common/util
    running build_ext
    -- The CXX compiler identification is GNU 4.9.2
    -- Detecting CXX compiler ABI info
    -- Detecting CXX compiler ABI info - done
    -- Check for working CXX compiler: /usr/local/bin/c++ - skipped
    -- Detecting CXX compile features
    -- Detecting CXX compile features - done
    -- Build architecture flags: -mf16c -mavx -mfma
    -- Using command /usr/bin/python3
    -- Found MPI_CXX: /usr/local/lib/libmpi.so (found version "3.1")
    -- Found MPI: TRUE (found version "3.1")
    CMake Error at /usr/local/share/cmake-3.18/Modules/FindPackageHandleStandardArgs.cmake:165 (message):
      Could NOT find CUDA (missing: CUDA_INCLUDE_DIRS) (found version "10.1")
    Call Stack (most recent call first):
      /usr/local/share/cmake-3.18/Modules/FindPackageHandleStandardArgs.cmake:458 (_FPHSA_FAILURE_MESSAGE)
      /usr/local/share/cmake-3.18/Modules/FindCUDA.cmake:1119 (find_package_handle_standard_args)
      CMakeLists.txt:139 (find_package)
      CMakeLists.txt:157 (add_cuda)


    -- Configuring incomplete, errors occurred!
    See also "/tmp/pip-install-k9qpng1t/horovod/build/temp.linux-x86_64-3.6/CMakeFiles/CMakeOutput.log".
    Traceback (most recent call last):
      File "&lt;string&gt;", line 1, in &lt;module&gt;
      File "/tmp/pip-install-k9qpng1t/horovod/setup.py", line 191, in &lt;module&gt;
        'horovodrun = horovod.runner.launch:run_commandline'
      File "/usr/local/lib/python3.6/site-packages/setuptools/__init__.py", line 153, in setup
        return distutils.core.setup(**attrs)
      File "/usr/lib64/python3.6/distutils/core.py", line 148, in setup
        dist.run_commands()
      File "/usr/lib64/python3.6/distutils/dist.py", line 955, in run_commands
        self.run_command(cmd)
      File "/usr/lib64/python3.6/distutils/dist.py", line 974, in run_command
        cmd_obj.run()
      File "/usr/local/lib/python3.6/site-packages/setuptools/command/install.py", line 61, in run
        return orig.install.run(self)
      File "/usr/lib64/python3.6/distutils/command/install.py", line 556, in run
        self.run_command('build')
      File "/usr/lib64/python3.6/distutils/cmd.py", line 313, in run_command
        self.distribution.run_command(command)
      File "/usr/lib64/python3.6/distutils/dist.py", line 974, in run_command
        cmd_obj.run()
      File "/usr/lib64/python3.6/distutils/command/build.py", line 135, in run
        self.run_command(cmd_name)
      File "/usr/lib64/python3.6/distutils/cmd.py", line 313, in run_command
        self.distribution.run_command(command)
      File "/usr/lib64/python3.6/distutils/dist.py", line 974, in run_command
        cmd_obj.run()
      File "/usr/local/lib/python3.6/site-packages/setuptools/command/build_ext.py", line 79, in run
        _build_ext.run(self)
      File "/usr/lib64/python3.6/distutils/command/build_ext.py", line 339, in run
        self.build_extensions()
      File "/tmp/pip-install-k9qpng1t/horovod/setup.py", line 89, in build_extensions
        cwd=self.build_temp)
      File "/usr/lib64/python3.6/subprocess.py", line 311, in check_call
        raise CalledProcessError(retcode, cmd)
    subprocess.CalledProcessError: Command '['cmake', '/tmp/pip-install-k9qpng1t/horovod', '-DCMAKE_BUILD_TYPE=RelWithDebInfo', '-DCMAKE_LIBRARY_OUTPUT_DIRECTORY_RELWITHDEBINFO=/tmp/pip-install-k9qpng1t/horovod/build/lib.linux-x86_64-3.6', '-DPYTHON_EXECUTABLE:FILEPATH=/usr/bin/python3']' returned non-zero exit status 1.
    ----------------------------------------
ERROR: Command errored out with exit status 1: /usr/bin/python3 -u -c 'import sys, setuptools, tokenize; sys.argv[0] = '"'"'/tmp/pip-install-k9qpng1t/horovod/setup.py'"'"'; __file__='"'"'/tmp/pip-install-k9qpng1t/horovod/setup.py'"'"';f=getattr(tokenize, '"'"'open'"'"', open)(__file__);code=f.read().replace('"'"'\r\n'"'"', '"'"'\n'"'"');f.close();exec(compile(code, __file__, '"'"'exec'"'"'))' install --record /tmp/pip-record-g1xtpica/install-record.txt --single-version-externally-managed --compile --install-headers /usr/local/include/python3.6m/horovod Check the logs for full command output.
&lt;/denchmark-code&gt;

Environment variables:
&lt;denchmark-code&gt;# echo $PATH
/usr/local/sbin:/usr/local/bin:/usr/sbin:/usr/bin:/usr/local/cuda/lib64:/usr/local/cuda/bin:/usr/local/cuda-10.1/bin:/usr/local/cuda-10.1/bin:/usr/local/cuda-10.1/bin:/usr/local/cuda-10.1/bin:/usr/local/sbin:/usr/local/bin:/usr/sbin:/usr/bin:/usr/local/cuda/lib64:/usr/local/cuda/bin:/root/bin
# echo $LD_LIBRARY_PATH
/usr/local/cuda/lib64:/usr/local/cuda-10.1/lib64:/usr/local/cuda-10.1/lib64:/usr/local/cuda-10.1/lib64:/usr/local/cuda-10.1/lib64::/usr/local/cuda/lib64
&lt;/denchmark-code&gt;

	</description>
	<comments>
		<comment id='1' author='b1ueshad0w' date='2020-10-26T15:54:54Z'>
		Please try setting &lt;denchmark-link:https://cmake.org/cmake/help/latest/envvar/CUDACXX.html&gt;CUDACXX&lt;/denchmark-link&gt;
 to the nvcc compiler you would like to use instead of providing . cmake can bootstrap the location of the cuda libraries based on that.
		</comment>
		<comment id='2' author='b1ueshad0w' date='2020-10-26T16:51:01Z'>
		
Please try setting CUDACXX to the nvcc compiler you would like to use instead of providing CUDA_TOOLKIT_ROOT_DIR. cmake can bootstrap the location of the cuda libraries based on that.

I try CUDACXX and the error remains the same
&lt;denchmark-code&gt;CUDACXX=/usr/local/cuda-10.1/bin/nvcc HOROVOD_WITH_TENSORFLOW=1 HOROVOD_WITHOUT_PYTORCH=1 HOROVOD_WITHOUT_MXNET=1 HOROVOD_NCCL_INCLUDE=/usr/include HOROVOD_NCCL_LIB=/usr/lib64 HOROVOD_CUDA_HOME=/usr/local/cuda-10.0 HOROVOD_CUDA_INCLUDE=/usr/local/cuda-10.0/include  HOROVOD_GPU_OPERATIONS=NCCL HOROVOD_CPU_OPERATIONS=MPI HOROVOD_WITH_MPI=1 HOROVOD_WITHOUT_GLOO=1 pip install --no-cache-dir horovod
&lt;/denchmark-code&gt;

		</comment>
		<comment id='3' author='b1ueshad0w' date='2020-10-26T17:05:05Z'>
		Could there be an issue with your system?
Do you have /usr/local/cuda-10.1/include/?
		</comment>
		<comment id='4' author='b1ueshad0w' date='2020-10-26T17:08:33Z'>
		&lt;denchmark-link:https://github.com/leezu&gt;@leezu&lt;/denchmark-link&gt;
 Definitely yes. I check  and lots of output there
		</comment>
		<comment id='5' author='b1ueshad0w' date='2020-10-26T17:11:59Z'>
		&lt;denchmark-link:https://github.com/leezu&gt;@leezu&lt;/denchmark-link&gt;
 I compiled openmpi twice with different versions (first 3.1 and second 4.0). From the previours log I find cmake recognize it as version 3.1. Could this be the problem?
		</comment>
		<comment id='6' author='b1ueshad0w' date='2020-10-26T17:19:04Z'>
		&lt;denchmark-link:https://github.com/leezu&gt;@leezu&lt;/denchmark-link&gt;
 I fix it! I mispell cuda path ( rather than  which is actually installed)  in other environment variables in the pip command.
		</comment>
		<comment id='7' author='b1ueshad0w' date='2020-10-26T17:19:51Z'>
		&lt;denchmark-link:https://github.com/leezu&gt;@leezu&lt;/denchmark-link&gt;
 A new error:
&lt;denchmark-code&gt;...
/tmp/pip-install-9hq74cjb/horovod/horovod/tensorflow/mpi_ops.cc:24:42: fatal error: tensorflow/core/framework/op.h: No such file or directory
   #include "tensorflow/core/framework/op.h"
                                            ^
  compilation terminated.
...
&lt;/denchmark-code&gt;

Do you have any ideas?
		</comment>
		<comment id='8' author='b1ueshad0w' date='2020-10-26T17:42:49Z'>
		
@leezu I fix it! I mispell cuda path (10.0 rather than 10.1 which is actually installed) in other environment variables in the pip command.

Great!
Could you open a new issue for the tensorflow problem?
		</comment>
	</comments>
</bug>