<bug_data>
<bug id='3220' author='Shreeshrii' open_date='2021-01-09T05:47:10Z' closed_time='2021-01-13T05:08:49Z'>
 	<summary>lstm_test failing</summary>
 	<description>
 &lt;denchmark-code&gt;uname -a
 Linux tesseract-ocr-1 4.15.0-124-generic #127-Ubuntu SMP Fri Nov 6 10:58:37 UTC 2020 aarch64 aarch64 aarch64 GNU/Linux
 &lt;/denchmark-code&gt;
 
 &lt;denchmark-code&gt;tesseract -v
 tesseract 5.0.0-alpha-20201231-100-g3c717
  leptonica-1.78.0
   libgif 5.1.4 : libjpeg 8d (libjpeg-turbo 1.5.2) : libpng 1.6.34 : libtiff 4.0.9 : zlib 1.2.11 : libwebp 0.6.1 : libopenjp2 2.3.0
  Found NEON
  Found OpenMP 201511
  Found libarchive 3.2.2 zlib/1.2.11 liblzma/5.2.2 bz2lib/1.0.6 liblz4/1.7.1
  Found libcurl/7.58.0 NSS/3.35 zlib/1.2.11 libidn2/2.0.4 libpsl/0.19.1 (+libidn2/2.0.4) nghttp2/1.30.0 librtmp/2.3
 &lt;/denchmark-code&gt;
 
 &lt;denchmark-code&gt;lstmtraining -v
 5.0.0-alpha-20201231-100-g3c717
 &lt;/denchmark-code&gt;
 
 &lt;denchmark-code&gt;[==========] 11 tests from 1 test suite ran. (1,013,640 ms total)
 [  PASSED  ] 6 tests.
 [  FAILED  ] 5 tests, listed below:
 [  FAILED  ] LSTMTrainerTest.Test2D
 [  FAILED  ] LSTMTrainerTest.DeterminismTest
 [  FAILED  ] LSTMTrainerTest.SoftmaxBaselineTest
 [  FAILED  ] LSTMTrainerTest.SoftmaxTest
 [  FAILED  ] LSTMTrainerTest.EncodedSoftmaxTest
 
  5 FAILED TESTS
 &lt;/denchmark-code&gt;
 
 The test was passing earlier.
 The build was done with following:
 &lt;denchmark-code&gt;export CXXFLAGS="-O3"
 ../../configure --enable-openmp --disable-shared --with-tensorflow=no --disable-debug  --disable-opencl
 &lt;/denchmark-code&gt;
 
 The error messages are:
 &lt;denchmark-code&gt;../../../unittest/lstm_test.cc:135: Failure
 Value of: trainer_-&gt;ReadTrainingDump(trainer_a_data, trainer_.get())
   Actual: false
 Expected: true
 &lt;/denchmark-code&gt;
 
 &lt;denchmark-code&gt;../../../unittest/lstm_test.cc:140: Failure
 Expected equality of these values:
   act_error_a
     Which is: 5.7480001
   act_error_b
     Which is: 36.243
 ../../../unittest/lstm_test.cc:141: Failure
 Expected equality of these values:
   char_error_a
     Which is: 22.921
   char_error_b
     Which is: 99.142998
 &lt;/denchmark-code&gt;
 
 &lt;denchmark-code&gt;../../../unittest/lstm_test.h:161: Failure
 Value of: trainer_-&gt;ReadTrainingDump(trainer_data, trainer_.get())
   Actual: false
 Expected: true
 [INFO]  Tester error rate = 44.9506
 [INFO]  Tester error rate = 42.1125
 ../../../unittest/lstm_test.h:161: Failure
 Value of: trainer_-&gt;ReadTrainingDump(trainer_data, trainer_.get())
   Actual: false
 Expected: true
 &lt;/denchmark-code&gt;
 
 &lt;denchmark-code&gt;../../../unittest/lstm_test.h:161: Failure
 Value of: trainer_-&gt;ReadTrainingDump(trainer_data, trainer_.get())
   Actual: false
 Expected: true
 &lt;/denchmark-code&gt;
 
 	</description>
 	<comments>
 		<comment id='1' author='Shreeshrii' date='2021-01-09T05:53:57Z'>
 		I reran the build and tests multiple times, since this test is not listed under &lt;denchmark-link:https://github.com/stweil&gt;@stweil&lt;/denchmark-link&gt;
 's bug report &lt;denchmark-link:https://github.com/tesseract-ocr/tesseract/issues/3215&gt;#3215&lt;/denchmark-link&gt;
 . But that build is with different config options.
 Error does not show up in CI because the test is disabled. (&lt;denchmark-link:https://github.com/tesseract-ocr/tesseract/pull/3218#issuecomment-756865277&gt;#3218 (comment)&lt;/denchmark-link&gt;
 ).
 I am attaching the current test log file and an older log file (on Power8).
 &lt;denchmark-link:https://github.com/tesseract-ocr/tesseract/files/5790220/lstm_test.log.aarch64.txt&gt;lstm_test.log.aarch64.txt&lt;/denchmark-link&gt;
  - Failing Commit # &lt;denchmark-link:https://github.com/tesseract-ocr/tesseract/commit/3c71749b86595b7e1164960afa216516300af79f&gt;3c71749&lt;/denchmark-link&gt;
 
 &lt;denchmark-link:https://github.com/tesseract-ocr/tesseract/files/5790221/lstm_test.log.power.txt&gt;lstm_test.log.power.txt&lt;/denchmark-link&gt;
  - Passing Commit # &lt;denchmark-link:https://github.com/tesseract-ocr/tesseract/commit/07fef2db4d21f569e4e6ab767e118ebdeaf2c6c7&gt;07fef2d&lt;/denchmark-link&gt;
 
 EDIT: Results of run on an older commit on AARch64 to provide comparable reports.
 &lt;denchmark-link:https://github.com/tesseract-ocr/tesseract/files/5792153/lstm_test.log.aarch64.passing.txt&gt;lstm_test.log.aarch64.passing.txt&lt;/denchmark-link&gt;
  - Passing Commit # &lt;denchmark-link:https://github.com/tesseract-ocr/tesseract/commit/154ea6bab873ce2e008d030b5511504bb1595f3f&gt;154ea6b&lt;/denchmark-link&gt;
 
 There are other time and CER differences between the two reports, but they were run on different architectures and different commits. Is this difference expected?
 		</comment>
 		<comment id='2' author='Shreeshrii' date='2021-01-09T18:46:53Z'>
 		It works on Linux x86_64 in my test. I'll run another test on macOS aarch64 and report here.
 		</comment>
 		<comment id='3' author='Shreeshrii' date='2021-01-09T20:38:43Z'>
 		export CXXFLAGS="-O3"
 Why do you use this optimization?
 		</comment>
 		<comment id='4' author='Shreeshrii' date='2021-01-09T21:35:01Z'>
 		Now I got the lstm_test failure both on Linux x86_64 and on macOS aarch64. It also shows a runtime error when running with sanitizers:
 &lt;denchmark-code&gt;unittest/lstm_test.log:../../../src/ccutil/helpers.h:153:67: runtime error: inf is outside the range of representable values of type 'int'
 unittest/lstm_test.log:../../../src/ccutil/helpers.h:153:38: runtime error: 5,76396e+106 is outside the range of representable values of type 'int'
 &lt;/denchmark-code&gt;
 
 		</comment>
 		<comment id='5' author='Shreeshrii' date='2021-01-09T21:56:28Z'>
 		-O3 -&gt; non-standard floating point handling.
 There is a reason that the default is -O2.
 Just don't use -O3 with Tesseract.
 I don't consider this a bug (unless it also breaks with default optimization).
 		</comment>
 		<comment id='6' author='Shreeshrii' date='2021-01-09T22:02:16Z'>
 		It does. I used -O2. So it is a bug.
 		</comment>
 		<comment id='7' author='Shreeshrii' date='2021-01-10T02:58:48Z'>
 		
 Why do you use this optimization?
 
 I don't know. Must have copied from somewhere when I was setting up build script for Power8. Used the same on AArch64. I can change to -O2.
 However, the tests passed with the  builds earlier. I rebuild for an earlier commit (&lt;denchmark-link:https://github.com/tesseract-ocr/tesseract/commit/154ea6bab873ce2e008d030b5511504bb1595f3f&gt;154ea6b&lt;/denchmark-link&gt;
 ) on AArch64 and the tests pass.
 &lt;denchmark-code&gt;Your branch is behind 'origin/master' by 12 commits, and can be fast-forwarded.
   (use "git pull" to update your local branch)
 + git log -3
 commit 154ea6bab873ce2e008d030b5511504bb1595f3f
 Author: Egor Pugin &lt;egor.pugin@gmail.com&gt;
 Date:   Thu Jan 7 12:44:52 2021 +0300
 
     Update sw.yml
 
 
 ...
 
 ============================================================================
 Testsuite summary for tesseract 5.0.0-alpha-20201231-88-g154e
 ============================================================================
 # TOTAL: 61
 # PASS:  61
 # SKIP:  0
 # XFAIL: 0
 # FAIL:  0
 # XPASS: 0
 # ERROR: 0
 ============================================================================
 &lt;/denchmark-code&gt;
 
 		</comment>
 		<comment id='8' author='Shreeshrii' date='2021-01-10T04:22:09Z'>
 		The next commit (# &lt;denchmark-link:https://github.com/tesseract-ocr/tesseract/commit/9710bc0465fc0df1a5bc0e71177151e8c5901204&gt;9710bc0&lt;/denchmark-link&gt;
  ) fails, even with .
 &lt;denchmark-code&gt;Your branch is behind 'origin/master' by 11 commits, and can be fast-forwarded.
   (use "git pull" to update your local branch)
 + git log -3
 commit 9710bc0465fc0df1a5bc0e71177151e8c5901204 (HEAD -&gt; master)
 Author: Egor Pugin &lt;egor.pugin@gmail.com&gt;
 Date:   Thu Jan 7 13:57:49 2021 +0300
 
     More std::vector.
 &lt;/denchmark-code&gt;
 
 &lt;denchmark-code&gt;+ export CXXFLAGS=-O2
 + CXXFLAGS=-O2
 + ../../configure --enable-openmp --disable-shared --with-tensorflow=no --disable-debug --disable-opencl
 
 &lt;/denchmark-code&gt;
 
 &lt;denchmark-code&gt;PASS: lstm_squashed_test
 FAIL: lstm_test
 PASS: lstmtrainer_test
 &lt;/denchmark-code&gt;
 
 &lt;denchmark-code&gt;============================================================================
 Testsuite summary for tesseract 5.0.0-alpha-20201231-89-g9710
 ============================================================================
 # TOTAL: 61
 # PASS:  60
 # SKIP:  0
 # XFAIL: 0
 # FAIL:  1
 # XPASS: 0
 # ERROR: 0
 ============================================================================
 &lt;/denchmark-code&gt;
 
 Log file is attached.
 &lt;denchmark-link:https://github.com/tesseract-ocr/tesseract/files/5792213/test-suite.log&gt;test-suite.log&lt;/denchmark-link&gt;
 
 		</comment>
 		<comment id='9' author='Shreeshrii' date='2021-01-10T04:30:21Z'>
 		&lt;denchmark-link:https://github.com/egorpugin&gt;@egorpugin&lt;/denchmark-link&gt;
  &lt;denchmark-link:https://github.com/stweil&gt;@stweil&lt;/denchmark-link&gt;
 
 I understand that running all unittests takes too much time, but is it possible to setup the CI to run all unittests once a day (only when there have been changes) so that we can catch such bugs earlier?
 EDIT: for Travis this can be done by configuring cron jobs from the “Cron Jobs” settings tab on your Travis CI page.
 &lt;denchmark-link:https://docs.travis-ci.com/user/cron-jobs/&gt;https://docs.travis-ci.com/user/cron-jobs/&lt;/denchmark-link&gt;
 
 		</comment>
 		<comment id='10' author='Shreeshrii' date='2021-01-10T11:51:29Z'>
 		Probably test fails because of broken serialization somewhere. Or if serialization is ok, then std::vector is the reason because other code was not changes much.
 		</comment>
 		<comment id='11' author='Shreeshrii' date='2021-01-10T11:58:59Z'>
 		I've added nightly builds with all tests.
 &lt;denchmark-link:https://github.com/tesseract-ocr/tesseract/commit/af8e24ce0338903fbed5021435d7434c2c8326d2&gt;af8e24c&lt;/denchmark-link&gt;
 
 Let's see how it goes.
 		</comment>
 		<comment id='12' author='Shreeshrii' date='2021-01-10T12:23:58Z'>
 		&lt;denchmark-link:https://github.com/egorpugin&gt;@egorpugin&lt;/denchmark-link&gt;
  Thanks for adding nightly builds.
 I read that appyeyor needs a request to support to allow this so have opened an issue with request for same.
 		</comment>
 		<comment id='13' author='Shreeshrii' date='2021-01-10T14:51:36Z'>
 		Commit &lt;denchmark-link:https://github.com/tesseract-ocr/tesseract/commit/021237ad2cb82b9680616a9e68de9b9ec3b30cd7&gt;021237a&lt;/denchmark-link&gt;
  adds an assertion in git master to detect calculations with illegal double values. This makes another test abort, and  now aborts earlier. All tests passed (also when the assertion code was added) for  and . Commits &lt;denchmark-link:https://github.com/tesseract-ocr/tesseract/commit/4ed601956e41521d854a4b979f4eae489b3438e7&gt;4ed6019&lt;/denchmark-link&gt;
  and &lt;denchmark-link:https://github.com/tesseract-ocr/tesseract/commit/4f8f8e3d5878341ba5daf535d81868846a5d6496&gt;4f8f8e3&lt;/denchmark-link&gt;
  also still pass all 61 tests (with the assertion code).
 		</comment>
 		<comment id='14' author='Shreeshrii' date='2021-01-10T15:06:54Z'>
 		
 I've added nightly builds with all tests.
 
 &lt;denchmark-link:https://github.com/egorpugin&gt;@egorpugin&lt;/denchmark-link&gt;
 , please run those tests with compiler flag  for the Tesseract code. Otherwise certain kinds of bugs won't be noticed.
 		</comment>
 		<comment id='15' author='Shreeshrii' date='2021-01-10T16:06:02Z'>
 		I need to test it in sw build first. I did not work with sanitizers yet.
 		</comment>
 		<comment id='16' author='Shreeshrii' date='2021-01-11T00:46:21Z'>
 		Appyeyor reply
 `From: Feodor Fitsner (Support staff)
 Hi Shree,
 Scheduled jobs have been enabled and build timeout increased to 90 minutes. Hope that helps.
 `
 &lt;denchmark-link:https://github.com/zdenop&gt;@zdenop&lt;/denchmark-link&gt;
  The crontab for scheduling the build needs to be set via the UI interface.
 		</comment>
 		<comment id='17' author='Shreeshrii' date='2021-01-11T10:01:59Z'>
 		make check builds and runs all unit tests.
 &lt;denchmark-link:https://github.com/stweil&gt;@stweil&lt;/denchmark-link&gt;
  Is there a way that I can build ALL tests but run only selected ones?
 		</comment>
 		<comment id='18' author='Shreeshrii' date='2021-01-11T10:03:33Z'>
 		That's a feature which is still missing (also desired for me). It can be easily realized as soon as unittest is part of the flat build.
 		</comment>
 		<comment id='19' author='Shreeshrii' date='2021-01-11T10:25:28Z'>
 		make check TESTS='apiexample_test' seems to work.
 Ref: &lt;denchmark-link:https://stackoverflow.com/questions/38411619/autotools-how-to-run-a-single-test-using-make-check&gt;https://stackoverflow.com/questions/38411619/autotools-how-to-run-a-single-test-using-make-check&lt;/denchmark-link&gt;
 
 		</comment>
 		<comment id='20' author='Shreeshrii' date='2021-01-11T11:36:58Z'>
 		&lt;denchmark-link:https://github.com/egorpugin&gt;@egorpugin&lt;/denchmark-link&gt;
  The nightly build ran - see &lt;denchmark-link:https://github.com/tesseract-ocr/tesseract/actions/runs/476457200&gt;https://github.com/tesseract-ocr/tesseract/actions/runs/476457200&lt;/denchmark-link&gt;
 
 However, it shows the build status as success even though the unittests failed.
 		</comment>
 		<comment id='21' author='Shreeshrii' date='2021-01-11T11:43:52Z'>
 		Github actions have an issue where test result uploader uploads results into the wrong job.
 Nightly job failed, but results were not uploaded into it correctly.
 		</comment>
 		<comment id='22' author='Shreeshrii' date='2021-01-11T12:25:16Z'>
 		Autotools run of googletests creates a testsuite summary - see &lt;denchmark-link:https://github.com/tesseract-ocr/tesseract/files/5792213/test-suite.log&gt;https://github.com/tesseract-ocr/tesseract/files/5792213/test-suite.log&lt;/denchmark-link&gt;
 
 It is minimal when all tests pass, but has details of failing tests. Can that be used as a report as part of Github Actions?
 Also found another Action Report for gtest - but the example is only for one test.
 See &lt;denchmark-link:https://github.com/bastianhjaeger/github_actions_gtest_example&gt;https://github.com/bastianhjaeger/github_actions_gtest_example&lt;/denchmark-link&gt;
 
 		</comment>
 		<comment id='23' author='Shreeshrii' date='2021-01-11T21:26:34Z'>
 		
 make check TESTS='apiexample_test' seems to work.
 
 I'm just preparing a flat build for unittest, too. Would it be better to create the test executables in the build root (like the other executables), or should they stay in the unittest subdirectory?
 		</comment>
 		<comment id='24' author='Shreeshrii' date='2021-01-11T21:48:03Z'>
 		&lt;denchmark-link:https://github.com/stweil&gt;@stweil&lt;/denchmark-link&gt;
  &lt;denchmark-link:https://github.com/Shreeshrii&gt;@Shreeshrii&lt;/denchmark-link&gt;
 
 If you want to add autotools build with tests, it is possible. Just create separate file in .github/.../ near sw.yml.
 I think it's worth it because you are using it extensively.
 You can express and repeat there your local workflows etc.
 		</comment>
 		<comment id='25' author='Shreeshrii' date='2021-01-12T09:40:27Z'>
 		&lt;denchmark-link:https://github.com/egorpugin&gt;@egorpugin&lt;/denchmark-link&gt;
  When I am trying to commit to my fork of tesseract I am getting this error.
 &lt;denchmark-code&gt;remote:   https://github.com/Shreeshrii/tesseract.git
 To https://github.com/shreeshrii/tesseract
  ! [remote rejected]   master -&gt; master (refusing to allow a Personal Access Token to create or update workflow `.github/workflows/sw.yml` without `workflow` scope)
 error: failed to push some refs to 'https://github.com/shreeshrii/tesseract'
 &lt;/denchmark-code&gt;
 
 Last time, I deleted the repo and created a new fork. But there must be a better way to handle this.
 I don't have rights to create a PR directly in tesseract-ocr/tesseract.
 		</comment>
 		<comment id='26' author='Shreeshrii' date='2021-01-12T10:43:01Z'>
 		Commit to your repo, create PR as usual workflow.
 		</comment>
 		<comment id='27' author='Shreeshrii' date='2021-01-12T16:12:24Z'>
 		
 Commit 021237a adds an assertion in git master to detect calculations with illegal double values.
 
 This problem was introduced by commit &lt;denchmark-link:https://github.com/tesseract-ocr/tesseract/commit/9710bc0465fc0df1a5bc0e71177151e8c5901204&gt;9710bc0&lt;/denchmark-link&gt;
 . Those changes cause illegal double values in  and .
 		</comment>
 		<comment id='28' author='Shreeshrii' date='2021-01-12T16:17:43Z'>
 		
 remote:   https://github.com/Shreeshrii/tesseract.git
 
 &lt;denchmark-link:https://github.com/Shreeshrii&gt;@Shreeshrii&lt;/denchmark-link&gt;
 , do you always use HTTPS to access your GitHub repository? I usually use SSH, because it does not require a password or access token for write access. The SSH address would be . You only have to upload your public SSH key(s) to GitHub once.
 		</comment>
 		<comment id='29' author='Shreeshrii' date='2021-01-12T16:23:31Z'>
 		&lt;denchmark-link:https://github.com/stweil&gt;@stweil&lt;/denchmark-link&gt;
  Yes, I have used HTTPS access only so far. I will try with SSH.
 		</comment>
 		<comment id='30' author='Shreeshrii' date='2021-01-12T16:34:39Z'>
 		You can use  to change the address. It will only work after you have uploaded your public SSH key to your GitHub settings (see &lt;denchmark-link:https://github.com/settings/keys&gt;https://github.com/settings/keys&lt;/denchmark-link&gt;
 ).
 		</comment>
 		<comment id='31' author='Shreeshrii' date='2021-01-12T17:20:38Z'>
 		&lt;denchmark-link:https://github.com/egorpugin&gt;@egorpugin&lt;/denchmark-link&gt;
 , reverting commit &lt;denchmark-link:https://github.com/tesseract-ocr/tesseract/commit/9710bc0465fc0df1a5bc0e71177151e8c5901204&gt;9710bc0&lt;/denchmark-link&gt;
  fixes this issue. Maybe you have a better idea?
 		</comment>
 		<comment id='32' author='Shreeshrii' date='2021-01-12T17:35:34Z'>
 		Maybe it's possible to revert partially and check what causes this - what lines.
 Or we need just to debug the issue.
 		</comment>
 		<comment id='33' author='Shreeshrii' date='2021-01-12T20:36:08Z'>
 		Fixed in git master with commit &lt;denchmark-link:https://github.com/tesseract-ocr/tesseract/commit/b0e46085f48d206797ad36ba643dbe9f12ad157a&gt;b0e4608&lt;/denchmark-link&gt;
 .
 		</comment>
 		<comment id='34' author='Shreeshrii' date='2021-01-13T05:08:49Z'>
 		&lt;denchmark-link:https://github.com/stweil&gt;@stweil&lt;/denchmark-link&gt;
  Thanks!
 		</comment>
 		<comment id='35' author='Shreeshrii' date='2021-01-20T13:14:18Z'>
 		
 I'm just preparing a flat build for unittest, too. Would it be better to create the test executables in the build root (like the other executables), or should they stay in the unittest subdirectory?
 
 To find all executables in one directory would be more convenient.
 		</comment>
 	</comments>
 </bug>
<commit id='b0e46085f48d206797ad36ba643dbe9f12ad157a' author='Stefan Weil' date='2021-01-12 21:23:14+01:00'>
 	<dmm_unit complexity='1.0' interfacing='1.0' size='0.0'></dmm_unit>
 	<modification change_type='MODIFY' old_name='src\ccutil\serialis.cpp' new_name='src\ccutil\serialis.cpp'>
 		<file_info nloc='220' complexity='58' token_count='1515'></file_info>
 		<method name='tesseract::TFile::Serialize' parameters='data'>
 				<method_info nloc='9' complexity='3' token_count='63' nesting_level='1' start_line='125' end_line='133'></method_info>
 			<added_lines>130</added_lines>
 			<deleted_lines></deleted_lines>
 		</method>
 		<method name='tesseract::TFile::Serialize' parameters='data'>
 				<method_info nloc='9' complexity='3' token_count='63' nesting_level='1' start_line='97' end_line='105'></method_info>
 			<added_lines>97,98,99,100,101,102,103,104,105</added_lines>
 			<deleted_lines></deleted_lines>
 		</method>
 		<method name='tesseract::TFile::DeSerialize' parameters='data'>
 				<method_info nloc='16' complexity='4' token_count='93' nesting_level='1' start_line='77' end_line='94'></method_info>
 			<added_lines>77,78,79,80,81,82,83,84,85,86,87,88,89,90,91,92,93,94</added_lines>
 			<deleted_lines>94</deleted_lines>
 		</method>
 		<modified_lines>
 			<added_lines>76,95,96,106,107,108,109,110,111</added_lines>
 			<deleted_lines></deleted_lines>
 		</modified_lines>
 	</modification>
 	<modification change_type='MODIFY' old_name='src\ccutil\serialis.h' new_name='src\ccutil\serialis.h'>
 		<file_info nloc='63' complexity='6' token_count='498'></file_info>
 		<method name='tesseract::TESS_APITFile::DeSerialize' parameters='data'>
 				<method_info nloc='12' complexity='3' token_count='81' nesting_level='2' start_line='114' end_line='127'></method_info>
 			<added_lines></added_lines>
 			<deleted_lines>114,115,116,117,118,119,120,121,122,123,124,125,126,127</deleted_lines>
 		</method>
 		<method name='tesseract::TESS_APITFile::Serialize' parameters='data'>
 				<method_info nloc='10' complexity='3' token_count='73' nesting_level='2' start_line='102' end_line='111'></method_info>
 			<added_lines></added_lines>
 			<deleted_lines>102,103,104,105,106,107,108,109,110,111</deleted_lines>
 		</method>
 		<modified_lines>
 			<added_lines>89,97</added_lines>
 			<deleted_lines>101,112,113,128</deleted_lines>
 		</modified_lines>
 	</modification>
 </commit>
</bug_data>
