<bug id='161' author='denismakogon' open_date='2018-04-05T13:55:25Z' closed_time='2018-05-24T18:40:52Z'>
	<summary>make install doesn't work on MacOS</summary>
	<description>
make install fails on MacOS with the following error:
&lt;denchmark-code&gt;cd /tmp/opencv/opencv-3.4.1
/bin/sh: line 0: cd: /tmp/opencv/opencv-3.4.1: No such file or directory
make: *** [build] Error 1
&lt;/denchmark-code&gt;

because it downloads all files to current directory:
&lt;denchmark-code&gt;Changes not staged for commit:
  (use "git add &lt;file&gt;..." to update what will be committed)
  (use "git checkout -- &lt;file&gt;..." to discard changes in working directory)

Untracked files:
  (use "git add &lt;file&gt;..." to include in what will be committed)

	opencv-3.4.1/
	opencv.zip
	opencv_contrib-3.4.1/
	opencv_contrib.zip

&lt;/denchmark-code&gt;

current directory is:
&lt;denchmark-code&gt;pwd
/Users/denismakogon/Documents/go/src/gocv.io/x/gocv
&lt;/denchmark-code&gt;

	</description>
	<comments>
		<comment id='1' author='denismakogon' date='2018-04-05T13:59:08Z'>
		You should be using homebrew on macOS to install as discussed here:
&lt;denchmark-link:https://github.com/hybridgroup/gocv/blob/master/README.md#macos&gt;https://github.com/hybridgroup/gocv/blob/master/README.md#macos&lt;/denchmark-link&gt;

		</comment>
		<comment id='2' author='denismakogon' date='2018-04-05T14:00:20Z'>
		AFAIK it doesn't have contrib there. Contrib can't be built without OpenCV source code.
		</comment>
		<comment id='3' author='denismakogon' date='2018-04-05T14:04:39Z'>
		It does indeed have OpenCV Contrib, which is now installed as part of the default install for Homebrew:
&lt;denchmark-link:https://github.com/Homebrew/homebrew-core/blob/master/Formula/opencv.rb#L29&gt;https://github.com/Homebrew/homebrew-core/blob/master/Formula/opencv.rb#L29&lt;/denchmark-link&gt;

		</comment>
		<comment id='4' author='denismakogon' date='2018-04-05T14:18:46Z'>
		Hm, okay.
Here's another error i get when trying to run tests locally:
&lt;denchmark-code&gt;go test -v ./...
# gocv.io/x/gocv
imgproc.cpp:27:26: error: expected '(' for function-style cast or type construction
imgproc.cpp:30:19: error: expected '(' for function-style cast or type construction
imgproc.cpp:133:28: error: expected '(' for function-style cast or type construction
FAIL	gocv.io/x/gocv [build failed]
# gocv.io/x/gocv
imgproc.cpp:27:26: error: expected '(' for function-style cast or type construction
imgproc.cpp:30:19: error: expected '(' for function-style cast or type construction
imgproc.cpp:133:28: error: expected '(' for function-style cast or type construction
FAIL	gocv.io/x/gocv/contrib [build failed]
FAIL	gocv.io/x/gocv/pvl [build failed]

&lt;/denchmark-code&gt;

		</comment>
		<comment id='5' author='denismakogon' date='2018-04-05T14:29:24Z'>
		You must also run source env.sh before running any GoCV code on macOS.
		</comment>
		<comment id='6' author='denismakogon' date='2018-04-05T15:25:09Z'>
		Doesn't much help there
&lt;denchmark-code&gt;/bin/bash ./env.sh
Brew install detected
Environment variables configured for OSX
Deniss-MBP-2:gocv denismakogon$ go test -v ./...
# gocv.io/x/gocv
imgproc.cpp:27:26: error: expected '(' for function-style cast or type construction
imgproc.cpp:30:19: error: expected '(' for function-style cast or type construction
imgproc.cpp:133:28: error: expected '(' for function-style cast or type construction
FAIL	gocv.io/x/gocv [build failed]
# gocv.io/x/gocv
imgproc.cpp:27:26: error: expected '(' for function-style cast or type construction
imgproc.cpp:30:19: error: expected '(' for function-style cast or type construction
imgproc.cpp:133:28: error: expected '(' for function-style cast or type construction
FAIL	gocv.io/x/gocv/contrib [build failed]
FAIL	gocv.io/x/gocv/pvl [build failed]
&lt;/denchmark-code&gt;

		</comment>
		<comment id='7' author='denismakogon' date='2018-04-05T17:56:15Z'>
		AH, you cannot run the pvl tests without the Intel CV SDK installed.
Hence why the instructions to run the tests here: &lt;denchmark-link:https://github.com/hybridgroup/gocv/blob/master/CONTRIBUTING.md#how-to-run-tests&gt;https://github.com/hybridgroup/gocv/blob/master/CONTRIBUTING.md#how-to-run-tests&lt;/denchmark-link&gt;

		</comment>
		<comment id='8' author='denismakogon' date='2018-05-08T07:42:25Z'>
		The issue &lt;denchmark-link:https://github.com/denismakogon&gt;@denismakogon&lt;/denchmark-link&gt;
 that you mention above within  has been addressed in the  branch. I will close this issue after the next release.
		</comment>
		<comment id='9' author='denismakogon' date='2018-05-24T18:40:52Z'>
		This code has now been released as part of v0.12.0 so now closing. Thanks again!
		</comment>
	</comments>
</bug>