<bug id='180' author='hejia-zhang' open_date='2018-07-11T21:02:52Z' closed_time='2019-05-22T00:07:45Z'>
	<summary>tests.test_stateful_pool failed</summary>
	<description>
&lt;denchmark-code&gt;$ nose2 tests.test_stateful_pool
&lt;/denchmark-code&gt;

Mostly the test can pass, but I found it failed once.
&lt;denchmark-code&gt;FWarning: terminating existing pool
.
======================================================================
FAIL: tests.test_stateful_pool.transplant_class.&lt;locals&gt;.C (test_stateful_pool)
----------------------------------------------------------------------
Traceback (most recent call last):
  File "/home/hejia/Projects/garage/tests/test_stateful_pool.py", line 10, in test_stateful_pool
    assert tuple(results) == ('a', 'a', 'a')
AssertionError

----------------------------------------------------------------------
Ran 2 tests in 2.460s

FAILED (failures=1)
&lt;/denchmark-code&gt;

	</description>
	<comments>
		<comment id='1' author='hejia-zhang' date='2018-07-12T21:26:04Z'>
		I ran it 5 times and it passed 5 times. Can someone else confirm if they get the bug as well?
&lt;denchmark-code&gt;(garage) garage (unit_testing) $ nose2 tests.test_stateful_pool
/anaconda2/envs/garage/lib/python3.5/importlib/_bootstrap.py:222: RuntimeWarning: compiletime version 3.6 of module 'tensorflow.python.framework.fast_tensor_util' does not match runtime version 3.5
  return f(*args, **kwds)
.Warning: terminating existing pool
.
----------------------------------------------------------------------
Ran 2 tests in 2.551s

OK
(garage) garage (unit_testing) $ nose2 tests.test_stateful_pool
/anaconda2/envs/garage/lib/python3.5/importlib/_bootstrap.py:222: RuntimeWarning: compiletime version 3.6 of module 'tensorflow.python.framework.fast_tensor_util' does not match runtime version 3.5
  return f(*args, **kwds)
.Warning: terminating existing pool
.
----------------------------------------------------------------------
Ran 2 tests in 2.526s

OK
^[[A(garage) garage (unit_testing) $ nose2 tests.test_stateful_pool
/anaconda2/envs/garage/lib/python3.5/importlib/_bootstrap.py:222: RuntimeWarning: compiletime version 3.6 of module 'tensorflow.python.framework.fast_tensor_util' does not match runtime version 3.5
  return f(*args, **kwds)
.Warning: terminating existing pool
.
----------------------------------------------------------------------
Ran 2 tests in 2.519s

OK
(garage) garage (unit_testing) $ nose2 tests.test_stateful_pool
/anaconda2/envs/garage/lib/python3.5/importlib/_bootstrap.py:222: RuntimeWarning: compiletime version 3.6 of module 'tensorflow.python.framework.fast_tensor_util' does not match runtime version 3.5
  return f(*args, **kwds)
.Warning: terminating existing pool
.
----------------------------------------------------------------------
Ran 2 tests in 2.647s

OK
(garage) garage (unit_testing) $ nose2 tests.test_stateful_pool
/anaconda2/envs/garage/lib/python3.5/importlib/_bootstrap.py:222: RuntimeWarning: compiletime version 3.6 of module 'tensorflow.python.framework.fast_tensor_util' does not match runtime version 3.5
  return f(*args, **kwds)
.Warning: terminating existing pool
.
----------------------------------------------------------------------
Ran 2 tests in 2.543s

OK
(garage) garage (unit_testing) $ nose2 tests.test_stateful_pool
/anaconda2/envs/garage/lib/python3.5/importlib/_bootstrap.py:222: RuntimeWarning: compiletime version 3.6 of module 'tensorflow.python.framework.fast_tensor_util' does not match runtime version 3.5
  return f(*args, **kwds)
.Warning: terminating existing pool
.
----------------------------------------------------------------------
Ran 2 tests in 2.518s

OK
&lt;/denchmark-code&gt;

		</comment>
		<comment id='2' author='hejia-zhang' date='2018-07-12T21:31:00Z'>
		worksforme
		</comment>
		<comment id='3' author='hejia-zhang' date='2019-05-15T02:59:55Z'>
		Anson is experiencing this issue. See &lt;denchmark-link:https://travis-ci.com/rlworkgroup/garage/builds/111836103&gt;https://travis-ci.com/rlworkgroup/garage/builds/111836103&lt;/denchmark-link&gt;
.
		</comment>
		<comment id='4' author='hejia-zhang' date='2019-05-15T04:47:25Z'>
		I sometimes experienced the issue as well
		</comment>
		<comment id='5' author='hejia-zhang' date='2019-05-15T21:57:01Z'>
		&lt;denchmark-link:https://github.com/naeioi&gt;@naeioi&lt;/denchmark-link&gt;
 &lt;denchmark-link:https://github.com/zequnyu&gt;@zequnyu&lt;/denchmark-link&gt;
 realistically, you guys own stateful_pool at this point. do you have ideas about why it's failing?
		</comment>
	</comments>
</bug>