<bug id='181' author='hejia-zhang' open_date='2018-07-11T21:04:13Z' closed_time='2018-07-12T21:26:51Z'>
	<summary>tests.test_spaces failed</summary>
	<description>
&lt;denchmark-code&gt;$ nose2 tests.test_spaces
&lt;/denchmark-code&gt;

&lt;denchmark-code&gt;EE
======================================================================
ERROR: tests.test_spaces.transplant_class.&lt;locals&gt;.C (test_product_space)
----------------------------------------------------------------------
Traceback (most recent call last):
  File "/home/hejia/Projects/garage/tests/test_spaces.py", line 9, in test_product_space
    _ = Product([Discrete(3), Discrete(2)])
  File "/home/hejia/Projects/garage/garage/spaces/product.py", line 14, in __init__
    for c in components
  File "/home/hejia/Projects/garage/garage/spaces/product.py", line 14, in &lt;listcomp&gt;
    for c in components
  File "/home/hejia/Projects/garage/garage/spaces/discrete.py", line 64, in new_tensor_variable
    raise NotImplementedError
NotImplementedError

======================================================================
ERROR: tests.test_spaces.transplant_class.&lt;locals&gt;.C (test_product_space_unflatten_n)
----------------------------------------------------------------------
Traceback (most recent call last):
  File "/home/hejia/Projects/garage/tests/test_spaces.py", line 16, in test_product_space_unflatten_n
    space = Product([Discrete(3), Discrete(3)])
  File "/home/hejia/Projects/garage/garage/spaces/product.py", line 14, in __init__
    for c in components
  File "/home/hejia/Projects/garage/garage/spaces/product.py", line 14, in &lt;listcomp&gt;
    for c in components
  File "/home/hejia/Projects/garage/garage/spaces/discrete.py", line 64, in new_tensor_variable
    raise NotImplementedError
NotImplementedError

----------------------------------------------------------------------
Ran 3 tests in 0.001s

FAILED (errors=2)
&lt;/denchmark-code&gt;

	</description>
	<comments>
	</comments>
</bug>