<bug id='483' author='Balandat' open_date='2019-01-28T19:59:46Z' closed_time='2019-02-04T05:01:14Z'>
	<summary>[Test Failure] test_batch_whitened_svgp_gp_regression</summary>
	<description>
Getting the following test failure on master:
&lt;denchmark-code&gt;AssertionError: 0.14334218204021454 not less than 0.1
  File "/usr/local/fbcode/gcc-5-glibc-2.23/lib/python3.6/unittest/case.py", line 59, in testPartExecutor
    yield
  File "/usr/local/fbcode/gcc-5-glibc-2.23/lib/python3.6/unittest/case.py", line 605, in run
    testMethod()
  File "/data/users/balandat/fbsource/fbcode/buck-out/dev/gen/pytorch/gpytorch/test_gpytorch_examples#binary,link-tree/test/examples/test_batch_whitened_svgp_gp_regression.py", line 167, in test_regression_error_cuda
    self.assertLess(mean_abs_error2.item(), 1e-1)
  File "/usr/local/fbcode/gcc-5-glibc-2.23/lib/python3.6/unittest/case.py", line 1208, in assertLess
    self.fail(self._formatMessage(msg, standardMsg))
  File "/usr/local/fbcode/gcc-5-glibc-2.23/lib/python3.6/unittest/case.py", line 670, in fail
    raise self.failureException(msg)
&lt;/denchmark-code&gt;

	</description>
	<comments>
		<comment id='1' author='Balandat' date='2019-01-28T22:48:47Z'>
		&lt;denchmark-link:https://github.com/Balandat&gt;@Balandat&lt;/denchmark-link&gt;
 I'm unable to reproduce this on today's pytorch-nightly build and gpytorch master. What environment are you using? I'm
		</comment>
		<comment id='2' author='Balandat' date='2019-01-28T23:45:20Z'>
		&lt;denchmark-link:https://github.com/jacobrgardner&gt;@jacobrgardner&lt;/denchmark-link&gt;
 This is on gpytorch master and the latest bleeding edge pytorch(well, 20 mins old or so). Let me see if fixing the seed fixes the test and still works for github contbuild
		</comment>
		<comment id='3' author='Balandat' date='2019-01-29T05:37:57Z'>
		I'm also failing this test in &lt;denchmark-link:https://github.com/cornellius-gp/gpytorch/pull/484&gt;#484&lt;/denchmark-link&gt;
. I'm on gpytorch master branch with Python 3.6.7 and a pretty old version of pytorch nightly
&lt;denchmark-code&gt;&gt;&gt;&gt; torch.__version__
'1.0.0.dev20181220'
&lt;/denchmark-code&gt;

The unittest error:
&lt;denchmark-code&gt;Traceback (most recent call last):
  File ".../gpytorch/test/examples/test_batch_whitened_svgp_gp_regression.py", line 167, in test_regression_error_cuda
    self.assertLess(mean_abs_error2.item(), 1e-1)
AssertionError: 0.1433437168598175 not less than 0.1
&lt;/denchmark-code&gt;

		</comment>
		<comment id='4' author='Balandat' date='2019-01-29T05:39:30Z'>
		Somehow running the unittest locally fails but the Travis CI passes? Maybe the difference is from using CUDA?
		</comment>
		<comment id='5' author='Balandat' date='2019-01-29T13:37:38Z'>
		Travis doesn't run the CUDA tests (because it doesn't have GPUs). The test that's failing is on CUDA.
It is strange that the CPU version of the test doesn't fail.
		</comment>
		<comment id='6' author='Balandat' date='2019-01-29T17:57:52Z'>
		Yeah so this happens also when changing the CUDA seed - so it doesn't just seem to be some changes related to that.
		</comment>
		<comment id='7' author='Balandat' date='2019-01-31T00:02:36Z'>
		This also fails on pytorch stable 1.0.0 with CUDA
		</comment>
		<comment id='8' author='Balandat' date='2019-02-04T05:01:14Z'>
		closed by &lt;denchmark-link:https://github.com/cornellius-gp/gpytorch/pull/493&gt;#493&lt;/denchmark-link&gt;

		</comment>
	</comments>
</bug>