<bug id='4367' author='apohllo' open_date='2020-06-17T11:58:00Z' closed_time='2020-07-27T23:46:23Z'>
	<summary>Make allennlp work with allentune once again</summary>
	<description>
&lt;denchmark-h:h2&gt;Checklist&lt;/denchmark-h&gt;


 I have verified that the issue exists against the master branch of AllenNLP.
 I have read the relevant section in the contribution guide on reporting bugs.
 I have checked the issues list for similar or identical bug reports.
 I have checked the pull requests list for existing proposed fixes.
 I have checked the CHANGELOG and the commit log to find out if the bug was already fixed in the master branch.
 I have included in the "Description" section below a traceback from any exceptions related to this bug.
 I have included in the "Related issues or possible duplicates" section below all related issues and possible duplicate issues (If there are none, check this box anyway).
 I have included in the "Environment" section below the name of the operating system and Python version that I was using when I discovered this bug.
 I have included in the "Environment" section below the output of pip freeze.
 I have included in the "Steps to reproduce" section below a minimally reproducible example.

&lt;denchmark-h:h2&gt;Description&lt;/denchmark-h&gt;

Running allentune with the latest allennlp master causes the following error:

Python traceback:

Traceback (most recent call last):
  File "/net/software/local/python/3.6.5/lib/python3.6/pickle.py", line 918, in save_global
    obj2, parent = _getattribute(module, name)
  File "/net/software/local/python/3.6.5/lib/python3.6/pickle.py", line 266, in _getattribute
    .format(name, obj))
AttributeError: Can't get local attribute 'wrap_function.&lt;locals&gt;.WrappedFunc' on &lt;function wrap_function at 0x2b6ace9a7d90&gt;

During handling of the above exception, another exception occurred:

Traceback (most recent call last):
  File "/net/people/plgapohl/python-albert-pytorch/lib/python3.6/site-packages/ray/cloudpickle/cloudpickle.py", line 639, in save_global
    return Pickler.save_global(self, obj, name=name)
  File "/net/software/local/python/3.6.5/lib/python3.6/pickle.py", line 922, in save_global
    (obj, module_name, name))
_pickle.PicklingError: Can't pickle &lt;class 'ray.tune.trainable.wrap_function.&lt;locals&gt;.WrappedFunc'&gt;: it's not found as ray.tune.trainable.wrap_function.&lt;locals&gt;.WrappedFunc

During handling of the above exception, another exception occurred:

Traceback (most recent call last):
  File "/net/people/plgapohl/python-albert-pytorch/bin/allentune", line 11, in &lt;module&gt;
    load_entry_point('allentune', 'console_scripts', 'allentune')()
  File "/net/people/plgapohl/allentune/allentune/commands/__init__.py", line 67, in main
    args.func(args)
  File "/net/people/plgapohl/allentune/allentune/commands/search.py", line 126, in search_from_args
    executor.run(args)
  File "/net/people/plgapohl/allentune/allentune/modules/ray_executor.py", line 94, in run
    self.run_distributed(run_func, args)
  File "/net/people/plgapohl/allentune/allentune/modules/ray_executor.py", line 58, in run_distributed
    register_trainable("run", run_func)
  File "/net/people/plgapohl/python-albert-pytorch/lib/python3.6/site-packages/ray/tune/registry.py", line 49, in register_trainable
    _global_registry.register(TRAINABLE_CLASS, name, trainable)
  File "/net/people/plgapohl/python-albert-pytorch/lib/python3.6/site-packages/ray/tune/registry.py", line 88, in register
    self._to_flush[(category, key)] = pickle.dumps(value)
  File "/net/people/plgapohl/python-albert-pytorch/lib/python3.6/site-packages/ray/cloudpickle/cloudpickle.py", line 881, in dumps
    cp.dump(obj)
  File "/net/people/plgapohl/python-albert-pytorch/lib/python3.6/site-packages/ray/cloudpickle/cloudpickle.py", line 268, in dump
    return Pickler.dump(self, obj)
  File "/net/software/local/python/3.6.5/lib/python3.6/pickle.py", line 409, in dump
    self.save(obj)
  File "/net/software/local/python/3.6.5/lib/python3.6/pickle.py", line 476, in save
    f(self, obj) # Call unbound method with explicit self
  File "/net/people/plgapohl/python-albert-pytorch/lib/python3.6/site-packages/ray/cloudpickle/cloudpickle.py", line 648, in save_global
    return self.save_dynamic_class(obj)
  File "/net/people/plgapohl/python-albert-pytorch/lib/python3.6/site-packages/ray/cloudpickle/cloudpickle.py", line 495, in save_dynamic_class
    save(clsdict)
  File "/net/software/local/python/3.6.5/lib/python3.6/pickle.py", line 476, in save
    f(self, obj) # Call unbound method with explicit self
  File "/net/software/local/python/3.6.5/lib/python3.6/pickle.py", line 821, in save_dict
    self._batch_setitems(obj.items())
  File "/net/software/local/python/3.6.5/lib/python3.6/pickle.py", line 847, in _batch_setitems
   save(v)                                                                                                                                                                                        [26/1833]
  File "/net/software/local/python/3.6.5/lib/python3.6/pickle.py", line 476, in save
    f(self, obj) # Call unbound method with explicit self
  File "/net/people/plgapohl/python-albert-pytorch/lib/python3.6/site-packages/ray/cloudpickle/cloudpickle.py", line 410, in save_function
    self.save_function_tuple(obj)
  File "/net/people/plgapohl/python-albert-pytorch/lib/python3.6/site-packages/ray/cloudpickle/cloudpickle.py", line 553, in save_function_tuple
    save(state)
  File "/net/software/local/python/3.6.5/lib/python3.6/pickle.py", line 476, in save
    f(self, obj) # Call unbound method with explicit self
  File "/net/software/local/python/3.6.5/lib/python3.6/pickle.py", line 821, in save_dict
    self._batch_setitems(obj.items())
  File "/net/software/local/python/3.6.5/lib/python3.6/pickle.py", line 847, in _batch_setitems
    save(v)
  File "/net/software/local/python/3.6.5/lib/python3.6/pickle.py", line 476, in save
    f(self, obj) # Call unbound method with explicit self
  File "/net/software/local/python/3.6.5/lib/python3.6/pickle.py", line 781, in save_list
    self._batch_appends(obj)
  File "/net/software/local/python/3.6.5/lib/python3.6/pickle.py", line 808, in _batch_appends
    save(tmp[0])
  File "/net/software/local/python/3.6.5/lib/python3.6/pickle.py", line 476, in save
    f(self, obj) # Call unbound method with explicit self
  File "/net/people/plgapohl/python-albert-pytorch/lib/python3.6/site-packages/ray/cloudpickle/cloudpickle.py", line 410, in save_function
    self.save_function_tuple(obj)
  File "/net/people/plgapohl/python-albert-pytorch/lib/python3.6/site-packages/ray/cloudpickle/cloudpickle.py", line 553, in save_function_tuple
    save(state)
  File "/net/software/local/python/3.6.5/lib/python3.6/pickle.py", line 476, in save
    f(self, obj) # Call unbound method with explicit self
  File "/net/software/local/python/3.6.5/lib/python3.6/pickle.py", line 821, in save_dict
    self._batch_setitems(obj.items())
  File "/net/software/local/python/3.6.5/lib/python3.6/pickle.py", line 847, in _batch_setitems
    save(v)
  File "/net/software/local/python/3.6.5/lib/python3.6/pickle.py", line 476, in save
    f(self, obj) # Call unbound method with explicit self
  File "/net/software/local/python/3.6.5/lib/python3.6/pickle.py", line 821, in save_dict
    self._batch_setitems(obj.items())
  File "/net/software/local/python/3.6.5/lib/python3.6/pickle.py", line 847, in _batch_setitems
    save(v)
  File "/net/software/local/python/3.6.5/lib/python3.6/pickle.py", line 521, in save
    self.save_reduce(obj=obj, *rv)
  File "/net/software/local/python/3.6.5/lib/python3.6/pickle.py", line 634, in save_reduce
    save(state)
  File "/net/software/local/python/3.6.5/lib/python3.6/pickle.py", line 476, in save
    f(self, obj) # Call unbound method with explicit self
  File "/net/software/local/python/3.6.5/lib/python3.6/pickle.py", line 821, in save_dict
    self._batch_setitems(obj.items())
  File "/net/software/local/python/3.6.5/lib/python3.6/pickle.py", line 847, in _batch_setitems
    save(v)
  File "/net/software/local/python/3.6.5/lib/python3.6/pickle.py", line 521, in save
    self.save_reduce(obj=obj, *rv)
  File "/net/software/local/python/3.6.5/lib/python3.6/pickle.py", line 634, in save_reduce
    save(state)
  File "/net/software/local/python/3.6.5/lib/python3.6/pickle.py", line 476, in save
  f(self, obj) # Call unbound method with explicit self
  File "/net/software/local/python/3.6.5/lib/python3.6/pickle.py", line 821, in save_dict
    self._batch_setitems(obj.items())
  File "/net/software/local/python/3.6.5/lib/python3.6/pickle.py", line 847, in _batch_setitems
    save(v)
  File "/net/software/local/python/3.6.5/lib/python3.6/pickle.py", line 476, in save
    f(self, obj) # Call unbound method with explicit self
  File "/net/software/local/python/3.6.5/lib/python3.6/pickle.py", line 781, in save_list
    self._batch_appends(obj)
  File "/net/software/local/python/3.6.5/lib/python3.6/pickle.py", line 808, in _batch_appends
    save(tmp[0])
  File "/net/software/local/python/3.6.5/lib/python3.6/pickle.py", line 521, in save
    self.save_reduce(obj=obj, *rv)
  File "/net/software/local/python/3.6.5/lib/python3.6/pickle.py", line 634, in save_reduce
    save(state)
  File "/net/software/local/python/3.6.5/lib/python3.6/pickle.py", line 476, in save
    f(self, obj) # Call unbound method with explicit self
  File "/net/software/local/python/3.6.5/lib/python3.6/pickle.py", line 821, in save_dict
    self._batch_setitems(obj.items())
  File "/net/software/local/python/3.6.5/lib/python3.6/pickle.py", line 847, in _batch_setitems
    save(v)
  File "/net/software/local/python/3.6.5/lib/python3.6/pickle.py", line 496, in save
    rv = reduce(self.proto)
TypeError: can't pickle _thread.RLock objects

This error in not present if we switch to:
26e313b
but appers when we move to the next commit, i.e.:
4a6023b


&lt;denchmark-h:h2&gt;Related issues or possible duplicates&lt;/denchmark-h&gt;

I have reported the issue in allentune, but it's a problem in allennlp:

allenai/allentune#11

&lt;denchmark-h:h2&gt;Environment&lt;/denchmark-h&gt;

OS:
Linux p2311 3.10.0-1062.9.1.el7.x86_64 &lt;denchmark-link:https://github.com/allenai/allennlp/pull/1&gt;#1&lt;/denchmark-link&gt;
 SMP Fri Dec 6 15:49:49 UTC 2019 x86_64 x86_64 x86_64 GNU/Linux
Python version:
3.6.5

Output of pip freeze:

absl-py==0.9.0
alabaster==0.7.12
allennlp==1.0.0rc4
-e git+https://github.com/allenai/allentune.git@6ef9a2e38a9bcf944f83f2034dd181f94ff00d9c#egg=allentune
apex==0.1
astor==0.8.1
astunparse==1.6.3
attrs==19.3.0
Babel==2.8.0
backcall==0.1.0
blis==0.2.4
boto3==1.11.12
botocore==1.14.12
cachetools==4.0.0
catalogue==1.0.0
certifi==2019.11.28
chardet==3.0.4
click==7.1.2
colorama==0.4.3
configparser==5.0.0
conllu==2.3.2
coverage==5.1
cycler==0.10.0
cymem==2.0.3
dataclasses==0.7
decorator==4.4.1
docker-pycreds==0.4.0
docutils==0.15.2
editdistance==0.5.3
filelock==3.0.12
fire==0.2.1
flaky==3.6.1
Flask==1.1.2
Flask-Cors==3.0.8
flatbuffers==1.12
ftfy==5.7
funcsigs==1.0.2
future==0.18.2
gast==0.2.2
gevent==20.6.2
gitdb==4.0.5
GitPython==3.1.3
google-auth==1.11.0
google-auth-oauthlib==0.4.1
google-pasta==0.2.0
gql==0.2.0
graphql-core==1.1
greenlet==0.4.16
grpcio==1.26.0
h5py==2.10.0
html2text==2020.1.16
idna==2.8
imagesize==1.2.0
importlib-metadata==1.6.1
ipdb==0.12.3
ipython==7.12.0
ipython-genutils==0.2.0
itsdangerous==1.1.0
jedi==0.16.0
Jinja2==2.11.2
jmespath==0.9.4
joblib==0.15.1
jsonnet==0.16.0
jsonpickle==1.4.1
Keras==2.3.1
Keras-Applications==1.0.8
Keras-Preprocessing==1.1.2
kiwisolver==1.2.0
Markdown==3.1.1
MarkupSafe==1.1.1
matplotlib==3.2.1
more-itertools==8.4.0
murmurhash==1.0.2
nltk==3.4.5
numpy==1.18.1
numpydoc==1.0.0
nvidia-ml-py3==7.352.0
oauthlib==3.1.0
opt-einsum==3.2.1
overrides==2.8.0
packaging==20.4
pandas==1.0.4
parsimonious==0.8.1
parso==0.6.1
pathtools==0.1.2
pexpect==4.8.0
pickleshare==0.7.5
plac==0.9.6
pluggy==0.13.1
preshed==2.0.1
progressbar==2.5
promise==2.3
prompt-toolkit==3.0.3
protobuf==3.11.2
psutil==5.7.0
ptyprocess==0.6.0
py==1.8.2
py-rouge==1.1
pyasn1==0.4.8
pyasn1-modules==0.2.8
Pygments==2.5.2
pyparsing==2.4.7
pytest==5.4.3
pytest-cov==2.10.0
python-dateutil==2.8.1
pytorch-pretrained-bert==0.6.2
pytorch-transformers==1.1.0
pytz==2020.1
PyYAML==5.3.1
ray==0.6.2
redis==3.5.3
regex==2020.5.14
requests==2.22.0
requests-oauthlib==1.3.0
responses==0.10.15
rsa==4.0
s3transfer==0.3.3
sacremoses==0.0.43
scikit-learn==0.23.1
scipy==1.4.1
seaborn==0.10.1
semantic-version==2.8.5
sentencepiece==0.1.91
sentry-sdk==0.14.4
seqeval==0.0.12
shortuuid==1.0.1
simpletransformers==0.34.0
six==1.14.0
smmap==3.0.4
snowballstemmer==2.0.0
spacy==2.1.9
Sphinx==3.1.1
sphinxcontrib-applehelp==1.0.2
sphinxcontrib-devhelp==1.0.2
sphinxcontrib-htmlhelp==1.0.3
sphinxcontrib-jsmath==1.0.1
sphinxcontrib-qthelp==1.0.3
sphinxcontrib-serializinghtml==1.1.4
sqlparse==0.3.1
srsly==1.0.2
subprocess32==3.5.4
tensorboard==1.15.0
tensorboard-plugin-wit==1.6.0.post3
tensorboardX==2.0
tensorflow==1.15.0
tensorflow-estimator==1.15.1
termcolor==1.1.0
thinc==7.0.8
threadpoolctl==2.1.0
tokenizers==0.5.2
torch==1.5.0
tqdm==4.42.0
traitlets==4.3.3
transformers==2.8.0
Unidecode==1.1.1
urllib3==1.25.8
wandb==0.8.36
wasabi==0.6.0
watchdog==0.10.2
wcwidth==0.1.8
Werkzeug==0.16.1
word2number==1.1
wrapt==1.12.1
zipp==3.1.0
zope.event==4.4
zope.interface==5.1.0



&lt;denchmark-h:h2&gt;Steps to reproduce&lt;/denchmark-h&gt;

Just run the example search in allentune:

Example source:

allentune search \
    --experiment-name classifier_search \
    --num-cpus 56 \
    --num-gpus 4 \
    --cpus-per-trial 1 \
    --gpus-per-trial 1 \
    --search-space examples/search_space.json \
    --num-samples 30 \
    --base-config examples/classifier.jsonnet



	</description>
	<comments>
		<comment id='1' author='apohllo' date='2020-06-17T11:58:45Z'>
		So far reverting &lt;denchmark-link:https://github.com/allenai/allennlp/commit/4a6023b3ee692da50ff27126f331546e7c2f284a&gt;4a6023b&lt;/denchmark-link&gt;
 makes the code run again.
		</comment>
		<comment id='2' author='apohllo' date='2020-06-17T12:05:56Z'>
		Running the tests in allentune also causes this error:
&lt;denchmark-code&gt;pytest -v .
&lt;/denchmark-code&gt;

		</comment>
		<comment id='3' author='apohllo' date='2020-06-19T16:18:05Z'>
		&lt;denchmark-link:https://github.com/kernelmachine&gt;@kernelmachine&lt;/denchmark-link&gt;
 are you able to take a look at this?  We would like for AllenTune to work in 1.0.
&lt;denchmark-link:https://github.com/matt-gardner&gt;@matt-gardner&lt;/denchmark-link&gt;
 is even interested in covering it in a chapter of the guide.
		</comment>
		<comment id='4' author='apohllo' date='2020-06-22T23:26:20Z'>
		Yes, will take a look in the next couple days, thanks &lt;denchmark-link:https://github.com/apohllo&gt;@apohllo&lt;/denchmark-link&gt;
 for raising the issue!
		</comment>
		<comment id='5' author='apohllo' date='2020-06-23T14:56:36Z'>
		The problem is definitely in the commit  #4a6023b. I looked into it, but it was difficult to spot the problem, since the stack trace refers to an anonymous function.
		</comment>
		<comment id='6' author='apohllo' date='2020-07-27T23:46:22Z'>
		allentune now works with 1.0! &lt;denchmark-link:https://github.com/apohllo&gt;@apohllo&lt;/denchmark-link&gt;
, feel free to submit an issue to the allentune repo if you run into additional issues.
		</comment>
		<comment id='7' author='apohllo' date='2020-07-29T10:49:34Z'>
		üëè
		</comment>
	</comments>
</bug>