<bug id='4376' author='butoialexandra' open_date='2020-06-18T19:04:27Z' closed_time='2020-06-26T16:03:06Z'>
	<summary>AllenNLP install failing on jsonnet</summary>
	<description>
&lt;denchmark-h:h2&gt;Checklist&lt;/denchmark-h&gt;


 I have verified that the issue exists against the master branch of AllenNLP.
 I have read the relevant section in the contribution guide on reporting bugs.
 I have checked the issues list for similar or identical bug reports.
 I have checked the pull requests list for existing proposed fixes.
 I have checked the CHANGELOG and the commit log to find out if the bug was already fixed in the master branch.
 I have included in the "Description" section below a traceback from any exceptions related to this bug.
 I have included in the "Related issues or possible duplicates" section beloew all related issues and possible duplicate issues (If there are none, check this box anyway).
 I have included in the "Environment" section below the name of the operating system and Python version that I was using when I discovered this bug.
 I have included in the "Environment" section below the output of pip freeze.
 I have included in the "Steps to reproduce" section below a minimally reproducible example.

&lt;denchmark-h:h2&gt;Description&lt;/denchmark-h&gt;


Python traceback:

Running setup.py install for jsonnet ... error
    ERROR: Command errored out with exit status 1:
     command: /Library/Frameworks/Python.framework/Versions/3.6/bin/python3 -u -c 'import sys, setuptools, tokenize; sys.argv[0] = '"'"'/private/var/folders/dj/27jw3fzj6kgfm7v2h7y9vq7w0000gn/T/pip-install-anu0d9_5/jsonnet/setup.py'"'"'; __file__='"'"'/private/var/folders/dj/27jw3fzj6kgfm7v2h7y9vq7w0000gn/T/pip-install-anu0d9_5/jsonnet/setup.py'"'"';f=getattr(tokenize, '"'"'open'"'"', open)(__file__);code=f.read().replace('"'"'\r\n'"'"', '"'"'\n'"'"');f.close();exec(compile(code, __file__, '"'"'exec'"'"'))' install --record /private/var/folders/dj/27jw3fzj6kgfm7v2h7y9vq7w0000gn/T/pip-record-k7ysxmf7/install-record.txt --single-version-externally-managed --compile --install-headers /Library/Frameworks/Python.framework/Versions/3.6/include/python3.6m/jsonnet
         cwd: /private/var/folders/dj/27jw3fzj6kgfm7v2h7y9vq7w0000gn/T/pip-install-anu0d9_5/jsonnet/
    Complete output (102 lines):
    running install
    running build
    running build_ext
    make: `core/desugarer.o' is up to date.
    make: `core/formatter.o' is up to date.
    make: `core/libjsonnet.o' is up to date.
    make: `core/lexer.o' is up to date.
    c++ -c -g -O3 -Wall -Wextra -Woverloaded-virtual -pedantic -std=c++0x -fPIC -Iinclude -Ithird_party/md5 -Ithird_party/json core/parser.cpp -o core/parser.o
    In file included from core/parser.cpp:18:
    /Applications/Xcode.app/Contents/Developer/Toolchains/XcodeDefault.xctoolchain/usr/bin/../include/c++/v1/cmath:317:9: error: no member named 'signbit' in the global namespace
    using ::signbit;
          ~~^
    /Applications/Xcode.app/Contents/Developer/Toolchains/XcodeDefault.xctoolchain/usr/bin/../include/c++/v1/cmath:318:9: error: no member named 'fpclassify' in the global namespace
    using ::fpclassify;
          ~~^
    /Applications/Xcode.app/Contents/Developer/Toolchains/XcodeDefault.xctoolchain/usr/bin/../include/c++/v1/cmath:319:9: error: no member named 'isfinite' in the global namespace; did you mean 'finite'?
    using ::isfinite;
          ~~^
    /usr/local/include/math.h:749:12: note: 'finite' declared here
    extern int finite(double)
               ^
    In file included from core/parser.cpp:18:
    /Applications/Xcode.app/Contents/Developer/Toolchains/XcodeDefault.xctoolchain/usr/bin/../include/c++/v1/cmath:320:9: error: no member named 'isinf' in the global namespace
    using ::isinf;
          ~~^
    /Applications/Xcode.app/Contents/Developer/Toolchains/XcodeDefault.xctoolchain/usr/bin/../include/c++/v1/cmath:321:9: error: no member named 'isnan' in the global namespace
    using ::isnan;
          ~~^
    /Applications/Xcode.app/Contents/Developer/Toolchains/XcodeDefault.xctoolchain/usr/bin/../include/c++/v1/cmath:322:9: error: no member named 'isnormal' in the global namespace
    using ::isnormal;
          ~~^
    /Applications/Xcode.app/Contents/Developer/Toolchains/XcodeDefault.xctoolchain/usr/bin/../include/c++/v1/cmath:323:9: error: no member named 'isgreater' in the global namespace
    using ::isgreater;
          ~~^
    /Applications/Xcode.app/Contents/Developer/Toolchains/XcodeDefault.xctoolchain/usr/bin/../include/c++/v1/cmath:324:9: error: no member named 'isgreaterequal' in the global namespace
    using ::isgreaterequal;
          ~~^
    /Applications/Xcode.app/Contents/Developer/Toolchains/XcodeDefault.xctoolchain/usr/bin/../include/c++/v1/cmath:325:9: error: no member named 'isless' in the global namespace
    using ::isless;
          ~~^
    /Applications/Xcode.app/Contents/Developer/Toolchains/XcodeDefault.xctoolchain/usr/bin/../include/c++/v1/cmath:326:9: error: no member named 'islessequal' in the global namespace
    using ::islessequal;
          ~~^
    /Applications/Xcode.app/Contents/Developer/Toolchains/XcodeDefault.xctoolchain/usr/bin/../include/c++/v1/cmath:327:9: error: no member named 'islessgreater' in the global namespace
    using ::islessgreater;
          ~~^
    /Applications/Xcode.app/Contents/Developer/Toolchains/XcodeDefault.xctoolchain/usr/bin/../include/c++/v1/cmath:328:9: error: no member named 'isunordered' in the global namespace
    using ::isunordered;
          ~~^
    /Applications/Xcode.app/Contents/Developer/Toolchains/XcodeDefault.xctoolchain/usr/bin/../include/c++/v1/cmath:329:9: error: no member named 'isunordered' in the global namespace
    using ::isunordered;
          ~~^
    /Applications/Xcode.app/Contents/Developer/Toolchains/XcodeDefault.xctoolchain/usr/bin/../include/c++/v1/cmath:640:26: error: no template named 'numeric_limits'
        bool _FloatBigger = (numeric_limits&lt;_FloatT&gt;::digits &gt; numeric_limits&lt;_IntT&gt;::digits),
                             ^
    /Applications/Xcode.app/Contents/Developer/Toolchains/XcodeDefault.xctoolchain/usr/bin/../include/c++/v1/cmath:640:60: error: no template named 'numeric_limits'
        bool _FloatBigger = (numeric_limits&lt;_FloatT&gt;::digits &gt; numeric_limits&lt;_IntT&gt;::digits),
                                                               ^
    /Applications/Xcode.app/Contents/Developer/Toolchains/XcodeDefault.xctoolchain/usr/bin/../include/c++/v1/cmath:641:18: error: no template named 'numeric_limits'
        int _Bits = (numeric_limits&lt;_IntT&gt;::digits - numeric_limits&lt;_FloatT&gt;::digits)&gt;
                     ^
    /Applications/Xcode.app/Contents/Developer/Toolchains/XcodeDefault.xctoolchain/usr/bin/../include/c++/v1/cmath:641:50: error: no template named 'numeric_limits'
        int _Bits = (numeric_limits&lt;_IntT&gt;::digits - numeric_limits&lt;_FloatT&gt;::digits)&gt;
                                                     ^
    /Applications/Xcode.app/Contents/Developer/Toolchains/XcodeDefault.xctoolchain/usr/bin/../include/c++/v1/cmath:646:17: error: no template named 'numeric_limits'
      static_assert(numeric_limits&lt;_FloatT&gt;::radix == 2, "FloatT has incorrect radix");
                    ^
    /Applications/Xcode.app/Contents/Developer/Toolchains/XcodeDefault.xctoolchain/usr/bin/../include/c++/v1/cmath:649:25: error: no template named 'numeric_limits'
      return _FloatBigger ? numeric_limits&lt;_IntT&gt;::max() :  (numeric_limits&lt;_IntT&gt;::max() &gt;&gt; _Bits &lt;&lt; _Bits);
                            ^
    fatal error: too many errors emitted, stopping now [-ferror-limit=]
    20 errors generated.
    make: *** [core/parser.o] Error 1
    Traceback (most recent call last):
      File "&lt;string&gt;", line 1, in &lt;module&gt;
      File "/private/var/folders/dj/27jw3fzj6kgfm7v2h7y9vq7w0000gn/T/pip-install-anu0d9_5/jsonnet/setup.py", line 75, in &lt;module&gt;
        test_suite="python._jsonnet_test",
      File "/Library/Frameworks/Python.framework/Versions/3.6/lib/python3.6/site-packages/setuptools/__init__.py", line 161, in setup
        return distutils.core.setup(**attrs)
      File "/Library/Frameworks/Python.framework/Versions/3.6/lib/python3.6/distutils/core.py", line 148, in setup
        dist.run_commands()
      File "/Library/Frameworks/Python.framework/Versions/3.6/lib/python3.6/distutils/dist.py", line 955, in run_commands
        self.run_command(cmd)
      File "/Library/Frameworks/Python.framework/Versions/3.6/lib/python3.6/distutils/dist.py", line 974, in run_command
        cmd_obj.run()
      File "/Library/Frameworks/Python.framework/Versions/3.6/lib/python3.6/site-packages/setuptools/command/install.py", line 61, in run
        return orig.install.run(self)
      File "/Library/Frameworks/Python.framework/Versions/3.6/lib/python3.6/distutils/command/install.py", line 545, in run
        self.run_command('build')
      File "/Library/Frameworks/Python.framework/Versions/3.6/lib/python3.6/distutils/cmd.py", line 313, in run_command
        self.distribution.run_command(command)
      File "/Library/Frameworks/Python.framework/Versions/3.6/lib/python3.6/distutils/dist.py", line 974, in run_command
        cmd_obj.run()
      File "/Library/Frameworks/Python.framework/Versions/3.6/lib/python3.6/distutils/command/build.py", line 135, in run
        self.run_command(cmd_name)
      File "/Library/Frameworks/Python.framework/Versions/3.6/lib/python3.6/distutils/cmd.py", line 313, in run_command
        self.distribution.run_command(command)
      File "/Library/Frameworks/Python.framework/Versions/3.6/lib/python3.6/distutils/dist.py", line 974, in run_command
        cmd_obj.run()
      File "/private/var/folders/dj/27jw3fzj6kgfm7v2h7y9vq7w0000gn/T/pip-install-anu0d9_5/jsonnet/setup.py", line 54, in run
        raise Exception('Could not build %s' % (', '.join(LIB_OBJECTS)))
    Exception: Could not build core/desugarer.o, core/formatter.o, core/libjsonnet.o, core/lexer.o, core/parser.o, core/pass.o, core/static_analysis.o, core/string_utils.o, core/vm.o, third_party/md5/md5.o
    ----------------------------------------
ERROR: Command errored out with exit status 1: /Library/Frameworks/Python.framework/Versions/3.6/bin/python3 -u -c 'import sys, setuptools, tokenize; sys.argv[0] = '"'"'/private/var/folders/dj/27jw3fzj6kgfm7v2h7y9vq7w0000gn/T/pip-install-anu0d9_5/jsonnet/setup.py'"'"'; __file__='"'"'/private/var/folders/dj/27jw3fzj6kgfm7v2h7y9vq7w0000gn/T/pip-install-anu0d9_5/jsonnet/setup.py'"'"';f=getattr(tokenize, '"'"'open'"'"', open)(__file__);code=f.read().replace('"'"'\r\n'"'"', '"'"'\n'"'"');f.close();exec(compile(code, __file__, '"'"'exec'"'"'))' install --record /private/var/folders/dj/27jw3fzj6kgfm7v2h7y9vq7w0000gn/T/pip-record-k7ysxmf7/install-record.txt --single-version-externally-managed --compile --install-headers /Library/Frameworks/Python.framework/Versions/3.6/include/python3.6m/jsonnet Check the logs for full command output.



&lt;denchmark-h:h2&gt;Related issues or possible duplicates&lt;/denchmark-h&gt;

I tried the proposed solutions in &lt;denchmark-link:https://github.com/allenai/allennlp/issues/1938&gt;#1938&lt;/denchmark-link&gt;
, &lt;denchmark-link:https://github.com/allenai/allennlp/issues/1969&gt;#1969&lt;/denchmark-link&gt;
, &lt;denchmark-link:https://github.com/allenai/allennlp/issues/2779&gt;#2779&lt;/denchmark-link&gt;
 as well as &lt;denchmark-link:https://stackoverflow.com/questions/52509602/cant-compile-c-program-on-a-mac-after-upgrade-to-mojave&gt;this&lt;/denchmark-link&gt;
 and &lt;denchmark-link:https://stackoverflow.com/questions/58278260/cant-compile-a-c-program-on-a-mac-after-upgrading-to-catalina-10-15/58278392#58278392&gt;this&lt;/denchmark-link&gt;
. Also I tried installing with pip, conda and from source and they all fail on jsonnet. I could install jsonnet successfully using Homebrew but allennlp still fails to install.
&lt;denchmark-h:h2&gt;Environment&lt;/denchmark-h&gt;

OS: macOS Catalina 10.15.5
Python version: Python 3.6.6

Output of pip freeze:




&lt;denchmark-h:h2&gt;Steps to reproduce&lt;/denchmark-h&gt;


Example source:




	</description>
	<comments>
		<comment id='1' author='butoialexandra' date='2020-06-19T13:40:31Z'>
		I don't know for sure what's going on here, but is it possible that your Xcode version is out of date? Can you make sure you are on the latest version and try again?
		</comment>
		<comment id='2' author='butoialexandra' date='2020-06-19T13:41:18Z'>
		Oh, one more question: How do you create your Python environment? conda? venv? Some other way?
		</comment>
		<comment id='3' author='butoialexandra' date='2020-06-26T16:03:06Z'>
		Closing due to inactivity
		</comment>
	</comments>
</bug>