<bug id='20404' author='yurivict' open_date='2019-05-12T02:32:30Z' closed_time='2019-08-15T18:21:43Z'>
	<summary>Sleef build failure: Usage : ../../bin/mkalias &amp;lt;vector width&amp;gt; &amp;lt;vector FP type&amp;gt; &amp;lt;vector int type&amp;gt; &amp;lt;mangled ISA&amp;gt; &amp;lt;extension&amp;gt;</summary>
	<description>
&lt;denchmark-code&gt;ninja: build stopped: subcommand failed.
Traceback (most recent call last):
  File "&lt;string&gt;", line 1, in &lt;module&gt;
  File "setup.py", line 728, in &lt;module&gt;
    build_deps()
  File "setup.py", line 294, in build_deps
    build_dir='build')
  File "/usr/ports/science/py-pytorch/work-py36/pytorch-1.0rc0-4217-g163f0e182/tools/build_pytorch_libs.py", line 293, in build_caffe2
    check_call(ninja_cmd, cwd=build_dir, env=my_env)
  File "/usr/local/lib/python3.6/subprocess.py", line 311, in check_call
    raise CalledProcessError(retcode, cmd)
subprocess.CalledProcessError: Command '['ninja', 'install', '-v']' returned non-zero exit status 1.
*** Error code 1

Stop.
make: stopped in /usr/ports/science/py-pytorch
&lt;/denchmark-code&gt;

OR the same with GNU make
&lt;denchmark-code&gt;[ 41%] Built target libprotoc
make[2]: Leaving directory '/usr/ports/science/py-pytorch/work-py36/pytorch-1.0rc0-4217-g163f0e182/build'
make[1]: *** [Makefile:144: all] Error 2
make[1]: Leaving directory '/usr/ports/science/py-pytorch/work-py36/pytorch-1.0rc0-4217-g163f0e182/build'
Traceback (most recent call last):
  File "&lt;string&gt;", line 1, in &lt;module&gt;
  File "setup.py", line 728, in &lt;module&gt;
    build_deps()
  File "setup.py", line 294, in build_deps
    build_dir='build')
  File "/usr/ports/science/py-pytorch/work-py36/pytorch-1.0rc0-4217-g163f0e182/tools/build_pytorch_libs.py", line 296, in build_caffe2
    check_call(['make', '-j', str(max_jobs), 'install'], cwd=build_dir, env=my_env)
  File "/usr/local/lib/python3.6/subprocess.py", line 311, in check_call
    raise CalledProcessError(retcode, cmd)
subprocess.CalledProcessError: Command '['make', '-j', '8', 'install']' returned non-zero exit status 2.
-- Building version 1.1.0a0
&lt;/denchmark-code&gt;

Log: &lt;denchmark-link:https://people.freebsd.org/~yuri/py-pytorch-failure.log&gt;https://people.freebsd.org/~yuri/py-pytorch-failure.log&lt;/denchmark-link&gt;

1.0rc0-4217-g163f0e182
FreeBSD 11.2
	</description>
	<comments>
		<comment id='1' author='yurivict' date='2019-05-13T18:17:45Z'>
		Could you run and paste the output of &lt;denchmark-link:https://raw.githubusercontent.com/pytorch/pytorch/master/torch/utils/collect_env.py&gt;https://raw.githubusercontent.com/pytorch/pytorch/master/torch/utils/collect_env.py&lt;/denchmark-link&gt;
 ?
		</comment>
		<comment id='2' author='yurivict' date='2019-05-14T02:50:06Z'>
		&lt;denchmark-code&gt;$ python3.6 collect_env.py 
Collecting environment information...
PyTorch version: N/A
Is debug build: N/A
CUDA used to build PyTorch: N/A

OS: freebsd11
GCC version: Could not collect
CMake version: version 3.14.3

Python version: 3.6
Is CUDA available: N/A
CUDA runtime version: Could not collect
GPU models and configuration: GPU 0: GeForce GT 610
Nvidia driver version: 390.87
cuDNN version: Could not collect

Versions of relevant libraries:
[pip] Could not collect
[conda] Could not collect
&lt;/denchmark-code&gt;

		</comment>
		<comment id='3' author='yurivict' date='2019-05-15T15:22:44Z'>
		You need to look further up in your logs. Log output when running parallel builds can be confusing because the error doesn't show up in the end. In this particular case your error is:
&lt;denchmark-code&gt;make -f c10/test/CMakeFiles/c10_tempfile_test.dir/build.make c10/test/CMakeFiles/c10_tempfile_test.dir/depend
cd /usr/ports/science/py-pytorch/work-py36/pytorch-1.0rc0-4217-g163f0e182/build/sleef/src/libm &amp;&amp; ../../bin/mkalias &gt; /usr/ports/science/py-pytorch/work-py36/pytorch-1.0rc0-4217-g163f0e182/build/sleef/src/libm/include/alias_avx512f.h
Scanning dependencies of target fbgemm
make[3]: Leaving directory '/usr/ports/science/py-pytorch/work-py36/pytorch-1.0rc0-4217-g163f0e182/build'
make[3]: Entering directory '/usr/ports/science/py-pytorch/work-py36/pytorch-1.0rc0-4217-g163f0e182/build'
cd /usr/ports/science/py-pytorch/work-py36/pytorch-1.0rc0-4217-g163f0e182/build &amp;&amp; /usr/local/bin/cmake -E cmake_depends "Unix Makefiles" /usr/ports/science/py-pytorch/work-py36/pytorch-1.0rc0-4217-g163f0e182 /usr/ports/science/py-pytorch/work-py36/pytorch-1.0rc0-4217-g163f0e182/c10/test /usr/ports/science/py-pytorch/work-py36/pytorch-1.0rc0-4217-g163f0e182/build /usr/ports/science/py-pytorch/work-py36/pytorch-1.0rc0-4217-g163f0e182/build/c10/test /usr/ports/science/py-pytorch/work-py36/pytorch-1.0rc0-4217-g163f0e182/build/c10/test/CMakeFiles/c10_tempfile_test.dir/DependInfo.cmake --color=
make -f third_party/fbgemm/CMakeFiles/fbgemm.dir/build.make third_party/fbgemm/CMakeFiles/fbgemm.dir/build
Usage : ../../bin/mkalias &lt;vector width&gt; &lt;vector FP type&gt; &lt;vector int type&gt; &lt;mangled ISA&gt; &lt;extension&gt;
make[3]: *** [sleef/src/libm/CMakeFiles/alias_avx512f.h_generated.dir/build.make:61: sleef/src/libm/include/alias_avx512f.h] Error 255
make[3]: *** Deleting file 'sleef/src/libm/include/alias_avx512f.h'
make[3]: Leaving directory '/usr/ports/science/py-pytorch/work-py36/pytorch-1.0rc0-4217-g163f0e182/build'
make[2]: *** [CMakeFiles/Makefile2:6948: sleef/src/libm/CMakeFiles/alias_avx512f.h_generated.dir/all] Error 2
make[2]: *** Waiting for unfinished jobs....
&lt;/denchmark-code&gt;

It looks like mkalias is not what the build for sleef is expecting. If you don't care about sleef, it might be possible to just build without it although I don't see a knob to do so.
		</comment>
		<comment id='4' author='yurivict' date='2019-05-15T15:24:29Z'>
		This looks like the same problem as &lt;denchmark-link:https://github.com/shibatch/sleef/issues/215&gt;shibatch/sleef#215&lt;/denchmark-link&gt;

		</comment>
		<comment id='5' author='yurivict' date='2019-05-15T15:48:49Z'>
		Fixing this bug should simply be a matter of updating sleef to upstream. However, we currently have a fork of sleef.
		</comment>
		<comment id='6' author='yurivict' date='2019-08-15T18:21:43Z'>
		This was due to wrong patches in the bundles sleef.
		</comment>
	</comments>
</bug>