<bug id='1598' author='myungjoo' open_date='2019-08-14T11:33:18Z' closed_time='2019-08-15T02:56:49Z'>
	<summary>[Unittest or Build Fail] Launchpad/ARM</summary>
	<description>
Case 1. 18.04 / armhf (CAPI unit test fail)

https://launchpadlibrarian.net/437298176/buildlog_ubuntu-bionic-armhf.nnstreamer_0.2.1.0-0~201908141107~ubuntu18.04.1_BUILDING.txt.gz
(note that 18.08 / arm64 is ok)

Case 2. 19.04 / armhf &amp; arm64 (CAPI unit test fail)


https://launchpadlibrarian.net/437298204/buildlog_ubuntu-disco-arm64.nnstreamer_0.2.1.0-0~201908141107~ubuntu19.04.1_BUILDING.txt.gz


https://launchpadlibrarian.net/437298235/buildlog_ubuntu-disco-armhf.nnstreamer_0.2.1.0-0~201908141107~ubuntu19.04.1_BUILDING.txt.gz


A few fails are from single-invoke timeout


Another fail is from NOT-ANALYZED-YET.


Case 3. 19.10 / armhf &amp; arm64 (BUILD FAIL / gcc9 becomes more strict!)

https://launchpadlibrarian.net/437297993/buildlog_ubuntu-eoan-arm64.nnstreamer_0.2.1.0-0~201908141107~ubuntu19.10.1_BUILDING.txt.gz
https://launchpadlibrarian.net/437297992/buildlog_ubuntu-eoan-armhf.nnstreamer_0.2.1.0-0~201908141107~ubuntu19.10.1_BUILDING.txt.gz

&lt;denchmark-code&gt;[123/145] Compiling C object 'tests/59830eb@@bmp2png@exe/bmp2png.c.o'.
FAILED: tests/59830eb@@bmp2png@exe/bmp2png.c.o 
cc -Itests/59830eb@@bmp2png@exe -Itests -I../tests -I/usr/include/libpng16 -fdiagnostics-color=always -pipe -D_FILE_OFFSET_BITS=64 -Werror -std=gnu89 '-DVERSION="0.2.1"' -Wredundant-decls -Wwrite-strings -Wformat -Wformat-nonliteral -Wformat-security -Winit-self -Waddress -Wno-multichar -Wvla -Wpointer-arith -Wmissing-declarations -Wmissing-prototypes -Wnested-externs -Waggregate-return -Wold-style-definition -Wdeclaration-after-statement '-DNNSTREAMER_CONF_FILE="/etc/nnstreamer.ini"' -DHAVE_ORC=1 -DENABLE_TENSORFLOW_LITE=1 -DENABLE_PYTORCH=1 -DENABLE_CAFFE2=1 -g -O2 -fdebug-prefix-map=/&lt;&lt;PKGBUILDDIR&gt;&gt;=. -fstack-protector-strong -Wformat -Werror=format-security -Wdate-time -D_FORTIFY_SOURCE=2 -MD -MQ 'tests/59830eb@@bmp2png@exe/bmp2png.c.o' -MF 'tests/59830eb@@bmp2png@exe/bmp2png.c.o.d' -o 'tests/59830eb@@bmp2png@exe/bmp2png.c.o' -c ../tests/bmp2png.c
In file included from /usr/include/string.h:494,
                 from ../tests/bmp2png.c:36:
In function ‘strncpy’,
    inlined from ‘main’ at ../tests/bmp2png.c:291:3:
/usr/include/aarch64-linux-gnu/bits/string_fortified.h:106:10: error: ‘__builtin_strncpy’ specified bound depends on the length of the source argument [-Werror=stringop-overflow=]
  106 |   return __builtin___strncpy_chk (__dest, __src, __len, __bos (__dest));
      |          ^~~~~~~~~~~~~~~~~~~~~~~~~~~~~~~~~~~~~~~~~~~~~~~~~~~~~~~~~~~~~~
../tests/bmp2png.c: In function ‘main’:
../tests/bmp2png.c:291:34: note: length computed here
  291 |   strncpy (pngfilename, argv[1], strlen (argv[1]) + 1);
      |                                  ^~~~~~~~~~~~~~~~
cc1: all warnings being treated as errors
&lt;/denchmark-code&gt;

	</description>
	<comments>
		<comment id='1' author='myungjoo' date='2019-08-14T11:33:19Z'>
		 : Thank you for posting issue &lt;denchmark-link:https://github.com/nnstreamer/nnstreamer/issues/1598&gt;#1598&lt;/denchmark-link&gt;
. The person in charge will reply soon.
		</comment>
	</comments>
</bug>