<bug id='767' author='ohsewon' open_date='2018-11-05T01:50:40Z' closed_time='2018-11-05T08:19:23Z'>
	<summary>[GBS] Although unit test is failed, gbs return 0</summary>
	<description>
[   93s] /home/abuild/rpmbuild/BUILD/nnstreamer-0.0.3/tests/nnstreamer_filter_custom/runTest.sh: line 118: compareAll: command not found
[   96s] /home/abuild/rpmbuild/BUILD/nnstreamer-0.0.3/tests/nnstreamer_merge/runTest.sh: line 76: compareAllSizeLimit: command not found
[   96s] /home/abuild/rpmbuild/BUILD/nnstreamer-0.0.3/tests/nnstreamer_merge/runTest.sh: line 77: compareAllSizeLimit: command not found
[   96s] /home/abuild/rpmbuild/BUILD/nnstreamer-0.0.3/tests/nnstreamer_merge/runTest.sh: line 78: compareAllSizeLimit: command not found
[   96s] /home/abuild/rpmbuild/BUILD/nnstreamer-0.0.3/tests/nnstreamer_merge/runTest.sh: line 79: compareAllSizeLimit: command not found
[   96s] /home/abuild/rpmbuild/BUILD/nnstreamer-0.0.3/tests/nnstreamer_merge/runTest.sh: line 83: compareAllSizeLimit: command not found
[   96s] /home/abuild/rpmbuild/BUILD/nnstreamer-0.0.3/tests/nnstreamer_merge/runTest.sh: line 84: compareAllSizeLimit: command not found
[   96s] /home/abuild/rpmbuild/BUILD/nnstreamer-0.0.3/tests/nnstreamer_merge/runTest.sh: line 85: compareAllSizeLimit: command not found
[   96s] /home/abuild/rpmbuild/BUILD/nnstreamer-0.0.3/tests/nnstreamer_merge/runTest.sh: line 86: compareAllSizeLimit: command not found
[   96s] /home/abuild/rpmbuild/BUILD/nnstreamer-0.0.3/tests/nnstreamer_merge/runTest.sh: line 90: compareAllSizeLimit: command not found
[   96s] /home/abuild/rpmbuild/BUILD/nnstreamer-0.0.3/tests/nnstreamer_merge/runTest.sh: line 91: compareAllSizeLimit: command not found
[   96s] /home/abuild/rpmbuild/BUILD/nnstreamer-0.0.3/tests/nnstreamer_merge/runTest.sh: line 92: compareAllSizeLimit: command not found
[   96s] /home/abuild/rpmbuild/BUILD/nnstreamer-0.0.3/tests/nnstreamer_merge/runTest.sh: line 93: compareAllSizeLimit: command not found
[   96s] /home/abuild/rpmbuild/BUILD/nnstreamer-0.0.3/tests/nnstreamer_mux/runTest.sh: line 62: compareAllSizeLimit: command not found
[   96s] /home/abuild/rpmbuild/BUILD/nnstreamer-0.0.3/tests/nnstreamer_mux/runTest.sh: line 63: compareAllSizeLimit: command not found
[   96s] /home/abuild/rpmbuild/BUILD/nnstreamer-0.0.3/tests/nnstreamer_mux/runTest.sh: line 64: compareAllSizeLimit: command not found
[   96s] /home/abuild/rpmbuild/BUILD/nnstreamer-0.0.3/tests/nnstreamer_mux/runTest.sh: line 65: compareAllSizeLimit: command not found
[   96s] /home/abuild/rpmbuild/BUILD/nnstreamer-0.0.3/tests/nnstreamer_mux/runTest.sh: line 69: compareAllSizeLimit: command not found
[   96s] /home/abuild/rpmbuild/BUILD/nnstreamer-0.0.3/tests/nnstreamer_mux/runTest.sh: line 70: compareAllSizeLimit: command not found
[   96s] /home/abuild/rpmbuild/BUILD/nnstreamer-0.0.3/tests/nnstreamer_mux/runTest.sh: line 71: compareAllSizeLimit: command not found
[   96s] /home/abuild/rpmbuild/BUILD/nnstreamer-0.0.3/tests/nnstreamer_mux/runTest.sh: line 72: compareAllSizeLimit: command not found
[   96s] /home/abuild/rpmbuild/BUILD/nnstreamer-0.0.3/tests/nnstreamer_mux/runTest.sh: line 76: compareAllSizeLimit: command not found
[   96s] /home/abuild/rpmbuild/BUILD/nnstreamer-0.0.3/tests/nnstreamer_mux/runTest.sh: line 77: compareAllSizeLimit: command not found
[   96s] /home/abuild/rpmbuild/BUILD/nnstreamer-0.0.3/tests/nnstreamer_mux/runTest.sh: line 78: compareAllSizeLimit: command not found
[   96s] /home/abuild/rpmbuild/BUILD/nnstreamer-0.0.3/tests/nnstreamer_mux/runTest.sh: line 79: compareAllSizeLimit: command not found

******************* omission *******************

[  116s] �[1;32m[PASSED]�[0m �[0;34mnnstreamer_tensors�[0m (2 passed among 2 cases)
[  116s] �[1;32m[PASSED]�[0m �[0;34mnnstreamer_filter_tensorflow_lite�[0m (2 passed among 2 cases)
[  116s] �[1;32m[PASSED]�[0m �[0;34mnnstreamer_merge�[0m (23 passed among 23 cases)
[  116s] �[1;32m[PASSED]�[0m �[0;34mnnstreamer_mux�[0m (17 passed among 17 cases)
[  116s] �[0;31m[FAILED]�[0m �[0;34mnnstreamer_decoder�[0m (9 passed among 14 cases)
[  116s] �[0;31m[FAILED]�[0m �[0;34mnnstreamer_decoder_image_labeling�[0m (0 passed among 2 cases)
[  116s] �[1;32m[PASSED]�[0m �[0;34mtransform_arithmetic�[0m (23 passed among 23 cases)
[  116s] �[1;32m[PASSED]�[0m �[0;34mnnstreamer_converter�[0m (28 passed among 28 cases)
[  116s] �[1;32m[PASSED]�[0m �[0;34mtransform_typecast�[0m (19 passed among 19 cases)
[  116s] ==================================================
[  116s] �[0;31m[FAILED] �[0;35mThere are failed test groups! (2)�[0m
[  116s]          TC Passed: 216 / Failed: 7****

******************* omission *******************

�[32minfo: �[0mfinished building nnstreamer_testapp
�[32minfo: �[0mupdating local repo
�[32minfo: �[0m*** Build Status Summary ***
=== Total succeeded built packages: (2) ===
�[32minfo: �[0mgenerated html format report:
     /var/www/html/nnstreamer/TAOS-CI/ci/repo-workers/pr-checker/201811051039070.73490190505981-765-80929daaa0a167dd519a59ba89407b96ccc707ff/nnstreamer/GBS-ROOT/local/repos/tizen/x86_64/index.html
�[32minfo: �[0mgenerated RPM packages can be found from local repo:
     /var/www/html/nnstreamer/TAOS-CI/ci/repo-workers/pr-checker/201811051039070.73490190505981-765-80929daaa0a167dd519a59ba89407b96ccc707ff/nnstreamer/GBS-ROOT/local/repos/tizen/x86_64/RPMS
�[32minfo: �[0mgenerated source RPM packages can be found from local repo:
     /var/www/html/nnstreamer/TAOS-CI/ci/repo-workers/pr-checker/201811051039070.73490190505981-765-80929daaa0a167dd519a59ba89407b96ccc707ff/nnstreamer/GBS-ROOT/local/repos/tizen/x86_64/SRPMS
�[32minfo: �[0mbuild logs can be found in:
     /var/www/html/nnstreamer/TAOS-CI/ci/repo-workers/pr-checker/201811051039070.73490190505981-765-80929daaa0a167dd519a59ba89407b96ccc707ff/nnstreamer/GBS-ROOT/local/repos/tizen/x86_64/logs
�[32minfo: �[0mbuild roots located in:
     /var/www/html/nnstreamer/TAOS-CI/ci/repo-workers/pr-checker/201811051039070.73490190505981-765-80929daaa0a167dd519a59ba89407b96ccc707ff/nnstreamer/GBS-ROOT/local/BUILD-ROOTS/scratch.x86_64.*
info: Done
	</description>
	<comments>
		<comment id='1' author='ohsewon' date='2018-11-05T01:50:42Z'>
		 : Thank you for posting issue &lt;denchmark-link:https://github.com/nnstreamer/nnstreamer/issues/767&gt;#767&lt;/denchmark-link&gt;
. The person in charge will reply soon.
		</comment>
		<comment id='2' author='ohsewon' date='2018-11-05T02:41:48Z'>
		It is probably because of the "timeout" algorithm. (With fork, &amp;, the return value of ssat is ignored. You will need to check it)
ps. PTAL &lt;denchmark-link:https://github.com/leemgs&gt;@leemgs&lt;/denchmark-link&gt;

		</comment>
		<comment id='3' author='ohsewon' date='2018-11-05T08:20:41Z'>
		&lt;denchmark-link:https://github.com/ohsewon&gt;@ohsewon&lt;/denchmark-link&gt;
 Please close this issue after checking "gbs build" procedure with PR &lt;denchmark-link:https://github.com/nnstreamer/nnstreamer/pull/773&gt;#773&lt;/denchmark-link&gt;
 .
		</comment>
	</comments>
</bug>