{"BR": {"BR_id": "2434", "BR_author": "myungjoo", "BRopenT": "2020-06-05T04:20:55Z", "BRcloseT": "2020-07-08T11:39:19Z", "BR_text": {"BRsummary": "Unit TC Potential Bug / Ubuntu / IIO", "BRdescription": "\n We have the following occasional test error in Ubuntu / IIO test.\n <denchmark-code>[----------] Global test environment tear-down\n [==========] 88 tests from 3 test cases ran. (21374 ms total)\n [  PASSED  ] 88 tests.\n [==========] Running 18 tests from 1 test case.\n [----------] Global test environment set-up.\n [----------] 18 tests from test_tensor_src_iio\n [ RUN      ] test_tensor_src_iio.properties\n [       OK ] test_tensor_src_iio.properties (1 ms)\n [ RUN      ] test_tensor_src_iio.start_stop\n [       OK ] test_tensor_src_iio.start_stop (54 ms)\n [ RUN      ] test_tensor_src_iio.data_verify_no_trigger_bits4_alternate1\n [       OK ] test_tensor_src_iio.data_verify_no_trigger_bits4_alternate1 (64 ms)\n [ RUN      ] test_tensor_src_iio.data_verify_no_trigger_bits8_alternate2\n [       OK ] test_tensor_src_iio.data_verify_no_trigger_bits8_alternate2 (134 ms)\n [ RUN      ] test_tensor_src_iio.data_verify_no_trigger_bits12_alternate1\n [       OK ] test_tensor_src_iio.data_verify_no_trigger_bits12_alternate1 (76 ms)\n [ RUN      ] test_tensor_src_iio.data_verify_no_trigger_bits16_alternate2\n [       OK ] test_tensor_src_iio.data_verify_no_trigger_bits16_alternate2 (10072 ms)\n [ RUN      ] test_tensor_src_iio.data_verify_no_trigger_bits24_alternate1\n [       OK ] test_tensor_src_iio.data_verify_no_trigger_bits24_alternate1 (71 ms)\n [ RUN      ] test_tensor_src_iio.data_verify_no_trigger_bits32_alternate2\n [       OK ] test_tensor_src_iio.data_verify_no_trigger_bits32_alternate2 (71 ms)\n [ RUN      ] test_tensor_src_iio.data_verify_no_trigger_bits40_alternate1\n [       OK ] test_tensor_src_iio.data_verify_no_trigger_bits40_alternate1 (72 ms)\n [ RUN      ] test_tensor_src_iio.data_verify_no_trigger_bits48_alternate2\n [       OK ] test_tensor_src_iio.data_verify_no_trigger_bits48_alternate2 (72 ms)\n [ RUN      ] test_tensor_src_iio.data_verify_no_trigger_bits56_alternate1\n [       OK ] test_tensor_src_iio.data_verify_no_trigger_bits56_alternate1 (69 ms)\n [ RUN      ] test_tensor_src_iio.data_verify_no_trigger_bits64_alternate2\n [       OK ] test_tensor_src_iio.data_verify_no_trigger_bits64_alternate2 (67 ms)\n [ RUN      ] test_tensor_src_iio.data_verify_trigger\n [       OK ] test_tensor_src_iio.data_verify_trigger (10326 ms)\n [ RUN      ] test_tensor_src_iio.data_verify_custom_channels\n [       OK ] test_tensor_src_iio.data_verify_custom_channels (10012 ms)\n [ RUN      ] test_tensor_src_iio.data_verify_freq_generic_type\n [       OK ] test_tensor_src_iio.data_verify_freq_generic_type (10337 ms)\n [ RUN      ] test_tensor_src_iio.unusual_cases\n ../tests/nnstreamer_source/unittest_src_iio.cc:1628: Failure\n Value of: GST_STATE_CHANGE_SUCCESS\n   Actual: 1\n Expected: status\n Which is: 0\n [  FAILED  ] test_tensor_src_iio.unusual_cases (7 ms)\n [ RUN      ] test_tensor_src_iio.set_frequency_n\n [       OK ] test_tensor_src_iio.set_frequency_n (3 ms)\n [ RUN      ] test_tensor_src_iio.set_base_dir_n\n [       OK ] test_tensor_src_iio.set_base_dir_n (4 ms)\n [----------] 18 tests from test_tensor_src_iio (41513 ms total)\n </denchmark-code>\n \n \t"}, "comments": {"comments_0": {"comment_id": 1, "comment_author": "myungjoo", "commentT": "2020-06-05T04:20:57Z", "comment_text": "\n \t\t : Thank you for posting issue <denchmark-link:https://github.com/nnstreamer/nnstreamer/issues/2434>#2434</denchmark-link>\n . The person in charge will reply soon.\n \t\t"}, "comments_1": {"comment_id": 2, "comment_author": "myungjoo", "commentT": "2020-06-16T04:15:04Z", "comment_text": "\n \t\tI will check this.\n \t\t"}, "comments_2": {"comment_id": 3, "comment_author": "myungjoo", "commentT": "2020-07-07T05:44:38Z", "comment_text": "\n \t\tThe same issue occurred while performing TAOS/pr-postbuild-build-ubuntu.\n <denchmark-code>...\n [ RUN      ] test_tensor_src_iio.data_verify_custom_channels\n [       OK ] test_tensor_src_iio.data_verify_custom_channels (10020 ms)\n [ RUN      ] test_tensor_src_iio.data_verify_freq_generic_type\n [       OK ] test_tensor_src_iio.data_verify_freq_generic_type (361 ms)\n [ RUN      ] test_tensor_src_iio.unusual_cases\n ../tests/nnstreamer_source/unittest_src_iio.cc:1628: Failure\n Value of: GST_STATE_CHANGE_SUCCESS\n   Actual: 1\n Expected: status\n Which is: 0\n [  FAILED  ] test_tensor_src_iio.unusual_cases (10 ms)\n [ RUN      ] test_tensor_src_iio.set_frequency_n\n [       OK ] test_tensor_src_iio.set_frequency_n (17 ms)\n [ RUN      ] test_tensor_src_iio.set_base_dir_n\n [       OK ] test_tensor_src_iio.set_base_dir_n (7 ms)\n [----------] 18 tests from test_tensor_src_iio (21599 ms total)\n \n [----------] Global test environment tear-down\n [==========] 18 tests from 1 test case ran. (21599 ms total)\n [  PASSED  ] 17 tests.\n [  FAILED  ] 1 test, listed below:\n [  FAILED  ] test_tensor_src_iio.unusual_cases\n \n  1 FAILED TEST\n ~/nnstreamer\n debian/rules:48: recipe for target 'override_dh_auto_test' failed\n make[1]: *** [override_dh_auto_test] Error 1\n make[1]: Leaving directory '/var/www/html/nnstreamer/TAOS-CI/ci/repo-workers/pr-checker/2474-202007071319170.23141694068909-132bfd6d2aac60a8f43bab49daed2ac4a54a3fbf/nnstreamer'\n debian/rules:33: recipe for target 'build' failed\n make: *** [build] Error 2\n ...\n </denchmark-code>\n \n \t\t"}}}, "commit": {"commit_id": "cd00e7c59ec9adce1ae95beb734b5d246e2388b1", "commit_author": "gichan-jang", "commitT": "2020-07-08 13:42:47+09:00", "changed_files": {"file_0": {"file_change_type": "MODIFY", "file_Nmethod": 0, "file_old_name": "tests\\meson.build", "file_new_name": "tests\\meson.build", "hunks": {"hunk_0": {"Ismethod": 0, "added_lines": "105", "deleted_lines": "105"}}}, "file_1": {"file_change_type": "MODIFY", "file_Nmethod": 1, "file_old_name": "tests\\nnstreamer_source\\unittest_src_iio.cc", "file_new_name": "tests\\nnstreamer_source\\unittest_src_iio.cc", "hunks": {"hunk_0": {"Ismethod": 1, "added_lines": "1014", "deleted_lines": "1013,1014", "method_info": {"method_name": "TEST", "method_params": "test_tensor_src_iio,start_stop", "method_startline": "970", "method_endline": "1040"}}}}}}}