<bug id='973' author='shchur' open_date='2020-08-04T13:58:17Z' closed_time='2020-08-04T15:38:19Z'>
	<summary>Type check fails on the master branch</summary>
	<description>
&lt;denchmark-h:h2&gt;Description&lt;/denchmark-h&gt;

There seems to currently be a bug on the master branch. The classes  and  in &lt;denchmark-link:https://github.com/awslabs/gluon-ts/blob/master/src/gluonts/shell/__main__.py&gt;src/gluonts/shell/__main__.py&lt;/denchmark-link&gt;
 are undefined. Also, I suspect that the argument  in &lt;denchmark-link:https://github.com/awslabs/gluon-ts/blob/master/src/gluonts/shell/train.py#L102&gt;src/gluonts/shell/train.py&lt;/denchmark-link&gt;
  should be of type , not .
The above two problems break the type check (python setup.py type_check), which results in failed tests for submitted PRs.
&lt;denchmark-h:h2&gt;To Reproduce&lt;/denchmark-h&gt;

git pull origin master
python setup.py type_check
&lt;denchmark-h:h2&gt;Error message or code output&lt;/denchmark-h&gt;

&lt;denchmark-code&gt;src/gluonts/shell/train.py:122: error: Unexpected keyword argument "num_workers" for "train" of "Estimator"
src/gluonts/shell/train.py:122: error: Unexpected keyword argument "num_prefetch" for "train" of "Estimator"
src/gluonts/shell/train.py:122: error: Unexpected keyword argument "shuffle_buffer_length" for "train" of "Estimator"
src/gluonts/shell/__main__.py:77: error: Name 'Forecaster' is not defined
src/gluonts/shell/__main__.py:128: error: Name 'GluonTSForecasterNotFoundError' is not defined
Found 5 errors in 2 files (checked 133 source files)
&lt;/denchmark-code&gt;

&lt;denchmark-h:h2&gt;Environment&lt;/denchmark-h&gt;


Operating system: MacOS
Python version: 3.7.7
GluonTS version: 0.5.1.dev69+gd859164
MXNet version: 1.6.0

	</description>
	<comments>
	</comments>
</bug>