<bug_data>
<bug id='11634' author='simon-mo' open_date='2020-10-26T23:35:48Z' closed_time='2020-10-27T17:37:26Z'>
 	<summary>Docker build failing in CI</summary>
 	<description>
 &lt;denchmark-h:h3&gt;What is the problem?&lt;/denchmark-h&gt;
 
 Ray version and other system information (Python version, TensorFlow version, OS):
 &lt;denchmark-code&gt;{"stream":"\u001b[91mERROR: Double requirement given: torch\u003e=1.6.0 (from -r requirements_tune.txt (line 27)) (already in torch\u003e=1.5.0 (from -r requirements_rllib.txt (line 4)), name='torch')\n\u001b[0m"}
 {"errorDetail":{"code":1,"message":"The command '/bin/sh -c apt-get update     \u0026\u0026 apt-get install -y gcc         cmake         libgtk2.0-dev         zlib1g-dev         libgl1-mesa-dev     \u0026\u0026 $HOME/anaconda3/bin/pip --no-cache-dir install -r requirements.txt     \u0026\u0026 $HOME/anaconda3/bin/pip --no-cache-dir install -r requirements_ml_docker.txt     \u0026\u0026 rm requirements.txt \u0026\u0026 rm requirements_ml_docker.txt     \u0026\u0026 apt-get remove cmake gcc -y     \u0026\u0026 apt-get clean' returned a non-zero code: 1"},"error":"The command '/bin/sh -c apt-get update     \u0026\u0026 apt-get install -y gcc         cmake         libgtk2.0-dev         zlib1g-dev         libgl1-mesa-dev     \u0026\u0026 $HOME/anaconda3/bin/pip --no-cache-dir install -r requirements.txt     \u0026\u0026 $HOME/anaconda3/bin/pip --no-cache-dir install -r requirements_ml_docker.txt     \u0026\u0026 rm requirements.txt \u0026\u0026 rm requirements_ml_docker.txt     \u0026\u0026 apt-get remove cmake gcc -y     \u0026\u0026 apt-get clean' returned a non-zero code: 1"}
 Traceback (most recent call last):
   File "/home/travis/build/ray-project/ray/ci/travis/build-docker-images.py", line 309, in &lt;module&gt;
     build_ray_ml()
   File "/home/travis/build/ray-project/ray/ci/travis/build-docker-images.py", line 184, in build_ray_ml
     ray_ml_images = _build_cpu_gpu_images("ray-ml")
   File "/home/travis/build/ray-project/ray/ci/travis/build-docker-images.py", line 123, in _build_cpu_gpu_images
     raise Exception("FAILED TO BUILD IMAGE")
 Exception: FAILED TO BUILD IMAGE
 The command "if [[ "$TRAVIS_PULL_REQUEST" != "false" ]]; then python $TRAVIS_BUILD_DIR/ci/travis/build-docker-images.py; fi" exited with 1.
 &lt;/denchmark-code&gt;
 
 &lt;denchmark-link:https://travis-ci.com/github/ray-project/ray/jobs/408049645#L4784-L4795&gt;https://travis-ci.com/github/ray-project/ray/jobs/408049645#L4784-L4795&lt;/denchmark-link&gt;
 
 &lt;denchmark-h:h3&gt;Reproduction (REQUIRED)&lt;/denchmark-h&gt;
 
 Please provide a script that can be run to reproduce the issue. The script should have no external library dependencies (i.e., use fake or mock data / environments):
 If we cannot run your script, we cannot fix your issue.
 
  I have verified my script runs in a clean environment and reproduces the issue.
  I have verified the issue also occurs with the latest wheels.
 
 	</description>
 	<comments>
 	</comments>
 </bug>
<commit id='3ce852d345e5c122852a7c9e92f4476bb5bc9ad6' author='Ian Rodney' date='2020-10-27 18:37:25+01:00'>
 	<dmm_unit complexity='None' interfacing='None' size='None'></dmm_unit>
 	<modification change_type='MODIFY' old_name='ci\travis\determine_tests_to_run.py' new_name='ci\travis\determine_tests_to_run.py'>
 		<file_info nloc='177' complexity='3' token_count='819'></file_info>
 		<modified_lines>
 			<added_lines>110</added_lines>
 			<deleted_lines>110</deleted_lines>
 		</modified_lines>
 	</modification>
 	<modification change_type='MODIFY' old_name='python\requirements_rllib.txt' new_name='python\requirements_rllib.txt'>
 		<file_info nloc='None' complexity='None' token_count='None'></file_info>
 		<modified_lines>
 			<added_lines>4</added_lines>
 			<deleted_lines>4</deleted_lines>
 		</modified_lines>
 	</modification>
 </commit>
</bug_data>
