<bug_data>
<bug id='13200' author='simon-mo' open_date='2021-01-05T17:44:27Z' closed_time='2021-01-18T19:52:47Z'>
 	<summary>test_queue::test_custom_resource failed in Windows CI</summary>
 	<description>
 &lt;denchmark-h:h3&gt;What is the problem?&lt;/denchmark-h&gt;
 
 Ray version and other system information (Python version, TensorFlow version, OS):
 &lt;denchmark-code&gt;2021-01-05T07:27:22.1095558Z ==================== Test output for //python/ray/tests:test_queue:
 2021-01-05T07:27:22.1096241Z ============================= test session starts =============================
 2021-01-05T07:27:22.1097215Z platform win32 -- Python 3.7.9, pytest-5.4.3, py-1.10.0, pluggy-0.13.1 -- C:\hostedtoolcache\windows\Python\3.7.9\x64\python.exe
 2021-01-05T07:27:22.1098140Z cachedir: .pytest_cache
 2021-01-05T07:27:22.1098998Z rootdir: C:\Users\runneradmin\AppData\Local\Temp\Bazel.runfiles_l81w_ga9\runfiles\com_github_ray_project_ray
 2021-01-05T07:27:22.1100125Z plugins: asyncio-0.14.0, rerunfailures-9.1.1, sugar-0.9.4, timeout-1.4.2
 2021-01-05T07:27:22.1101276Z collecting ... collected 11 items
 2021-01-05T07:27:22.1101683Z 
 2021-01-05T07:27:22.1102275Z ::test_simple_usage PASSED                                               [  9%]
 2021-01-05T07:27:22.1102912Z ::test_get PASSED                                                        [ 18%]
 2021-01-05T07:27:22.1103477Z ::test_get_async PASSED                                                  [ 27%]
 2021-01-05T07:27:22.1104091Z ::test_put PASSED                                                        [ 36%]
 2021-01-05T07:27:22.1104706Z ::test_put_async PASSED                                                  [ 45%]
 2021-01-05T07:27:22.1105518Z ::test_concurrent_get PASSED                                             [ 54%]
 2021-01-05T07:27:22.1106206Z ::test_concurrent_put PASSED                                             [ 63%]
 2021-01-05T07:27:22.1106861Z ::test_batch PASSED                                                      [ 72%]
 2021-01-05T07:27:22.1107424Z ::test_qsize PASSED                                                      [ 81%]
 2021-01-05T07:27:22.1108058Z ::test_shutdown PASSED                                                   [ 90%]
 2021-01-05T07:27:22.1108714Z ::test_custom_resources FAILED                                           [100%]
 2021-01-05T07:27:22.1109107Z 
 2021-01-05T07:27:22.1109583Z ================================== FAILURES ===================================
 2021-01-05T07:27:22.1110176Z ____________________________ test_custom_resources ____________________________
 2021-01-05T07:27:22.1110543Z 
 2021-01-05T07:27:22.1111825Z ray_start_regular_shared = {'metrics_export_port': 65153, 'node_id': 'e959177a9e2d08a67b71d87a737211a3e6ba410aa97fb5d50f6c24de', 'node_ip_address': '10.1.0.4', 'object_store_address': 'tcp://127.0.0.1:65232', ...}
 2021-01-05T07:27:22.1112929Z 
 2021-01-05T07:27:22.1113456Z     def test_custom_resources(ray_start_regular_shared):
 2021-01-05T07:27:22.1114224Z         current_resources = ray.available_resources()
 2021-01-05T07:27:22.1114934Z         assert current_resources["CPU"] == 1.0
 2021-01-05T07:27:22.1115446Z     
 2021-01-05T07:27:22.1116031Z         # By default an actor should not reserve any resources.
 2021-01-05T07:27:22.1116581Z         Queue()
 2021-01-05T07:27:22.1117188Z         current_resources = ray.available_resources()
 2021-01-05T07:27:22.1117890Z         assert current_resources["CPU"] == 1.0
 2021-01-05T07:27:22.1118389Z     
 2021-01-05T07:27:22.1119040Z         # Specify resource requirement. The queue should now reserve 1 CPU.
 2021-01-05T07:27:22.1119758Z         Queue(actor_options={"num_cpus": 1})
 2021-01-05T07:27:22.1120315Z         time.sleep(1)
 2021-01-05T07:27:22.1120950Z         current_resources = ray.available_resources()
 2021-01-05T07:27:22.1121749Z &gt;       assert "CPU" not in current_resources, current_resources
 2021-01-05T07:27:22.1122649Z E       AssertionError: {'CPU': 1.0, 'memory': 90.0, 'node:10.1.0.4': 1.0, 'object_store_memory': 2.0}
 2021-01-05T07:27:22.1123504Z E       assert 'CPU' not in {'CPU': 1.0, 'memory': 90.0, 'node:10.1.0.4': 1.0, 'object_store_memory': 2.0}
 2021-01-05T07:27:22.1123975Z 
 2021-01-05T07:27:22.1124934Z \\?\C:\Users\RUNNER~1\AppData\Local\Temp\Bazel.runfiles_l81w_ga9\runfiles\com_github_ray_project_ray\python\ray\tests\test_queue.py:211: AssertionError
 &lt;/denchmark-code&gt;
 
 &lt;denchmark-link:https://github.com/ray-project/ray/runs/1647962851&gt;https://github.com/ray-project/ray/runs/1647962851&lt;/denchmark-link&gt;
 
 &lt;denchmark-h:h3&gt;Reproduction (REQUIRED)&lt;/denchmark-h&gt;
 
 Please provide a short code snippet (less than 50 lines if possible) that can be copy-pasted to reproduce the issue. The snippet should have no external library dependencies (i.e., use fake or mock data / environments):
 If the code snippet cannot be run by itself, the issue will be closed with "needs-repro-script".
 
  I have verified my script runs in a clean environment and reproduces the issue.
  I have verified the issue also occurs with the latest wheels.
 
 	</description>
 	<comments>
 		<comment id='1' author='simon-mo' date='2021-01-15T17:38:27Z'>
 		This is now failing with a 
 &lt;denchmark-link:https://github.com/ray-project/ray/runs/1708299328?check_suite_focus=true&gt;https://github.com/ray-project/ray/runs/1708299328?check_suite_focus=true&lt;/denchmark-link&gt;
 
 &lt;denchmark-code&gt;::test_custom_resources FAILED                                           [100%]Windows fatal exception: access violation
 
 Thread 0x000006e4 (most recent call first):
   File "d:\a\ray\ray\python\ray\worker.py", line 811 in shutdown
   File "d:\a\ray\ray\python\ray\_private\client_mode_hook.py", line 47 in wrapper
   File "\\?\C:\Users\RUNNER~1\AppData\Local\Temp\Bazel.runfiles_3fzod71h\runfiles\com_github_ray_project_ray\python\ray\tests\conftest.py", line 50 in _ray_start
   File "C:\hostedtoolcache\windows\Python\3.7.9\x64\lib\contextlib.py", line 119 in __exit__
   File "\\?\C:\Users\RUNNER~1\AppData\Local\Temp\Bazel.runfiles_3fzod71h\runfiles\com_github_ray_project_ray\python\ray\tests\conftest.py", line 81 in ray_start_regular_shared
   File "C:\hostedtoolcache\windows\Python\3.7.9\x64\lib\site-packages\_pytest\fixtures.py", line 800 in _teardown_yield_fixture
   File "C:\hostedtoolcache\windows\Python\3.7.9\x64\lib\site-packages\_pytest\fixtures.py", line 871 in finish
   File "C:\hostedtoolcache\windows\Python\3.7.9\x64\lib\site-packages\_pytest\runner.py", line 318 in _callfinalizers
   File "C:\hostedtoolcache\windows\Python\3.7.9\x64\lib\site-packages\_pytest\runner.py", line 328 in _teardown_with_finalization
   File "C:\hostedtoolcache\windows\Python\3.7.9\x64\lib\site-packages\_pytest\runner.py", line 310 in _pop_and_teardown
   File "C:\hostedtoolcache\windows\Python\3.7.9\x64\lib\site-packages\_pytest\runner.py", line 350 in _teardown_towards
   File "C:\hostedtoolcache\windows\Python\3.7.9\x64\lib\site-packages\_pytest\runner.py", line 342 in teardown_exact
   File "C:\hostedtoolcache\windows\Python\3.7.9\x64\lib\site-packages\_pytest\runner.py", line 148 in pytest_runtest_teardown
   File "C:\hostedtoolcache\windows\Python\3.7.9\x64\lib\site-packages\pluggy\callers.py", line 187 in _multicall
   File "C:\hostedtoolcache\windows\Python\3.7.9\x64\lib\site-packages\pluggy\manager.py", line 87 in &lt;lambda&gt;
   File "C:\hostedtoolcache\windows\Python\3.7.9\x64\lib\site-packages\pluggy\manager.py", line 93 in _hookexec
   File "C:\hostedtoolcache\windows\Python\3.7.9\x64\lib\site-packages\pluggy\hooks.py", line 286 in __call__
   File "C:\hostedtoolcache\windows\Python\3.7.9\x64\lib\site-packages\_pytest\runner.py", line 217 in &lt;lambda&gt;
   File "C:\hostedtoolcache\windows\Python\3.7.9\x64\lib\site-packages\_pytest\runner.py", line 244 in from_call
   File "C:\hostedtoolcache\windows\Python\3.7.9\x64\lib\site-packages\_pytest\runner.py", line 217 in call_runtest_hook
   File "C:\hostedtoolcache\windows\Python\3.7.9\x64\lib\site-packages\_pytest\runner.py", line 186 in call_and_report
   File "C:\hostedtoolcache\windows\Python\3.7.9\x64\lib\site-packages\_pytest\runner.py", line 101 in runtestprotocol
   File "C:\hostedtoolcache\windows\Python\3.7.9\x64\lib\site-packages\_pytest\runner.py", line 85 in pytest_runtest_protocol
   File "C:\hostedtoolcache\windows\Python\3.7.9\x64\lib\site-packages\pluggy\callers.py", line 187 in _multicall
   File "C:\hostedtoolcache\windows\Python\3.7.9\x64\lib\site-packages\pluggy\manager.py", line 87 in &lt;lambda&gt;
   File "C:\hostedtoolcache\windows\Python\3.7.9\x64\lib\site-packages\pluggy\manager.py", line 93 in _hookexec
   File "C:\hostedtoolcache\windows\Python\3.7.9\x64\lib\site-packages\pluggy\hooks.py", line 286 in __call__
   File "C:\hostedtoolcache\windows\Python\3.7.9\x64\lib\site-packages\_pytest\main.py", line 272 in pytest_runtestloop
   File "C:\hostedtoolcache\windows\Python\3.7.9\x64\lib\site-packages\pluggy\callers.py", line 187 in _multicall
   File "C:\hostedtoolcache\windows\Python\3.7.9\x64\lib\site-packages\pluggy\manager.py", line 87 in &lt;lambda&gt;
   File "C:\hostedtoolcache\windows\Python\3.7.9\x64\lib\site-packages\pluggy\manager.py", line 93 in _hookexec
   File "C:\hostedtoolcache\windows\Python\3.7.9\x64\lib\site-packages\pluggy\hooks.py", line 286 in __call__
   File "C:\hostedtoolcache\windows\Python\3.7.9\x64\lib\site-packages\_pytest\main.py", line 247 in _main
   File "C:\hostedtoolcache\windows\Python\3.7.9\x64\lib\site-packages\_pytest\main.py", line 191 in wrap_session
   File "C:\hostedtoolcache\windows\Python\3.7.9\x64\lib\site-packages\_pytest\main.py", line 240 in pytest_cmdline_main
   File "C:\hostedtoolcache\windows\Python\3.7.9\x64\lib\site-packages\pluggy\callers.py", line 187 in _multicall
   File "C:\hostedtoolcache\windows\Python\3.7.9\x64\lib\site-packages\pluggy\manager.py", line 87 in &lt;lambda&gt;
   File "C:\hostedtoolcache\windows\Python\3.7.9\x64\lib\site-packages\pluggy\manager.py", line 93 in _hookexec
   File "C:\hostedtoolcache\windows\Python\3.7.9\x64\lib\site-packages\pluggy\hooks.py", line 286 in __call__
   File "C:\hostedtoolcache\windows\Python\3.7.9\x64\lib\site-packages\_pytest\config\__init__.py", line 125 in main
   File "\\?\C:\Users\RUNNER~1\AppData\Local\Temp\Bazel.runfiles_3fzod71h\runfiles\com_github_ray_project_ray\python\ray\tests\test_queue.py", line 217 in &lt;module&gt;
 &lt;/denchmark-code&gt;
 
 		</comment>
 	</comments>
 </bug>
<commit id='93006c2ba52e059e6fda52694762ad3cbcdef461' author='Edward Oakes' date='2021-01-10 19:32:59-06:00'>
 	<dmm_unit complexity='None' interfacing='None' size='None'></dmm_unit>
 	<modification change_type='MODIFY' old_name='python\ray\tests\test_queue.py' new_name='python\ray\tests\test_queue.py'>
 		<file_info nloc='139' complexity='18' token_count='1021'></file_info>
 		<method name='test_custom_resources' parameters='ray_start_regular_shared'>
 				<method_info nloc='9' complexity='1' token_count='56' nesting_level='0' start_line='197' end_line='212'></method_info>
 			<added_lines>208,209,210,211,212</added_lines>
 			<deleted_lines>209,210,211</deleted_lines>
 		</method>
 		<method name='test_custom_resources.no_cpu_in_resources' parameters=''>
 				<method_info nloc='2' complexity='1' token_count='13' nesting_level='1' start_line='209' end_line='210'></method_info>
 			<added_lines>209,210</added_lines>
 			<deleted_lines>209,210</deleted_lines>
 		</method>
 		<modified_lines>
 			<added_lines>6</added_lines>
 			<deleted_lines>1,2</deleted_lines>
 		</modified_lines>
 	</modification>
 </commit>
</bug_data>
