<bug_data>
<bug id='13415' author='edoakes' open_date='2021-01-13T20:16:49Z' closed_time='2021-01-14T20:41:54Z'>
 	<summary>ray.get_runtime_context().get() fails on a driver</summary>
 	<description>
 &lt;denchmark-h:h3&gt;What is the problem?&lt;/denchmark-h&gt;
 
 ray.get_runtime_context().get() errors when running on a driver. This should still return the useful context information (e.g., current node ID) or at the very least have a better error message.
 import ray
 ray.init()
 
 print(ray.get_runtime_context().get())
 &lt;denchmark-code&gt;2021-01-13 14:15:29,011 INFO services.py:1169 -- View the Ray dashboard at http://127.0.0.1:8266
 Traceback (most recent call last):
   File "test.py", line 4, in &lt;module&gt;
     print(ray.get_runtime_context().get())
   File "/Users/eoakes/code/ray/python/ray/runtime_context.py", line 26, in get
     "task_id": self.task_id,
   File "/Users/eoakes/code/ray/python/ray/runtime_context.py", line 92, in task_id
     assert self.worker.mode == ray.worker.WORKER_MODE, (
 AssertionError: This method is only available when the process is a                 worker. Current mode: 0
 &lt;/denchmark-code&gt;
 
 If the code snippet cannot be run by itself, the issue will be closed with "needs-repro-script".
 
  I have verified my script runs in a clean environment and reproduces the issue.
  I have verified the issue also occurs with the latest wheels.
 
 	</description>
 	<comments>
 		<comment id='1' author='edoakes' date='2021-01-13T20:17:39Z'>
 		Ah I think this should be a simple fix. I will take a look at it later.
 		</comment>
 		<comment id='2' author='edoakes' date='2021-01-13T20:33:49Z'>
 		&lt;denchmark-link:https://github.com/rkooo567&gt;@rkooo567&lt;/denchmark-link&gt;
  yeah it ended up being really simple so I just made a quick PR to fix, PTAL when you have a chance.
 		</comment>
 	</comments>
 </bug>
<commit id='7ba87b8abe53c41293a30e6ffbec919476bc6462' author='Edward Oakes' date='2021-01-14 14:41:53-06:00'>
 	<dmm_unit complexity='None' interfacing='None' size='None'></dmm_unit>
 	<modification change_type='MODIFY' old_name='python\ray\runtime_context.py' new_name='python\ray\runtime_context.py'>
 		<file_info nloc='61' complexity='17' token_count='351'></file_info>
 		<method name='get' parameters='self'>
 				<method_info nloc='11' complexity='4' token_count='69' nesting_level='1' start_line='14' end_line='33'></method_info>
 			<added_lines>15,17,18,27,28,29,30,31,32,33</added_lines>
 			<deleted_lines>15,17,18,26,27,28,29,30,31,32</deleted_lines>
 		</method>
 		<modified_lines>
 			<added_lines></added_lines>
 			<deleted_lines></deleted_lines>
 		</modified_lines>
 	</modification>
 	<modification change_type='MODIFY' old_name='python\ray\tests\test_runtime_context.py' new_name='python\ray\tests\test_runtime_context.py'>
 		<file_info nloc='74' complexity='11' token_count='605'></file_info>
 		<method name='test_get_context_dict.task' parameters='node_id,job_id'>
 				<method_info nloc='6' complexity='1' token_count='45' nesting_level='1' start_line='87' end_line='92'></method_info>
 			<added_lines>87,88,89,90,91,92</added_lines>
 			<deleted_lines></deleted_lines>
 		</method>
 		<method name='test_get_context_dict' parameters='ray_start_regular'>
 				<method_info nloc='14' complexity='1' token_count='104' nesting_level='0' start_line='67' end_line='94'></method_info>
 			<added_lines>67,68,69,70,71,72,73,74,75,76,77,78,79,80,81,82,83,84,85,86,87,88,89,90,91,92,93,94</added_lines>
 			<deleted_lines></deleted_lines>
 		</method>
 		<method name='test_get_context_dict.check' parameters='self,node_id,job_id'>
 				<method_info nloc='6' complexity='1' token_count='50' nesting_level='2' start_line='76' end_line='81'></method_info>
 			<added_lines>76,77,78,79,80,81</added_lines>
 			<deleted_lines></deleted_lines>
 		</method>
 		<modified_lines>
 			<added_lines>95,96</added_lines>
 			<deleted_lines></deleted_lines>
 		</modified_lines>
 	</modification>
 </commit>
</bug_data>
