<bug id='1109' author='robertnishihara' open_date='2017-10-11T20:49:51Z' closed_time='2017-10-12T02:59:00Z'>
	<summary>Test failure in ActorsWithGPUs.testActorsAndTasksWithGPUs.</summary>
	<description>
I've seen
&lt;denchmark-code&gt;python test/actor_test.py ActorsWithGPUs.testActorsAndTasksWithGPUs
&lt;/denchmark-code&gt;

fail with
&lt;denchmark-code&gt;
======================================================================
FAIL: testActorsAndTasksWithGPUs (__main__.ActorsWithGPUs)
----------------------------------------------------------------------
Traceback (most recent call last):
  File "test/actor_test.py", line 993, in testActorsAndTasksWithGPUs
    check_intervals_non_overlapping(locations_to_intervals[locations])
  File "test/actor_test.py", line 924, in check_intervals_non_overlapping
    self.assertLess(first_interval[0], first_interval[1])
AssertionError: 1507660175.744276 not less than 1507660175.511617
&lt;/denchmark-code&gt;

This may be the same problem that was in &lt;denchmark-link:https://github.com/ray-project/ray/pull/1100&gt;#1100&lt;/denchmark-link&gt;
.
	</description>
	<comments>
	</comments>
</bug>