<bug id='13205' author='simon-mo' open_date='2021-01-05T18:18:38Z' closed_time='2021-01-05T20:33:51Z'>
	<summary>test_actor::test_atexit_handler[__ray_terminate__] Windows CI Failure</summary>
	<description>
&lt;denchmark-h:h3&gt;What is the problem?&lt;/denchmark-h&gt;

Ray version and other system information (Python version, TensorFlow version, OS):
&lt;denchmark-code&gt;2021-01-05T05:59:09.6946634Z �[31m�[1mFAILED: �[0m//python/ray/tests:test_actor (Summary)
2021-01-05T05:59:09.6950035Z       C:/users/runneradmin/_bazel_runneradmin/vlncal46/execroot/com_github_ray_project_ray/bazel-out/x64_windows-opt/testlogs/python/ray/tests/test_actor/test.log
2021-01-05T05:59:09.6952178Z       C:/users/runneradmin/_bazel_runneradmin/vlncal46/execroot/com_github_ray_project_ray/bazel-out/x64_windows-opt/testlogs/python/ray/tests/test_actor/test_attempts/attempt_1.log
2021-01-05T05:59:09.6957492Z       C:/users/runneradmin/_bazel_runneradmin/vlncal46/execroot/com_github_ray_project_ray/bazel-out/x64_windows-opt/testlogs/python/ray/tests/test_actor/test_attempts/attempt_2.log
2021-01-05T05:59:09.6959705Z �[32mINFO: �[0mFrom Testing //python/ray/tests:test_actor:
2021-01-05T05:59:09.6969215Z ==================== Test output for //python/ray/tests:test_actor:
2021-01-05T05:59:09.6971353Z ============================= test session starts =============================
2021-01-05T05:59:09.6974851Z platform win32 -- Python 3.7.9, pytest-5.4.3, py-1.10.0, pluggy-0.13.1 -- C:\hostedtoolcache\windows\Python\3.7.9\x64\python.exe
2021-01-05T05:59:09.6976240Z cachedir: .pytest_cache
2021-01-05T05:59:09.6977302Z rootdir: C:\Users\runneradmin\AppData\Local\Temp\Bazel.runfiles_tt8mg_hk\runfiles\com_github_ray_project_ray
2021-01-05T05:59:09.6978817Z plugins: asyncio-0.14.0, rerunfailures-9.1.1, sugar-0.9.4, timeout-1.4.2
2021-01-05T05:59:09.6980201Z collecting ... collected 36 items
2021-01-05T05:59:09.6980702Z 
2021-01-05T05:59:09.6982076Z ::test_caching_actors PASSED                                             [  2%]
2021-01-05T05:59:09.6983090Z ::test_remote_function_within_actor PASSED                               [  5%]
2021-01-05T05:59:09.6986847Z ::test_define_actor_within_actor PASSED                                  [  8%]
2021-01-05T05:59:09.6996612Z ::test_use_actor_within_actor PASSED                                     [ 11%]
2021-01-05T05:59:09.6997835Z ::test_use_actor_twice PASSED                                            [ 13%]
2021-01-05T05:59:09.6998607Z ::test_define_actor_within_remote_function PASSED                        [ 16%]
2021-01-05T05:59:09.6999409Z ::test_use_actor_within_remote_function PASSED                           [ 19%]
2021-01-05T05:59:09.7000166Z ::test_actor_import_counter PASSED                                       [ 22%]
2021-01-05T05:59:09.7000997Z ::test_actor_method_metadata_cache PASSED                                [ 25%]
2021-01-05T05:59:09.7002149Z ::test_actor_class_name PASSED                                           [ 27%]
2021-01-05T05:59:09.7002892Z ::test_actor_exit_from_task PASSED                                       [ 30%]
2021-01-05T05:59:09.7003630Z ::test_actor_init_error_propagated PASSED                                [ 33%]
2021-01-05T05:59:09.7004383Z ::test_keyword_args PASSED                                               [ 36%]
2021-01-05T05:59:09.7005244Z ::test_actor_name_conflict PASSED                                        [ 38%]
2021-01-05T05:59:09.7005975Z ::test_variable_number_of_args PASSED                                    [ 41%]
2021-01-05T05:59:09.7006818Z ::test_no_args PASSED                                                    [ 44%]
2021-01-05T05:59:09.7007621Z ::test_no_constructor PASSED                                             [ 47%]
2021-01-05T05:59:09.7008350Z ::test_custom_classes PASSED                                             [ 50%]
2021-01-05T05:59:09.7009080Z ::test_actor_class_attributes PASSED                                     [ 52%]
2021-01-05T05:59:09.7009817Z ::test_actor_static_attributes PASSED                                    [ 55%]
2021-01-05T05:59:09.7010532Z ::test_decorator_args PASSED                                             [ 58%]
2021-01-05T05:59:09.7011222Z ::test_random_id_generation PASSED                                       [ 61%]
2021-01-05T05:59:09.7011943Z ::test_actor_inheritance PASSED                                          [ 63%]
2021-01-05T05:59:09.7012653Z ::test_multiple_return_values PASSED                                     [ 66%]
2021-01-05T05:59:09.7013363Z ::test_options_num_returns PASSED                                        [ 69%]
2021-01-05T05:59:09.7014044Z ::test_options_name PASSED                                               [ 72%]
2021-01-05T05:59:09.7014695Z ::test_define_actor PASSED                                               [ 75%]
2021-01-05T05:59:09.7015363Z ::test_actor_deletion PASSED                                             [ 77%]
2021-01-05T05:59:09.7016010Z ::test_actor_method_deletion PASSED                                      [ 80%]
2021-01-05T05:59:09.7016776Z ::test_distributed_actor_handle_deletion PASSED                          [ 83%]
2021-01-05T05:59:09.7017523Z ::test_multiple_actors PASSED                                            [ 86%]
2021-01-05T05:59:09.7018228Z ::test_inherit_actor_from_class PASSED                                   [ 88%]
2021-01-05T05:59:09.7018994Z ::test_actor_creation_latency SKIPPED                                    [ 91%]
2021-01-05T05:59:09.7019735Z ::test_atexit_handler[__ray_terminate__] FAILED                          [ 94%]
2021-01-05T05:59:09.7020477Z ::test_atexit_handler[ray.actor.exit_actor] FAILED                       [ 97%]
2021-01-05T05:59:09.7021281Z ::test_atexit_handler[ray.kill] FAILED                                   [100%]
2021-01-05T05:59:09.7021861Z 
2021-01-05T05:59:09.7022355Z ================================== FAILURES ===================================
2021-01-05T05:59:09.7023010Z ___________________ test_atexit_handler[__ray_terminate__] ____________________
2021-01-05T05:59:09.7023423Z 
2021-01-05T05:59:09.7024721Z ray_start_regular_shared = {'metrics_export_port': 62347, 'node_id': 'bb2372dd67f015d3fa738c6f602bce377d6334d0257da7ece0e441e7', 'node_ip_address': '10.1.0.4', 'object_store_address': 'tcp://127.0.0.1:63406', ...}
2021-01-05T05:59:09.7026086Z exit_condition = '__ray_terminate__'
2021-01-05T05:59:09.7026470Z 
2021-01-05T05:59:09.7026992Z     @pytest.mark.parametrize(
2021-01-05T05:59:09.7027632Z         "exit_condition",
2021-01-05T05:59:09.7028090Z         [
2021-01-05T05:59:09.7028683Z             # "out_of_scope", TODO(edoakes): enable this once fixed.
2021-01-05T05:59:09.7029317Z             "__ray_terminate__",
2021-01-05T05:59:09.7029824Z             "ray.actor.exit_actor",
2021-01-05T05:59:09.7030359Z             "ray.kill"
2021-01-05T05:59:09.7030790Z         ])
2021-01-05T05:59:09.7031703Z     def test_atexit_handler(ray_start_regular_shared, exit_condition):
2021-01-05T05:59:09.7032403Z         @ray.remote
2021-01-05T05:59:09.7032821Z         class A():
2021-01-05T05:59:09.7034569Z             def __init__(self, tmpfile, data):
2021-01-05T05:59:09.7035160Z                 import atexit
2021-01-05T05:59:09.7035608Z     
2021-01-05T05:59:09.7036063Z                 def f(*args, **kwargs):
2021-01-05T05:59:09.7036575Z                     with open(tmpfile, "w") as f:
2021-01-05T05:59:09.7037118Z                         f.write(data)
2021-01-05T05:59:09.7037627Z                         f.flush()
2021-01-05T05:59:09.7038058Z     
2021-01-05T05:59:09.7038556Z                 atexit.register(f)
2021-01-05T05:59:09.7038994Z     
2021-01-05T05:59:09.7039476Z             def ready(self):
2021-01-05T05:59:09.7039963Z                 pass
2021-01-05T05:59:09.7040397Z     
2021-01-05T05:59:09.7040849Z             def exit(self):
2021-01-05T05:59:09.7041415Z                 ray.actor.exit_actor()
2021-01-05T05:59:09.7041929Z     
2021-01-05T05:59:09.7042370Z         data = "hello"
2021-01-05T05:59:09.7043103Z         tmpfile = tempfile.NamedTemporaryFile()
2021-01-05T05:59:09.7043934Z         a = A.remote(tmpfile.name, data)
2021-01-05T05:59:09.7044568Z         ray.get(a.ready.remote())
2021-01-05T05:59:09.7045015Z     
2021-01-05T05:59:09.7045525Z         if exit_condition == "out_of_scope":
2021-01-05T05:59:09.7046063Z             del a
2021-01-05T05:59:09.7046622Z         elif exit_condition == "__ray_terminate__":
2021-01-05T05:59:09.7047298Z             ray.wait([a.__ray_terminate__.remote()])
2021-01-05T05:59:09.7047960Z         elif exit_condition == "ray.actor.exit_actor":
2021-01-05T05:59:09.7048649Z             ray.wait([a.exit.remote()])
2021-01-05T05:59:09.7049264Z         elif exit_condition == "ray.kill":
2021-01-05T05:59:09.7049811Z             ray.kill(a)
2021-01-05T05:59:09.7050256Z         else:
2021-01-05T05:59:09.7050786Z             assert False, "Unrecognized condition"
2021-01-05T05:59:09.7051364Z     
2021-01-05T05:59:09.7051831Z         def check_file_written():
2021-01-05T05:59:09.7052413Z             with open(tmpfile.name) as f:
2021-01-05T05:59:09.7052970Z                 if f.read() == data:
2021-01-05T05:59:09.7053418Z                     return True
2021-01-05T05:59:09.7053909Z                 return False
2021-01-05T05:59:09.7054343Z     
2021-01-05T05:59:09.7054994Z         # ray.kill() should not trigger atexit handlers, all other methods should.
2021-01-05T05:59:09.7056320Z         if exit_condition == "ray.kill":
2021-01-05T05:59:09.7056887Z             assert not check_file_written()
2021-01-05T05:59:09.7057427Z         else:
2021-01-05T05:59:09.7057995Z &gt;           wait_for_condition(check_file_written)
2021-01-05T05:59:09.7058392Z 
2021-01-05T05:59:09.7059298Z \\?\C:\Users\RUNNER~1\AppData\Local\Temp\Bazel.runfiles_tt8mg_hk\runfiles\com_github_ray_project_ray\python\ray\tests\test_actor.py:931: 
2021-01-05T05:59:09.7060412Z _ _ _ _ _ _ _ _ _ _ _ _ _ _ _ _ _ _ _ _ _ _ _ _ _ _ _ _ _ _ _ _ _ _ _ _ _ _ _ _
2021-01-05T05:59:09.7061084Z d:\a\ray\ray\python\ray\test_utils.py:235: in wait_for_condition
2021-01-05T05:59:09.7061765Z     if condition_predictor():
2021-01-05T05:59:09.7062316Z _ _ _ _ _ _ _ _ _ _ _ _ _ _ _ _ _ _ _ _ _ _ _ _ _ _ _ _ _ _ _ _ _ _ _ _ _ _ _ _
2021-01-05T05:59:09.7062627Z 
2021-01-05T05:59:09.7063104Z     def check_file_written():
2021-01-05T05:59:09.7063698Z &gt;       with open(tmpfile.name) as f:
2021-01-05T05:59:09.7064631Z E       PermissionError: [Errno 13] Permission denied: 'C:\\Users\\RUNNER~1\\AppData\\Local\\Temp\\tmp25scr5mh'
2021-01-05T05:59:09.7065286Z 
2021-01-05T05:59:09.7066214Z \\?\C:\Users\RUNNER~1\AppData\Local\Temp\Bazel.runfiles_tt8mg_hk\runfiles\com_github_ray_project_ray\python\ray\tests\test_actor.py:922: PermissionError
2021-01-05T05:59:09.7067405Z ---------------------------- Captured stderr call -----------------------------
2021-01-05T05:59:09.7068225Z �[2m�[36m(pid=8160)�[0m Windows fatal exception: access violation
2021-01-05T05:59:09.7068918Z �[2m�[36m(pid=8160)�[0m 
2021-01-05T05:59:09.7069546Z �[2m�[36m(pid=8160)�[0m Windows fatal exception: access violation
2021-01-05T05:59:09.7070160Z �[2m�[36m(pid=8160)�[0m 
2021-01-05T05:59:09.7070736Z �[2m�[36m(pid=8160)�[0m Windows fatal exception: access violation
2021-01-05T05:59:09.7071483Z �[2m�[36m(pid=8160)�[0m 
2021-01-05T05:59:09.7072112Z �[2m�[36m(pid=8160)�[0m Windows fatal exception: access violation
2021-01-05T05:59:09.7072728Z �[2m�[36m(pid=8160)�[0m 
2021-01-05T05:59:09.7073346Z �[2m�[36m(pid=8160)�[0m Windows fatal exception: access violation
2021-01-05T05:59:09.7073904Z �[2m�[36m(pid=8160)�[0m 
2021-01-05T05:59:09.7074515Z �[2m�[36m(pid=8160)�[0m Windows fatal exception: access violation
2021-01-05T05:59:09.7075120Z �[2m�[36m(pid=8160)�[0m 
2021-01-05T05:59:09.7075738Z �[2m�[36m(pid=8160)�[0m Windows fatal exception: access violation
2021-01-05T05:59:09.7076336Z �[2m�[36m(pid=8160)�[0m 
2021-01-05T05:59:09.7076907Z �[2m�[36m(pid=8160)�[0m Windows fatal exception: access violation
2021-01-05T05:59:09.7077507Z �[2m�[36m(pid=8160)�[0m 
2021-01-05T05:59:09.7078122Z �[2m�[36m(pid=8160)�[0m Windows fatal exception: access violation
2021-01-05T05:59:09.7078715Z �[2m�[36m(pid=8160)�[0m 
2021-01-05T05:59:09.7079325Z �[2m�[36m(pid=8160)�[0m Windows fatal exception: access violation
2021-01-05T05:59:09.7079919Z �[2m�[36m(pid=8160)�[0m 
2021-01-05T05:59:09.7080485Z �[2m�[36m(pid=8160)�[0m Windows fatal exception: access violation
2021-01-05T05:59:09.7081077Z �[2m�[36m(pid=8160)�[0m 
&lt;/denchmark-code&gt;

&lt;denchmark-h:h3&gt;Reproduction (REQUIRED)&lt;/denchmark-h&gt;

Please provide a short code snippet (less than 50 lines if possible) that can be copy-pasted to reproduce the issue. The snippet should have no external library dependencies (i.e., use fake or mock data / environments):
If the code snippet cannot be run by itself, the issue will be closed with "needs-repro-script".

 I have verified my script runs in a clean environment and reproduces the issue.
 I have verified the issue also occurs with the latest wheels.

	</description>
	<comments>
	</comments>
</bug>