<bug id='13201' author='simon-mo' open_date='2021-01-05T17:48:41Z' closed_time='2021-01-18T19:52:14Z'>
	<summary>Re-enable test_basic on Windows CI</summary>
	<description>
&lt;denchmark-h:h3&gt;What is the problem?&lt;/denchmark-h&gt;

Ray version and other system information (Python version, TensorFlow version, OS):
&lt;denchmark-code&gt;2021-01-05T06:39:28.6742886Z �[31m�[1mFAILED: �[0m//python/ray/tests:test_basic (Summary)
2021-01-05T06:39:28.6744880Z       C:/users/runneradmin/_bazel_runneradmin/vlncal46/execroot/com_github_ray_project_ray/bazel-out/x64_windows-opt/testlogs/python/ray/tests/test_basic/test.log
2021-01-05T06:39:28.6746918Z       C:/users/runneradmin/_bazel_runneradmin/vlncal46/execroot/com_github_ray_project_ray/bazel-out/x64_windows-opt/testlogs/python/ray/tests/test_basic/test_attempts/attempt_1.log
2021-01-05T06:39:28.6748711Z       C:/users/runneradmin/_bazel_runneradmin/vlncal46/execroot/com_github_ray_project_ray/bazel-out/x64_windows-opt/testlogs/python/ray/tests/test_basic/test_attempts/attempt_2.log
2021-01-05T06:39:28.6750463Z �[32mINFO: �[0mFrom Testing //python/ray/tests:test_basic:
2021-01-05T06:39:28.6751367Z ==================== Test output for //python/ray/tests:test_basic:
2021-01-05T06:39:28.6752107Z ============================= test session starts =============================
2021-01-05T06:39:28.6753216Z platform win32 -- Python 3.7.9, pytest-5.4.3, py-1.10.0, pluggy-0.13.1 -- C:\hostedtoolcache\windows\Python\3.7.9\x64\python.exe
2021-01-05T06:39:28.6754854Z cachedir: .pytest_cache
2021-01-05T06:39:28.6755899Z rootdir: C:\Users\runneradmin\AppData\Local\Temp\Bazel.runfiles_mfcw6zmz\runfiles\com_github_ray_project_ray
2021-01-05T06:39:28.6757500Z plugins: asyncio-0.14.0, rerunfailures-9.1.1, sugar-0.9.4, timeout-1.4.2
2021-01-05T06:39:28.6758679Z collecting ... collected 35 items
2021-01-05T06:39:28.6759571Z 
2021-01-05T06:39:28.6760545Z ::test_ignore_http_proxy PASSED                                          [  2%]
2021-01-05T06:39:28.6765336Z ::test_grpc_message_size PASSED                                          [  5%]
2021-01-05T06:39:28.6766789Z ::test_omp_threads_set PASSED                                            [  8%]
2021-01-05T06:39:28.6767592Z ::test_submit_api PASSED                                                 [ 11%]
2021-01-05T06:39:28.6768395Z ::test_invalid_arguments PASSED                                          [ 14%]
2021-01-05T06:39:28.6769458Z ::test_many_fractional_resources Windows fatal exception: access violation
2021-01-05T06:39:28.6770087Z 
2021-01-05T06:39:28.6770994Z Thread 0x00002064 (most recent call first):
2021-01-05T06:39:28.6773165Z   File "C:\hostedtoolcache\windows\Python\3.7.9\x64\lib\threading.py", line 300 in wait
2021-01-05T06:39:28.6774497Z   File "C:\hostedtoolcache\windows\Python\3.7.9\x64\lib\threading.py", line 552 in wait
2021-01-05T06:39:28.6775408Z   File "d:\a\ray\ray\python\ray\worker.py", line 904 in print_logs
2021-01-05T06:39:28.6776353Z   File "C:\hostedtoolcache\windows\Python\3.7.9\x64\lib\threading.py", line 870 in run
2021-01-05T06:39:28.6778069Z   File "C:\hostedtoolcache\windows\Python\3.7.9\x64\lib\threading.py", line 926 in _bootstrap_inner
2021-01-05T06:39:28.6779530Z   File "C:\hostedtoolcache\windows\Python\3.7.9\x64\lib\threading.py", line 890 in _bootstrap
2021-01-05T06:39:28.6780406Z 
2021-01-05T06:39:28.6781405Z Thread 0x000019dc (most recent call first):
2021-01-05T06:39:28.6782375Z   File "C:\hostedtoolcache\windows\Python\3.7.9\x64\lib\threading.py", line 300 in wait
2021-01-05T06:39:28.6783520Z   File "C:\hostedtoolcache\windows\Python\3.7.9\x64\lib\threading.py", line 552 in wait
2021-01-05T06:39:28.6784620Z   File "d:\a\ray\ray\python\ray\worker.py", line 979 in print_error_messages_raylet
2021-01-05T06:39:28.6786253Z   File "C:\hostedtoolcache\windows\Python\3.7.9\x64\lib\threading.py", line 870 in run
2021-01-05T06:39:28.6787460Z   File "C:\hostedtoolcache\windows\Python\3.7.9\x64\lib\threading.py", line 926 in _bootstrap_inner
2021-01-05T06:39:28.6788976Z   File "C:\hostedtoolcache\windows\Python\3.7.9\x64\lib\threading.py", line 890 in _bootstrap
2021-01-05T06:39:28.6790104Z 
2021-01-05T06:39:28.6790740Z Thread 0x00001284 (most recent call first):
2021-01-05T06:39:28.6791700Z   File "C:\hostedtoolcache\windows\Python\3.7.9\x64\lib\threading.py", line 300 in wait
2021-01-05T06:39:28.6792835Z   File "C:\hostedtoolcache\windows\Python\3.7.9\x64\lib\threading.py", line 552 in wait
2021-01-05T06:39:28.6793927Z   File "d:\a\ray\ray\python\ray\worker.py", line 1027 in listen_error_messages_raylet
2021-01-05T06:39:28.6795992Z   File "C:\hostedtoolcache\windows\Python\3.7.9\x64\lib\threading.py", line 870 in run
2021-01-05T06:39:28.6797291Z   File "C:\hostedtoolcache\windows\Python\3.7.9\x64\lib\threading.py", line 926 in _bootstrap_inner
2021-01-05T06:39:28.6798625Z   File "C:\hostedtoolcache\windows\Python\3.7.9\x64\lib\threading.py", line 890 in _bootstrap
2021-01-05T06:39:28.6799437Z 
2021-01-05T06:39:28.6800080Z Thread 0x00001f74 (most recent call first):
2021-01-05T06:39:28.6800983Z   File "C:\hostedtoolcache\windows\Python\3.7.9\x64\lib\threading.py", line 300 in wait
2021-01-05T06:39:28.6806198Z   File "C:\hostedtoolcache\windows\Python\3.7.9\x64\lib\threading.py", line 552 in wait
2021-01-05T06:39:28.6807328Z   File "d:\a\ray\ray\python\ray\import_thread.py", line 76 in _run
2021-01-05T06:39:28.6809152Z   File "C:\hostedtoolcache\windows\Python\3.7.9\x64\lib\threading.py", line 870 in run
2021-01-05T06:39:28.6810618Z   File "C:\hostedtoolcache\windows\Python\3.7.9\x64\lib\threading.py", line 926 in _bootstrap_inner
2021-01-05T06:39:28.6811952Z   File "C:\hostedtoolcache\windows\Python\3.7.9\x64\lib\threading.py", line 890 in _bootstrap
2021-01-05T06:39:28.6812561Z 
2021-01-05T06:39:28.6813112Z Thread 0x00000e54 (most recent call first):
2021-01-05T06:39:28.6813980Z   File "d:\a\ray\ray\python\ray\worker.py", line 310 in get_objects
2021-01-05T06:39:28.6814862Z   File "d:\a\ray\ray\python\ray\worker.py", line 1386 in get
2021-01-05T06:39:28.6815689Z   File "d:\a\ray\ray\python\ray\_private\client_mode_hook.py", line 47 in wrapper
2021-01-05T06:39:28.6817002Z   File "\\?\C:\Users\RUNNER~1\AppData\Local\Temp\Bazel.runfiles_mfcw6zmz\runfiles\com_github_ray_project_ray\python\ray\tests\test_basic.py", line 220 in test_many_fractional_resources
2021-01-05T06:39:28.6818494Z   File "C:\hostedtoolcache\windows\Python\3.7.9\x64\lib\site-packages\_pytest\python.py", line 182 in pytest_pyfunc_call
2021-01-05T06:39:28.6819797Z   File "C:\hostedtoolcache\windows\Python\3.7.9\x64\lib\site-packages\pluggy\callers.py", line 187 in _multicall
2021-01-05T06:39:28.6821324Z   File "C:\hostedtoolcache\windows\Python\3.7.9\x64\lib\site-packages\pluggy\manager.py", line 87 in &lt;lambda&gt;
2021-01-05T06:39:28.6822559Z   File "C:\hostedtoolcache\windows\Python\3.7.9\x64\lib\site-packages\pluggy\manager.py", line 93 in _hookexec
2021-01-05T06:39:28.6823898Z   File "C:\hostedtoolcache\windows\Python\3.7.9\x64\lib\site-packages\pluggy\hooks.py", line 286 in __call__
2021-01-05T06:39:28.6825201Z   File "C:\hostedtoolcache\windows\Python\3.7.9\x64\lib\site-packages\_pytest\python.py", line 1477 in runtest
2021-01-05T06:39:28.6826704Z   File "C:\hostedtoolcache\windows\Python\3.7.9\x64\lib\site-packages\_pytest\runner.py", line 135 in pytest_runtest_call
2021-01-05T06:39:28.6827968Z   File "C:\hostedtoolcache\windows\Python\3.7.9\x64\lib\site-packages\pluggy\callers.py", line 187 in _multicall
2021-01-05T06:39:28.6829376Z   File "C:\hostedtoolcache\windows\Python\3.7.9\x64\lib\site-packages\pluggy\manager.py", line 87 in &lt;lambda&gt;
2021-01-05T06:39:28.6830627Z   File "C:\hostedtoolcache\windows\Python\3.7.9\x64\lib\site-packages\pluggy\manager.py", line 93 in _hookexec
2021-01-05T06:39:28.6831814Z   File "C:\hostedtoolcache\windows\Python\3.7.9\x64\lib\site-packages\pluggy\hooks.py", line 286 in __call__
2021-01-05T06:39:28.6833365Z   File "C:\hostedtoolcache\windows\Python\3.7.9\x64\lib\site-packages\_pytest\runner.py", line 217 in &lt;lambda&gt;
2021-01-05T06:39:28.6834631Z   File "C:\hostedtoolcache\windows\Python\3.7.9\x64\lib\site-packages\_pytest\runner.py", line 244 in from_call
2021-01-05T06:39:28.6835962Z   File "C:\hostedtoolcache\windows\Python\3.7.9\x64\lib\site-packages\_pytest\runner.py", line 217 in call_runtest_hook
2021-01-05T06:39:28.6837660Z   File "C:\hostedtoolcache\windows\Python\3.7.9\x64\lib\site-packages\_pytest\runner.py", line 186 in call_and_report
2021-01-05T06:39:28.6839107Z   File "C:\hostedtoolcache\windows\Python\3.7.9\x64\lib\site-packages\_pytest\runner.py", line 100 in runtestprotocol
2021-01-05T06:39:28.6840710Z   File "C:\hostedtoolcache\windows\Python\3.7.9\x64\lib\site-packages\_pytest\runner.py", line 85 in pytest_runtest_protocol
2021-01-05T06:39:28.6841994Z   File "C:\hostedtoolcache\windows\Python\3.7.9\x64\lib\site-packages\pluggy\callers.py", line 187 in _multicall
2021-01-05T06:39:28.6843206Z   File "C:\hostedtoolcache\windows\Python\3.7.9\x64\lib\site-packages\pluggy\manager.py", line 87 in &lt;lambda&gt;
2021-01-05T06:39:28.6844428Z   File "C:\hostedtoolcache\windows\Python\3.7.9\x64\lib\site-packages\pluggy\manager.py", line 93 in _hookexec
2021-01-05T06:39:28.6845682Z   File "C:\hostedtoolcache\windows\Python\3.7.9\x64\lib\site-packages\pluggy\hooks.py", line 286 in __call__
2021-01-05T06:39:28.6846918Z   File "C:\hostedtoolcache\windows\Python\3.7.9\x64\lib\site-packages\_pytest\main.py", line 272 in pytest_runtestloop
2021-01-05T06:39:28.6848177Z   File "C:\hostedtoolcache\windows\Python\3.7.9\x64\lib\site-packages\pluggy\callers.py", line 187 in _multicall
2021-01-05T06:39:28.6849562Z   File "C:\hostedtoolcache\windows\Python\3.7.9\x64\lib\site-packages\pluggy\manager.py", line 87 in &lt;lambda&gt;
2021-01-05T06:39:28.6850885Z   File "C:\hostedtoolcache\windows\Python\3.7.9\x64\lib\site-packages\pluggy\manager.py", line 93 in _hookexec
2021-01-05T06:39:28.6852089Z   File "C:\hostedtoolcache\windows\Python\3.7.9\x64\lib\site-packages\pluggy\hooks.py", line 286 in __call__
2021-01-05T06:39:28.6853251Z   File "C:\hostedtoolcache\windows\Python\3.7.9\x64\lib\site-packages\_pytest\main.py", line 247 in _main
2021-01-05T06:39:28.6854369Z   File "C:\hostedtoolcache\windows\Python\3.7.9\x64\lib\site-packages\_pytest\main.py", line 191 in wrap_session
2021-01-05T06:39:28.6855601Z   File "C:\hostedtoolcache\windows\Python\3.7.9\x64\lib\site-packages\_pytest\main.py", line 240 in pytest_cmdline_main
2021-01-05T06:39:28.6856841Z   File "C:\hostedtoolcache\windows\Python\3.7.9\x64\lib\site-packages\pluggy\callers.py", line 187 in _multicall
2021-01-05T06:39:28.6858054Z   File "C:\hostedtoolcache\windows\Python\3.7.9\x64\lib\site-packages\pluggy\manager.py", line 87 in &lt;lambda&gt;
2021-01-05T06:39:28.6859331Z   File "C:\hostedtoolcache\windows\Python\3.7.9\x64\lib\site-packages\pluggy\manager.py", line 93 in _hookexec
2021-01-05T06:39:28.6860527Z   File "C:\hostedtoolcache\windows\Python\3.7.9\x64\lib\site-packages\pluggy\hooks.py", line 286 in __call__
2021-01-05T06:39:28.6862111Z   File "C:\hostedtoolcache\windows\Python\3.7.9\x64\lib\site-packages\_pytest\config\__init__.py", line 125 in main
2021-01-05T06:39:28.6863560Z   File "\\?\C:\Users\RUNNER~1\AppData\Local\Temp\Bazel.runfiles_mfcw6zmz\runfiles\com_github_ray_project_ray\python\ray\tests\test_basic.py", line 750 in &lt;module&gt;
&lt;/denchmark-code&gt;

&lt;denchmark-link:https://github.com/ray-project/ray/runs/1647962851&gt;https://github.com/ray-project/ray/runs/1647962851&lt;/denchmark-link&gt;

&lt;denchmark-h:h3&gt;Reproduction (REQUIRED)&lt;/denchmark-h&gt;

Please provide a short code snippet (less than 50 lines if possible) that can be copy-pasted to reproduce the issue. The snippet should have no external library dependencies (i.e., use fake or mock data / environments):
If the code snippet cannot be run by itself, the issue will be closed with "needs-repro-script".

 I have verified my script runs in a clean environment and reproduces the issue.
 I have verified the issue also occurs with the latest wheels.

	</description>
	<comments>
		<comment id='1' author='simon-mo' date='2021-01-15T18:10:44Z'>
		 is failing
&lt;denchmark-link:https://github.com/ray-project/ray/runs/1707177840?check_suite_focus=true&gt;https://github.com/ray-project/ray/runs/1707177840?check_suite_focus=true&lt;/denchmark-link&gt;

&lt;denchmark-code&gt;================================== FAILURES ===================================
_____________________________ test_fair_queueing ______________________________

shutdown_only = None

    def test_fair_queueing(shutdown_only):
        ray.init(num_cpus=1, _system_config={"fair_queueing_enabled": 1})
    
        @ray.remote
        def h():
            return 0
    
        @ray.remote
        def g():
            return ray.get(h.remote())
    
        @ray.remote
        def f():
            return ray.get(g.remote())
    
        # This will never finish without fair queueing of {f, g, h}:
        # https://github.com/ray-project/ray/issues/3644
        ready, _ = ray.wait(
            [f.remote() for _ in range(1000)], timeout=60.0, num_returns=1000)
&gt;       assert len(ready) == 1000, len(ready)
E       AssertionError: 152
E       assert 152 == 1000
E         +152
E         -1000
&lt;/denchmark-code&gt;

		</comment>
		<comment id='2' author='simon-mo' date='2021-01-18T19:27:52Z'>
		 (&lt;denchmark-link:https://github.com/ray-project/ray/pull/13495&gt;#13495&lt;/denchmark-link&gt;
) is disabled for now, and might need to be re-enabled again on Windows.
		</comment>
	</comments>
</bug>