<bug id='13491' author='amogkam' open_date='2021-01-15T17:36:23Z' closed_time='2021-01-18T19:57:46Z'>
	<summary>test_reference_counting_2 failing on Windows CI</summary>
	<description>
&lt;denchmark-link:https://github.com/ray-project/ray/runs/1708299328?check_suite_focus=true&gt;https://github.com/ray-project/ray/runs/1708299328?check_suite_focus=true&lt;/denchmark-link&gt;

&lt;denchmark-code&gt;==================== Test output for //python/ray/tests:test_reference_counting_2:
============================= test session starts =============================
platform win32 -- Python 3.7.9, pytest-5.4.3, py-1.10.0, pluggy-0.13.1 -- C:\hostedtoolcache\windows\Python\3.7.9\x64\python.exe
cachedir: .pytest_cache
rootdir: C:\Users\runneradmin\AppData\Local\Temp\Bazel.runfiles_gzs46_r3\runfiles\com_github_ray_project_ray
plugins: asyncio-0.14.0, rerunfailures-9.1.1, sugar-0.9.4, timeout-1.4.2
collecting ... collected 22 items

::test_recursively_nest_ids[False-False] PASSED                          [  4%]
::test_recursively_nest_ids[False-True] PASSED                           [  9%]
::test_recursively_nest_ids[True-False] PASSED                           [ 13%]
::test_recursively_nest_ids[True-True] PASSED                            [ 18%]
::test_return_object_ref[False-False] PASSED                             [ 22%]
::test_return_object_ref[False-True] FAILED                              [ 27%]
::test_return_object_ref[True-False] PASSED                              [ 31%]
::test_return_object_ref[True-True] PASSED                               [ 36%]
::test_pass_returned_object_ref[False-False] PASSED                      [ 40%]
::test_pass_returned_object_ref[False-True] PASSED                       [ 45%]
::test_pass_returned_object_ref[True-False] PASSED                       [ 50%]
::test_pass_returned_object_ref[True-True] PASSED                        [ 54%]
::test_recursively_pass_returned_object_ref[False-False] FAILED          [ 59%]
::test_recursively_pass_returned_object_ref[False-True] PASSED           [ 63%]
::test_recursively_pass_returned_object_ref[True-False] PASSED           [ 68%]
::test_recursively_pass_returned_object_ref[True-True] PASSED            [ 72%]
::test_recursively_return_borrowed_object_ref[False-False] FAILED        [ 77%]
::test_recursively_return_borrowed_object_ref[False-True] FAILED         [ 81%]
::test_recursively_return_borrowed_object_ref[True-False] PASSED         [ 86%]
::test_recursively_return_borrowed_object_ref[True-True] PASSED          [ 90%]
::test_borrowed_id_failure[False] PASSED                                 [ 95%]
::test_borrowed_id_failure[True] PASSED                                  [100%]
&lt;/denchmark-code&gt;

&lt;denchmark-h:h3&gt;What is the problem?&lt;/denchmark-h&gt;

Ray version and other system information (Python version, TensorFlow version, OS):
&lt;denchmark-h:h3&gt;Reproduction (REQUIRED)&lt;/denchmark-h&gt;

Please provide a short code snippet (less than 50 lines if possible) that can be copy-pasted to reproduce the issue. The snippet should have no external library dependencies (i.e., use fake or mock data / environments):
If the code snippet cannot be run by itself, the issue will be closed with "needs-repro-script".

 I have verified my script runs in a clean environment and reproduces the issue.
 I have verified the issue also occurs with the latest wheels.

	</description>
	<comments>
		<comment id='1' author='amogkam' date='2021-01-15T17:58:47Z'>
		This does not seem to be failing consistently- it's just a flakey test.
		</comment>
	</comments>
</bug>