<bug id='463' author='robertnishihara' open_date='2017-04-15T18:30:15Z' closed_time='2017-06-01T06:53:03Z'>
	<summary>Compilation error on Amazon Linux AMI.</summary>
	<description>
Compilation on the Amazon Linux AMI currently fails with errors of the form (this is probably the same on CentOS).
&lt;denchmark-code&gt;In file included from /home/ec2-user/ray/src/common/state/table.h:7:0,
                 from /home/ec2-user/ray/src/common/state/table.cc:1:
/home/ec2-user/ray/src/common/state/table.cc: In function ‘int64_t table_timeout_handler(event_loop*, int64_t, void*)’:
/home/ec2-user/ray/src/common/state/table.cc:90:49: error: expected ‘)’ before PRId64’
     LOG_WARN("Table command %s with timer ID %" PRId64 " failed",
                                                 ^
/home/ec2-user/ray/src/common/cmake/../common.h:75:37: note: in definition of macro ‘LOG_WARN’
   fprintf(stderr, "[WARN] (%s:%d) " M "\n", __FILE__, __LINE__, ##__VA_ARGS__)
                                     ^
&lt;/denchmark-code&gt;

Replacing the instances of PRId64 with %lld or something like that (or just removing them) makes compilation work, although that probably isn't exactly the right solution (because it will introduce compiler warnings at least on Ubuntu).
Note that to install the Ray dependencies, I did the following.
sudo yum update
sudo yum install -y git cmake autoconf curl libtool boost-devel boost-devel-static unzip
sudo yum install -y gcc gcc-c++ make openssl-devel

wget https://repo.continuum.io/archive/Anaconda3-4.3.1-Linux-x86_64.sh
bash Anaconda3-4.3.1-Linux-x86_64.sh
pip install numpy cloudpickle funcsigs colorama psutil redis flatbuffers
	</description>
	<comments>
		<comment id='1' author='robertnishihara' date='2017-04-19T01:47:17Z'>
		this should fix it:
&lt;denchmark-code&gt;diff --git a/src/common/common.h b/src/common/common.h
index cd75148..dc15a42 100644
--- a/src/common/common.h
+++ b/src/common/common.h
@@ -6,6 +6,9 @@
 #include &lt;stdlib.h&gt;
 #include &lt;string.h&gt;
 #include &lt;errno.h&gt;
+#ifndef __STDC_FORMAT_MACROS
+#define __STDC_FORMAT_MACROS
+#endif
 #include &lt;inttypes.h&gt;
 #ifndef _WIN32
 #include &lt;execinfo.h&gt;
diff --git a/src/plasma/plasma.h b/src/plasma/plasma.h
index 5329789..7310ef0 100644
--- a/src/plasma/plasma.h
+++ b/src/plasma/plasma.h
@@ -1,7 +1,6 @@
 #ifndef PLASMA_H
 #define PLASMA_H
 
-#include &lt;inttypes.h&gt;
 #include &lt;stdlib.h&gt;
 #include &lt;stdio.h&gt;
 #include &lt;errno.h&gt;
@@ -11,6 +10,7 @@
 #include &lt;unistd.h&gt; /* pid_t */
 
 #include "common.h"
+#include &lt;inttypes.h&gt;
 #include "format/common_generated.h"
 
 #include "utarray.h"
&lt;/denchmark-code&gt;

		</comment>
		<comment id='2' author='robertnishihara' date='2017-04-19T01:49:07Z'>
		p.s. inttypes.h needs to be preceded by #defining these STDC macros. That's why it's moved in plasma.h. An alternative is to #include common.h higher up or just #define the macros again.
		</comment>
		<comment id='3' author='robertnishihara' date='2017-04-19T01:52:53Z'>
		there's a commit for this fix here : &lt;denchmark-link:https://github.com/ray-project/ray/commit/e4933aafb52a66ce04e473d757dd4b824f188745&gt;e4933aa&lt;/denchmark-link&gt;

		</comment>
		<comment id='4' author='robertnishihara' date='2017-04-20T02:52:29Z'>
		This should be addressed by &lt;denchmark-link:https://github.com/ray-project/ray/pull/472&gt;#472&lt;/denchmark-link&gt;
.
		</comment>
		<comment id='5' author='robertnishihara' date='2017-06-01T03:13:16Z'>
		Reopening because &lt;denchmark-link:https://github.com/ray-project/ray/pull/579&gt;#579&lt;/denchmark-link&gt;
 seems to have broken compilation on CentOS. I wonder if we should really be testing this in Travis. Otherwise, it's unclear how we'll avoid more occurrences of this problem in the future.
Compilation on CentOS gives the following error.
&lt;denchmark-code&gt;/ray/src/plasma/plasma_store.cc: In function ‘int main(int, char**)’:
/ray/src/plasma/plasma_store.cc:638:40: error: expected ‘)’ before ‘SCNd64’
       int scanned = sscanf(optarg, "%" SCNd64 "%c", &amp;system_memory, &amp;extra);
                                        ^
&lt;/denchmark-code&gt;

		</comment>
		<comment id='6' author='robertnishihara' date='2017-06-01T06:53:03Z'>
		Closing because this is fixed by &lt;denchmark-link:https://github.com/ray-project/ray/pull/622&gt;#622&lt;/denchmark-link&gt;
, but we really should test CentOS in Travis as described in &lt;denchmark-link:https://github.com/ray-project/ray/issues/625&gt;#625&lt;/denchmark-link&gt;
.
		</comment>
	</comments>
</bug>