<bug id='7011' author='KaleabTessera' open_date='2020-02-02T17:11:34Z' closed_time='2020-03-13T17:16:19Z'>
	<summary>[tune] Hyperband Scheduler Not working</summary>
	<description>
&lt;denchmark-h:h3&gt;What is the problem?&lt;/denchmark-h&gt;

Hyperband scheduler doesn't work. Some experiments succeed but about 50% fail.
I tried Ray version 0.7.2 and 0.9.0.dev0 running python 3.7 on Ubuntu 18.04.
The  def update_trial_stats(self, trial, result) function fails and here is the error:
&lt;denchmark-code&gt;Failure # 1 (occurred at 2020-02-02_14-45-58)
Traceback (most recent call last):
  File "/home/kaleab/anaconda3/envs/research/lib/python3.7/site-packages/ray/tune/trial_runner.py", line 461, in _process_trial
    self, trial, flat_result)
  File "/home/kaleab/anaconda3/envs/research/lib/python3.7/site-packages/ray/tune/schedulers/hyperband.py", line 172, in on_trial_result
    bracket.update_trial_stats(trial, result)
  File "/home/kaleab/anaconda3/envs/research/lib/python3.7/site-packages/ray/tune/schedulers/hyperband.py", line 382, in update_trial_stats
    assert delta &gt;= 0
AssertionError
&lt;/denchmark-code&gt;

I have run  validate_save_restore(trainable_class, config=validate_save_config) and
validate_save_restore(trainable_class, config=validate_save_config, use_object_store=True) and they both succeed.
&lt;denchmark-h:h3&gt;Reproduction&lt;/denchmark-h&gt;

Run hyperband on CIFAR 10, with the following config:
&lt;denchmark-code&gt;sched = HyperBandScheduler(
               time_attr="training_iteration",
               metric="accuracy",
               mode="max",
               max_t=ray_config['epochs'])
&lt;/denchmark-code&gt;

Trainable class similiar to &lt;denchmark-link:https://github.com/ray-project/ray/blob/master/python/ray/tune/examples/mnist_pytorch_trainable.py&gt;https://github.com/ray-project/ray/blob/master/python/ray/tune/examples/mnist_pytorch_trainable.py&lt;/denchmark-link&gt;
, with the exact same save and restore methods.
	</description>
	<comments>
		<comment id='1' author='KaleabTessera' date='2020-02-17T21:33:10Z'>
		I am getting the same result on OSX. It appears as if the _restore method is not being called.
		</comment>
		<comment id='2' author='KaleabTessera' date='2020-02-24T02:48:33Z'>
		Same result on ray 0.8.1, python 3.7, and ubuntu 18.04
		</comment>
		<comment id='3' author='KaleabTessera' date='2020-03-10T06:05:49Z'>
		Same here on macOS, python 3.7 and ray 0.8.2
		</comment>
		<comment id='4' author='KaleabTessera' date='2020-03-10T06:57:29Z'>
		BOHB is not working either due to the same reason.
		</comment>
		<comment id='5' author='KaleabTessera' date='2020-03-10T08:29:26Z'>
		&lt;denchmark-link:https://github.com/semin-park&gt;@semin-park&lt;/denchmark-link&gt;
 currently investigating this!
		</comment>
		<comment id='6' author='KaleabTessera' date='2020-03-13T17:16:18Z'>
		This should be addressed in &lt;denchmark-link:https://github.com/ray-project/ray/pull/7563&gt;#7563&lt;/denchmark-link&gt;
 . You can download the wheels of the latest master snapshot on here: &lt;denchmark-link:https://ray.readthedocs.io/en/latest/installation.html&gt;https://ray.readthedocs.io/en/latest/installation.html&lt;/denchmark-link&gt;

Please reopen this if you run into any issues!
		</comment>
	</comments>
</bug>