<bug id='7920' author='yosagi' open_date='2020-04-07T14:47:28Z' closed_time='2020-04-29T15:00:36Z'>
	<summary>[rllib] Python 3.5 compaltibility</summary>
	<description>
&lt;denchmark-h:h3&gt;What is the problem?&lt;/denchmark-h&gt;

In the fresh install of deep learning VM on GCE, rllib could not start training PPO with CartPole-v0.
There are some f-strings in the code and such code do not run on python 3.5.
Tested environment:

Debian9 on Google Compute Engine with Deep learning VM (Tensorflow 1.15.2)
Python 3.5.3
tensorflow-gpu 1.15.2  (Installed with Deep learning VM)
some python modules


pip3 install dm-tree tabulate lz4 tensorboardX torch torchvision gym


Ray 0.8.4


pip3 install ray


and Ray 0.9.0.dev0 (installed from snapshot wheel)


pip3 install -U https://s3-us-west-2.amazonaws.com/ray-wheels/latest/ray-0.9.0.dev0-cp35-cp35m-manylinux1_x86_64.whl

&lt;denchmark-h:h3&gt;Reproduction (REQUIRED)&lt;/denchmark-h&gt;

From the command line on the document "rllib in 60 seconds"

rllib train --run=PPO --env=CartPole-v0

Results
&lt;denchmark-code&gt;Traceback (most recent call last):
  File "/home/yos/bin/rllib", line 5, in &lt;module&gt;
    from ray.rllib.scripts import cli
  File "/home/yos/.local/lib/python3.5/site-packages/ray/rllib/__init__.py", line 60, in &lt;module&gt;
    _register_all()
  File "/home/yos/.local/lib/python3.5/site-packages/ray/rllib/__init__.py", line 37, in _register_all
    register_trainable(key, get_agent_class(key))
  File "/home/yos/.local/lib/python3.5/site-packages/ray/rllib/agents/registry.py", line 130, in get_agent_class
    return _get_agent_class(alg)
  File "/home/yos/.local/lib/python3.5/site-packages/ray/rllib/agents/registry.py", line 140, in _get_agent_class
    return CONTRIBUTED_ALGORITHMS[alg]()
  File "/home/yos/.local/lib/python3.5/site-packages/ray/rllib/contrib/registry.py", line 26, in _import_bandit_linucb
    from ray.rllib.contrib.bandits.agents.lin_ucb import LinUCBTrainer
  File "/home/yos/.local/lib/python3.5/site-packages/ray/rllib/contrib/bandits/agents/__init__.py", line 1, in &lt;module&gt;
    from ray.rllib.contrib.bandits.agents.lin_ts import LinTSTrainer
  File "/home/yos/.local/lib/python3.5/site-packages/ray/rllib/contrib/bandits/agents/lin_ts.py", line 5, in &lt;module&gt;
    from ray.rllib.contrib.bandits.agents.policy import BanditPolicy
  File "/home/yos/.local/lib/python3.5/site-packages/ray/rllib/contrib/bandits/agents/policy.py", line 6, in &lt;module&gt;
    from ray.rllib.contrib.bandits.models.linear_regression import \
  File "/home/yos/.local/lib/python3.5/site-packages/ray/rllib/contrib/bandits/models/linear_regression.py", line 87
    1] == self.d, f"Feature dimensions of weights ({self.d}) and " \
                                                                 ^
SyntaxError: invalid syntax
&lt;/denchmark-code&gt;

I've searched f-string in the source tree and patched like this commit(&lt;denchmark-link:https://github.com/ray-project/ray/commit/73ecb585b9f43a021e74f802ae83c9ed9889b4bf&gt;73ecb58&lt;/denchmark-link&gt;
), and syntax error is gone.
However, even with this patch, training of CartPole-v0 could not be started because of another error:
&lt;denchmark-code&gt;2020-04-07 14:13:30,625	ERROR trial_runner.py:521 -- Trial PPO_CartPole-v0_00000: Error processing event.
Traceback (most recent call last):
  File "/home/yos/.local/lib/python3.5/site-packages/ray/tune/trial_runner.py", line 467, in _process_trial
    result = self.trial_executor.fetch_result(trial)
  File "/home/yos/.local/lib/python3.5/site-packages/ray/tune/ray_trial_executor.py", line 381, in fetch_result
    result = ray.get(trial_future[0], DEFAULT_GET_TIMEOUT)
  File "/home/yos/.local/lib/python3.5/site-packages/ray/worker.py", line 1486, in get
    raise value.as_instanceof_cause()
ray.exceptions.RayTaskError(NameError): ray::PPO.__init__() (pid=1684, ip=10.140.0.3)
  File "/home/yos/.local/lib/python3.5/site-packages/ray/rllib/utils/from_config.py", line 157, in from_config
    constructor = getattr(module, type_)
AttributeError: module 'ray.rllib.utils.exploration.exploration' has no attribute 'StochasticSampling'
&lt;/denchmark-code&gt;

I have no idea with this error. Any help please?

[V ] I have verified my script runs in a clean environment and reproduces the issue.
[V ] I have verified the issue also occurs with the [latest wheels]

	</description>
	<comments>
		<comment id='1' author='yosagi' date='2020-04-29T15:00:36Z'>
		&lt;denchmark-link:https://github.com/yosagi&gt;@yosagi&lt;/denchmark-link&gt;
 Thanks for filing this issue!
Please use this PR for a fix: &lt;denchmark-link:https://github.com/ray-project/ray/pull/8231&gt;#8231&lt;/denchmark-link&gt;

Will be merged today or tomorrow. Closing this issue.
		</comment>
	</comments>
</bug>