<bug id='9948' author='allenyin55' open_date='2020-08-06T05:37:08Z' closed_time='2020-08-06T21:44:40Z'>
	<summary>[autoscaler]Error when using the new logger</summary>
	<description>
&lt;denchmark-h:h3&gt;What is the problem?&lt;/denchmark-h&gt;

This cluster.yaml used to work
cluster_name: test_cluster
max_workers: 0
min_workers: 0
provider:
    type: aws
    region: us-west-2
    availability_zone: us-west-2a
setup_commands:
  - 'echo ''{"cli_token": "some-token"}'' &gt; /tmp/test'
  - 'pip install ray[all] || true'
auth:
    ssh_user: ubuntu
With the new CLI logger in autoscaler, I'm getting this error when running ray up cluster.yaml
&lt;denchmark-code&gt;Error executing: unmatched '{' in format spec

Exception in thread Thread-2:
Traceback (most recent call last):
  File "/Users/allenyin/anaconda3/lib/python3.7/site-packages/ray/autoscaler/updater.py", line 74, in run
    self.do_update()
  File "/Users/allenyin/anaconda3/lib/python3.7/site-packages/ray/autoscaler/updater.py", line 285, in do_update
    cmd_to_print, _numbered=("()", i, total))
  File "/Users/allenyin/anaconda3/lib/python3.7/site-packages/ray/autoscaler/cli_logger.py", line 323, in print
    self._print(_format_msg(msg, *args, **kwargs))
  File "/Users/allenyin/anaconda3/lib/python3.7/site-packages/ray/autoscaler/cli_logger.py", line 96, in _format_msg
    return numbering_str + msg.format(*args, **kwargs) + tags_str
ValueError: unmatched '{' in format spec

During handling of the above exception, another exception occurred:

Traceback (most recent call last):
  File "/Users/allenyin/anaconda3/lib/python3.7/threading.py", line 926, in _bootstrap_inner
    self.run()
  File "/Users/allenyin/anaconda3/lib/python3.7/site-packages/ray/autoscaler/updater.py", line 95, in run
    cli_logger.error(str(e))  # todo: handle this better somehow?
  File "/Users/allenyin/anaconda3/lib/python3.7/site-packages/ray/autoscaler/cli_logger.py", line 316, in error
    self._print(_format_msg(cf.red(msg), *args, **kwargs))
  File "/Users/allenyin/anaconda3/lib/python3.7/site-packages/ray/autoscaler/cli_logger.py", line 96, in _format_msg
    return numbering_str + msg.format(*args, **kwargs) + tags_str
ValueError: expected '}' before end of string
&lt;/denchmark-code&gt;

*Ray version and other system information (Python version, TensorFlow version, OS): ray from this commit &lt;denchmark-link:https://github.com/ray-project/ray/commit/dba999b6f61cb30237d821aa86691a15ff10e15b&gt;dba999b&lt;/denchmark-link&gt;
, python 3.7.4, macos 10.15.5
&lt;denchmark-h:h3&gt;Reproduction (REQUIRED)&lt;/denchmark-h&gt;

Please provide a script that can be run to reproduce the issue. The script should have no external library dependencies (i.e., use fake or mock data / environments):
If we cannot run your script, we cannot fix your issue.

 I have verified my script runs in a clean environment and reproduces the issue.
 I have verified the issue also occurs with the latest wheels.

	</description>
	<comments>
		<comment id='1' author='allenyin55' date='2020-08-06T05:37:24Z'>
		cc: &lt;denchmark-link:https://github.com/richardliaw&gt;@richardliaw&lt;/denchmark-link&gt;

		</comment>
	</comments>
</bug>