<bug_data>
<bug id='10901' author='marcoabreu' open_date='2018-05-11T08:51:09Z' closed_time='2018-05-16T17:29:13Z'>
 	<summary>Broken test_sparse_operator.test_sparse_mathematical_core with scipy 1.1.0</summary>
 	<description>
 Check out the latest master, build it with ci/build.py --platform ubuntu_cpu /work/runtime_functions.sh build_ubuntu_cpu_openblas.
 Run with ci/build.py --platform ubuntu_cpu /work/runtime_functions.sh unittest_ubuntu_python2_cpu.
 Happens on all configurations, no matter whether CPU or GPU etc.
 &lt;denchmark-code&gt;build.py: 2018-05-11 08:49:35,496 Executing: docker run --rm -t --shm-size=500m -v /home/ubuntu/mxnet-apache:/work/mxnet -v /home/ubuntu/mxnet-apache/build:/work/build -u 0:0 mxnet/build.ubuntu_cpu /work/runtime_functions.sh unittest_ubuntu_python2_cpu
 + set +x
 + export PYTHONPATH=./python/
 + PYTHONPATH=./python/
 + export MXNET_STORAGE_FALLBACK_LOG_VERBOSE=0
 + MXNET_STORAGE_FALLBACK_LOG_VERBOSE=0
 + nosetests-2.7 --verbose tests/python/unittest/test_sparse_operator.py:test_sparse_mathematical_core
 [INFO] Setting module np/mx/python random seeds, use MXNET_MODULE_SEED=1188828163 to reproduce.
 test_sparse_operator.test_sparse_mathematical_core ... [INFO] Setting test np/mx/python random seeds, use MXNET_TEST_SEED=1220244381 to reproduce.
 FAIL
 
 ======================================================================
 FAIL: test_sparse_operator.test_sparse_mathematical_core
 ----------------------------------------------------------------------
 Traceback (most recent call last):
   File "/usr/local/lib/python2.7/dist-packages/nose/case.py", line 197, in runTest
     self.test(*self.arg)
   File "/work/mxnet/tests/python/unittest/common.py", line 157, in test_new
     orig_test(*args, **kwargs)
   File "/work/mxnet/tests/python/unittest/test_sparse_operator.py", line 1084, in test_sparse_mathematical_core
     density=density, ograd_density=ograd_density)
   File "/work/mxnet/tests/python/unittest/test_sparse_operator.py", line 1056, in check_mathematical_core
     density=density, ograd_density=ograd_density)
   File "/work/mxnet/tests/python/unittest/test_sparse_operator.py", line 698, in check_sparse_mathematical_core
     assert_almost_equal(arr_grad, input_grad, equal_nan=True)
   File "/work/mxnet/python/mxnet/test_utils.py", line 493, in assert_almost_equal
     raise AssertionError(msg)
 AssertionError:
 Items are not equal:
 Error nan exceeds tolerance rtol=0.000010, atol=0.000000.  Location of maximum error:(0, 0), a=inf, b=-inf
  a: array([[inf, inf, inf, inf, inf],
        [inf, inf, inf, inf, inf],
        [inf, inf, inf, inf, inf],...
  b: array([[-inf, -inf, -inf, -inf, -inf],
        [-inf, -inf, -inf, -inf, -inf],
        [-inf, -inf, -inf, -inf, -inf],...
 -------------------- &gt;&gt; begin captured stdout &lt;&lt; ---------------------
 ('pass', 0)
 0.0, 0.0, False
 
 --------------------- &gt;&gt; end captured stdout &lt;&lt; ----------------------
 -------------------- &gt;&gt; begin captured logging &lt;&lt; --------------------
 common: INFO: Setting module np/mx/python random seeds, use MXNET_MODULE_SEED=1188828163 to reproduce.
 common: INFO: Setting test np/mx/python random seeds, use MXNET_TEST_SEED=1220244381 to reproduce.
 --------------------- &gt;&gt; end captured logging &lt;&lt; ---------------------
 
 ----------------------------------------------------------------------
 Ran 1 test in 0.031s
 
 FAILED (failures=1)
 &lt;/denchmark-code&gt;
 
 	</description>
 	<comments>
 		<comment id='1' author='marcoabreu' date='2018-05-11T08:57:16Z'>
 		This seems to be related to the scipy version. This test breaks with scipy 1.1.0, but works with 1.0.1.
 		</comment>
 		<comment id='2' author='marcoabreu' date='2018-05-11T08:58:18Z'>
 		&lt;denchmark-code&gt;+ set +x
 + export PYTHONPATH=./python/
 + PYTHONPATH=./python/
 + export MXNET_STORAGE_FALLBACK_LOG_VERBOSE=0
 + MXNET_STORAGE_FALLBACK_LOG_VERBOSE=0
 + pip2 install scipy==1.0.1
 Collecting scipy==1.0.1
   Downloading https://files.pythonhosted.org/packages/9c/0b/5deb712a9ea5bb0a1de837d04ef7625c5f3ee44efe7ed0765ceda681d7f1/scipy-1.0.1-cp27-cp27mu-manylinux1_x86_64.whl (46.7MB)
     100% |################################| 46.7MB 974kB/s
 Requirement already satisfied: numpy&gt;=1.8.2 in /usr/local/lib/python2.7/dist-packages (from scipy==1.0.1) (1.14.3)
 matplotlib 2.2.2 has requirement python-dateutil&gt;=2.1, but you'll have python-dateutil 1.5 which is incompatible.
 Installing collected packages: scipy
   Found existing installation: scipy 1.1.0
     Uninstalling scipy-1.1.0:
       Successfully uninstalled scipy-1.1.0
 Successfully installed scipy-1.0.1
 + pip3 install scipy==1.0.1
 Collecting scipy==1.0.1
   Cache entry deserialization failed, entry ignored
   Downloading https://files.pythonhosted.org/packages/51/3d/494e1a81121c12233cb2f511e31b0dae3944008c81bbfa0218ec2d0038a8/scipy-1.0.1-cp35-cp35m-manylinux1_x86_64.whl (49.6MB)
     100% |################################| 49.7MB 1.4MB/s
 Requirement already satisfied: numpy&gt;=1.8.2 in /usr/local/lib/python3.5/dist-packages (from scipy==1.0.1) (1.14.3)
 Installing collected packages: scipy
   Found existing installation: scipy 1.1.0
     Uninstalling scipy-1.1.0:
       Successfully uninstalled scipy-1.1.0
 Successfully installed scipy-1.0.1
 + nosetests-2.7 --verbose tests/python/unittest/test_sparse_operator.py:test_sparse_mathematical_core
 [INFO] Setting module np/mx/python random seeds, use MXNET_MODULE_SEED=1319374570 to reproduce.
 test_sparse_operator.test_sparse_mathematical_core ... ok
 
 ----------------------------------------------------------------------
 Ran 1 test in 5.101s
 
 OK
 &lt;/denchmark-code&gt;
 
 		</comment>
 		<comment id='3' author='marcoabreu' date='2018-05-11T10:44:38Z'>
 		Do we know the cause of this bug? &lt;denchmark-link:https://github.com/eric-haibin-lin&gt;@eric-haibin-lin&lt;/denchmark-link&gt;
 
 		</comment>
 		<comment id='4' author='marcoabreu' date='2018-05-11T16:29:12Z'>
 		We saw that in our internal testing and  &lt;denchmark-link:https://github.com/DickJC123&gt;@DickJC123&lt;/denchmark-link&gt;
  made some investigation yesterday. &lt;denchmark-link:https://github.com/DickJC123&gt;@DickJC123&lt;/denchmark-link&gt;
  - could you share your findings?
 		</comment>
 		<comment id='5' author='marcoabreu' date='2018-05-11T16:40:38Z'>
 		&lt;denchmark-link:https://github.com/apache/incubator-mxnet/issues/10896&gt;#10896&lt;/denchmark-link&gt;
 
 		</comment>
 		<comment id='6' author='marcoabreu' date='2018-05-11T16:42:59Z'>
 		I also filed an issue with scipy: &lt;denchmark-link:https://github.com/scipy/scipy/issues/8819&gt;scipy/scipy#8819&lt;/denchmark-link&gt;
 
 		</comment>
 		<comment id='7' author='marcoabreu' date='2018-05-16T17:29:13Z'>
 		Fixed by &lt;denchmark-link:https://github.com/apache/incubator-mxnet/pull/10961&gt;#10961&lt;/denchmark-link&gt;
 
 		</comment>
 	</comments>
 </bug>
<commit id='645b4c5265726efec86c07f03fd4d3f2afef1449' author='Marco de Abreu' date='2018-05-11 10:31:04-07:00'>
 	<dmm_unit complexity='None' interfacing='None' size='None'></dmm_unit>
 	<modification change_type='MODIFY' old_name='ci\docker\install\centos7_python.sh' new_name='ci\docker\install\centos7_python.sh'>
 		<file_info nloc='None' complexity='None' token_count='None'></file_info>
 		<modified_lines>
 			<added_lines>34,35</added_lines>
 			<deleted_lines>34,35</deleted_lines>
 		</modified_lines>
 	</modification>
 	<modification change_type='MODIFY' old_name='ci\docker\install\ubuntu_python.sh' new_name='ci\docker\install\ubuntu_python.sh'>
 		<file_info nloc='None' complexity='None' token_count='None'></file_info>
 		<modified_lines>
 			<added_lines>32,33</added_lines>
 			<deleted_lines>32,33</deleted_lines>
 		</modified_lines>
 	</modification>
 </commit>
</bug_data>
