<bug id='15009' author='chuanqi129' open_date='2018-12-24T02:39:26Z' closed_time='2019-07-05T13:22:49Z'>
	<summary>Build Debug version error</summary>
	<description>
When we build Paddle using the cmake command below with Dubug version, the following error occurs in the build process, please have a look on it.
cmake command:
cmake .. -DWITH_DOC=OFF -DWITH_GPU=OFF -DWITH_DISTRIBUTE=OFF -DWITH_MKLDNN=ON -DWITH_GOLANG=OFF -DWITH_SWIG_PY=ON -DWITH_TESTING=ON -DCMAKE_BUILD_TYPE=Debug -DWITH_TIMER=OFF -DWITH_PROFILER=OFF -DWITH_FLUID_ONLY=ON -DCMAKE_EXPORT_COMPILE_COMMANDS=ON -DWITH_INFERENCE_API_TEST=ON
error infomation:

[ 16%] Linking CXX executable data_layout_transform_test
libdata_layout_transform.a(data_layout_transform.cc.o): In function paddle::framework::ToMKLDNNDataType(paddle::framework::proto::VarType_Type)': /home/chuanqiw/paddle/baidu_paddle/paddle/fluid/framework/data_layout_transform.h:59: undefined reference to paddle::framework::DataTypeTrait::DataType'
libdata_layout_transform.a(data_layout_transform.cc.o): In function paddle::framework::ToMKLDNNDataType(paddle::framework::proto::VarType_Type)': data_layout_transform.cc:(.text._ZN6paddle9framework16ToMKLDNNDataTypeENS0_5proto12VarType_TypeE[_ZN6paddle9framework16ToMKLDNNDataTypeENS0_5proto12VarType_TypeE]+0x8f): undefined reference to paddle::framework::DataTypeTrait::DataType'
data_layout_transform.cc:(.text._ZN6paddle9framework16ToMKLDNNDataTypeENS0_5proto12VarType_TypeE[_ZN6paddle9framework16ToMKLDNNDataTypeENS0_5proto12VarType_TypeE]+0xb7): undefined reference to paddle::framework::DataTypeTrait&lt;unsigned char&gt;::DataType' data_layout_transform.cc:(.text._ZN6paddle9framework16ToMKLDNNDataTypeENS0_5proto12VarType_TypeE[_ZN6paddle9framework16ToMKLDNNDataTypeENS0_5proto12VarType_TypeE]+0xdf): undefined reference to paddle::framework::DataTypeTrait::DataType'
data_layout_transform.cc:(.text._ZN6paddle9framework16ToMKLDNNDataTypeENS0_5proto12VarType_TypeE[_ZN6paddle9framework16ToMKLDNNDataTypeENS0_5proto12VarType_TypeE]+0x107): undefined reference to `paddle::framework::DataTypeTrait::DataType'
collect2: error: ld returned 1 exit status
make[2]: *** [paddle/fluid/framework/data_layout_transform_test] Error 1
make[1]: *** [paddle/fluid/framework/CMakeFiles/data_layout_transform_test.dir/all] Error 2
make[1]: *** Waiting for unfinished jobs....

Other information:

gcc (GCC) 4.8.5 20150623 (Red Hat 4.8.5-28)
CentOS Linux release 7.4.1708 (Core)

	</description>
	<comments>
		<comment id='1' author='chuanqi129' date='2018-12-24T10:19:25Z'>
		Please use Release version at first, -DCMAKE_BUILD_TYPE=Release. We will fix the Debug version in the future.
		</comment>
		<comment id='2' author='chuanqi129' date='2019-02-28T10:28:06Z'>
		The issue is still exist on 1616c32acfeec71ba3900653f394f5b850d45649 version.
If let -DWITH_MKLDNN=OFF, it can be built successful with Debug version.
Please double check.
		</comment>
		<comment id='3' author='chuanqi129' date='2019-02-28T10:44:25Z'>
		&lt;denchmark-link:https://github.com/jianhang-liu&gt;@jianhang-liu&lt;/denchmark-link&gt;
 &lt;denchmark-link:https://github.com/kbinias&gt;@kbinias&lt;/denchmark-link&gt;
 Could you help fix this compile error?
		</comment>
		<comment id='4' author='chuanqi129' date='2019-07-05T13:22:49Z'>
		Building debug version works fine now.
		</comment>
	</comments>
</bug>