{"BR": {"BR_id": "180", "BR_author": "hejia-zhang", "BRopenT": "2018-07-11T21:02:52Z", "BRcloseT": "2019-05-22T00:07:45Z", "BR_text": {"BRsummary": "tests.test_stateful_pool failed", "BRdescription": "\n <denchmark-code>$ nose2 tests.test_stateful_pool\n </denchmark-code>\n \n Mostly the test can pass, but I found it failed once.\n <denchmark-code>FWarning: terminating existing pool\n .\n ======================================================================\n FAIL: tests.test_stateful_pool.transplant_class.<locals>.C (test_stateful_pool)\n ----------------------------------------------------------------------\n Traceback (most recent call last):\n   File \"/home/hejia/Projects/garage/tests/test_stateful_pool.py\", line 10, in test_stateful_pool\n     assert tuple(results) == ('a', 'a', 'a')\n AssertionError\n \n ----------------------------------------------------------------------\n Ran 2 tests in 2.460s\n \n FAILED (failures=1)\n </denchmark-code>\n \n \t"}, "comments": {"comments_0": {"comment_id": 1, "comment_author": "hejia-zhang", "commentT": "2018-07-12T21:26:04Z", "comment_text": "\n \t\tI ran it 5 times and it passed 5 times. Can someone else confirm if they get the bug as well?\n <denchmark-code>(garage) garage (unit_testing) $ nose2 tests.test_stateful_pool\n /anaconda2/envs/garage/lib/python3.5/importlib/_bootstrap.py:222: RuntimeWarning: compiletime version 3.6 of module 'tensorflow.python.framework.fast_tensor_util' does not match runtime version 3.5\n   return f(*args, **kwds)\n .Warning: terminating existing pool\n .\n ----------------------------------------------------------------------\n Ran 2 tests in 2.551s\n \n OK\n (garage) garage (unit_testing) $ nose2 tests.test_stateful_pool\n /anaconda2/envs/garage/lib/python3.5/importlib/_bootstrap.py:222: RuntimeWarning: compiletime version 3.6 of module 'tensorflow.python.framework.fast_tensor_util' does not match runtime version 3.5\n   return f(*args, **kwds)\n .Warning: terminating existing pool\n .\n ----------------------------------------------------------------------\n Ran 2 tests in 2.526s\n \n OK\n ^[[A(garage) garage (unit_testing) $ nose2 tests.test_stateful_pool\n /anaconda2/envs/garage/lib/python3.5/importlib/_bootstrap.py:222: RuntimeWarning: compiletime version 3.6 of module 'tensorflow.python.framework.fast_tensor_util' does not match runtime version 3.5\n   return f(*args, **kwds)\n .Warning: terminating existing pool\n .\n ----------------------------------------------------------------------\n Ran 2 tests in 2.519s\n \n OK\n (garage) garage (unit_testing) $ nose2 tests.test_stateful_pool\n /anaconda2/envs/garage/lib/python3.5/importlib/_bootstrap.py:222: RuntimeWarning: compiletime version 3.6 of module 'tensorflow.python.framework.fast_tensor_util' does not match runtime version 3.5\n   return f(*args, **kwds)\n .Warning: terminating existing pool\n .\n ----------------------------------------------------------------------\n Ran 2 tests in 2.647s\n \n OK\n (garage) garage (unit_testing) $ nose2 tests.test_stateful_pool\n /anaconda2/envs/garage/lib/python3.5/importlib/_bootstrap.py:222: RuntimeWarning: compiletime version 3.6 of module 'tensorflow.python.framework.fast_tensor_util' does not match runtime version 3.5\n   return f(*args, **kwds)\n .Warning: terminating existing pool\n .\n ----------------------------------------------------------------------\n Ran 2 tests in 2.543s\n \n OK\n (garage) garage (unit_testing) $ nose2 tests.test_stateful_pool\n /anaconda2/envs/garage/lib/python3.5/importlib/_bootstrap.py:222: RuntimeWarning: compiletime version 3.6 of module 'tensorflow.python.framework.fast_tensor_util' does not match runtime version 3.5\n   return f(*args, **kwds)\n .Warning: terminating existing pool\n .\n ----------------------------------------------------------------------\n Ran 2 tests in 2.518s\n \n OK\n </denchmark-code>\n \n \t\t"}, "comments_1": {"comment_id": 2, "comment_author": "hejia-zhang", "commentT": "2018-07-12T21:31:00Z", "comment_text": "\n \t\tworksforme\n \t\t"}, "comments_2": {"comment_id": 3, "comment_author": "hejia-zhang", "commentT": "2019-05-15T02:59:55Z", "comment_text": "\n \t\tAnson is experiencing this issue. See <denchmark-link:https://travis-ci.com/rlworkgroup/garage/builds/111836103>https://travis-ci.com/rlworkgroup/garage/builds/111836103</denchmark-link>\n .\n \t\t"}, "comments_3": {"comment_id": 4, "comment_author": "hejia-zhang", "commentT": "2019-05-15T04:47:25Z", "comment_text": "\n \t\tI sometimes experienced the issue as well\n \t\t"}, "comments_4": {"comment_id": 5, "comment_author": "hejia-zhang", "commentT": "2019-05-15T21:57:01Z", "comment_text": "\n \t\t<denchmark-link:https://github.com/naeioi>@naeioi</denchmark-link>\n  <denchmark-link:https://github.com/zequnyu>@zequnyu</denchmark-link>\n  realistically, you guys own stateful_pool at this point. do you have ideas about why it's failing?\n \t\t"}}}, "commit": {"commit_id": "4ea327e3f2c4cdf5ff0c9d3aeb24fded01d6e2a6", "commit_author": "Anthony Yu", "commitT": "2019-05-16 20:03:11-07:00", "commit_complexity": {"commit_NLOC": "None", "commit_CCN": "None", "commit_Nprams": "None"}, "changed_files": {"file_0": {"file_change_type": "MODIFY", "file_Nmethod": 1, "file_old_name": "tests\\garage\\sampler\\test_stateful_pool.py", "file_new_name": "tests\\garage\\sampler\\test_stateful_pool.py", "file_complexity": {"file_NLOC": "16", "file_CCN": "5", "file_NToken": "123"}, "hunks": {"hunk_0": {"Ismethod": 1, "added_lines": "11,14", "deleted_lines": "11,14", "method_info": {"method_name": "test_stateful_pool", "method_params": "self", "method_startline": "9", "method_endline": "14", "method_complexity": {"method_NLOC": "6", "method_CCN": "3", "method_NToken": "57", "method_nesting_level": "1"}}}}}}}}