<bug id='1602' author='adityanathan' open_date='2018-12-16T19:23:01Z' closed_time='2019-07-26T03:25:59Z'>
	<summary>"fatal error:'cmath' file not found" - Error while trying to build mlpack on Mac OSx.</summary>
	<description>
Hi. I was trying to build mlpack on Mac OSx Mojave Beta and after installing the dependencies(armadillo, cmake and boost) when executing the make command I got the following error. Can somebody please help me out ? Thank you.
&lt;denchmark-h:hr&gt;&lt;/denchmark-h&gt;

[ 16%] Linking CXX executable ../../../../bin/generate_pyx_nca
[ 16%] Built target generate_pyx_nca
Scanning dependencies of target build_pyx_nca
[ 16%] Building Cython binding nca.so...
/anaconda3/lib/python3.6/distutils/dist.py:261: UserWarning: Unknown distribution option: 'long_description_content_type'
warnings.warn(msg)
running build_ext
cythoning /Users/aditya/GSOC/mlpack-3.0.4/build/src/mlpack/bindings/python/mlpack/nca.pyx to /Users/aditya/GSOC/mlpack-3.0.4/build/src/mlpack/bindings/python/mlpack/nca.cpp
building 'mlpack.nca' extension
creating build/temp.macosx-10.7-x86_64-3.6
creating build/temp.macosx-10.7-x86_64-3.6/Users
creating build/temp.macosx-10.7-x86_64-3.6/Users/aditya
creating build/temp.macosx-10.7-x86_64-3.6/Users/aditya/GSOC
creating build/temp.macosx-10.7-x86_64-3.6/Users/aditya/GSOC/mlpack-3.0.4
creating build/temp.macosx-10.7-x86_64-3.6/Users/aditya/GSOC/mlpack-3.0.4/build
creating build/temp.macosx-10.7-x86_64-3.6/Users/aditya/GSOC/mlpack-3.0.4/build/src
creating build/temp.macosx-10.7-x86_64-3.6/Users/aditya/GSOC/mlpack-3.0.4/build/src/mlpack
creating build/temp.macosx-10.7-x86_64-3.6/Users/aditya/GSOC/mlpack-3.0.4/build/src/mlpack/bindings
creating build/temp.macosx-10.7-x86_64-3.6/Users/aditya/GSOC/mlpack-3.0.4/build/src/mlpack/bindings/python
creating build/temp.macosx-10.7-x86_64-3.6/Users/aditya/GSOC/mlpack-3.0.4/build/src/mlpack/bindings/python/mlpack
gcc -Wno-unused-result -Wsign-compare -Wunreachable-code -DNDEBUG -g -fwrapv -O3 -Wall -Wstrict-prototypes -I/anaconda3/include -arch x86_64 -I/anaconda3/include -arch x86_64 -I/anaconda3/lib/python3.6/site-packages/numpy/core/include -I/Users/aditya/GSOC/mlpack-3.0.4/build/src/mlpack/bindings/python/ -I/Users/aditya/GSOC/mlpack-3.0.4/src -I/usr/local/include -I/usr/local/include -I/Users/aditya/GSOC/mlpack-3.0.4/build/src/mlpack/.. -I/anaconda3/include/python3.6m -c /Users/aditya/GSOC/mlpack-3.0.4/build/src/mlpack/bindings/python/mlpack/nca.cpp -o build/temp.macosx-10.7-x86_64-3.6/Users/aditya/GSOC/mlpack-3.0.4/build/src/mlpack/bindings/python/mlpack/nca.o -DBINDING_TYPE=BINDING_TYPE_PYX -std=c++11 -O3 -Wno-unknown-pragmas
warning: include path for stdlibc++ headers not found; pass '-std=libc++' on the
command line to use the libc++ standard library instead
[-Wstdlibcxx-not-found]
In file included from /Users/aditya/GSOC/mlpack-3.0.4/build/src/mlpack/bindings/python/mlpack/nca.cpp:537:
In file included from /Users/aditya/GSOC/mlpack-3.0.4/src/mlpack/core.hpp:256:
/Users/aditya/GSOC/mlpack-3.0.4/src/mlpack/prereqs.hpp:16:10: fatal error:
'cmath' file not found
#include 
^~~~~~~
1 warning and 1 error generated.
error: command 'gcc' failed with exit status 1
make[2]: *** [src/mlpack/methods/nca/CMakeFiles/build_pyx_nca] Error 1
make[1]: *** [src/mlpack/methods/nca/CMakeFiles/build_pyx_nca.dir/all] Error 2
make: *** [all] Error 2
	</description>
	<comments>
		<comment id='1' author='adityanathan' date='2018-12-17T11:43:36Z'>
		You probably have to upgrade xcode: xcode-select --install
		</comment>
		<comment id='2' author='adityanathan' date='2018-12-18T07:12:12Z'>
		I ran "xcode-select --install" on my terminal and then checked my Xcode version which turned out to be Xcode 10.1 (Build version 10B61) and I couldn't find any update options anywhere for Xcode so I executed "cmake ../" and "make" from my build directory again. Unfortunately, the same problem mentioned above still persists. It says cmath file not found. Please help me out. Thank you.
		</comment>
		<comment id='3' author='adityanathan' date='2018-12-18T14:15:58Z'>
		What happens if, with a new clean build directory, you configure with cmake -DCMAKE_CXX_FLAGS="-std=libc++" .. and then build?
		</comment>
		<comment id='4' author='adityanathan' date='2018-12-18T17:52:32Z'>
		I get the following error:
$ cmake -DCMAKE_CXX_FLAGS="-std=libc++" ..
-- The C compiler identification is AppleClang 10.0.0.10001145
-- The CXX compiler identification is AppleClang 10.0.0.10001145
-- Check for working C compiler: /Applications/Xcode.app/Contents/Developer/Toolchains/XcodeDefault.xctoolchain/usr/bin/cc
-- Check for working C compiler: /Applications/Xcode.app/Contents/Developer/Toolchains/XcodeDefault.xctoolchain/usr/bin/cc -- works
-- Detecting C compiler ABI info
-- Detecting C compiler ABI info - done
-- Detecting C compile features
-- Detecting C compile features - done
-- Check for working CXX compiler: /Applications/Xcode.app/Contents/Developer/Toolchains/XcodeDefault.xctoolchain/usr/bin/c++
-- Check for working CXX compiler: /Applications/Xcode.app/Contents/Developer/Toolchains/XcodeDefault.xctoolchain/usr/bin/c++ -- broken
CMake Error at /opt/local/share/cmake-3.13/Modules/CMakeTestCXXCompiler.cmake:45 (message):
The C++ compiler
&lt;denchmark-code&gt;"/Applications/Xcode.app/Contents/Developer/Toolchains/XcodeDefault.xctoolchain/usr/bin/c++"
&lt;/denchmark-code&gt;

is not able to compile a simple test program.
It fails with the following output:
&lt;denchmark-code&gt;Change Dir: /Users/aditya/GSOC/mlpack-3.0.4/build/CMakeFiles/CMakeTmp

Run Build Command:"/usr/bin/make" "cmTC_ae3af/fast"
/Applications/Xcode.app/Contents/Developer/usr/bin/make -f CMakeFiles/cmTC_ae3af.dir/build.make CMakeFiles/cmTC_ae3af.dir/build
Building CXX object CMakeFiles/cmTC_ae3af.dir/testCXXCompiler.cxx.o
/Applications/Xcode.app/Contents/Developer/Toolchains/XcodeDefault.xctoolchain/usr/bin/c++    -std=libc++  -isysroot /Applications/Xcode.app/Contents/Developer/Platforms/MacOSX.platform/Developer/SDKs/MacOSX10.14.sdk   -o CMakeFiles/cmTC_ae3af.dir/testCXXCompiler.cxx.o -c /Users/aditya/GSOC/mlpack-3.0.4/build/CMakeFiles/CMakeTmp/testCXXCompiler.cxx
error: invalid value 'libc++' in '-std=libc++'
note: use 'c++98' or 'c++03' for 'ISO C++ 1998 with amendments' standard
note: use 'gnu++98' or 'gnu++03' for 'ISO C++ 1998 with amendments and GNU extensions' standard
note: use 'c++11' for 'ISO C++ 2011 with amendments' standard
note: use 'gnu++11' for 'ISO C++ 2011 with amendments and GNU extensions' standard
note: use 'c++14' for 'ISO C++ 2014 with amendments' standard
note: use 'gnu++14' for 'ISO C++ 2014 with amendments and GNU extensions' standard
note: use 'c++17' for 'ISO C++ 2017 with amendments' standard
note: use 'gnu++17' for 'ISO C++ 2017 with amendments and GNU extensions' standard
note: use 'c++2a' for 'Working draft for ISO C++ 2020' standard
note: use 'gnu++2a' for 'Working draft for ISO C++ 2020 with GNU extensions' standard
make[1]: *** [CMakeFiles/cmTC_ae3af.dir/testCXXCompiler.cxx.o] Error 1
make: *** [cmTC_ae3af/fast] Error 2
&lt;/denchmark-code&gt;

CMake will not be able to correctly generate this project.
Call Stack (most recent call first):
CMakeLists.txt:2 (project)
-- Configuring incomplete, errors occurred!
See also "/Users/aditya/GSOC/mlpack-3.0.4/build/CMakeFiles/CMakeOutput.log".
See also "/Users/aditya/GSOC/mlpack-3.0.4/build/CMakeFiles/CMakeError.log".
		</comment>
		<comment id='5' author='adityanathan' date='2018-12-18T19:11:05Z'>
		Ah, sorry, can you try cmake -DCMAKE_CXX_FLAGS="-stdlib=libc++" ../ instead?  (i.e. -stdlib= not -std=; I think the original error message has a typo)
		</comment>
		<comment id='6' author='adityanathan' date='2018-12-18T19:16:45Z'>
		I get the following error:
[ 15%] Building Cython binding sparse_coding.so...
/anaconda3/lib/python3.6/distutils/dist.py:261: UserWarning: Unknown distribution option: 'long_description_content_type'
warnings.warn(msg)
running build_ext
cythoning /Users/aditya/GSOC/mlpack-3.0.4/build/src/mlpack/bindings/python/mlpack/sparse_coding.pyx to /Users/aditya/GSOC/mlpack-3.0.4/build/src/mlpack/bindings/python/mlpack/sparse_coding.cpp
building 'mlpack.sparse_coding' extension
creating build/temp.macosx-10.7-x86_64-3.6
creating build/temp.macosx-10.7-x86_64-3.6/Users
creating build/temp.macosx-10.7-x86_64-3.6/Users/aditya
creating build/temp.macosx-10.7-x86_64-3.6/Users/aditya/GSOC
creating build/temp.macosx-10.7-x86_64-3.6/Users/aditya/GSOC/mlpack-3.0.4
creating build/temp.macosx-10.7-x86_64-3.6/Users/aditya/GSOC/mlpack-3.0.4/build
creating build/temp.macosx-10.7-x86_64-3.6/Users/aditya/GSOC/mlpack-3.0.4/build/src
creating build/temp.macosx-10.7-x86_64-3.6/Users/aditya/GSOC/mlpack-3.0.4/build/src/mlpack
creating build/temp.macosx-10.7-x86_64-3.6/Users/aditya/GSOC/mlpack-3.0.4/build/src/mlpack/bindings
creating build/temp.macosx-10.7-x86_64-3.6/Users/aditya/GSOC/mlpack-3.0.4/build/src/mlpack/bindings/python
creating build/temp.macosx-10.7-x86_64-3.6/Users/aditya/GSOC/mlpack-3.0.4/build/src/mlpack/bindings/python/mlpack
gcc -Wno-unused-result -Wsign-compare -Wunreachable-code -DNDEBUG -g -fwrapv -O3 -Wall -Wstrict-prototypes -I/anaconda3/include -arch x86_64 -I/anaconda3/include -arch x86_64 -I/anaconda3/lib/python3.6/site-packages/numpy/core/include -I/Users/aditya/GSOC/mlpack-3.0.4/build/src/mlpack/bindings/python/ -I/Users/aditya/GSOC/mlpack-3.0.4/src -I/usr/local/include -I/usr/local/include -I/Users/aditya/GSOC/mlpack-3.0.4/build/src/mlpack/.. -I/anaconda3/include/python3.6m -c /Users/aditya/GSOC/mlpack-3.0.4/build/src/mlpack/bindings/python/mlpack/sparse_coding.cpp -o build/temp.macosx-10.7-x86_64-3.6/Users/aditya/GSOC/mlpack-3.0.4/build/src/mlpack/bindings/python/mlpack/sparse_coding.o -DBINDING_TYPE=BINDING_TYPE_PYX -std=c++11 -stdlib=libc++ -O3 -Wno-unknown-pragmas
In file included from /Users/aditya/GSOC/mlpack-3.0.4/build/src/mlpack/bindings/python/mlpack/sparse_coding.cpp:540:
In file included from /anaconda3/lib/python3.6/site-packages/numpy/core/include/numpy/arrayobject.h:4:
In file included from /anaconda3/lib/python3.6/site-packages/numpy/core/include/numpy/ndarrayobject.h:18:
In file included from /anaconda3/lib/python3.6/site-packages/numpy/core/include/numpy/ndarraytypes.h:1816:
/anaconda3/lib/python3.6/site-packages/numpy/core/include/numpy/npy_1_7_deprecated_api.h:15:2: warning:
"Using deprecated NumPy API, disable it by "          "#defining
NPY_NO_DEPRECATED_API NPY_1_7_API_VERSION" [-W#warnings]
#warning "Using deprecated NumPy API, disable it by " 
^
1 warning generated.
creating build/lib.macosx-10.7-x86_64-3.6
creating build/lib.macosx-10.7-x86_64-3.6/mlpack
g++ -bundle -undefined dynamic_lookup -L/anaconda3/lib -arch x86_64 -L/anaconda3/lib -arch x86_64 -arch x86_64 build/temp.macosx-10.7-x86_64-3.6/Users/aditya/GSOC/mlpack-3.0.4/build/src/mlpack/bindings/python/mlpack/sparse_coding.o -L/Users/aditya/GSOC/mlpack-3.0.4/build/lib/ -lmlpack -lboost_serialization -o build/lib.macosx-10.7-x86_64-3.6/mlpack/sparse_coding.cpython-36m-darwin.so
clang: warning: libstdc++ is deprecated; move to libc++ with a minimum deployment target of OS X 10.9 [-Wdeprecated]
ld: library not found for -lstdc++
clang: error: linker command failed with exit code 1 (use -v to see invocation)
error: command 'g++' failed with exit status 1
make[2]: *** [src/mlpack/methods/sparse_coding/CMakeFiles/build_pyx_sparse_coding] Error 1
make[1]: *** [src/mlpack/methods/sparse_coding/CMakeFiles/build_pyx_sparse_coding.dir/all] Error 2
make: *** [all] Error 2
		</comment>
		<comment id='7' author='adityanathan' date='2018-12-18T21:11:10Z'>
		&lt;denchmark-code&gt;3.6/Users/aditya/GSOC/mlpack-3.0.4/build/src/mlpack/bindings/python/mlpack/nca.o -DBINDING_TYPE=BINDING_TYPE_PYX -std=c++11 -O3 -Wno-unknown-pragmas
warning: include path for stdlibc++ headers not found; pass '-std=libc++' on the
command line to use the libc++ standard library instead
&lt;/denchmark-code&gt;

According to the error message above: passing '-std=libc++' should work.
I'm wondering if you need to update the command-line tools as well, or maybe it's easier to install XCode 9.
		</comment>
		<comment id='8' author='adityanathan' date='2018-12-19T09:17:18Z'>
		I already have Xcode and command line tools. Also when I passed -std=libc++ I got an error message after which &lt;denchmark-link:https://github.com/rcurtin&gt;@rcurtin&lt;/denchmark-link&gt;
 told me it was a typo and instead I should pass -stdlib=libc++
$ /usr/bin/xcodebuild -version
Xcode 10.1
Build version 10B61
$ xcode-select --install
xcode-select: error: command line tools are already installed, use "Software Update" to install updates
		</comment>
		<comment id='9' author='adityanathan' date='2018-12-19T14:18:09Z'>
		Can you try downloading the file &lt;denchmark-link:http://www.ratml.org/misc/setup.py.in&gt;http://www.ratml.org/misc/setup.py.in&lt;/denchmark-link&gt;
 and replacing the file  with that?  I made a couple changes to try and force it to link against libc++ instead of libstdc++.  We can see if it works...
		</comment>
		<comment id='10' author='adityanathan' date='2018-12-19T16:50:01Z'>
		I replaced setup.py.in with the one in &lt;denchmark-link:http://www.ratml.org/misc/setup.py.in&gt;http://www.ratml.org/misc/setup.py.in&lt;/denchmark-link&gt;
 provided by &lt;denchmark-link:https://github.com/rcurtin&gt;@rcurtin&lt;/denchmark-link&gt;
 and I got the following message when I executed "cmake -DCMAKE_CXX_FLAGS="-std=libc++" .." :
$ cmake -DCMAKE_CXX_FLAGS="-std=libc++" ..
-- The CXX compiler identification is AppleClang 10.0.0.10001145
-- Check for working CXX compiler: /Applications/Xcode.app/Contents/Developer/Toolchains/XcodeDefault.xctoolchain/usr/bin/c++
-- Check for working CXX compiler: /Applications/Xcode.app/Contents/Developer/Toolchains/XcodeDefault.xctoolchain/usr/bin/c++ -- broken
CMake Error at /opt/local/share/cmake-3.13/Modules/CMakeTestCXXCompiler.cmake:45 (message):
The C++ compiler
&lt;denchmark-code&gt;"/Applications/Xcode.app/Contents/Developer/Toolchains/XcodeDefault.xctoolchain/usr/bin/c++"
&lt;/denchmark-code&gt;

is not able to compile a simple test program.
It fails with the following output:
&lt;denchmark-code&gt;Change Dir: /Users/aditya/GSOC/mlpack-3.0.4/build/CMakeFiles/CMakeTmp

Run Build Command:"/usr/bin/make" "cmTC_f1156/fast"
/Applications/Xcode.app/Contents/Developer/usr/bin/make -f CMakeFiles/cmTC_f1156.dir/build.make CMakeFiles/cmTC_f1156.dir/build
Building CXX object CMakeFiles/cmTC_f1156.dir/testCXXCompiler.cxx.o
/Applications/Xcode.app/Contents/Developer/Toolchains/XcodeDefault.xctoolchain/usr/bin/c++    -std=libc++  -isysroot /Applications/Xcode.app/Contents/Developer/Platforms/MacOSX.platform/Developer/SDKs/MacOSX10.14.sdk   -o CMakeFiles/cmTC_f1156.dir/testCXXCompiler.cxx.o -c /Users/aditya/GSOC/mlpack-3.0.4/build/CMakeFiles/CMakeTmp/testCXXCompiler.cxx
error: invalid value 'libc++' in '-std=libc++'
note: use 'c++98' or 'c++03' for 'ISO C++ 1998 with amendments' standard
note: use 'gnu++98' or 'gnu++03' for 'ISO C++ 1998 with amendments and GNU extensions' standard
note: use 'c++11' for 'ISO C++ 2011 with amendments' standard
note: use 'gnu++11' for 'ISO C++ 2011 with amendments and GNU extensions' standard
note: use 'c++14' for 'ISO C++ 2014 with amendments' standard
note: use 'gnu++14' for 'ISO C++ 2014 with amendments and GNU extensions' standard
note: use 'c++17' for 'ISO C++ 2017 with amendments' standard
note: use 'gnu++17' for 'ISO C++ 2017 with amendments and GNU extensions' standard
note: use 'c++2a' for 'Working draft for ISO C++ 2020' standard
note: use 'gnu++2a' for 'Working draft for ISO C++ 2020 with GNU extensions' standard
make[1]: *** [CMakeFiles/cmTC_f1156.dir/testCXXCompiler.cxx.o] Error 1
make: *** [cmTC_f1156/fast] Error 2
&lt;/denchmark-code&gt;

CMake will not be able to correctly generate this project.
Call Stack (most recent call first):
CMakeLists.txt:2 (project)
-- Configuring incomplete, errors occurred!
See also "/Users/aditya/GSOC/mlpack-3.0.4/build/CMakeFiles/CMakeOutput.log".
See also "/Users/aditya/GSOC/mlpack-3.0.4/build/CMakeFiles/CMakeError.log".
		</comment>
		<comment id='11' author='adityanathan' date='2018-12-19T16:55:36Z'>
		Use -stdlib=libc++ not -std=libc++ please and try again, thanks.
		</comment>
		<comment id='12' author='adityanathan' date='2018-12-19T17:11:01Z'>
		Got the following error:
$ cmake -DCMAKE_CXX_FLAGS="-stdlib=libc++" ..
-- The CXX compiler identification is AppleClang 10.0.0.10001145
-- Check for working CXX compiler: /Applications/Xcode.app/Contents/Developer/Toolchains/XcodeDefault.xctoolchain/usr/bin/c++
-- Check for working CXX compiler: /Applications/Xcode.app/Contents/Developer/Toolchains/XcodeDefault.xctoolchain/usr/bin/c++ -- works
-- Detecting CXX compiler ABI info
-- Detecting CXX compiler ABI info - done
-- Detecting CXX compile features
-- Detecting CXX compile features - done
-- cotire 1.7.10 loaded.
-- Found Armadillo: /usr/local/lib/libarmadillo.dylib (found suitable version "9.100.5", minimum required is "6.500.0")
-- Armadillo libraries: /usr/local/lib/libarmadillo.dylib
-- Boost version: 1.68.0
-- Found the following Boost libraries:
--   program_options
--   unit_test_framework
--   serialization
-- Could NOT find OpenMP_C (missing: OpenMP_C_FLAGS OpenMP_C_LIB_NAMES)
-- Could NOT find OpenMP_CXX (missing: OpenMP_CXX_FLAGS OpenMP_CXX_LIB_NAMES)
-- Could NOT find OpenMP (missing: OpenMP_C_FOUND OpenMP_CXX_FOUND)
-- Found Git: /usr/local/bin/git (found version "2.18.0")
-- gitversion.hpp is already up to date.
-- Regenerating arma_config.hpp.
CMake Warning at CMakeLists.txt:425 (message):
txt2man not found; man pages will not be generated.
-- Found PythonInterp: /anaconda3/bin/python (found version "3.6.4")
-- Found Python: /anaconda3/bin/python
-- Found PY_distutils: /anaconda3/lib/python3.6/distutils
-- Found PY_Cython: /anaconda3/lib/python3.6/site-packages/Cython
-- Found PY_numpy: /anaconda3/lib/python3.6/site-packages/numpy
-- Found PY_pandas: /anaconda3/lib/python3.6/site-packages/pandas
-- Performing Test COMPILER_HAS_HIDDEN_VISIBILITY
-- Performing Test COMPILER_HAS_HIDDEN_VISIBILITY - Success
-- Performing Test COMPILER_HAS_HIDDEN_INLINE_VISIBILITY
-- Performing Test COMPILER_HAS_HIDDEN_INLINE_VISIBILITY - Success
-- Performing Test COMPILER_HAS_DEPRECATED_ATTR
-- Performing Test COMPILER_HAS_DEPRECATED_ATTR - Success
-- CXX target mlpack cotired.
-- CXX target mlpack_test cotired.
-- Could NOT find Doxygen (missing: DOXYGEN_EXECUTABLE)
-- Found PkgConfig: /opt/local/bin/pkg-config (found version "0.29.2")
-- Configuring done
-- Generating done
-- Build files have been written to: /Users/aditya/GSOC/mlpack-3.0.4/build
$ make
Scanning dependencies of target mlpack_arma_config
[  0%] Updating arma_config.hpp (if necessary)
-- Regenerating arma_config.hpp.
[  0%] Built target mlpack_arma_config
Scanning dependencies of target mlpack_gitversion
[  0%] Updating gitversion.hpp (if necessary)
-- Found Git: /usr/local/bin/git (found version "2.18.0")
-- gitversion.hpp is already up to date.
[  0%] Built target mlpack_gitversion
Scanning dependencies of target mlpack_headers
Moving header files to include/mlpack/
[  0%] Built target mlpack_headers
Scanning dependencies of target pkgconfig
[  1%] Generating mlpack.pc (pkg-config) file.
[  1%] Built target pkgconfig
[  1%] Generating CXX prefix source src/mlpack/cotire/mlpack_CXX_prefix.cxx
[  2%] Generating CXX prefix header src/mlpack/cotire/mlpack_CXX_prefix.hxx
[  2%] Building CXX precompiled header src/mlpack/cotire/mlpack_CXX_prefix.hxx.pch
Scanning dependencies of target mlpack
[  2%] Building CXX object src/mlpack/CMakeFiles/mlpack.dir/bindings/cli/print_help.cpp.o
[  2%] Building CXX object src/mlpack/CMakeFiles/mlpack.dir/bindings/tests/clean_memory.cpp.o
[  2%] Building CXX object src/mlpack/CMakeFiles/mlpack.dir/core/data/load_csv.cpp.o
[  3%] Building CXX object src/mlpack/CMakeFiles/mlpack.dir/core/data/load.cpp.o
[  3%] Building CXX object src/mlpack/CMakeFiles/mlpack.dir/core/dists/discrete_distribution.cpp.o
[  3%] Building CXX object src/mlpack/CMakeFiles/mlpack.dir/core/dists/gaussian_distribution.cpp.o
[  3%] Building CXX object src/mlpack/CMakeFiles/mlpack.dir/core/dists/laplace_distribution.cpp.o
[  3%] Building CXX object src/mlpack/CMakeFiles/mlpack.dir/core/dists/regression_distribution.cpp.o
[  3%] Building CXX object src/mlpack/CMakeFiles/mlpack.dir/core/dists/gamma_distribution.cpp.o
[  4%] Building CXX object src/mlpack/CMakeFiles/mlpack.dir/core/kernels/epanechnikov_kernel.cpp.o
[  4%] Building CXX object src/mlpack/CMakeFiles/mlpack.dir/core/kernels/pspectrum_string_kernel.cpp.o
[  4%] Building CXX object src/mlpack/CMakeFiles/mlpack.dir/core/math/columns_to_blocks.cpp.o
[  4%] Building CXX object src/mlpack/CMakeFiles/mlpack.dir/core/math/lin_alg.cpp.o
[  4%] Building CXX object src/mlpack/CMakeFiles/mlpack.dir/core/math/random.cpp.o
[  5%] Building CXX object src/mlpack/CMakeFiles/mlpack.dir/core/math/random_basis.cpp.o
[  5%] Building CXX object src/mlpack/CMakeFiles/mlpack.dir/core/optimizers/ada_delta/ada_delta.cpp.o
[  5%] Building CXX object src/mlpack/CMakeFiles/mlpack.dir/core/optimizers/ada_grad/ada_grad.cpp.o
[  5%] Building CXX object src/mlpack/CMakeFiles/mlpack.dir/core/optimizers/aug_lagrangian/aug_lagrangian.cpp.o
[  5%] Building CXX object src/mlpack/CMakeFiles/mlpack.dir/core/optimizers/aug_lagrangian/aug_lagrangian_test_functions.cpp.o
[  5%] Building CXX object src/mlpack/CMakeFiles/mlpack.dir/core/optimizers/gradient_descent/gradient_descent.cpp.o
[  6%] Building CXX object src/mlpack/CMakeFiles/mlpack.dir/core/optimizers/gradient_descent/test_function.cpp.o
[  6%] Building CXX object src/mlpack/CMakeFiles/mlpack.dir/core/optimizers/lbfgs/lbfgs.cpp.o
[  6%] Building CXX object src/mlpack/CMakeFiles/mlpack.dir/core/optimizers/problems/booth_function.cpp.o
[  6%] Building CXX object src/mlpack/CMakeFiles/mlpack.dir/core/optimizers/problems/bukin_function.cpp.o
[  6%] Building CXX object src/mlpack/CMakeFiles/mlpack.dir/core/optimizers/problems/colville_function.cpp.o
[  7%] Building CXX object src/mlpack/CMakeFiles/mlpack.dir/core/optimizers/problems/drop_wave_function.cpp.o
[  7%] Building CXX object src/mlpack/CMakeFiles/mlpack.dir/core/optimizers/problems/easom_function.cpp.o
[  7%] Building CXX object src/mlpack/CMakeFiles/mlpack.dir/core/optimizers/problems/eggholder_function.cpp.o
[  7%] Building CXX object src/mlpack/CMakeFiles/mlpack.dir/core/optimizers/problems/generalized_rosenbrock_function.cpp.o
[  7%] Building CXX object src/mlpack/CMakeFiles/mlpack.dir/core/optimizers/problems/matyas_function.cpp.o
[  7%] Building CXX object src/mlpack/CMakeFiles/mlpack.dir/core/optimizers/problems/mc_cormick_function.cpp.o
[  8%] Building CXX object src/mlpack/CMakeFiles/mlpack.dir/core/optimizers/problems/rastrigin_function.cpp.o
[  8%] Building CXX object src/mlpack/CMakeFiles/mlpack.dir/core/optimizers/problems/rosenbrock_wood_function.cpp.o
[  8%] Building CXX object src/mlpack/CMakeFiles/mlpack.dir/core/optimizers/problems/rosenbrock_function.cpp.o
[  8%] Building CXX object src/mlpack/CMakeFiles/mlpack.dir/core/optimizers/problems/schwefel_function.cpp.o
[  8%] Building CXX object src/mlpack/CMakeFiles/mlpack.dir/core/optimizers/problems/sgd_test_function.cpp.o
[  9%] Building CXX object src/mlpack/CMakeFiles/mlpack.dir/core/optimizers/problems/sphere_function.cpp.o
[  9%] Building CXX object src/mlpack/CMakeFiles/mlpack.dir/core/optimizers/problems/styblinski_tang_function.cpp.o
[  9%] Building CXX object src/mlpack/CMakeFiles/mlpack.dir/core/optimizers/problems/wood_function.cpp.o
[  9%] Building CXX object src/mlpack/CMakeFiles/mlpack.dir/core/optimizers/proximal/proximal.cpp.o
[  9%] Building CXX object src/mlpack/CMakeFiles/mlpack.dir/core/optimizers/rmsprop/rmsprop.cpp.o
[  9%] Building CXX object src/mlpack/CMakeFiles/mlpack.dir/core/optimizers/smorms3/smorms3.cpp.o
[ 10%] Building CXX object src/mlpack/CMakeFiles/mlpack.dir/core/tree/cosine_tree/cosine_tree.cpp.o
[ 10%] Building CXX object src/mlpack/CMakeFiles/mlpack.dir/core/util/backtrace.cpp.o
[ 10%] Building CXX object src/mlpack/CMakeFiles/mlpack.dir/core/util/cli.cpp.o
[ 10%] Building CXX object src/mlpack/CMakeFiles/mlpack.dir/core/util/log.cpp.o
[ 10%] Building CXX object src/mlpack/CMakeFiles/mlpack.dir/core/util/prefixedoutstream.cpp.o
[ 11%] Building CXX object src/mlpack/CMakeFiles/mlpack.dir/core/util/program_doc.cpp.o
[ 11%] Building CXX object src/mlpack/CMakeFiles/mlpack.dir/core/util/singletons.cpp.o
[ 11%] Building CXX object src/mlpack/CMakeFiles/mlpack.dir/core/util/timers.cpp.o
[ 11%] Building CXX object src/mlpack/CMakeFiles/mlpack.dir/core/util/version.cpp.o
[ 11%] Building CXX object src/mlpack/CMakeFiles/mlpack.dir/methods/adaboost/adaboost_model.cpp.o
[ 11%] Building CXX object src/mlpack/CMakeFiles/mlpack.dir/methods/block_krylov_svd/randomized_block_krylov_svd.cpp.o
[ 12%] Building CXX object src/mlpack/CMakeFiles/mlpack.dir/methods/cf/cf.cpp.o
[ 12%] Building CXX object src/mlpack/CMakeFiles/mlpack.dir/methods/fastmks/fastmks_model.cpp.o
[ 12%] Building CXX object src/mlpack/CMakeFiles/mlpack.dir/methods/gmm/gmm.cpp.o
[ 12%] Building CXX object src/mlpack/CMakeFiles/mlpack.dir/methods/hoeffding_trees/hoeffding_tree_model.cpp.o
[ 12%] Building CXX object src/mlpack/CMakeFiles/mlpack.dir/methods/lars/lars.cpp.o
[ 13%] Building CXX object src/mlpack/CMakeFiles/mlpack.dir/methods/linear_regression/linear_regression.cpp.o
[ 13%] Building CXX object src/mlpack/CMakeFiles/mlpack.dir/methods/local_coordinate_coding/lcc.cpp.o
[ 13%] Building CXX object src/mlpack/CMakeFiles/mlpack.dir/methods/matrix_completion/matrix_completion.cpp.o
[ 13%] Building CXX object src/mlpack/CMakeFiles/mlpack.dir/methods/neighbor_search/unmap.cpp.o
[ 13%] Building CXX object src/mlpack/CMakeFiles/mlpack.dir/methods/quic_svd/quic_svd.cpp.o
[ 14%] Building CXX object src/mlpack/CMakeFiles/mlpack.dir/methods/radical/radical.cpp.o
[ 14%] Building CXX object src/mlpack/CMakeFiles/mlpack.dir/methods/randomized_svd/randomized_svd.cpp.o
[ 14%] Building CXX object src/mlpack/CMakeFiles/mlpack.dir/methods/rann/ra_util.cpp.o
[ 14%] Building CXX object src/mlpack/CMakeFiles/mlpack.dir/methods/softmax_regression/softmax_regression.cpp.o
[ 14%] Building CXX object src/mlpack/CMakeFiles/mlpack.dir/methods/softmax_regression/softmax_regression_function.cpp.o
[ 14%] Building CXX object src/mlpack/CMakeFiles/mlpack.dir/methods/sparse_autoencoder/sparse_autoencoder.cpp.o
[ 15%] Building CXX object src/mlpack/CMakeFiles/mlpack.dir/methods/sparse_autoencoder/sparse_autoencoder_function.cpp.o
[ 15%] Building CXX object src/mlpack/CMakeFiles/mlpack.dir/methods/sparse_autoencoder/maximal_inputs.cpp.o
[ 15%] Building CXX object src/mlpack/CMakeFiles/mlpack.dir/methods/sparse_coding/sparse_coding.cpp.o
[ 15%] Linking CXX shared library ../../lib/libmlpack.dylib
[ 15%] Built target mlpack
Scanning dependencies of target python_copy
/anaconda3/lib/python3.6/distutils/dist.py:261: UserWarning: Unknown distribution option: 'long_description_content_type'
warnings.warn(msg)
running build
running build_py
creating build
creating build/lib
creating build/lib/mlpack
copying /Users/aditya/GSOC/mlpack-3.0.4/build/src/mlpack/bindings/python/mlpack/matrix_utils.py -&gt; build/lib/mlpack
copying /Users/aditya/GSOC/mlpack-3.0.4/build/src/mlpack/bindings/python/mlpack/init.py -&gt; build/lib/mlpack
[ 15%] Built target python_copy
[ 15%] Generating ../../bindings/python/generate_pyx_softmax_regression.cpp
Scanning dependencies of target generate_pyx_softmax_regression
[ 15%] Building CXX object src/mlpack/methods/softmax_regression/CMakeFiles/generate_pyx_softmax_regression.dir///bindings/python/generate_pyx_softmax_regression.cpp.o
[ 16%] Building CXX object src/mlpack/methods/softmax_regression/CMakeFiles/generate_pyx_softmax_regression.dir///bindings/python/print_pyx.cpp.o
[ 16%] Linking CXX executable ../../../../bin/generate_pyx_softmax_regression
[ 16%] Built target generate_pyx_softmax_regression
Scanning dependencies of target build_pyx_softmax_regression
[ 17%] Building Cython binding softmax_regression.so...
/anaconda3/lib/python3.6/distutils/dist.py:261: UserWarning: Unknown distribution option: 'long_description_content_type'
warnings.warn(msg)
running build_ext
cythoning /Users/aditya/GSOC/mlpack-3.0.4/build/src/mlpack/bindings/python/mlpack/softmax_regression.pyx to /Users/aditya/GSOC/mlpack-3.0.4/build/src/mlpack/bindings/python/mlpack/softmax_regression.cpp
building 'mlpack.softmax_regression' extension
creating build/temp.macosx-10.7-x86_64-3.6
creating build/temp.macosx-10.7-x86_64-3.6/Users
creating build/temp.macosx-10.7-x86_64-3.6/Users/aditya
creating build/temp.macosx-10.7-x86_64-3.6/Users/aditya/GSOC
creating build/temp.macosx-10.7-x86_64-3.6/Users/aditya/GSOC/mlpack-3.0.4
creating build/temp.macosx-10.7-x86_64-3.6/Users/aditya/GSOC/mlpack-3.0.4/build
creating build/temp.macosx-10.7-x86_64-3.6/Users/aditya/GSOC/mlpack-3.0.4/build/src
creating build/temp.macosx-10.7-x86_64-3.6/Users/aditya/GSOC/mlpack-3.0.4/build/src/mlpack
creating build/temp.macosx-10.7-x86_64-3.6/Users/aditya/GSOC/mlpack-3.0.4/build/src/mlpack/bindings
creating build/temp.macosx-10.7-x86_64-3.6/Users/aditya/GSOC/mlpack-3.0.4/build/src/mlpack/bindings/python
creating build/temp.macosx-10.7-x86_64-3.6/Users/aditya/GSOC/mlpack-3.0.4/build/src/mlpack/bindings/python/mlpack
gcc -Wno-unused-result -Wsign-compare -Wunreachable-code -DNDEBUG -g -fwrapv -O3 -Wall -Wstrict-prototypes -I/anaconda3/include -arch x86_64 -I/anaconda3/include -arch x86_64 -I/anaconda3/lib/python3.6/site-packages/numpy/core/include -I/Users/aditya/GSOC/mlpack-3.0.4/build/src/mlpack/bindings/python/ -I/Users/aditya/GSOC/mlpack-3.0.4/src -I/usr/local/include -I/usr/local/include -I/Users/aditya/GSOC/mlpack-3.0.4/build/src/mlpack/.. -I/anaconda3/include/python3.6m -c /Users/aditya/GSOC/mlpack-3.0.4/build/src/mlpack/bindings/python/mlpack/softmax_regression.cpp -o build/temp.macosx-10.7-x86_64-3.6/Users/aditya/GSOC/mlpack-3.0.4/build/src/mlpack/bindings/python/mlpack/softmax_regression.o -DBINDING_TYPE=BINDING_TYPE_PYX -std=c++11 -stdlib=libc++ -O3 -Wno-unknown-pragmas
In file included from /Users/aditya/GSOC/mlpack-3.0.4/build/src/mlpack/bindings/python/mlpack/softmax_regression.cpp:540:
In file included from /anaconda3/lib/python3.6/site-packages/numpy/core/include/numpy/arrayobject.h:4:
In file included from /anaconda3/lib/python3.6/site-packages/numpy/core/include/numpy/ndarrayobject.h:18:
In file included from /anaconda3/lib/python3.6/site-packages/numpy/core/include/numpy/ndarraytypes.h:1816:
/anaconda3/lib/python3.6/site-packages/numpy/core/include/numpy/npy_1_7_deprecated_api.h:15:2: warning: "Using deprecated NumPy API, disable it by " "#defining NPY_NO_DEPRECATED_API NPY_1_7_API_VERSION"
[-W#warnings]
#warning "Using deprecated NumPy API, disable it by " 
^
1 warning generated.
creating build/lib.macosx-10.7-x86_64-3.6
creating build/lib.macosx-10.7-x86_64-3.6/mlpack
g++ -bundle -undefined dynamic_lookup -L/anaconda3/lib -arch x86_64 -L/anaconda3/lib -arch x86_64 -arch x86_64 build/temp.macosx-10.7-x86_64-3.6/Users/aditya/GSOC/mlpack-3.0.4/build/src/mlpack/bindings/python/mlpack/softmax_regression.o -L/Users/aditya/GSOC/mlpack-3.0.4/build/lib/ -lc++ -lmlpack -lboost_serialization -o build/lib.macosx-10.7-x86_64-3.6/mlpack/softmax_regression.cpython-36m-darwin.so
clang: warning: libstdc++ is deprecated; move to libc++ with a minimum deployment target of OS X 10.9 [-Wdeprecated]
ld: library not found for -lstdc++
clang: error: linker command failed with exit code 1 (use -v to see invocation)
error: command 'g++' failed with exit status 1
make[2]: *** [src/mlpack/methods/softmax_regression/CMakeFiles/build_pyx_softmax_regression] Error 1
make[1]: *** [src/mlpack/methods/softmax_regression/CMakeFiles/build_pyx_softmax_regression.dir/all] Error 2
make: *** [all] Error 2
		</comment>
		<comment id='13' author='adityanathan' date='2018-12-26T16:23:11Z'>
		This is a little bit strange.  It seems like Cython is trying to link against libstdc++ even though the system compiler is not able to do that.  I found the following post on StackOverflow:
&lt;denchmark-link:https://stackoverflow.com/questions/52460913/compiling-cython-with-xcode10&gt;https://stackoverflow.com/questions/52460913/compiling-cython-with-xcode10&lt;/denchmark-link&gt;

So I wrote this file: &lt;denchmark-link:http://www.ratml.org/misc/setup-2.py.in&gt;http://www.ratml.org/misc/setup-2.py.in&lt;/denchmark-link&gt;
.  Can you try putting that one in place as  and seeing what happens?
In the end this comes down to getting the right compile and link options passed to the Cython compiler.  In that setup-2.py.in file, you can see my modifications:
&lt;denchmark-code&gt;extra_link_args.append('-stdlib=libc++')
extra_link_args.append('-mmacosx-version-min=10.9')
&lt;/denchmark-code&gt;

&lt;denchmark-code&gt;extra_args.append('-mmacosx-version-min=10.9')
&lt;/denchmark-code&gt;

So, if the file I gave doesn't work, please feel free to try other things to make it work.  I can't reproduce the failure so it's a bit hard for me to debug from afar.
		</comment>
		<comment id='14' author='adityanathan' date='2019-02-18T21:27:11Z'>
		This issue has been automatically marked as stale because it has not had any recent activity.  It will be closed in 7 days if no further activity occurs.  Thank you for your contributions! üëç
		</comment>
		<comment id='15' author='adityanathan' date='2019-03-11T08:49:51Z'>
		I was also facing the same issue just today! I tried several things but could not fix it. Only this:

So I wrote this file: http://www.ratml.org/misc/setup-2.py.in. Can you try putting that one in place as &gt; src/mlpack/bindings/python/setup.py.in and seeing what happens?

fixed it. Could the repository be updated with this setup-2.py content if this issue is reopened?
		</comment>
		<comment id='16' author='adityanathan' date='2019-03-11T13:19:04Z'>
		&lt;denchmark-link:https://github.com/seewishnew&gt;@seewishnew&lt;/denchmark-link&gt;
 thanks!  I will open a PR with the fix and get it merged in when I have a chance. 
		</comment>
		<comment id='17' author='adityanathan' date='2019-07-19T02:26:20Z'>
		This issue has been automatically marked as stale because it has not had any recent activity.  It will be closed in 7 days if no further activity occurs.  Thank you for your contributions! üëç
		</comment>
	</comments>
</bug>