<bug id='2232' author='anishk74' open_date='2020-02-23T20:42:45Z' closed_time='2020-03-12T20:17:43Z'>
	<summary>Cannot install libensmallen-dev libstb-dev with apt-get install</summary>
	<description>
&lt;denchmark-h:h4&gt;Problem location&lt;/denchmark-h&gt;

&lt;denchmark-link:https://www.mlpack.org/doc/mlpack-git/doxygen/build.html#build_dep&gt;https://www.mlpack.org/doc/mlpack-git/doxygen/build.html#build_dep&lt;/denchmark-link&gt;

&lt;denchmark-h:h4&gt;Description of problem&lt;/denchmark-h&gt;

sudo apt-get install libensmallen-dev
Results in
Reading package lists... Done
Building dependency tree
Reading state information... Done
E: Unable to locate package libensmallen-dev
Same issue with libstb-dev
	</description>
	<comments>
		<comment id='1' author='anishk74' date='2020-02-23T20:44:31Z'>
		You haven't written what operating system version you are using.  That would be important information to diagnose this issue, as older versions of Ubuntu (if I'm guessing correctly that that's what you are using) don't have those packages available, and you would either need to (a) build them from source (b) use mlpack's auto-downloader in the CMake configuration or (c) upgrade your operating system.
		</comment>
		<comment id='2' author='anishk74' date='2020-02-23T20:49:47Z'>
		using ubuntu 18.04 LTS
		</comment>
		<comment id='3' author='anishk74' date='2020-02-23T20:51:47Z'>
		what would be the steps for a) or b) ?

You haven't written what operating system version you are using. That would be important information to diagnose this issue, as older versions of Ubuntu (if I'm guessing correctly that that's what you are using) don't have those packages available, and you would either need to (a) build them from source (b) use mlpack's auto-downloader in the CMake configuration or (c) upgrade your operating system.

		</comment>
		<comment id='4' author='anishk74' date='2020-02-23T20:55:39Z'>
		You can consult the documentation for each of those packages for (a), and for (b), CMake will automatically download the ensmallen and STB dependencies if they are not found.
		</comment>
		<comment id='5' author='anishk74' date='2020-02-23T20:58:44Z'>
		Even after CMake installs ensmallen and STB dependencies I get the following error
CMake Warning at CMakeLists.txt:570 (message):
txt2man not found; man pages will not be generated.
-- Not building Markdown bindings.
-- Found Python: /usr/bin/python
-- Could NOT find Doxygen (missing: DOXYGEN_EXECUTABLE)
-- Configuring done
-- Generating done
		</comment>
		<comment id='6' author='anishk74' date='2020-02-23T21:01:34Z'>
		That's not an error.
		</comment>
		<comment id='7' author='anishk74' date='2020-02-23T21:08:07Z'>
		I moved to the futher command
make -j4
and got this error

[  0%] Updating arma_config.hpp (if necessary)
-- Regenerating arma_config.hpp.
[  0%] Built target mlpack_arma_config
Moving header files to include/mlpack/
[  0%] Built target mlpack_headers
[  1%] Generating mlpack.pc (pkg-config) file.
[  1%] Building CXX precompiled header src/mlpack/cotire/mlpack_CXX_prefix.hxx.gch
[  1%] Built target pkgconfig
Scanning dependencies of target mlpack
[  2%] Building CXX object src/mlpack/CMakeFiles/mlpack.dir/bindings/tests/clean_memory.cpp.o
[  2%] Building CXX object src/mlpack/CMakeFiles/mlpack.dir/core/data/load_csv.cpp.o
[  2%] Building CXX object src/mlpack/CMakeFiles/mlpack.dir/bindings/cli/print_help.cpp.o
[  2%] Building CXX object src/mlpack/CMakeFiles/mlpack.dir/core/data/load.cpp.o
In file included from /home/anishk74/mlpack-3.2.1/src/mlpack/core/data/load.hpp:340:0,
from /home/anishk74/mlpack-3.2.1/src/mlpack/core/util/cli_impl.hpp:19,
from /home/anishk74/mlpack-3.2.1/src/mlpack/core/util/cli.hpp:329,
from /home/anishk74/mlpack-3.2.1/src/mlpack/core.hpp:72,
from /home/anishk74/mlpack-3.2.1/src/mlpack/bindings/cli/print_help.hpp:15,
from /home/anishk74/mlpack-3.2.1/src/mlpack/bindings/cli/print_help.cpp:13:
/home/anishk74/mlpack-3.2.1/src/mlpack/core/data/load_image_impl.hpp: In function ‚Äòbool mlpack::data::Load(const string&amp;, arma::Mat&amp;, mlpack::data::ImageInfo&amp;, bool, bool)‚Äô:
/home/anishk74/mlpack-3.2.1/src/mlpack/core/data/load_image_impl.hpp:47:3: error: there are no arguments to ‚Äòstbi_set_flip_vertically_on_load‚Äô that depend on a template parameter, so a declaration of ‚Äòstbi_set_flip_vertically_on_load‚Äô must be available [-fpermissive]
stbi_set_flip_vertically_on_load(transpose);
^~~~~~~~~~~~~~~~~~~~~~~~~~~~~~~~
In file included from /home/anishk74/mlpack-3.2.1/src/mlpack/core/data/load.hpp:340:0,
from /home/anishk74/mlpack-3.2.1/src/mlpack/core/util/cli_impl.hpp:19,
from /home/anishk74/mlpack-3.2.1/src/mlpack/core/util/cli.hpp:329,
from /home/anishk74/mlpack-3.2.1/src/mlpack/core.hpp:72,
from /home/anishk74/mlpack-3.2.1/src/mlpack/bindings/tests/clean_memory.cpp:14:
/home/anishk74/mlpack-3.2.1/src/mlpack/core/data/load_image_impl.hpp: In function ‚Äòbool mlpack::data::Load(const string&amp;, arma::Mat&amp;, mlpack::data::ImageInfo&amp;, bool, bool)‚Äô:
/home/anishk74/mlpack-3.2.1/src/mlpack/core/data/load_image_impl.hpp:47:3: error: there are no arguments to ‚Äòstbi_set_flip_vertically_on_load‚Äô that depend on a template parameter, so a declaration of ‚Äòstbi_set_flip_vertically_on_load‚Äô must be available [-fpermissive]
stbi_set_flip_vertically_on_load(transpose);
^~~~~~~~~~~~~~~~~~~~~~~~~~~~~~~~
/home/anishk74/mlpack-3.2.1/src/mlpack/core/data/load_image_impl.hpp:47:3: note: (if you use ‚Äò-fpermissive‚Äô, G++ will accept your code, but allowing the use of an undeclared name is deprecated)
In file included from /home/anishk74/mlpack-3.2.1/src/mlpack/core/data/load.hpp:340:0,
from /home/anishk74/mlpack-3.2.1/src/mlpack/core/data/load.cpp:12:
/home/anishk74/mlpack-3.2.1/src/mlpack/core/data/load_image_impl.hpp: In function ‚Äòbool mlpack::data::Load(const string&amp;, arma::Mat&amp;, mlpack::data::ImageInfo&amp;, bool, bool)‚Äô:
/home/anishk74/mlpack-3.2.1/src/mlpack/core/data/load_image_impl.hpp:47:3: error: there are no arguments to ‚Äòstbi_set_flip_vertically_on_load‚Äô that depend on a template parameter, so a declaration of ‚Äòstbi_set_flip_vertically_on_load‚Äô must be available [-fpermissive]
stbi_set_flip_vertically_on_load(transpose);
^~~~~~~~~~~~~~~~~~~~~~~~~~~~~~~~
/home/anishk74/mlpack-3.2.1/src/mlpack/core/data/load_image_impl.hpp:47:3: note: (if you use ‚Äò-fpermissive‚Äô, G++ will accept your code, but allowing the use of an undeclared name is deprecated)
/home/anishk74/mlpack-3.2.1/src/mlpack/core/data/load_image_impl.hpp:47:3: note: (if you use ‚Äò-fpermissive‚Äô, G++ will accept your code, but allowing the use of an undeclared name is deprecated)
/home/anishk74/mlpack-3.2.1/src/mlpack/core/data/load_image_impl.hpp:56:9: error: ‚ÄòSTBI_grey‚Äô was not declared in this scope
STBI_grey);
^~~~~~~~~
/home/anishk74/mlpack-3.2.1/src/mlpack/core/data/load_image_impl.hpp:56:9: error: ‚ÄòSTBI_grey‚Äô was not declared in this scope
STBI_grey);
^~~~~~~~~
/home/anishk74/mlpack-3.2.1/src/mlpack/core/data/load_image_impl.hpp:56:9: error: ‚ÄòSTBI_grey‚Äô was not declared in this scope
STBI_grey);
^~~~~~~~~
/home/anishk74/mlpack-3.2.1/src/mlpack/core/data/load_image_impl.hpp:55:13: error: there are no arguments to ‚Äòstbi_load‚Äô that depend on a template parameter, so a declaration of ‚Äòstbi_load‚Äô must be available [-fpermissive]
image = stbi_load(filename.c_str(), &amp;tempWidth, &amp;tempHeight, &amp;tempChannels,
^~~~~~~~~
/home/anishk74/mlpack-3.2.1/src/mlpack/core/data/load_image_impl.hpp:55:13: error: there are no arguments to ‚Äòstbi_load‚Äô that depend on a template parameter, so a declaration of ‚Äòstbi_load‚Äô must be available [-fpermissive]
image = stbi_load(filename.c_str(), &amp;tempWidth, &amp;tempHeight, &amp;tempChannels,
^~~~~~~~~
/home/anishk74/mlpack-3.2.1/src/mlpack/core/data/load_image_impl.hpp:55:13: error: there are no arguments to ‚Äòstbi_load‚Äô that depend on a template parameter, so a declaration of ‚Äòstbi_load‚Äô must be available [-fpermissive]
image = stbi_load(filename.c_str(), &amp;tempWidth, &amp;tempHeight, &amp;tempChannels,
^~~~~~~~~
/home/anishk74/mlpack-3.2.1/src/mlpack/core/data/load_image_impl.hpp:61:9: error: ‚ÄòSTBI_rgb‚Äô was not declared in this scope
STBI_rgb);
^~~~~~~~
/home/anishk74/mlpack-3.2.1/src/mlpack/core/data/load_image_impl.hpp:61:9: error: ‚ÄòSTBI_rgb‚Äô was not declared in this scope
STBI_rgb);
^~~~~~~~
/home/anishk74/mlpack-3.2.1/src/mlpack/core/data/load_image_impl.hpp:61:9: error: ‚ÄòSTBI_rgb‚Äô was not declared in this scope
STBI_rgb);
^~~~~~~~
/home/anishk74/mlpack-3.2.1/src/mlpack/core/data/load_image_impl.hpp:60:13: error: there are no arguments to ‚Äòstbi_load‚Äô that depend on a template parameter, so a declaration of ‚Äòstbi_load‚Äô must be available [-fpermissive]
image = stbi_load(filename.c_str(), &amp;tempWidth, &amp;tempHeight, &amp;tempChannels,
^~~~~~~~~
/home/anishk74/mlpack-3.2.1/src/mlpack/core/data/load_image_impl.hpp:60:13: error: there are no arguments to ‚Äòstbi_load‚Äô that depend on a template parameter, so a declaration of ‚Äòstbi_load‚Äô must be available [-fpermissive]
image = stbi_load(filename.c_str(), &amp;tempWidth, &amp;tempHeight, &amp;tempChannels,
^~~~~~~~~
/home/anishk74/mlpack-3.2.1/src/mlpack/core/data/load_image_impl.hpp:60:13: error: there are no arguments to ‚Äòstbi_load‚Äô that depend on a template parameter, so a declaration of ‚Äòstbi_load‚Äô must be available [-fpermissive]
image = stbi_load(filename.c_str(), &amp;tempWidth, &amp;tempHeight, &amp;tempChannels,
^~~~~~~~~
In file included from /home/anishk74/mlpack-3.2.1/src/mlpack/core/data/save.hpp:136:0,
from /home/anishk74/mlpack-3.2.1/src/mlpack/core/util/cli_impl.hpp:20,
from /home/anishk74/mlpack-3.2.1/src/mlpack/core/util/cli.hpp:329,
from /home/anishk74/mlpack-3.2.1/src/mlpack/core.hpp:72,
from /home/anishk74/mlpack-3.2.1/src/mlpack/bindings/cli/print_help.hpp:15,
from /home/anishk74/mlpack-3.2.1/src/mlpack/bindings/cli/print_help.cpp:13:
/home/anishk74/mlpack-3.2.1/src/mlpack/core/data/save_impl.hpp: In function ‚Äòbool mlpack::data::Save(const string&amp;, arma::Mat&amp;, mlpack::data::ImageInfo&amp;, bool, bool)‚Äô:
/home/anishk74/mlpack-3.2.1/src/mlpack/core/data/save_impl.hpp:323:3: error: there are no arguments to ‚Äòstbi_flip_vertically_on_write‚Äô that depend on a template parameter, so a declaration of ‚Äòstbi_flip_vertically_on_write‚Äô must be available [-fpermissive]
stbi_flip_vertically_on_write(transpose);
^~~~~~~~~~~~~~~~~~~~~~~~~~~~~
In file included from /home/anishk74/mlpack-3.2.1/src/mlpack/core/data/save.hpp:136:0,
from /home/anishk74/mlpack-3.2.1/src/mlpack/core/util/cli_impl.hpp:20,
from /home/anishk74/mlpack-3.2.1/src/mlpack/core/util/cli.hpp:329,
from /home/anishk74/mlpack-3.2.1/src/mlpack/core.hpp:72,
from /home/anishk74/mlpack-3.2.1/src/mlpack/bindings/tests/clean_memory.cpp:14:
/home/anishk74/mlpack-3.2.1/src/mlpack/core/data/save_impl.hpp: In function ‚Äòbool mlpack::data::Save(const string&amp;, arma::Mat&amp;, mlpack::data::ImageInfo&amp;, bool, bool)‚Äô:
/home/anishk74/mlpack-3.2.1/src/mlpack/core/data/save_impl.hpp:323:3: error: there are no arguments to ‚Äòstbi_flip_vertically_on_write‚Äô that depend on a template parameter, so a declaration of ‚Äòstbi_flip_vertically_on_write‚Äô must be available [-fpermissive]
stbi_flip_vertically_on_write(transpose);
^~~~~~~~~~~~~~~~~~~~~~~~~~~~~
/home/anishk74/mlpack-3.2.1/src/mlpack/core/data/save_impl.hpp:332:16: error: there are no arguments to ‚Äòstbi_write_png‚Äô that depend on a template parameter, so a declaration of ‚Äòstbi_write_png‚Äô must be available [-fpermissive]
status = stbi_write_png(filename.c_str(), tempWidth, tempHeight,
^~~~~~~~~~~~~~
/home/anishk74/mlpack-3.2.1/src/mlpack/core/data/save_impl.hpp:332:16: error: there are no arguments to ‚Äòstbi_write_png‚Äô that depend on a template parameter, so a declaration of ‚Äòstbi_write_png‚Äô must be available [-fpermissive]
status = stbi_write_png(filename.c_str(), tempWidth, tempHeight,
^~~~~~~~~~~~~~
/home/anishk74/mlpack-3.2.1/src/mlpack/core/data/save_impl.hpp:337:16: error: there are no arguments to ‚Äòstbi_write_bmp‚Äô that depend on a template parameter, so a declaration of ‚Äòstbi_write_bmp‚Äô must be available [-fpermissive]
status = stbi_write_bmp(filename.c_str(), tempWidth, tempHeight,
^~~~~~~~~~~~~~
/home/anishk74/mlpack-3.2.1/src/mlpack/core/data/save_impl.hpp:337:16: error: there are no arguments to ‚Äòstbi_write_bmp‚Äô that depend on a template parameter, so a declaration of ‚Äòstbi_write_bmp‚Äô must be available [-fpermissive]
status = stbi_write_bmp(filename.c_str(), tempWidth, tempHeight,
^~~~~~~~~~~~~~
/home/anishk74/mlpack-3.2.1/src/mlpack/core/data/save_impl.hpp:342:16: error: there are no arguments to ‚Äòstbi_write_tga‚Äô that depend on a template parameter, so a declaration of ‚Äòstbi_write_tga‚Äô must be available [-fpermissive]
status = stbi_write_tga(filename.c_str(), tempWidth, tempHeight,
^~~~~~~~~~~~~~
/home/anishk74/mlpack-3.2.1/src/mlpack/core/data/save_impl.hpp:342:16: error: there are no arguments to ‚Äòstbi_write_tga‚Äô that depend on a template parameter, so a declaration of ‚Äòstbi_write_tga‚Äô must be available [-fpermissive]
status = stbi_write_tga(filename.c_str(), tempWidth, tempHeight,
^~~~~~~~~~~~~~
/home/anishk74/mlpack-3.2.1/src/mlpack/core/data/save_impl.hpp:347:16: error: there are no arguments to ‚Äòstbi_write_hdr‚Äô that depend on a template parameter, so a declaration of ‚Äòstbi_write_hdr‚Äô must be available [-fpermissive]
status = stbi_write_hdr(filename.c_str(), tempWidth, tempHeight,
^~~~~~~~~~~~~~
/home/anishk74/mlpack-3.2.1/src/mlpack/core/data/save_impl.hpp:347:16: error: there are no arguments to ‚Äòstbi_write_hdr‚Äô that depend on a template parameter, so a declaration of ‚Äòstbi_write_hdr‚Äô must be available [-fpermissive]
status = stbi_write_hdr(filename.c_str(), tempWidth, tempHeight,
^~~~~~~~~~~~~~
/home/anishk74/mlpack-3.2.1/src/mlpack/core/data/save_impl.hpp:352:16: error: there are no arguments to ‚Äòstbi_write_jpg‚Äô that depend on a template parameter, so a declaration of ‚Äòstbi_write_jpg‚Äô must be available [-fpermissive]
status = stbi_write_jpg(filename.c_str(), tempWidth, tempHeight,
^~~~~~~~~~~~~~
/home/anishk74/mlpack-3.2.1/src/mlpack/core/data/save_impl.hpp:352:16: error: there are no arguments to ‚Äòstbi_write_jpg‚Äô that depend on a template parameter, so a declaration of ‚Äòstbi_write_jpg‚Äô must be available [-fpermissive]
status = stbi_write_jpg(filename.c_str(), tempWidth, tempHeight,
^~~~~~~~~~~~~~
In file included from /home/anishk74/mlpack-3.2.1/src/mlpack/core/data/save.hpp:136:0,
from /home/anishk74/mlpack-3.2.1/src/mlpack/core/util/cli_impl.hpp:20,
from /home/anishk74/mlpack-3.2.1/src/mlpack/core/util/cli.hpp:329,
from /home/anishk74/mlpack-3.2.1/src/mlpack/core.hpp:72,
from /home/anishk74/mlpack-3.2.1/src/mlpack/core/data/load_csv.hpp:18,
from /home/anishk74/mlpack-3.2.1/src/mlpack/core/data/load_impl.hpp:21,
from /home/anishk74/mlpack-3.2.1/src/mlpack/core/data/load.cpp:13:
/home/anishk74/mlpack-3.2.1/src/mlpack/core/data/save_impl.hpp: In function ‚Äòbool mlpack::data::Save(const string&amp;, arma::Mat&amp;, mlpack::data::ImageInfo&amp;, bool, bool)‚Äô:
/home/anishk74/mlpack-3.2.1/src/mlpack/core/data/save_impl.hpp:323:3: error: there are no arguments to ‚Äòstbi_flip_vertically_on_write‚Äô that depend on a template parameter, so a declaration of ‚Äòstbi_flip_vertically_on_write‚Äô must be available [-fpermissive]
stbi_flip_vertically_on_write(transpose);
^~~~~~~~~~~~~~~~~~~~~~~~~~~~~
/home/anishk74/mlpack-3.2.1/src/mlpack/core/data/save_impl.hpp:332:16: error: there are no arguments to ‚Äòstbi_write_png‚Äô that depend on a template parameter, so a declaration of ‚Äòstbi_write_png‚Äô must be available [-fpermissive]
status = stbi_write_png(filename.c_str(), tempWidth, tempHeight,
^~~~~~~~~~~~~~
/home/anishk74/mlpack-3.2.1/src/mlpack/core/data/save_impl.hpp:337:16: error: there are no arguments to ‚Äòstbi_write_bmp‚Äô that depend on a template parameter, so a declaration of ‚Äòstbi_write_bmp‚Äô must be available [-fpermissive]
status = stbi_write_bmp(filename.c_str(), tempWidth, tempHeight,
^~~~~~~~~~~~~~
/home/anishk74/mlpack-3.2.1/src/mlpack/core/data/save_impl.hpp:342:16: error: there are no arguments to ‚Äòstbi_write_tga‚Äô that depend on a template parameter, so a declaration of ‚Äòstbi_write_tga‚Äô must be available [-fpermissive]
status = stbi_write_tga(filename.c_str(), tempWidth, tempHeight,
^~~~~~~~~~~~~~
/home/anishk74/mlpack-3.2.1/src/mlpack/core/data/save_impl.hpp:347:16: error: there are no arguments to ‚Äòstbi_write_hdr‚Äô that depend on a template parameter, so a declaration of ‚Äòstbi_write_hdr‚Äô must be available [-fpermissive]
status = stbi_write_hdr(filename.c_str(), tempWidth, tempHeight,
^~~~~~~~~~~~~~
/home/anishk74/mlpack-3.2.1/src/mlpack/core/data/save_impl.hpp:352:16: error: there are no arguments to ‚Äòstbi_write_jpg‚Äô that depend on a template parameter, so a declaration of ‚Äòstbi_write_jpg‚Äô must be available [-fpermissive]
status = stbi_write_jpg(filename.c_str(), tempWidth, tempHeight,
^~~~~~~~~~~~~~
In file included from /home/anishk74/mlpack-3.2.1/src/mlpack/core/data/load.hpp:340:0,
from /home/anishk74/mlpack-3.2.1/src/mlpack/core/util/cli_impl.hpp:19,
from /home/anishk74/mlpack-3.2.1/src/mlpack/core/util/cli.hpp:329,
from /home/anishk74/mlpack-3.2.1/src/mlpack/core.hpp:72,
from /home/anishk74/mlpack-3.2.1/src/mlpack/core/data/load_csv.hpp:18,
from /home/anishk74/mlpack-3.2.1/src/mlpack/core/data/load_csv.cpp:13:
/home/anishk74/mlpack-3.2.1/src/mlpack/core/data/load_image_impl.hpp: In function ‚Äòbool mlpack::data::Load(const string&amp;, arma::Mat&amp;, mlpack::data::ImageInfo&amp;, bool, bool)‚Äô:
/home/anishk74/mlpack-3.2.1/src/mlpack/core/data/load_image_impl.hpp:47:3: error: there are no arguments to ‚Äòstbi_set_flip_vertically_on_load‚Äô that depend on a template parameter, so a declaration of ‚Äòstbi_set_flip_vertically_on_load‚Äô must be available [-fpermissive]
stbi_set_flip_vertically_on_load(transpose);
^~~~~~~~~~~~~~~~~~~~~~~~~~~~~~~~
/home/anishk74/mlpack-3.2.1/src/mlpack/core/data/load_image_impl.hpp:47:3: note: (if you use ‚Äò-fpermissive‚Äô, G++ will accept your code, but allowing the use of an undeclared name is deprecated)
/home/anishk74/mlpack-3.2.1/src/mlpack/core/data/load_image_impl.hpp:56:9: error: ‚ÄòSTBI_grey‚Äô was not declared in this scope
STBI_grey);
^~~~~~~~~
/home/anishk74/mlpack-3.2.1/src/mlpack/core/data/load_image_impl.hpp:55:13: error: there are no arguments to ‚Äòstbi_load‚Äô that depend on a template parameter, so a declaration of ‚Äòstbi_load‚Äô must be available [-fpermissive]
image = stbi_load(filename.c_str(), &amp;tempWidth, &amp;tempHeight, &amp;tempChannels,
^~~~~~~~~
/home/anishk74/mlpack-3.2.1/src/mlpack/core/data/load_image_impl.hpp:61:9: error: ‚ÄòSTBI_rgb‚Äô was not declared in this scope
STBI_rgb);
^~~~~~~~
/home/anishk74/mlpack-3.2.1/src/mlpack/core/data/load_image_impl.hpp:60:13: error: there are no arguments to ‚Äòstbi_load‚Äô that depend on a template parameter, so a declaration of ‚Äòstbi_load‚Äô must be available [-fpermissive]
image = stbi_load(filename.c_str(), &amp;tempWidth, &amp;tempHeight, &amp;tempChannels,
^~~~~~~~~
In file included from /home/anishk74/mlpack-3.2.1/src/mlpack/core/data/save.hpp:136:0,
from /home/anishk74/mlpack-3.2.1/src/mlpack/core/util/cli_impl.hpp:20,
from /home/anishk74/mlpack-3.2.1/src/mlpack/core/util/cli.hpp:329,
from /home/anishk74/mlpack-3.2.1/src/mlpack/core.hpp:72,
from /home/anishk74/mlpack-3.2.1/src/mlpack/core/data/load_csv.hpp:18,
from /home/anishk74/mlpack-3.2.1/src/mlpack/core/data/load_csv.cpp:13:
/home/anishk74/mlpack-3.2.1/src/mlpack/core/data/save_impl.hpp: In function ‚Äòbool mlpack::data::Save(const string&amp;, arma::Mat&amp;, mlpack::data::ImageInfo&amp;, bool, bool)‚Äô:
/home/anishk74/mlpack-3.2.1/src/mlpack/core/data/save_impl.hpp:323:3: error: there are no arguments to ‚Äòstbi_flip_vertically_on_write‚Äô that depend on a template parameter, so a declaration of ‚Äòstbi_flip_vertically_on_write‚Äô must be available [-fpermissive]
stbi_flip_vertically_on_write(transpose);
^~~~~~~~~~~~~~~~~~~~~~~~~~~~~
/home/anishk74/mlpack-3.2.1/src/mlpack/core/data/save_impl.hpp:332:16: error: there are no arguments to ‚Äòstbi_write_png‚Äô that depend on a template parameter, so a declaration of ‚Äòstbi_write_png‚Äô must be available [-fpermissive]
status = stbi_write_png(filename.c_str(), tempWidth, tempHeight,
^~~~~~~~~~~~~~
/home/anishk74/mlpack-3.2.1/src/mlpack/core/data/save_impl.hpp:337:16: error: there are no arguments to ‚Äòstbi_write_bmp‚Äô that depend on a template parameter, so a declaration of ‚Äòstbi_write_bmp‚Äô must be available [-fpermissive]
status = stbi_write_bmp(filename.c_str(), tempWidth, tempHeight,
^~~~~~~~~~~~~~
/home/anishk74/mlpack-3.2.1/src/mlpack/core/data/save_impl.hpp:342:16: error: there are no arguments to ‚Äòstbi_write_tga‚Äô that depend on a template parameter, so a declaration of ‚Äòstbi_write_tga‚Äô must be available [-fpermissive]
status = stbi_write_tga(filename.c_str(), tempWidth, tempHeight,
^~~~~~~~~~~~~~
/home/anishk74/mlpack-3.2.1/src/mlpack/core/data/save_impl.hpp:347:16: error: there are no arguments to ‚Äòstbi_write_hdr‚Äô that depend on a template parameter, so a declaration of ‚Äòstbi_write_hdr‚Äô must be available [-fpermissive]
status = stbi_write_hdr(filename.c_str(), tempWidth, tempHeight,
^~~~~~~~~~~~~~
/home/anishk74/mlpack-3.2.1/src/mlpack/core/data/save_impl.hpp:352:16: error: there are no arguments to ‚Äòstbi_write_jpg‚Äô that depend on a template parameter, so a declaration of ‚Äòstbi_write_jpg‚Äô must be available [-fpermissive]
status = stbi_write_jpg(filename.c_str(), tempWidth, tempHeight,
^~~~~~~~~~~~~~
src/mlpack/CMakeFiles/mlpack.dir/build.make:102: recipe for target 'src/mlpack/CMakeFiles/mlpack.dir/bindings/tests/clean_memory.cpp.o' failed
make[2]: *** [src/mlpack/CMakeFiles/mlpack.dir/bindings/tests/clean_memory.cpp.o] Error 1
make[2]: *** Waiting for unfinished jobs....
src/mlpack/CMakeFiles/mlpack.dir/build.make:77: recipe for target 'src/mlpack/CMakeFiles/mlpack.dir/bindings/cli/print_help.cpp.o' failed
make[2]: *** [src/mlpack/CMakeFiles/mlpack.dir/bindings/cli/print_help.cpp.o] Error 1
src/mlpack/CMakeFiles/mlpack.dir/build.make:127: recipe for target 'src/mlpack/CMakeFiles/mlpack.dir/core/data/load_csv.cpp.o' failed
make[2]: *** [src/mlpack/CMakeFiles/mlpack.dir/core/data/load_csv.cpp.o] Error 1
src/mlpack/CMakeFiles/mlpack.dir/build.make:152: recipe for target 'src/mlpack/CMakeFiles/mlpack.dir/core/data/load.cpp.o' failed
make[2]: *** [src/mlpack/CMakeFiles/mlpack.dir/core/data/load.cpp.o] Error 1
CMakeFiles/Makefile2:272: recipe for target 'src/mlpack/CMakeFiles/mlpack.dir/all' failed
make[1]: *** [src/mlpack/CMakeFiles/mlpack.dir/all] Error 2
Makefile:140: recipe for target 'all' failed
make: *** [all] Error 2

		</comment>
		<comment id='8' author='anishk74' date='2020-02-23T21:16:31Z'>
		
I moved to the futher command
make -j4
and got this error

[  0%] Updating arma_config.hpp (if necessary)
-- Regenerating arma_config.hpp.
[  0%] Built target mlpack_arma_config
Moving header files to include/mlpack/
[  0%] Built target mlpack_headers
[  1%] Generating mlpack.pc (pkg-config) file.
[  1%] Building CXX precompiled header src/mlpack/cotire/mlpack_CXX_prefix.hxx.gch
[  1%] Built target pkgconfig
Scanning dependencies of target mlpack
[  2%] Building CXX object src/mlpack/CMakeFiles/mlpack.dir/bindings/tests/clean_memory.cpp.o
[  2%] Building CXX object src/mlpack/CMakeFiles/mlpack.dir/core/data/load_csv.cpp.o
[  2%] Building CXX object src/mlpack/CMakeFiles/mlpack.dir/bindings/cli/print_help.cpp.o
[  2%] Building CXX object src/mlpack/CMakeFiles/mlpack.dir/core/data/load.cpp.o
In file included from /home/anishk74/mlpack-3.2.1/src/mlpack/core/data/load.hpp:340:0,
from /home/anishk74/mlpack-3.2.1/src/mlpack/core/util/cli_impl.hpp:19,
from /home/anishk74/mlpack-3.2.1/src/mlpack/core/util/cli.hpp:329,
from /home/anishk74/mlpack-3.2.1/src/mlpack/core.hpp:72,
from /home/anishk74/mlpack-3.2.1/src/mlpack/bindings/cli/print_help.hpp:15,
from /home/anishk74/mlpack-3.2.1/src/mlpack/bindings/cli/print_help.cpp:13:
/home/anishk74/mlpack-3.2.1/src/mlpack/core/data/load_image_impl.hpp: In function ‚Äòbool mlpack::data::Load(const string&amp;, arma::Mat&amp;, mlpack::data::ImageInfo&amp;, bool, bool)‚Äô:
/home/anishk74/mlpack-3.2.1/src/mlpack/core/data/load_image_impl.hpp:47:3: error: there are no arguments to ‚Äòstbi_set_flip_vertically_on_load‚Äô that depend on a template parameter, so a declaration of ‚Äòstbi_set_flip_vertically_on_load‚Äô must be available [-fpermissive]
stbi_set_flip_vertically_on_load(transpose);
^~~~~~~~~~~~~~~~~~~~~~~~~~~~~~~~
In file included from /home/anishk74/mlpack-3.2.1/src/mlpack/core/data/load.hpp:340:0,
from /home/anishk74/mlpack-3.2.1/src/mlpack/core/util/cli_impl.hpp:19,
from /home/anishk74/mlpack-3.2.1/src/mlpack/core/util/cli.hpp:329,
from /home/anishk74/mlpack-3.2.1/src/mlpack/core.hpp:72,
from /home/anishk74/mlpack-3.2.1/src/mlpack/bindings/tests/clean_memory.cpp:14:
/home/anishk74/mlpack-3.2.1/src/mlpack/core/data/load_image_impl.hpp: In function ‚Äòbool mlpack::data::Load(const string&amp;, arma::Mat&amp;, mlpack::data::ImageInfo&amp;, bool, bool)‚Äô:
/home/anishk74/mlpack-3.2.1/src/mlpack/core/data/load_image_impl.hpp:47:3: error: there are no arguments to ‚Äòstbi_set_flip_vertically_on_load‚Äô that depend on a template parameter, so a declaration of ‚Äòstbi_set_flip_vertically_on_load‚Äô must be available [-fpermissive]
stbi_set_flip_vertically_on_load(transpose);
^~~~~~~~~~~~~~~~~~~~~~~~~~~~~~~~
/home/anishk74/mlpack-3.2.1/src/mlpack/core/data/load_image_impl.hpp:47:3: note: (if you use ‚Äò-fpermissive‚Äô, G++ will accept your code, but allowing the use of an undeclared name is deprecated)
In file included from /home/anishk74/mlpack-3.2.1/src/mlpack/core/data/load.hpp:340:0,
from /home/anishk74/mlpack-3.2.1/src/mlpack/core/data/load.cpp:12:
/home/anishk74/mlpack-3.2.1/src/mlpack/core/data/load_image_impl.hpp: In function ‚Äòbool mlpack::data::Load(const string&amp;, arma::Mat&amp;, mlpack::data::ImageInfo&amp;, bool, bool)‚Äô:
/home/anishk74/mlpack-3.2.1/src/mlpack/core/data/load_image_impl.hpp:47:3: error: there are no arguments to ‚Äòstbi_set_flip_vertically_on_load‚Äô that depend on a template parameter, so a declaration of ‚Äòstbi_set_flip_vertically_on_load‚Äô must be available [-fpermissive]
stbi_set_flip_vertically_on_load(transpose);
^~~~~~~~~~~~~~~~~~~~~~~~~~~~~~~~
/home/anishk74/mlpack-3.2.1/src/mlpack/core/data/load_image_impl.hpp:47:3: note: (if you use ‚Äò-fpermissive‚Äô, G++ will accept your code, but allowing the use of an undeclared name is deprecated)
/home/anishk74/mlpack-3.2.1/src/mlpack/core/data/load_image_impl.hpp:47:3: note: (if you use ‚Äò-fpermissive‚Äô, G++ will accept your code, but allowing the use of an undeclared name is deprecated)
/home/anishk74/mlpack-3.2.1/src/mlpack/core/data/load_image_impl.hpp:56:9: error: ‚ÄòSTBI_grey‚Äô was not declared in this scope
STBI_grey);
^~~~~~~~~
/home/anishk74/mlpack-3.2.1/src/mlpack/core/data/load_image_impl.hpp:56:9: error: ‚ÄòSTBI_grey‚Äô was not declared in this scope
STBI_grey);
^~~~~~~~~
/home/anishk74/mlpack-3.2.1/src/mlpack/core/data/load_image_impl.hpp:56:9: error: ‚ÄòSTBI_grey‚Äô was not declared in this scope
STBI_grey);
^~~~~~~~~
/home/anishk74/mlpack-3.2.1/src/mlpack/core/data/load_image_impl.hpp:55:13: error: there are no arguments to ‚Äòstbi_load‚Äô that depend on a template parameter, so a declaration of ‚Äòstbi_load‚Äô must be available [-fpermissive]
image = stbi_load(filename.c_str(), &amp;tempWidth, &amp;tempHeight, &amp;tempChannels,
^~~~~~~~~
/home/anishk74/mlpack-3.2.1/src/mlpack/core/data/load_image_impl.hpp:55:13: error: there are no arguments to ‚Äòstbi_load‚Äô that depend on a template parameter, so a declaration of ‚Äòstbi_load‚Äô must be available [-fpermissive]
image = stbi_load(filename.c_str(), &amp;tempWidth, &amp;tempHeight, &amp;tempChannels,
^~~~~~~~~
/home/anishk74/mlpack-3.2.1/src/mlpack/core/data/load_image_impl.hpp:55:13: error: there are no arguments to ‚Äòstbi_load‚Äô that depend on a template parameter, so a declaration of ‚Äòstbi_load‚Äô must be available [-fpermissive]
image = stbi_load(filename.c_str(), &amp;tempWidth, &amp;tempHeight, &amp;tempChannels,
^~~~~~~~~
/home/anishk74/mlpack-3.2.1/src/mlpack/core/data/load_image_impl.hpp:61:9: error: ‚ÄòSTBI_rgb‚Äô was not declared in this scope
STBI_rgb);
^~~~~~~~
/home/anishk74/mlpack-3.2.1/src/mlpack/core/data/load_image_impl.hpp:61:9: error: ‚ÄòSTBI_rgb‚Äô was not declared in this scope
STBI_rgb);
^~~~~~~~
/home/anishk74/mlpack-3.2.1/src/mlpack/core/data/load_image_impl.hpp:61:9: error: ‚ÄòSTBI_rgb‚Äô was not declared in this scope
STBI_rgb);
^~~~~~~~
/home/anishk74/mlpack-3.2.1/src/mlpack/core/data/load_image_impl.hpp:60:13: error: there are no arguments to ‚Äòstbi_load‚Äô that depend on a template parameter, so a declaration of ‚Äòstbi_load‚Äô must be available [-fpermissive]
image = stbi_load(filename.c_str(), &amp;tempWidth, &amp;tempHeight, &amp;tempChannels,
^~~~~~~~~
/home/anishk74/mlpack-3.2.1/src/mlpack/core/data/load_image_impl.hpp:60:13: error: there are no arguments to ‚Äòstbi_load‚Äô that depend on a template parameter, so a declaration of ‚Äòstbi_load‚Äô must be available [-fpermissive]
image = stbi_load(filename.c_str(), &amp;tempWidth, &amp;tempHeight, &amp;tempChannels,
^~~~~~~~~
/home/anishk74/mlpack-3.2.1/src/mlpack/core/data/load_image_impl.hpp:60:13: error: there are no arguments to ‚Äòstbi_load‚Äô that depend on a template parameter, so a declaration of ‚Äòstbi_load‚Äô must be available [-fpermissive]
image = stbi_load(filename.c_str(), &amp;tempWidth, &amp;tempHeight, &amp;tempChannels,
^~~~~~~~~
In file included from /home/anishk74/mlpack-3.2.1/src/mlpack/core/data/save.hpp:136:0,
from /home/anishk74/mlpack-3.2.1/src/mlpack/core/util/cli_impl.hpp:20,
from /home/anishk74/mlpack-3.2.1/src/mlpack/core/util/cli.hpp:329,
from /home/anishk74/mlpack-3.2.1/src/mlpack/core.hpp:72,
from /home/anishk74/mlpack-3.2.1/src/mlpack/bindings/cli/print_help.hpp:15,
from /home/anishk74/mlpack-3.2.1/src/mlpack/bindings/cli/print_help.cpp:13:
/home/anishk74/mlpack-3.2.1/src/mlpack/core/data/save_impl.hpp: In function ‚Äòbool mlpack::data::Save(const string&amp;, arma::Mat&amp;, mlpack::data::ImageInfo&amp;, bool, bool)‚Äô:
/home/anishk74/mlpack-3.2.1/src/mlpack/core/data/save_impl.hpp:323:3: error: there are no arguments to ‚Äòstbi_flip_vertically_on_write‚Äô that depend on a template parameter, so a declaration of ‚Äòstbi_flip_vertically_on_write‚Äô must be available [-fpermissive]
stbi_flip_vertically_on_write(transpose);
^~~~~~~~~~~~~~~~~~~~~~~~~~~~~
In file included from /home/anishk74/mlpack-3.2.1/src/mlpack/core/data/save.hpp:136:0,
from /home/anishk74/mlpack-3.2.1/src/mlpack/core/util/cli_impl.hpp:20,
from /home/anishk74/mlpack-3.2.1/src/mlpack/core/util/cli.hpp:329,
from /home/anishk74/mlpack-3.2.1/src/mlpack/core.hpp:72,
from /home/anishk74/mlpack-3.2.1/src/mlpack/bindings/tests/clean_memory.cpp:14:
/home/anishk74/mlpack-3.2.1/src/mlpack/core/data/save_impl.hpp: In function ‚Äòbool mlpack::data::Save(const string&amp;, arma::Mat&amp;, mlpack::data::ImageInfo&amp;, bool, bool)‚Äô:
/home/anishk74/mlpack-3.2.1/src/mlpack/core/data/save_impl.hpp:323:3: error: there are no arguments to ‚Äòstbi_flip_vertically_on_write‚Äô that depend on a template parameter, so a declaration of ‚Äòstbi_flip_vertically_on_write‚Äô must be available [-fpermissive]
stbi_flip_vertically_on_write(transpose);
^~~~~~~~~~~~~~~~~~~~~~~~~~~~~
/home/anishk74/mlpack-3.2.1/src/mlpack/core/data/save_impl.hpp:332:16: error: there are no arguments to ‚Äòstbi_write_png‚Äô that depend on a template parameter, so a declaration of ‚Äòstbi_write_png‚Äô must be available [-fpermissive]
status = stbi_write_png(filename.c_str(), tempWidth, tempHeight,
^~~~~~~~~~~~~~
/home/anishk74/mlpack-3.2.1/src/mlpack/core/data/save_impl.hpp:332:16: error: there are no arguments to ‚Äòstbi_write_png‚Äô that depend on a template parameter, so a declaration of ‚Äòstbi_write_png‚Äô must be available [-fpermissive]
status = stbi_write_png(filename.c_str(), tempWidth, tempHeight,
^~~~~~~~~~~~~~
/home/anishk74/mlpack-3.2.1/src/mlpack/core/data/save_impl.hpp:337:16: error: there are no arguments to ‚Äòstbi_write_bmp‚Äô that depend on a template parameter, so a declaration of ‚Äòstbi_write_bmp‚Äô must be available [-fpermissive]
status = stbi_write_bmp(filename.c_str(), tempWidth, tempHeight,
^~~~~~~~~~~~~~
/home/anishk74/mlpack-3.2.1/src/mlpack/core/data/save_impl.hpp:337:16: error: there are no arguments to ‚Äòstbi_write_bmp‚Äô that depend on a template parameter, so a declaration of ‚Äòstbi_write_bmp‚Äô must be available [-fpermissive]
status = stbi_write_bmp(filename.c_str(), tempWidth, tempHeight,
^~~~~~~~~~~~~~
/home/anishk74/mlpack-3.2.1/src/mlpack/core/data/save_impl.hpp:342:16: error: there are no arguments to ‚Äòstbi_write_tga‚Äô that depend on a template parameter, so a declaration of ‚Äòstbi_write_tga‚Äô must be available [-fpermissive]
status = stbi_write_tga(filename.c_str(), tempWidth, tempHeight,
^~~~~~~~~~~~~~
/home/anishk74/mlpack-3.2.1/src/mlpack/core/data/save_impl.hpp:342:16: error: there are no arguments to ‚Äòstbi_write_tga‚Äô that depend on a template parameter, so a declaration of ‚Äòstbi_write_tga‚Äô must be available [-fpermissive]
status = stbi_write_tga(filename.c_str(), tempWidth, tempHeight,
^~~~~~~~~~~~~~
/home/anishk74/mlpack-3.2.1/src/mlpack/core/data/save_impl.hpp:347:16: error: there are no arguments to ‚Äòstbi_write_hdr‚Äô that depend on a template parameter, so a declaration of ‚Äòstbi_write_hdr‚Äô must be available [-fpermissive]
status = stbi_write_hdr(filename.c_str(), tempWidth, tempHeight,
^~~~~~~~~~~~~~
/home/anishk74/mlpack-3.2.1/src/mlpack/core/data/save_impl.hpp:347:16: error: there are no arguments to ‚Äòstbi_write_hdr‚Äô that depend on a template parameter, so a declaration of ‚Äòstbi_write_hdr‚Äô must be available [-fpermissive]
status = stbi_write_hdr(filename.c_str(), tempWidth, tempHeight,
^~~~~~~~~~~~~~
/home/anishk74/mlpack-3.2.1/src/mlpack/core/data/save_impl.hpp:352:16: error: there are no arguments to ‚Äòstbi_write_jpg‚Äô that depend on a template parameter, so a declaration of ‚Äòstbi_write_jpg‚Äô must be available [-fpermissive]
status = stbi_write_jpg(filename.c_str(), tempWidth, tempHeight,
^~~~~~~~~~~~~~
/home/anishk74/mlpack-3.2.1/src/mlpack/core/data/save_impl.hpp:352:16: error: there are no arguments to ‚Äòstbi_write_jpg‚Äô that depend on a template parameter, so a declaration of ‚Äòstbi_write_jpg‚Äô must be available [-fpermissive]
status = stbi_write_jpg(filename.c_str(), tempWidth, tempHeight,
^~~~~~~~~~~~~~
In file included from /home/anishk74/mlpack-3.2.1/src/mlpack/core/data/save.hpp:136:0,
from /home/anishk74/mlpack-3.2.1/src/mlpack/core/util/cli_impl.hpp:20,
from /home/anishk74/mlpack-3.2.1/src/mlpack/core/util/cli.hpp:329,
from /home/anishk74/mlpack-3.2.1/src/mlpack/core.hpp:72,
from /home/anishk74/mlpack-3.2.1/src/mlpack/core/data/load_csv.hpp:18,
from /home/anishk74/mlpack-3.2.1/src/mlpack/core/data/load_impl.hpp:21,
from /home/anishk74/mlpack-3.2.1/src/mlpack/core/data/load.cpp:13:
/home/anishk74/mlpack-3.2.1/src/mlpack/core/data/save_impl.hpp: In function ‚Äòbool mlpack::data::Save(const string&amp;, arma::Mat&amp;, mlpack::data::ImageInfo&amp;, bool, bool)‚Äô:
/home/anishk74/mlpack-3.2.1/src/mlpack/core/data/save_impl.hpp:323:3: error: there are no arguments to ‚Äòstbi_flip_vertically_on_write‚Äô that depend on a template parameter, so a declaration of ‚Äòstbi_flip_vertically_on_write‚Äô must be available [-fpermissive]
stbi_flip_vertically_on_write(transpose);
^~~~~~~~~~~~~~~~~~~~~~~~~~~~~
/home/anishk74/mlpack-3.2.1/src/mlpack/core/data/save_impl.hpp:332:16: error: there are no arguments to ‚Äòstbi_write_png‚Äô that depend on a template parameter, so a declaration of ‚Äòstbi_write_png‚Äô must be available [-fpermissive]
status = stbi_write_png(filename.c_str(), tempWidth, tempHeight,
^~~~~~~~~~~~~~
/home/anishk74/mlpack-3.2.1/src/mlpack/core/data/save_impl.hpp:337:16: error: there are no arguments to ‚Äòstbi_write_bmp‚Äô that depend on a template parameter, so a declaration of ‚Äòstbi_write_bmp‚Äô must be available [-fpermissive]
status = stbi_write_bmp(filename.c_str(), tempWidth, tempHeight,
^~~~~~~~~~~~~~
/home/anishk74/mlpack-3.2.1/src/mlpack/core/data/save_impl.hpp:342:16: error: there are no arguments to ‚Äòstbi_write_tga‚Äô that depend on a template parameter, so a declaration of ‚Äòstbi_write_tga‚Äô must be available [-fpermissive]
status = stbi_write_tga(filename.c_str(), tempWidth, tempHeight,
^~~~~~~~~~~~~~
/home/anishk74/mlpack-3.2.1/src/mlpack/core/data/save_impl.hpp:347:16: error: there are no arguments to ‚Äòstbi_write_hdr‚Äô that depend on a template parameter, so a declaration of ‚Äòstbi_write_hdr‚Äô must be available [-fpermissive]
status = stbi_write_hdr(filename.c_str(), tempWidth, tempHeight,
^~~~~~~~~~~~~~
/home/anishk74/mlpack-3.2.1/src/mlpack/core/data/save_impl.hpp:352:16: error: there are no arguments to ‚Äòstbi_write_jpg‚Äô that depend on a template parameter, so a declaration of ‚Äòstbi_write_jpg‚Äô must be available [-fpermissive]
status = stbi_write_jpg(filename.c_str(), tempWidth, tempHeight,
^~~~~~~~~~~~~~
In file included from /home/anishk74/mlpack-3.2.1/src/mlpack/core/data/load.hpp:340:0,
from /home/anishk74/mlpack-3.2.1/src/mlpack/core/util/cli_impl.hpp:19,
from /home/anishk74/mlpack-3.2.1/src/mlpack/core/util/cli.hpp:329,
from /home/anishk74/mlpack-3.2.1/src/mlpack/core.hpp:72,
from /home/anishk74/mlpack-3.2.1/src/mlpack/core/data/load_csv.hpp:18,
from /home/anishk74/mlpack-3.2.1/src/mlpack/core/data/load_csv.cpp:13:
/home/anishk74/mlpack-3.2.1/src/mlpack/core/data/load_image_impl.hpp: In function ‚Äòbool mlpack::data::Load(const string&amp;, arma::Mat&amp;, mlpack::data::ImageInfo&amp;, bool, bool)‚Äô:
/home/anishk74/mlpack-3.2.1/src/mlpack/core/data/load_image_impl.hpp:47:3: error: there are no arguments to ‚Äòstbi_set_flip_vertically_on_load‚Äô that depend on a template parameter, so a declaration of ‚Äòstbi_set_flip_vertically_on_load‚Äô must be available [-fpermissive]
stbi_set_flip_vertically_on_load(transpose);
^~~~~~~~~~~~~~~~~~~~~~~~~~~~~~~~
/home/anishk74/mlpack-3.2.1/src/mlpack/core/data/load_image_impl.hpp:47:3: note: (if you use ‚Äò-fpermissive‚Äô, G++ will accept your code, but allowing the use of an undeclared name is deprecated)
/home/anishk74/mlpack-3.2.1/src/mlpack/core/data/load_image_impl.hpp:56:9: error: ‚ÄòSTBI_grey‚Äô was not declared in this scope
STBI_grey);
^~~~~~~~~
/home/anishk74/mlpack-3.2.1/src/mlpack/core/data/load_image_impl.hpp:55:13: error: there are no arguments to ‚Äòstbi_load‚Äô that depend on a template parameter, so a declaration of ‚Äòstbi_load‚Äô must be available [-fpermissive]
image = stbi_load(filename.c_str(), &amp;tempWidth, &amp;tempHeight, &amp;tempChannels,
^~~~~~~~~
/home/anishk74/mlpack-3.2.1/src/mlpack/core/data/load_image_impl.hpp:61:9: error: ‚ÄòSTBI_rgb‚Äô was not declared in this scope
STBI_rgb);
^~~~~~~~
/home/anishk74/mlpack-3.2.1/src/mlpack/core/data/load_image_impl.hpp:60:13: error: there are no arguments to ‚Äòstbi_load‚Äô that depend on a template parameter, so a declaration of ‚Äòstbi_load‚Äô must be available [-fpermissive]
image = stbi_load(filename.c_str(), &amp;tempWidth, &amp;tempHeight, &amp;tempChannels,
^~~~~~~~~
In file included from /home/anishk74/mlpack-3.2.1/src/mlpack/core/data/save.hpp:136:0,
from /home/anishk74/mlpack-3.2.1/src/mlpack/core/util/cli_impl.hpp:20,
from /home/anishk74/mlpack-3.2.1/src/mlpack/core/util/cli.hpp:329,
from /home/anishk74/mlpack-3.2.1/src/mlpack/core.hpp:72,
from /home/anishk74/mlpack-3.2.1/src/mlpack/core/data/load_csv.hpp:18,
from /home/anishk74/mlpack-3.2.1/src/mlpack/core/data/load_csv.cpp:13:
/home/anishk74/mlpack-3.2.1/src/mlpack/core/data/save_impl.hpp: In function ‚Äòbool mlpack::data::Save(const string&amp;, arma::Mat&amp;, mlpack::data::ImageInfo&amp;, bool, bool)‚Äô:
/home/anishk74/mlpack-3.2.1/src/mlpack/core/data/save_impl.hpp:323:3: error: there are no arguments to ‚Äòstbi_flip_vertically_on_write‚Äô that depend on a template parameter, so a declaration of ‚Äòstbi_flip_vertically_on_write‚Äô must be available [-fpermissive]
stbi_flip_vertically_on_write(transpose);
^~~~~~~~~~~~~~~~~~~~~~~~~~~~~
/home/anishk74/mlpack-3.2.1/src/mlpack/core/data/save_impl.hpp:332:16: error: there are no arguments to ‚Äòstbi_write_png‚Äô that depend on a template parameter, so a declaration of ‚Äòstbi_write_png‚Äô must be available [-fpermissive]
status = stbi_write_png(filename.c_str(), tempWidth, tempHeight,
^~~~~~~~~~~~~~
/home/anishk74/mlpack-3.2.1/src/mlpack/core/data/save_impl.hpp:337:16: error: there are no arguments to ‚Äòstbi_write_bmp‚Äô that depend on a template parameter, so a declaration of ‚Äòstbi_write_bmp‚Äô must be available [-fpermissive]
status = stbi_write_bmp(filename.c_str(), tempWidth, tempHeight,
^~~~~~~~~~~~~~
/home/anishk74/mlpack-3.2.1/src/mlpack/core/data/save_impl.hpp:342:16: error: there are no arguments to ‚Äòstbi_write_tga‚Äô that depend on a template parameter, so a declaration of ‚Äòstbi_write_tga‚Äô must be available [-fpermissive]
status = stbi_write_tga(filename.c_str(), tempWidth, tempHeight,
^~~~~~~~~~~~~~
/home/anishk74/mlpack-3.2.1/src/mlpack/core/data/save_impl.hpp:347:16: error: there are no arguments to ‚Äòstbi_write_hdr‚Äô that depend on a template parameter, so a declaration of ‚Äòstbi_write_hdr‚Äô must be available [-fpermissive]
status = stbi_write_hdr(filename.c_str(), tempWidth, tempHeight,
^~~~~~~~~~~~~~
/home/anishk74/mlpack-3.2.1/src/mlpack/core/data/save_impl.hpp:352:16: error: there are no arguments to ‚Äòstbi_write_jpg‚Äô that depend on a template parameter, so a declaration of ‚Äòstbi_write_jpg‚Äô must be available [-fpermissive]
status = stbi_write_jpg(filename.c_str(), tempWidth, tempHeight,
^~~~~~~~~~~~~~
src/mlpack/CMakeFiles/mlpack.dir/build.make:102: recipe for target 'src/mlpack/CMakeFiles/mlpack.dir/bindings/tests/clean_memory.cpp.o' failed
make[2]: *** [src/mlpack/CMakeFiles/mlpack.dir/bindings/tests/clean_memory.cpp.o] Error 1
make[2]: *** Waiting for unfinished jobs....
src/mlpack/CMakeFiles/mlpack.dir/build.make:77: recipe for target 'src/mlpack/CMakeFiles/mlpack.dir/bindings/cli/print_help.cpp.o' failed
make[2]: *** [src/mlpack/CMakeFiles/mlpack.dir/bindings/cli/print_help.cpp.o] Error 1
src/mlpack/CMakeFiles/mlpack.dir/build.make:127: recipe for target 'src/mlpack/CMakeFiles/mlpack.dir/core/data/load_csv.cpp.o' failed
make[2]: *** [src/mlpack/CMakeFiles/mlpack.dir/core/data/load_csv.cpp.o] Error 1
src/mlpack/CMakeFiles/mlpack.dir/build.make:152: recipe for target 'src/mlpack/CMakeFiles/mlpack.dir/core/data/load.cpp.o' failed
make[2]: *** [src/mlpack/CMakeFiles/mlpack.dir/core/data/load.cpp.o] Error 1
CMakeFiles/Makefile2:272: recipe for target 'src/mlpack/CMakeFiles/mlpack.dir/all' failed
make[1]: *** [src/mlpack/CMakeFiles/mlpack.dir/all] Error 2
Makefile:140: recipe for target 'all' failed
make: *** [all] Error 2


Dear &lt;denchmark-link:https://github.com/rcurtin&gt;@rcurtin&lt;/denchmark-link&gt;
 sir/ma'am, Any suggestions for this?
		</comment>
		<comment id='9' author='anishk74' date='2020-02-23T21:20:42Z'>
		&lt;denchmark-link:https://github.com/anishk74&gt;@anishk74&lt;/denchmark-link&gt;
 did you by any chance compile with -DDOWNLOAD_STB_IMAGE=OFF?
		</comment>
		<comment id='10' author='anishk74' date='2020-02-23T21:21:43Z'>
		NO I didn't

@anishk74 did you by any chance compile with -DDOWNLOAD_STB_IMAGE=OFF?

		</comment>
		<comment id='11' author='anishk74' date='2020-02-23T21:22:29Z'>
		&lt;denchmark-link:https://github.com/rcurtin&gt;@rcurtin&lt;/denchmark-link&gt;
 is this related to the issue we are working on?
		</comment>
		<comment id='12' author='anishk74' date='2020-02-23T21:24:59Z'>
		Dear sir, I want to contribute to this library implementing some new features but I am stuck here
		</comment>
		<comment id='13' author='anishk74' date='2020-02-24T00:04:06Z'>
		Can you build against the master branch?
		</comment>
		<comment id='14' author='anishk74' date='2020-02-24T09:27:11Z'>
		Since the master branch doesn't have the build folder so I tried to copy the build of mlpack-3.2.1 to master branch and replaced every occurrence of mlpack-3.2.1 to mlpack in CMakeCache.txt.
And this is what I got...
Scanning dependencies of target mlpack_gitversion
Scanning dependencies of target mlpack_arma_config
[  0%] Updating gitversion.hpp (if necessary)
[  0%] Updating arma_config.hpp (if necessary)
-- Regenerating arma_config.hpp.
[  0%] Built target mlpack_arma_config
-- Found Git: /usr/bin/git (found version "2.17.1")
-- gitversion.hpp is already up to date.
[  0%] Built target mlpack_gitversion
Scanning dependencies of target mlpack_headers
Moving header files to include/mlpack/
[  0%] Built target mlpack_headers
Scanning dependencies of target pkgconfig
make[2]: *** No rule to make target '../src/mlpack/core/arma_extend/fn_inplace_reshape.hpp', needed by 'src/mlpack/cotire/mlpack_CXX_prefix.hxx.gch'.  Stop.
make[2]: *** Waiting for unfinished jobs....
[  0%] Generating mlpack.pc (pkg-config) file.
[  0%] Generating CXX prefix source src/mlpack/cotire/mlpack_CXX_prefix.cxx
[  0%] Built target pkgconfig
CMakeFiles/Makefile2:344: recipe for target 'src/mlpack/CMakeFiles/mlpack.dir/all' failed
make[1]: *** [src/mlpack/CMakeFiles/mlpack.dir/all] Error 2
Makefile:140: recipe for target 'all' failed
make: *** [all] Error 2
		</comment>
		<comment id='15' author='anishk74' date='2020-02-24T13:03:40Z'>
		Hello!
I want to make a PR and update the documentation as my first contribution.
Althought the README on github states that we need to build the dependencies from source, but the following link:
&lt;denchmark-link:https://www.mlpack.org/doc/mlpack-3.2.2/doxygen/build.html&gt;https://www.mlpack.org/doc/mlpack-3.2.2/doxygen/build.html&lt;/denchmark-link&gt;

states that we can get the dependencies from apt-get, whereas the command given in the following image have a few problems:
&lt;denchmark-link:https://drive.google.com/file/d/11jAeR2taGOiBlPIBttxP5BV_BrREFxsH/view?usp=sharing&gt;https://drive.google.com/file/d/11jAeR2taGOiBlPIBttxP5BV_BrREFxsH/view?usp=sharing&lt;/denchmark-link&gt;


The version of armadillo installed by this is older than the one required by mlpack. (It installs version 6.something)
The library libensmallen-dev and libstb-dev are not found by apt-get.

This may be my system's drawbacks, so any comment would be appreciated.
Also the exports to be done for LD_LIBRARY_PATH and PYTHONPATH in the end have been mentioned under the heading "Using mlpack without installing", whereas i needed to do it anyways.
		</comment>
		<comment id='16' author='anishk74' date='2020-02-24T15:53:56Z'>
		I opened &lt;denchmark-link:https://github.com/mlpack/mlpack/pull/2235&gt;#2235&lt;/denchmark-link&gt;
 to help clarify some of these things, especially the second point above and the original reason this issue was opened.  &lt;denchmark-link:https://github.com/saraansh1999&gt;@saraansh1999&lt;/denchmark-link&gt;
 do you want to find the minimum version of Ubuntu that has a suitable version of Armadillo?  If you can find that then we can update the documentation to point out what to do if a new enough version of Armadillo is not available.  (I'd suggest looking at &lt;denchmark-link:https://packages.ubuntu.com/&gt;https://packages.ubuntu.com/&lt;/denchmark-link&gt;
, for instance.)
		</comment>
		<comment id='17' author='anishk74' date='2020-02-24T15:55:04Z'>
		
Since the master branch doesn't have the build folder

Did you read &lt;denchmark-link:https://www.mlpack.org/doc/mlpack-3.2.2/doxygen/build.html&gt;https://www.mlpack.org/doc/mlpack-3.2.2/doxygen/build.html&lt;/denchmark-link&gt;
 ?  It explicitly has a section called "Creating the Build Directory".
		</comment>
		<comment id='18' author='anishk74' date='2020-02-24T16:44:42Z'>
		&lt;denchmark-link:https://github.com/rcurtin&gt;@rcurtin&lt;/denchmark-link&gt;
 I searched for armadillo using the link you provided.
&lt;denchmark-link:url&gt;https://packages.ubuntu.com/search?keywords=armadillo&lt;/denchmark-link&gt;
 (Copy and paste the link. Direct click isn't working for some reason.) clearly finds armadillo6 in 16.04, but armadillo8.4 onwards from 18.04.
So I guess Ubuntu 18.04LTS onwards would install armadillo8.4 or above which is the requirement for mlpack.
		</comment>
		<comment id='19' author='anishk74' date='2020-02-24T16:50:08Z'>
		Sounds good---do you want to update the documentation to point out that the correct Armadillo dependency may not be available on Ubuntu versions before 18.04, and that if the user is using an older version of Armadillo, they should compile and install it from source?
		</comment>
		<comment id='20' author='anishk74' date='2020-02-24T16:51:50Z'>
		yes thank you.
I will do that
just to clarify, I need to edit mlpack/doc/guide/build.hpp ?
		</comment>
		<comment id='21' author='anishk74' date='2020-02-24T16:54:04Z'>
		Yes, that's the file, but maybe it's worth looking at README.md too to see if you think there is anything in there that should also be clarified. üëç
		</comment>
		<comment id='22' author='anishk74' date='2020-02-24T16:57:15Z'>
		Is there a proper formatting standard for the docs? If yes, could you guide me to some documentation for the same. Thanks!
		</comment>
		<comment id='23' author='anishk74' date='2020-02-24T17:00:43Z'>
		It's just doxygen: &lt;denchmark-link:http://www.doxygen.nl/&gt;http://www.doxygen.nl/&lt;/denchmark-link&gt;

For formatting standards, see the existing style guidelines in the Github wiki and also just use complete sentences in the documentation (since people using this documentation may not have the best English skills, it's good to keep it grammatically correct :)).
		</comment>
		<comment id='24' author='anishk74' date='2020-02-24T17:26:32Z'>
		How do i preview the changes i have made locally in doxygen.
I tried dyoxygen *.hpp in the folder  mlpack/doc/guide/ but the html files generated are not looking like the ones online. What am i doing wrong?
		</comment>
		<comment id='25' author='anishk74' date='2020-02-24T17:30:40Z'>
		You should be able to just run doxygen from the build directory (or even make doc or make doxygen).  The HTML files on the website use specific styling that isn't part of the main repository (long story); so it should be fine to just make sure that the document you modified displays reasonably locally, and it'll be fine once it's merged and on the main website.
		</comment>
		<comment id='26' author='anishk74' date='2020-02-24T17:43:25Z'>
		Hey &lt;denchmark-link:https://github.com/rcurtin&gt;@rcurtin&lt;/denchmark-link&gt;

Can you look at my PR and tell me if I've gone wrong somewhere?
Thanks
		</comment>
		<comment id='27' author='anishk74' date='2020-02-24T18:13:16Z'>
		I have also added a line about how enmallen and stb are installed automatically by cmake given the two flags are set
		</comment>
		<comment id='28' author='anishk74' date='2020-02-25T11:48:49Z'>
		

Since the master branch doesn't have the build folder

Did you read https://www.mlpack.org/doc/mlpack-3.2.2/doxygen/build.html ? It explicitly has a section called "Creating the Build Directory".

My bad. Using CMake for the first time
		</comment>
		<comment id='29' author='anishk74' date='2020-03-12T20:17:42Z'>
		I guess we can close this now, since the required changes have been made to the documentation
		</comment>
	</comments>
</bug>