<bug id='3349' author='linrio' open_date='2020-11-25T10:02:22Z' closed_time='2020-12-03T18:44:00Z'>
	<summary>[Bug] CMake error. Could not find a package configuration file provided by "TBB"</summary>
	<description>
&lt;denchmark-h:h5&gt;System information (version)&lt;/denchmark-h&gt;


OpenVINO 2020.11
Operating System / Platform =&gt; Ubuntu 18.04.5 LTS
Problem classification: run demo
Framework: caffe
Model name: squeezenet1.1

&lt;denchmark-h:h5&gt;Detailed description&lt;/denchmark-h&gt;

I run the squeezenet demo,
&lt;denchmark-code&gt;app@ubuntu:/opt/intel/openvino_2021/deployment_tools/demo$ ./demo_squeezenet_download_convert_run.sh
&lt;/denchmark-code&gt;

it happened error:
&lt;denchmark-code&gt;###################################################

Build Inference Engine samples

-- The C compiler identification is GNU 7.5.0
-- The CXX compiler identification is GNU 7.5.0
-- Check for working C compiler: /usr/bin/cc
-- Check for working C compiler: /usr/bin/cc - works
-- Detecting C compiler ABI info
-- Detecting C compiler ABI info - done
-- Detecting C compile features
-- Detecting C compile features - done
-- Check for working CXX compiler: /usr/bin/c++
-- Check for working CXX compiler: /usr/bin/c++ - works
-- Detecting CXX compiler ABI info
-- Detecting CXX compiler ABI info - done
-- Detecting CXX compile features
-- Detecting CXX compile features - done
-- Looking for C++ include unistd.h
-- Looking for C++ include unistd.h - found
-- Looking for C++ include stdint.h
-- Looking for C++ include stdint.h - found
-- Looking for C++ include sys/types.h
-- Looking for C++ include sys/types.h - found
-- Looking for C++ include fnmatch.h
-- Looking for C++ include fnmatch.h - found
-- Looking for strtoll
-- Looking for strtoll - found
-- Found InferenceEngine: /opt/intel/openvino_2021/deployment_tools/inference_engine/lib/intel64/libinference_engine.so (Required is at least version "2.1")
CMake Warning at /opt/intel/openvino_2021/deployment_tools/inference_engine/share/ie_parallel.cmake:6 (find_package):
  By not providing "FindTBB.cmake" in CMAKE_MODULE_PATH this project has
  asked CMake to find a package configuration file provided by "TBB", but
  CMake did not find one.

  Could not find a package configuration file provided by "TBB" with any of
  the following names:

    TBBConfig.cmake
    tbb-config.cmake

  Add the installation prefix of "TBB" to CMAKE_PREFIX_PATH or set "TBB_DIR"
  to a directory containing one of the above files.  If "TBB" provides a
  separate development package or SDK, be sure it has been installed.
Call Stack (most recent call first):
  /opt/intel/openvino_2021/deployment_tools/inference_engine/share/InferenceEngineConfig.cmake:170 (include)
  CMakeLists.txt:141 (find_package)


CMake Warning at /opt/intel/openvino_2021/deployment_tools/inference_engine/share/InferenceEngineConfig.cmake:32 (message):
  TBB was not found by the configured TBB_DIR/TBBROOT path.  SEQ method will
  be used.
Call Stack (most recent call first):
  /opt/intel/openvino_2021/deployment_tools/inference_engine/share/ie_parallel.cmake:14 (ext_message)
  /opt/intel/openvino_2021/deployment_tools/inference_engine/share/InferenceEngineConfig.cmake:170 (include)
  CMakeLists.txt:141 (find_package)


-- Configuring done
-- Generating done
-- Build files have been written to: /home/apple/inference_engine_samples_build
[ 36%] Built target gflags_nothreads_static
[ 81%] Built target format_reader
[ 90%] Linking CXX executable ../intel64/Release/classification_sample_async
/usr/bin/ld: warning: libtbb.so.2, needed by /opt/intel/openvino_2021/deployment_tools/inference_engine/lib/intel64/libinference_engine_legacy.so, not found (try using -rpath or -rpath-link)
/usr/bin/ld: warning: libngraph.so, needed by /opt/intel/openvino_2021/deployment_tools/inference_engine/lib/intel64/libinference_engine_legacy.so, not found (try using -rpath or -rpath-link)
//opt/intel/openvino_2021/deployment_tools/inference_engine/lib/intel64/libinference_engine_transformations.so: undefined reference to `ngraph::op::util::BinaryElementwiseComparison::validate_and_infer_types()'
//opt/intel/openvino_2021/deployment_tools/inference_engine/lib/intel64/libinference_engine_transformations.so: undefined reference to `ngraph::op::util::BinaryElementwiseComparison::visit_attributes(ngraph::AttributeVisitor&amp;)'
//opt/intel/openvino_2021/deployment_tools/inference_engine/lib/intel64/libinference_engine_transformations.so: undefined reference to `ngraph::op::v3::ScatterElementsUpdate::ScatterElementsUpdate(ngraph::Output&lt;ngraph::Node&gt; const&amp;, ngraph::Output&lt;ngraph::Node&gt; const&amp;, ngraph::Output&lt;ngraph::Node&gt; const&amp;, ngraph::Output&lt;ngraph::Node&gt; const&amp;)'
...
...
/opt/intel/openvino_2021/deployment_tools/inference_engine/lib/intel64/libinference_engine_legacy.so: undefined reference to `ngraph::op::v0::Parameter::Parameter(ngraph::element::Type const&amp;, ngraph::PartialShape const&amp;, bool)'
//opt/intel/openvino_2021/deployment_tools/inference_engine/lib/intel64/libinference_engine_transformations.so: undefined reference to `ngraph::replace_node(std::shared_ptr&lt;ngraph::Node&gt; const&amp;, std::vector&lt;ngraph::Output&lt;ngraph::Node&gt;, std::allocator&lt;ngraph::Output&lt;ngraph::Node&gt; &gt; &gt; const&amp;)'
//opt/intel/openvino_2021/deployment_tools/inference_engine/lib/intel64/libinference_engine_transformations.so: undefined reference to `ngraph::op::v0::MatMul::MatMul(ngraph::Output&lt;ngraph::Node&gt; const&amp;, ngraph::Output&lt;ngraph::Node&gt; const&amp;, bool const&amp;, bool const&amp;)'
//opt/intel/openvino_2021/deployment_tools/inference_engine/lib/intel64/libinference_engine_transformations.so: undefined reference to `ngraph::op::v5::RNNSequence::type_info'
collect2: error: ld returned 1 exit status
classification_sample_async/CMakeFiles/classification_sample_async.dir/build.make:108: recipe for target 'intel64/Release/classification_sample_async' failed
make[3]: *** [intel64/Release/classification_sample_async] Error 1
CMakeFiles/Makefile2:465: recipe for target 'classification_sample_async/CMakeFiles/classification_sample_async.dir/all' failed
make[2]: *** [classification_sample_async/CMakeFiles/classification_sample_async.dir/all] Error 2
CMakeFiles/Makefile2:472: recipe for target 'classification_sample_async/CMakeFiles/classification_sample_async.dir/rule' failed
make[1]: *** [classification_sample_async/CMakeFiles/classification_sample_async.dir/rule] Error 2
Makefile:236: recipe for target 'classification_sample_async' failed
make: *** [classification_sample_async] Error 2
Error on or near line 209; exiting with status 1

&lt;/denchmark-code&gt;

how to fixed this bug？
	</description>
	<comments>
		<comment id='1' author='linrio' date='2020-11-25T18:54:53Z'>
		Hi &lt;denchmark-link:https://github.com/linrio&gt;@linrio&lt;/denchmark-link&gt;

Thanks for reaching out, could you confirm you completed all the steps mentioned in the &lt;denchmark-link:https://docs.openvinotoolkit.org/latest/openvino_docs_install_guides_installing_openvino_linux.html&gt;getting started guide&lt;/denchmark-link&gt;
?
I also see the TBB warning on my end, however, I believe your issue is related to ngraph. Could you check that libngraph.so is located under /opt/intel/openvino_2021/deployment_tools/ngraph/lib/? If you could also provide the output of echo $ngraph_DIR.
Regards,
Jesus
		</comment>
		<comment id='2' author='linrio' date='2020-11-26T01:12:45Z'>
		Hi, &lt;denchmark-link:https://github.com/jgespino&gt;@jgespino&lt;/denchmark-link&gt;

I completed all the steps in &lt;denchmark-link:https://docs.openvinotoolkit.org/latest/openvino_docs_install_guides_installing_openvino_linux.html&gt;Install Intel® Distribution of OpenVINO™ toolkit for Linux*&lt;/denchmark-link&gt;

I check that  is under:
&lt;denchmark-code&gt;$ ls -lh /opt/intel/openvino_2021/deployment_tools/ngraph/lib/
total 7.7M
-rw-r--r-- 1 root root 5.6M Sep 30 15:26 libngraph.so
-rw-r--r-- 1 root root 2.1M Sep 30 15:27 libonnx_importer.so
&lt;/denchmark-code&gt;

the output of echo $ngraph_DIR is:
&lt;denchmark-code&gt;$ echo $ngraph_DIR
/opt/intel/openvino_2021/deployment_tools/ngraph/cmake
&lt;/denchmark-code&gt;

And
&lt;denchmark-code&gt;$ ls -lh /opt/intel/openvino_2021/deployment_tools/ngraph/cmake
total 16K
-rw-r--r-- 1 root root 2.0K Sep 30 15:20 ngraphConfig.cmake
-rw-r--r-- 1 root root 1.6K Sep 30 15:20 ngraphConfigVersion.cmake
-rw-r--r-- 1 root root 3.7K Sep 30 15:22 ngraphTargets.cmake
-rw-r--r-- 1 root root 1.3K Sep 30 15:22 ngraphTargets-release.cmake
&lt;/denchmark-code&gt;

		</comment>
		<comment id='3' author='linrio' date='2020-11-26T01:19:57Z'>
		Tks for &lt;denchmark-link:https://github.com/AlexVeprev&gt;@AlexVeprev&lt;/denchmark-link&gt;
 said &lt;denchmark-link:https://github.com/oneapi-src/oneDPL/issues/52#issuecomment-733743361&gt;Could not find a package configuration file provided by "TBB" with any of TBBConfig.cmake tbb-config.cmake&lt;/denchmark-link&gt;
.
After I modified the  line 208:
From
&lt;denchmark-code&gt;cmake -DCMAKE_BUILD_TYPE=Release $samples_path
&lt;/denchmark-code&gt;

To
&lt;denchmark-code&gt;cmake -DTBB_DIR=/tmp/oneapi-tbb-2021.1-beta10/lib/intel64/cmake/TBB -DCMAKE_BUILD_TYPE=Release $samples_path
&lt;/denchmark-code&gt;

the TBB error disappeared.
&lt;denchmark-code&gt;###################################################

Build Inference Engine samples

-- The C compiler identification is GNU 7.5.0
-- The CXX compiler identification is GNU 7.5.0
-- Check for working C compiler: /usr/bin/cc
-- Check for working C compiler: /usr/bin/cc - works
-- Detecting C compiler ABI info
-- Detecting C compiler ABI info - done
-- Detecting C compile features
-- Detecting C compile features - done
-- Check for working CXX compiler: /usr/bin/c++
-- Check for working CXX compiler: /usr/bin/c++ - works
-- Detecting CXX compiler ABI info
-- Detecting CXX compiler ABI info - done
-- Detecting CXX compile features
-- Detecting CXX compile features - done
-- Looking for C++ include unistd.h
-- Looking for C++ include unistd.h - found
-- Looking for C++ include stdint.h
-- Looking for C++ include stdint.h - found
-- Looking for C++ include sys/types.h
-- Looking for C++ include sys/types.h - found
-- Looking for C++ include fnmatch.h
-- Looking for C++ include fnmatch.h - found
-- Looking for strtoll
-- Looking for strtoll - found
-- Found InferenceEngine: /opt/intel/openvino_2021/deployment_tools/inference_engine/lib/intel64/libinference_engine.so (Required is at least version "2.1")
-- Configuring done
-- Generating done
-- Build files have been written to: /home/apple/inference_engine_samples_build
[ 36%] Built target gflags_nothreads_static
[ 81%] Built target format_reader
[ 90%] Linking CXX executable ../intel64/Release/classification_sample_async
/usr/bin/ld: warning: libtbb.so.2, needed by /opt/intel/openvino_2021/deployment_tools/inference_engine/lib/intel64/libinference_engine_legacy.so, not found (try using -rpath or -rpath-link)
/usr/bin/ld: warning: libngraph.so, needed by /opt/intel/openvino_2021/deployment_tools/inference_engine/lib/intel64/libinference_engine_legacy.so, not found (try using -rpath or -rpath-link)
//opt/intel/openvino_2021/deployment_tools/inference_engine/lib/intel64/libinference_engine_transformations.so: undefined reference to `ngraph::op::util::BinaryElementwiseComparison::validate_and_infer_types()'
//opt/intel/openvino_2021/deployment_tools/inference_engine/lib/intel64/libinference_engine_transformations.so: undefined reference to `ngraph::op::util::BinaryElementwiseComparison::visit_attributes(ngraph::AttributeVisitor&amp;)'

&lt;/denchmark-code&gt;

		</comment>
		<comment id='4' author='linrio' date='2020-11-26T11:54:15Z'>
		CC &lt;denchmark-link:https://github.com/AlexPeskov&gt;@AlexPeskov&lt;/denchmark-link&gt;

It should be fixed by &lt;denchmark-link:https://github.com/openvinotoolkit/openvino/pull/2966&gt;#2966&lt;/denchmark-link&gt;

		</comment>
	</comments>
</bug>