<bug_data>
<bug id='4152' author='jgbradley1' open_date='2020-06-06T05:18:52Z' closed_time='2020-06-10T23:02:54Z'>
 	<summary>Build failure on redundant move statement</summary>
 	<description>
 
 &lt;denchmark-link:https://github.com/microsoft/onnxruntime/blob/master/onnxruntime/test/perftest/TFModelInfo.cc#L51&gt;This&lt;/denchmark-link&gt;
  line is throwing a compilation error on master branch when I try to build.
 System information
 
 OS Platform and Distribution: Linux Ubuntu 18.04
 ONNX Runtime installed from (source or binary): master branch
 ONNX Runtime version: latest
 Python version: v3.6.9
 GCC/Compiler version (if compiling from source): GCC v9.2.1 20191102
 
 To Reproduce
 
 clone the repo
 run the build.sh script
 
 &lt;denchmark-code&gt;./build.sh --config RelWithDebInfo --build_shared_lib
 &lt;/denchmark-code&gt;
 
 Full Error Message
 &lt;denchmark-code&gt;/home/josh/Downloads/tmp/onnxruntime/onnxruntime/test/perftest/TFModelInfo.cc: In static member function ‘static std::unique_ptr&lt;TestModelInfo&gt; TFModelInfo::Create(const PATH_CHAR_TYPE*)’:
 /home/josh/Downloads/tmp/onnxruntime/onnxruntime/test/perftest/TFModelInfo.cc:51:19: error: redundant move in return statement [-Werror=redundant-move]
    51 |   return std::move(ret);
       |          ~~~~~~~~~^~~~~
 /home/josh/Downloads/tmp/onnxruntime/onnxruntime/test/perftest/TFModelInfo.cc:51:19: note: remove ‘std::move’ call
 cc1plus: all warnings being treated as errors
 CMakeFiles/onnxruntime_perf_test.dir/build.make:82: recipe for target 'CMakeFiles/onnxruntime_perf_test.dir/home/josh/Downloads/tmp/onnxruntime/onnxruntime/test/perftest/TFModelInfo.cc.o' failed
 make[2]: *** [CMakeFiles/onnxruntime_perf_test.dir/home/josh/Downloads/tmp/onnxruntime/onnxruntime/test/perftest/TFModelInfo.cc.o] Error 1
 CMakeFiles/Makefile2:888: recipe for target 'CMakeFiles/onnxruntime_perf_test.dir/all' failed
 make[1]: *** [CMakeFiles/onnxruntime_perf_test.dir/all] Error 2
 Makefile:160: recipe for target 'all' failed
 make: *** [all] Error 2
 Traceback (most recent call last):
   File "/home/josh/Downloads/tmp/onnxruntime/tools/ci_build/build.py", line 1795, in &lt;module&gt;
     sys.exit(main())
   File "/home/josh/Downloads/tmp/onnxruntime/tools/ci_build/build.py", line 1690, in main
     build_targets(args, cmake_path, build_dir, configs, args.parallel)
   File "/home/josh/Downloads/tmp/onnxruntime/tools/ci_build/build.py", line 868, in build_targets
     run_subprocess(cmd_args, env=env)
   File "/home/josh/Downloads/tmp/onnxruntime/tools/ci_build/build.py", line 402, in run_subprocess
     env=my_env, shell=shell)
   File "/usr/lib/python3.6/subprocess.py", line 438, in run
     output=stdout, stderr=stderr)
 subprocess.CalledProcessError: Command '['/usr/bin/cmake', '--build', '/home/josh/Downloads/tmp/onnxruntime/build/Linux/RelWithDebInfo', '--config', 'RelWithDebInfo']' returned non-zero exit status 2.
 &lt;/denchmark-code&gt;
 
 Solution
 Removing the explicit move statement appears to resolve the problem.
 &lt;denchmark-code&gt;return ret;
 &lt;/denchmark-code&gt;
 
 The code then compiles and passes all tests.
 	</description>
 	<comments>
 		<comment id='1' author='jgbradley1' date='2020-06-10T23:02:54Z'>
 		Closed via &lt;denchmark-link:https://github.com/microsoft/onnxruntime/pull/4163&gt;#4163&lt;/denchmark-link&gt;
 
 		</comment>
 	</comments>
 </bug>
<commit id='28d12dc4f073a3e8e2e5a70b86b5177f6c6d9cbc' author='Scott McKay' date='2020-06-09 21:41:49+10:00'>
 	<dmm_unit complexity='0.0' interfacing='1.0' size='0.0'></dmm_unit>
 	<modification change_type='MODIFY' old_name='onnxruntime\test\perftest\TFModelInfo.cc' new_name='onnxruntime\test\perftest\TFModelInfo.cc'>
 		<file_info nloc='48' complexity='15' token_count='464'></file_info>
 		<method name='TFModelInfo::Create' parameters='model_url'>
 				<method_info nloc='41' complexity='11' token_count='366' nesting_level='0' start_line='10' end_line='54'></method_info>
 			<added_lines>11,12,13,14,45,47,53</added_lines>
 			<deleted_lines>11,12,43,45,51</deleted_lines>
 		</method>
 		<modified_lines>
 			<added_lines></added_lines>
 			<deleted_lines></deleted_lines>
 		</modified_lines>
 	</modification>
 </commit>
</bug_data>
