<bug_data>
<bug id='2434' author='myungjoo' open_date='2020-06-05T04:20:55Z' closed_time='2020-07-08T11:39:19Z'>
 	<summary>Unit TC Potential Bug / Ubuntu / IIO</summary>
 	<description>
 We have the following occasional test error in Ubuntu / IIO test.
 &lt;denchmark-code&gt;[----------] Global test environment tear-down
 [==========] 88 tests from 3 test cases ran. (21374 ms total)
 [  PASSED  ] 88 tests.
 [==========] Running 18 tests from 1 test case.
 [----------] Global test environment set-up.
 [----------] 18 tests from test_tensor_src_iio
 [ RUN      ] test_tensor_src_iio.properties
 [       OK ] test_tensor_src_iio.properties (1 ms)
 [ RUN      ] test_tensor_src_iio.start_stop
 [       OK ] test_tensor_src_iio.start_stop (54 ms)
 [ RUN      ] test_tensor_src_iio.data_verify_no_trigger_bits4_alternate1
 [       OK ] test_tensor_src_iio.data_verify_no_trigger_bits4_alternate1 (64 ms)
 [ RUN      ] test_tensor_src_iio.data_verify_no_trigger_bits8_alternate2
 [       OK ] test_tensor_src_iio.data_verify_no_trigger_bits8_alternate2 (134 ms)
 [ RUN      ] test_tensor_src_iio.data_verify_no_trigger_bits12_alternate1
 [       OK ] test_tensor_src_iio.data_verify_no_trigger_bits12_alternate1 (76 ms)
 [ RUN      ] test_tensor_src_iio.data_verify_no_trigger_bits16_alternate2
 [       OK ] test_tensor_src_iio.data_verify_no_trigger_bits16_alternate2 (10072 ms)
 [ RUN      ] test_tensor_src_iio.data_verify_no_trigger_bits24_alternate1
 [       OK ] test_tensor_src_iio.data_verify_no_trigger_bits24_alternate1 (71 ms)
 [ RUN      ] test_tensor_src_iio.data_verify_no_trigger_bits32_alternate2
 [       OK ] test_tensor_src_iio.data_verify_no_trigger_bits32_alternate2 (71 ms)
 [ RUN      ] test_tensor_src_iio.data_verify_no_trigger_bits40_alternate1
 [       OK ] test_tensor_src_iio.data_verify_no_trigger_bits40_alternate1 (72 ms)
 [ RUN      ] test_tensor_src_iio.data_verify_no_trigger_bits48_alternate2
 [       OK ] test_tensor_src_iio.data_verify_no_trigger_bits48_alternate2 (72 ms)
 [ RUN      ] test_tensor_src_iio.data_verify_no_trigger_bits56_alternate1
 [       OK ] test_tensor_src_iio.data_verify_no_trigger_bits56_alternate1 (69 ms)
 [ RUN      ] test_tensor_src_iio.data_verify_no_trigger_bits64_alternate2
 [       OK ] test_tensor_src_iio.data_verify_no_trigger_bits64_alternate2 (67 ms)
 [ RUN      ] test_tensor_src_iio.data_verify_trigger
 [       OK ] test_tensor_src_iio.data_verify_trigger (10326 ms)
 [ RUN      ] test_tensor_src_iio.data_verify_custom_channels
 [       OK ] test_tensor_src_iio.data_verify_custom_channels (10012 ms)
 [ RUN      ] test_tensor_src_iio.data_verify_freq_generic_type
 [       OK ] test_tensor_src_iio.data_verify_freq_generic_type (10337 ms)
 [ RUN      ] test_tensor_src_iio.unusual_cases
 ../tests/nnstreamer_source/unittest_src_iio.cc:1628: Failure
 Value of: GST_STATE_CHANGE_SUCCESS
   Actual: 1
 Expected: status
 Which is: 0
 [  FAILED  ] test_tensor_src_iio.unusual_cases (7 ms)
 [ RUN      ] test_tensor_src_iio.set_frequency_n
 [       OK ] test_tensor_src_iio.set_frequency_n (3 ms)
 [ RUN      ] test_tensor_src_iio.set_base_dir_n
 [       OK ] test_tensor_src_iio.set_base_dir_n (4 ms)
 [----------] 18 tests from test_tensor_src_iio (41513 ms total)
 &lt;/denchmark-code&gt;
 
 	</description>
 	<comments>
 		<comment id='1' author='myungjoo' date='2020-06-05T04:20:57Z'>
 		 : Thank you for posting issue &lt;denchmark-link:https://github.com/nnstreamer/nnstreamer/issues/2434&gt;#2434&lt;/denchmark-link&gt;
 . The person in charge will reply soon.
 		</comment>
 		<comment id='2' author='myungjoo' date='2020-06-16T04:15:04Z'>
 		I will check this.
 		</comment>
 		<comment id='3' author='myungjoo' date='2020-07-07T05:44:38Z'>
 		The same issue occurred while performing TAOS/pr-postbuild-build-ubuntu.
 &lt;denchmark-code&gt;...
 [ RUN      ] test_tensor_src_iio.data_verify_custom_channels
 [       OK ] test_tensor_src_iio.data_verify_custom_channels (10020 ms)
 [ RUN      ] test_tensor_src_iio.data_verify_freq_generic_type
 [       OK ] test_tensor_src_iio.data_verify_freq_generic_type (361 ms)
 [ RUN      ] test_tensor_src_iio.unusual_cases
 ../tests/nnstreamer_source/unittest_src_iio.cc:1628: Failure
 Value of: GST_STATE_CHANGE_SUCCESS
   Actual: 1
 Expected: status
 Which is: 0
 [  FAILED  ] test_tensor_src_iio.unusual_cases (10 ms)
 [ RUN      ] test_tensor_src_iio.set_frequency_n
 [       OK ] test_tensor_src_iio.set_frequency_n (17 ms)
 [ RUN      ] test_tensor_src_iio.set_base_dir_n
 [       OK ] test_tensor_src_iio.set_base_dir_n (7 ms)
 [----------] 18 tests from test_tensor_src_iio (21599 ms total)
 
 [----------] Global test environment tear-down
 [==========] 18 tests from 1 test case ran. (21599 ms total)
 [  PASSED  ] 17 tests.
 [  FAILED  ] 1 test, listed below:
 [  FAILED  ] test_tensor_src_iio.unusual_cases
 
  1 FAILED TEST
 ~/nnstreamer
 debian/rules:48: recipe for target 'override_dh_auto_test' failed
 make[1]: *** [override_dh_auto_test] Error 1
 make[1]: Leaving directory '/var/www/html/nnstreamer/TAOS-CI/ci/repo-workers/pr-checker/2474-202007071319170.23141694068909-132bfd6d2aac60a8f43bab49daed2ac4a54a3fbf/nnstreamer'
 debian/rules:33: recipe for target 'build' failed
 make: *** [build] Error 2
 ...
 &lt;/denchmark-code&gt;
 
 		</comment>
 	</comments>
 </bug>
<commit id='cd00e7c59ec9adce1ae95beb734b5d246e2388b1' author='gichan-jang' date='2020-07-08 13:42:47+09:00'>
 	<dmm_unit complexity='0.0' interfacing='0.0' size='1.0'></dmm_unit>
 	<modification change_type='MODIFY' old_name='tests\meson.build' new_name='tests\meson.build'>
 		<file_info nloc='None' complexity='None' token_count='None'></file_info>
 		<modified_lines>
 			<added_lines>105</added_lines>
 			<deleted_lines>105</deleted_lines>
 		</modified_lines>
 	</modification>
 	<modification change_type='MODIFY' old_name='tests\nnstreamer_source\unittest_src_iio.cc' new_name='tests\nnstreamer_source\unittest_src_iio.cc'>
 		<file_info nloc='1259' complexity='62' token_count='7653'></file_info>
 		<method name='TEST' parameters='test_tensor_src_iio,start_stop'>
 				<method_info nloc='51' complexity='1' token_count='406' nesting_level='0' start_line='970' end_line='1040'></method_info>
 			<added_lines>1014</added_lines>
 			<deleted_lines>1013,1014</deleted_lines>
 		</method>
 		<modified_lines>
 			<added_lines>17,1083,1295,1386,1496,1619</added_lines>
 			<deleted_lines>1083,1084,1296,1297,1388,1389,1499,1500,1623,1624</deleted_lines>
 		</modified_lines>
 	</modification>
 </commit>
</bug_data>
