<bug_data>
<bug id='291' author='cdluminate' open_date='2018-08-10T02:53:43Z' closed_time='2018-08-21T15:44:15Z'>
 	<summary>[0.15+git20180803.3f58c16] test_convolution_format_any failed on AMD X6 1055T</summary>
 	<description>
 My tests on both E5 2699v? and I5 7440HQ look good, but it was reported that the same source failed to pass the test on AMD X6 1055T.
 You can find the full buildlog from the .xz attachment from this mail:
 &lt;denchmark-link:https://lists.debian.org/debian-mentors/2018/08/msg00074.html&gt;https://lists.debian.org/debian-mentors/2018/08/msg00074.html&lt;/denchmark-link&gt;
 
 	</description>
 	<comments>
 		<comment id='1' author='cdluminate' date='2018-08-10T02:54:32Z'>
 		&lt;denchmark-code&gt;      Start 26: test_convolution_format_any
 21/39 Test #26: test_convolution_format_any ...................***Failed    0.00 sec
 [==========] Running 5 tests from 1 test case.
 [----------] Global test environment set-up.
 [----------] 5 tests from TestConvolutionAlexnetAnyFmtForwardxlocked/conv_any_fmt_test_float
 [ RUN      ] TestConvolutionAlexnetAnyFmtForwardxlocked/conv_any_fmt_test_float.TestsConvolutionAnyFmt/0
 /&lt;&lt;PKGBUILDDIR&gt;&gt;/tests/gtests/test_convolution_format_any.cpp:110: Failure
 Value of: FmtIsExp( conv_prim_desc.weights_primitive_desc().desc().data.format, p.weights_fmt.exp)
   Actual: false
 Expected: true
 [  FAILED  ] TestConvolutionAlexnetAnyFmtForwardxlocked/conv_any_fmt_test_float.TestsConvolutionAnyFmt/0, where GetParam() = 140-byte object &lt;40-00 00-00 01-00 00-00 01-00 00-00 01-00 00-00 05-00 00-00 00-00 00-00 00-00 00-00 01-00 00-00 23-00 00-00 24-00 00-00 22-00 00-00 01-00 00-00 03-00 00-00 00-00 00-00 00-00 00-00 01-00 00-00 ... 02-00 00-00 01-00 00-00 03-00 00-00 E3-00 00-00 E3-00 00-00 60-00 00-00 37-00 00-00 37-00 00-00 0B-00 00-00 0B-00 00-00 00-00 00-00 00-00 00-00 04-00 00-00 04-00 00-00 00-00 00-00 00-00 00-00&gt; (0 ms)
 [ RUN      ] TestConvolutionAlexnetAnyFmtForwardxlocked/conv_any_fmt_test_float.TestsConvolutionAnyFmt/1
 /&lt;&lt;PKGBUILDDIR&gt;&gt;/tests/gtests/test_convolution_format_any.cpp:107: Failure
 Value of: FmtIsExp(conv_prim_desc.src_primitive_desc().desc().data.format, p.src_fmt.exp)
   Actual: false
 Expected: true
 [  FAILED  ] TestConvolutionAlexnetAnyFmtForwardxlocked/conv_any_fmt_test_float.TestsConvolutionAnyFmt/1, where GetParam() = 140-byte object &lt;40-00 00-00 01-00 00-00 01-00 00-00 01-00 00-00 08-00 00-00 09-00 00-00 00-00 00-00 01-00 00-00 28-00 00-00 29-00 00-00 00-00 00-00 01-00 00-00 03-00 00-00 00-00 00-00 00-00 00-00 01-00 00-00 ... 02-00 00-00 02-00 00-00 60-00 00-00 1B-00 00-00 1B-00 00-00 00-01 00-00 1B-00 00-00 1B-00 00-00 05-00 00-00 05-00 00-00 02-00 00-00 02-00 00-00 01-00 00-00 01-00 00-00 00-00 00-00 00-00 00-00&gt; (0 ms)
 [ RUN      ] TestConvolutionAlexnetAnyFmtForwardxlocked/conv_any_fmt_test_float.TestsConvolutionAnyFmt/2
 /&lt;&lt;PKGBUILDDIR&gt;&gt;/tests/gtests/test_convolution_format_any.cpp:107: Failure
 Value of: FmtIsExp(conv_prim_desc.src_primitive_desc().desc().data.format, p.src_fmt.exp)
   Actual: false
 Expected: true
 [  FAILED  ] TestConvolutionAlexnetAnyFmtForwardxlocked/conv_any_fmt_test_float.TestsConvolutionAnyFmt/2, where GetParam() = 140-byte object &lt;40-00 00-00 01-00 00-00 01-00 00-00 01-00 00-00 08-00 00-00 09-00 00-00 00-00 00-00 01-00 00-00 18-00 00-00 19-00 00-00 00-00 00-00 01-00 00-00 03-00 00-00 00-00 00-00 00-00 00-00 01-00 00-00 ... 02-00 00-00 01-00 00-00 00-01 00-00 0D-00 00-00 0D-00 00-00 80-01 00-00 0D-00 00-00 0D-00 00-00 03-00 00-00 03-00 00-00 01-00 00-00 01-00 00-00 01-00 00-00 01-00 00-00 00-00 00-00 00-00 00-00&gt; (0 ms)
 [ RUN      ] TestConvolutionAlexnetAnyFmtForwardxlocked/conv_any_fmt_test_float.TestsConvolutionAnyFmt/3
 /&lt;&lt;PKGBUILDDIR&gt;&gt;/tests/gtests/test_convolution_format_any.cpp:107: Failure
 Value of: FmtIsExp(conv_prim_desc.src_primitive_desc().desc().data.format, p.src_fmt.exp)
   Actual: false
 Expected: true
 [  FAILED  ] TestConvolutionAlexnetAnyFmtForwardxlocked/conv_any_fmt_test_float.TestsConvolutionAnyFmt/3, where GetParam() = 140-byte object &lt;40-00 00-00 01-00 00-00 01-00 00-00 01-00 00-00 08-00 00-00 09-00 00-00 00-00 00-00 01-00 00-00 28-00 00-00 29-00 00-00 00-00 00-00 01-00 00-00 03-00 00-00 00-00 00-00 00-00 00-00 01-00 00-00 ... 02-00 00-00 02-00 00-00 80-01 00-00 0D-00 00-00 0D-00 00-00 80-01 00-00 0D-00 00-00 0D-00 00-00 03-00 00-00 03-00 00-00 01-00 00-00 01-00 00-00 01-00 00-00 01-00 00-00 00-00 00-00 00-00 00-00&gt; (0 ms)
 [ RUN      ] TestConvolutionAlexnetAnyFmtForwardxlocked/conv_any_fmt_test_float.TestsConvolutionAnyFmt/4
 /&lt;&lt;PKGBUILDDIR&gt;&gt;/tests/gtests/test_convolution_format_any.cpp:107: Failure
 Value of: FmtIsExp(conv_prim_desc.src_primitive_desc().desc().data.format, p.src_fmt.exp)
   Actual: false
 Expected: true
 [  FAILED  ] TestConvolutionAlexnetAnyFmtForwardxlocked/conv_any_fmt_test_float.TestsConvolutionAnyFmt/4, where GetParam() = 140-byte object &lt;40-00 00-00 01-00 00-00 01-00 00-00 01-00 00-00 08-00 00-00 09-00 00-00 00-00 00-00 01-00 00-00 28-00 00-00 29-00 00-00 00-00 00-00 01-00 00-00 03-00 00-00 00-00 00-00 00-00 00-00 01-00 00-00 ... 02-00 00-00 02-00 00-00 80-01 00-00 0D-00 00-00 0D-00 00-00 00-01 00-00 0D-00 00-00 0D-00 00-00 03-00 00-00 03-00 00-00 01-00 00-00 01-00 00-00 01-00 00-00 01-00 00-00 00-00 00-00 00-00 00-00&gt; (1 ms)
 [----------] 5 tests from TestConvolutionAlexnetAnyFmtForwardxlocked/conv_any_fmt_test_float (1 ms total)
 
 [----------] Global test environment tear-down
 [==========] 5 tests from 1 test case ran. (1 ms total)
 [  PASSED  ] 0 tests.
 [  FAILED  ] 5 tests, listed below:
 [  FAILED  ] TestConvolutionAlexnetAnyFmtForwardxlocked/conv_any_fmt_test_float.TestsConvolutionAnyFmt/0, where GetParam() = 140-byte object &lt;40-00 00-00 01-00 00-00 01-00 00-00 01-00 00-00 05-00 00-00 00-00 00-00 00-00 00-00 01-00 00-00 23-00 00-00 24-00 00-00 22-00 00-00 01-00 00-00 03-00 00-00 00-00 00-00 00-00 00-00 01-00 00-00 ... 02-00 00-00 01-00 00-00 03-00 00-00 E3-00 00-00 E3-00 00-00 60-00 00-00 37-00 00-00 37-00 00-00 0B-00 00-00 0B-00 00-00 00-00 00-00 00-00 00-00 04-00 00-00 04-00 00-00 00-00 00-00 00-00 00-00&gt;
 [  FAILED  ] TestConvolutionAlexnetAnyFmtForwardxlocked/conv_any_fmt_test_float.TestsConvolutionAnyFmt/1, where GetParam() = 140-byte object &lt;40-00 00-00 01-00 00-00 01-00 00-00 01-00 00-00 08-00 00-00 09-00 00-00 00-00 00-00 01-00 00-00 28-00 00-00 29-00 00-00 00-00 00-00 01-00 00-00 03-00 00-00 00-00 00-00 00-00 00-00 01-00 00-00 ... 02-00 00-00 02-00 00-00 60-00 00-00 1B-00 00-00 1B-00 00-00 00-01 00-00 1B-00 00-00 1B-00 00-00 05-00 00-00 05-00 00-00 02-00 00-00 02-00 00-00 01-00 00-00 01-00 00-00 00-00 00-00 00-00 00-00&gt;
 [  FAILED  ] TestConvolutionAlexnetAnyFmtForwardxlocked/conv_any_fmt_test_float.TestsConvolutionAnyFmt/2, where GetParam() = 140-byte object &lt;40-00 00-00 01-00 00-00 01-00 00-00 01-00 00-00 08-00 00-00 09-00 00-00 00-00 00-00 01-00 00-00 18-00 00-00 19-00 00-00 00-00 00-00 01-00 00-00 03-00 00-00 00-00 00-00 00-00 00-00 01-00 00-00 ... 02-00 00-00 01-00 00-00 00-01 00-00 0D-00 00-00 0D-00 00-00 80-01 00-00 0D-00 00-00 0D-00 00-00 03-00 00-00 03-00 00-00 01-00 00-00 01-00 00-00 01-00 00-00 01-00 00-00 00-00 00-00 00-00 00-00&gt;
 [  FAILED  ] TestConvolutionAlexnetAnyFmtForwardxlocked/conv_any_fmt_test_float.TestsConvolutionAnyFmt/3, where GetParam() = 140-byte object &lt;40-00 00-00 01-00 00-00 01-00 00-00 01-00 00-00 08-00 00-00 09-00 00-00 00-00 00-00 01-00 00-00 28-00 00-00 29-00 00-00 00-00 00-00 01-00 00-00 03-00 00-00 00-00 00-00 00-00 00-00 01-00 00-00 ... 02-00 00-00 02-00 00-00 80-01 00-00 0D-00 00-00 0D-00 00-00 80-01 00-00 0D-00 00-00 0D-00 00-00 03-00 00-00 03-00 00-00 01-00 00-00 01-00 00-00 01-00 00-00 01-00 00-00 00-00 00-00 00-00 00-00&gt;
 [  FAILED  ] TestConvolutionAlexnetAnyFmtForwardxlocked/conv_any_fmt_test_float.TestsConvolutionAnyFmt/4, where GetParam() = 140-byte object &lt;40-00 00-00 01-00 00-00 01-00 00-00 01-00 00-00 08-00 00-00 09-00 00-00 00-00 00-00 01-00 00-00 28-00 00-00 29-00 00-00 00-00 00-00 01-00 00-00 03-00 00-00 00-00 00-00 00-00 00-00 01-00 00-00 ... 02-00 00-00 02-00 00-00 80-01 00-00 0D-00 00-00 0D-00 00-00 00-01 00-00 0D-00 00-00 0D-00 00-00 03-00 00-00 03-00 00-00 01-00 00-00 01-00 00-00 01-00 00-00 01-00 00-00 00-00 00-00 00-00 00-00&gt;
 &lt;/denchmark-code&gt;
 
 		</comment>
 		<comment id='2' author='cdluminate' date='2018-08-10T23:35:32Z'>
 		Thanks for the info. This test is faulty. It checks that the performance-friendly data format is chosen by the convolution primitive. In most supported cases it is the blocked format, and that's what the test is expecting. However, for the pre-SSE4.2 CPUs the library goes into a different implementation branch, which doesn't take the blocked format, hence the mismatch. Currently the test doesn't detect the CPU it is running on, but we will improve this.
 		</comment>
 	</comments>
 </bug>
<commit id='f51304ad8087c0a3982ac023edd899db9f28baa3' author='Astafiev, Nikita' date='2018-08-20 14:37:22-07:00'>
 	<dmm_unit complexity='None' interfacing='None' size='None'></dmm_unit>
 	<modification change_type='MODIFY' old_name='tests\gtests\CMakeLists.txt' new_name='tests\gtests\CMakeLists.txt'>
 		<file_info nloc='None' complexity='None' token_count='None'></file_info>
 		<modified_lines>
 			<added_lines>25,26,28,29,30,31,32,33,34</added_lines>
 			<deleted_lines></deleted_lines>
 		</modified_lines>
 	</modification>
 	<modification change_type='MODIFY' old_name='tests\gtests\test_convolution_format_any.cpp' new_name='tests\gtests\test_convolution_format_any.cpp'>
 		<file_info nloc='118' complexity='14' token_count='1125'></file_info>
 		<method name='mkldnn::convolution_any_fmt_test::SetUp' parameters=''>
 				<method_info nloc='63' complexity='10' token_count='725' nesting_level='2' start_line='52' end_line='126'></method_info>
 			<added_lines>54,55,56,57,58,59</added_lines>
 			<deleted_lines></deleted_lines>
 		</method>
 		<modified_lines>
 			<added_lines>19,23</added_lines>
 			<deleted_lines>21</deleted_lines>
 		</modified_lines>
 	</modification>
 </commit>
</bug_data>
