# JRE version: OpenJDK Runtime Environment (8.0_272-b10) (build 1.8.0_272-8u272-b10-0ubuntu1~20.04-b10)
# Java VM: OpenJDK 64-Bit Server VM (25.272-b10 mixed mode linux-amd64 compressed oops)
Heap:
 PSYoungGen      total 805888K, used 196653K [0x000000066ab00000, 0x00000006a3480000, 0x00000007c0000000)
  eden space 712192K, 25% used [0x000000066ab00000,0x0000000675bcf430,0x0000000696280000)
  from space 93696K, 16% used [0x000000069d900000,0x000000069e83c1a8,0x00000006a3480000)
  to   space 107520K, 0% used [0x0000000696280000,0x0000000696280000,0x000000069cb80000)
 ParOldGen       total 1284096K, used 682417K [0x00000003c0000000, 0x000000040e600000, 0x000000066ab00000)
  object space 1284096K, 53% used [0x00000003c0000000,0x00000003e9a6c620,0x000000040e600000)
 Metaspace       used 92383K, capacity 93412K, committed 93568K, reserved 1128448K
  class space    used 13424K, capacity 13632K, committed 13696K, reserved 1048576K
GC Heap History (10 events):
Event: 52.466 GC heap before
{Heap before GC invocations=16 (full 4):
 PSYoungGen      total 567808K, used 442305K [0x000000066ab00000, 0x000000069b200000, 0x00000007c0000000)
  eden space 428032K, 100% used [0x000000066ab00000,0x0000000684d00000,0x0000000684d00000)
  from space 139776K, 10% used [0x0000000684d00000,0x0000000685af07e0,0x000000068d580000)
  to   space 135168K, 0% used [0x0000000692e00000,0x0000000692e00000,0x000000069b200000)
 ParOldGen       total 1284096K, used 682393K [0x00000003c0000000, 0x000000040e600000, 0x000000066ab00000)
  object space 1284096K, 53% used [0x00000003c0000000,0x00000003e9a66620,0x000000040e600000)
 Metaspace       used 92361K, capacity 93412K, committed 93568K, reserved 1128448K
  class space    used 13424K, capacity 13632K, committed 13696K, reserved 1048576K
Event: 52.480 GC heap after
Heap after GC invocations=16 (full 4):
 PSYoungGen      total 640000K, used 15898K [0x000000066ab00000, 0x000000069a400000, 0x00000007c0000000)
  eden space 519168K, 0% used [0x000000066ab00000,0x000000066ab00000,0x000000068a600000)
  from space 120832K, 13% used [0x0000000692e00000,0x0000000693d86858,0x000000069a400000)
  to   space 130048K, 0% used [0x000000068a600000,0x000000068a600000,0x0000000692500000)
 ParOldGen       total 1284096K, used 682401K [0x00000003c0000000, 0x000000040e600000, 0x000000066ab00000)
  object space 1284096K, 53% used [0x00000003c0000000,0x00000003e9a68620,0x000000040e600000)
 Metaspace       used 92361K, capacity 93412K, committed 93568K, reserved 1128448K
  class space    used 13424K, capacity 13632K, committed 13696K, reserved 1048576K
}
Event: 54.516 GC heap before
{Heap before GC invocations=17 (full 4):
 PSYoungGen      total 640000K, used 535066K [0x000000066ab00000, 0x000000069a400000, 0x00000007c0000000)
  eden space 519168K, 100% used [0x000000066ab00000,0x000000068a600000,0x000000068a600000)
  from space 120832K, 13% used [0x0000000692e00000,0x0000000693d86858,0x000000069a400000)
  to   space 130048K, 0% used [0x000000068a600000,0x000000068a600000,0x0000000692500000)
 ParOldGen       total 1284096K, used 682401K [0x00000003c0000000, 0x000000040e600000, 0x000000066ab00000)
  object space 1284096K, 53% used [0x00000003c0000000,0x00000003e9a68620,0x000000040e600000)
 Metaspace       used 92369K, capacity 93412K, committed 93568K, reserved 1128448K
  class space    used 13424K, capacity 13632K, committed 13696K, reserved 1048576K
Event: 54.526 GC heap after
Heap after GC invocations=17 (full 4):
 PSYoungGen      total 649216K, used 17573K [0x000000066ab00000, 0x000000069f980000, 0x00000007c0000000)
  eden space 519168K, 0% used [0x000000066ab00000,0x000000066ab00000,0x000000068a600000)
  from space 130048K, 13% used [0x000000068a600000,0x000000068b7297a8,0x0000000692500000)
  to   space 123904K, 0% used [0x0000000698080000,0x0000000698080000,0x000000069f980000)
 ParOldGen       total 1284096K, used 682409K [0x00000003c0000000, 0x000000040e600000, 0x000000066ab00000)
  object space 1284096K, 53% used [0x00000003c0000000,0x00000003e9a6a620,0x000000040e600000)
 Metaspace       used 92369K, capacity 93412K, committed 93568K, reserved 1128448K
  class space    used 13424K, capacity 13632K, committed 13696K, reserved 1048576K
}
Event: 56.229 GC heap before
{Heap before GC invocations=18 (full 4):
 PSYoungGen      total 649216K, used 536741K [0x000000066ab00000, 0x000000069f980000, 0x00000007c0000000)
  eden space 519168K, 100% used [0x000000066ab00000,0x000000068a600000,0x000000068a600000)
  from space 130048K, 13% used [0x000000068a600000,0x000000068b7297a8,0x0000000692500000)
  to   space 123904K, 0% used [0x0000000698080000,0x0000000698080000,0x000000069f980000)
 ParOldGen       total 1284096K, used 682409K [0x00000003c0000000, 0x000000040e600000, 0x000000066ab00000)
  object space 1284096K, 53% used [0x00000003c0000000,0x00000003e9a6a620,0x000000040e600000)
 Metaspace       used 92372K, capacity 93412K, committed 93568K, reserved 1128448K
  class space    used 13424K, capacity 13632K, committed 13696K, reserved 1048576K
Event: 56.242 GC heap after
Heap after GC invocations=18 (full 4):
 PSYoungGen      total 723456K, used 17724K [0x000000066ab00000, 0x000000069ea80000, 0x00000007c0000000)
  eden space 614912K, 0% used [0x000000066ab00000,0x000000066ab00000,0x0000000690380000)
  from space 108544K, 16% used [0x0000000698080000,0x00000006991cf2b0,0x000000069ea80000)
  to   space 118272K, 0% used [0x0000000690380000,0x0000000690380000,0x0000000697700000)
 ParOldGen       total 1284096K, used 682409K [0x00000003c0000000, 0x000000040e600000, 0x000000066ab00000)
  object space 1284096K, 53% used [0x00000003c0000000,0x00000003e9a6a620,0x000000040e600000)
 Metaspace       used 92372K, capacity 93412K, committed 93568K, reserved 1128448K
  class space    used 13424K, capacity 13632K, committed 13696K, reserved 1048576K
}
Event: 58.431 GC heap before
{Heap before GC invocations=19 (full 4):
 PSYoungGen      total 723456K, used 632636K [0x000000066ab00000, 0x000000069ea80000, 0x00000007c0000000)
  eden space 614912K, 100% used [0x000000066ab00000,0x0000000690380000,0x0000000690380000)
  from space 108544K, 16% used [0x0000000698080000,0x00000006991cf2b0,0x000000069ea80000)
  to   space 118272K, 0% used [0x0000000690380000,0x0000000690380000,0x0000000697700000)
 ParOldGen       total 1284096K, used 682409K [0x00000003c0000000, 0x000000040e600000, 0x000000066ab00000)
  object space 1284096K, 53% used [0x00000003c0000000,0x00000003e9a6a620,0x000000040e600000)
 Metaspace       used 92377K, capacity 93412K, committed 93568K, reserved 1128448K
  class space    used 13424K, capacity 13632K, committed 13696K, reserved 1048576K
Event: 58.443 GC heap after
Heap after GC invocations=19 (full 4):
 PSYoungGen      total 733184K, used 18564K [0x000000066ab00000, 0x00000006a4700000, 0x00000007c0000000)
  eden space 614912K, 0% used [0x000000066ab00000,0x000000066ab00000,0x0000000690380000)
  from space 118272K, 15% used [0x0000000690380000,0x00000006915a1208,0x0000000697700000)
  to   space 112640K, 0% used [0x000000069d900000,0x000000069d900000,0x00000006a4700000)
 ParOldGen       total 1284096K, used 682417K [0x00000003c0000000, 0x000000040e600000, 0x000000066ab00000)
  object space 1284096K, 53% used [0x00000003c0000000,0x00000003e9a6c620,0x000000040e600000)
 Metaspace       used 92377K, capacity 93412K, committed 93568K, reserved 1128448K
  class space    used 13424K, capacity 13632K, committed 13696K, reserved 1048576K
}
Event: 60.583 GC heap before
{Heap before GC invocations=20 (full 4):
 PSYoungGen      total 733184K, used 633476K [0x000000066ab00000, 0x00000006a4700000, 0x00000007c0000000)
  eden space 614912K, 100% used [0x000000066ab00000,0x0000000690380000,0x0000000690380000)
  from space 118272K, 15% used [0x0000000690380000,0x00000006915a1208,0x0000000697700000)
  to   space 112640K, 0% used [0x000000069d900000,0x000000069d900000,0x00000006a4700000)
 ParOldGen       total 1284096K, used 682417K [0x00000003c0000000, 0x000000040e600000, 0x000000066ab00000)
  object space 1284096K, 53% used [0x00000003c0000000,0x00000003e9a6c620,0x000000040e600000)
 Metaspace       used 92382K, capacity 93412K, committed 93568K, reserved 1128448K
  class space    used 13424K, capacity 13632K, committed 13696K, reserved 1048576K
Event: 60.592 GC heap after
Heap after GC invocations=20 (full 4):
 PSYoungGen      total 805888K, used 15600K [0x000000066ab00000, 0x00000006a3480000, 0x00000007c0000000)
  eden space 712192K, 0% used [0x000000066ab00000,0x000000066ab00000,0x0000000696280000)
  from space 93696K, 16% used [0x000000069d900000,0x000000069e83c1a8,0x00000006a3480000)
  to   space 107520K, 0% used [0x0000000696280000,0x0000000696280000,0x000000069cb80000)
 ParOldGen       total 1284096K, used 682417K [0x00000003c0000000, 0x000000040e600000, 0x000000066ab00000)
  object space 1284096K, 53% used [0x00000003c0000000,0x00000003e9a6c620,0x000000040e600000)
 Metaspace       used 92382K, capacity 93412K, committed 93568K, reserved 1128448K
  class space    used 13424K, capacity 13632K, committed 13696K, reserved 1048576K
}

