<bug id='614' author='VinniaKemala' open_date='2019-11-14T11:02:29Z' closed_time='2019-12-11T01:22:36Z'>
	<summary>Training custom dataset using transfer learning</summary>
	<description>
Hi, I created the dataset as mentioned in the custom data training but when I run the training command, I get this error:
&lt;denchmark-code&gt;14%|▏| 35/252 [00:31&lt;01:13,  2.96it/s]Traceback (most recent call last):
  File "train.py", line 441, in &lt;module&gt;
    train()  # train normally
  File "train.py", line 322, in train
    save_json=final_epoch and epoch &gt; 0 and 'coco.data' in data)
  File "/srv/algo/ultralytics-yolov3/test.py", line 63, in test
    for batch_i, (imgs, targets, paths, shapes) in enumerate(tqdm(dataloader, desc=s)):
  File "/srv/virtenv/pytorch-env/lib/python3.5/site-packages/tqdm/std.py", line 1081, in __iter__
    for obj in iterable:
  File "/srv/virtenv/pytorch-env/lib/python3.5/site-packages/torch/utils/data/dataloader.py", line 801, in __next__
    return self._process_data(data)
  File "/srv/virtenv/pytorch-env/lib/python3.5/site-packages/torch/utils/data/dataloader.py", line 846, in _process_data
    data.reraise()
  File "/srv/virtenv/pytorch-env/lib/python3.5/site-packages/torch/_utils.py", line 369, in reraise
    raise self.exc_type(msg)
cv2.error: Caught error in DataLoader worker process 3.
Original Traceback (most recent call last):
  File "/srv/virtenv/pytorch-env/lib/python3.5/site-packages/torch/utils/data/_utils/worker.py", line 178, in _worker_loop
    data = fetcher.fetch(index)
  File "/srv/virtenv/pytorch-env/lib/python3.5/site-packages/torch/utils/data/_utils/fetch.py", line 44, in fetch
    data = [self.dataset[idx] for idx in possibly_batched_index]
  File "/srv/virtenv/pytorch-env/lib/python3.5/site-packages/torch/utils/data/_utils/fetch.py", line 44, in &lt;listcomp&gt;
    data = [self.dataset[idx] for idx in possibly_batched_index]
  File "/srv/algo/ultralytics-yolov3/utils/datasets.py", line 426, in __getitem__
    img, ratio, padw, padh = letterbox(img, self.batch_shapes[self.batch[index]], mode='rect')
  File "/srv/algo/ultralytics-yolov3/utils/datasets.py", line 643, in letterbox
    img = cv2.copyMakeBorder(img, top, bottom, left, right, cv2.BORDER_CONSTANT, value=color)  # add border
cv2.error: OpenCV(4.1.1) /io/opencv/modules/core/src/copy.cpp:1196: error: (-215:Assertion failed) top &gt;= 0 &amp;&amp; bottom &gt;= 0 &amp;&amp; left &gt;= 0 &amp;&amp; right &gt;= 0 &amp;&amp; _src.dims() &lt;= 2 in function 'copyMakeBorder'

&lt;/denchmark-code&gt;

I'm not sure how to fix this error , so I want to ask help. Thanks a lot.
	</description>
	<comments>
		<comment id='1' author='VinniaKemala' date='2019-11-14T21:08:13Z'>
		There's something wrong with one of your images.
		</comment>
		<comment id='2' author='VinniaKemala' date='2019-11-15T07:17:17Z'>
		I tried to retrace the image path before the error occurred and the path was crop_field_68_9_rgb.jpg
&lt;denchmark-code&gt;[CORRUPTED]:  yolo_fmow_latest_time_rgb_build/images/val/crop_field/crop_field_68/crop_field_68_9_rgb.jpg
               Class    Images   Targets         P         R   mAP@0.5        F1:  50%|██████████████████████████████▌                              | 1/2 [00:03&lt;00:03,  3.97s/it]Traceback (most recent call last):
  File "train.py", line 441, in &lt;module&gt;
    train()  # train normally
  File "train.py", line 322, in train
    save_json=final_epoch and epoch &gt; 0 and 'coco.data' in data)
  File "/srv/algo/ultralytics-yolov3/test.py", line 63, in test
    for batch_i, (imgs, targets, paths, shapes) in enumerate(tqdm(dataloader, desc=s)):
  File "/srv/virtenv/pytorch-env/lib/python3.5/site-packages/tqdm/std.py", line 1081, in __iter__
    for obj in iterable:
  File "/srv/virtenv/pytorch-env/lib/python3.5/site-packages/torch/utils/data/dataloader.py", line 801, in __next__
    return self._process_data(data)
  File "/srv/virtenv/pytorch-env/lib/python3.5/site-packages/torch/utils/data/dataloader.py", line 846, in _process_data
    data.reraise()
  File "/srv/virtenv/pytorch-env/lib/python3.5/site-packages/torch/_utils.py", line 369, in reraise
    raise self.exc_type(msg)
cv2.error: Caught error in DataLoader worker process 1.
Original Traceback (most recent call last):
  File "/srv/virtenv/pytorch-env/lib/python3.5/site-packages/torch/utils/data/_utils/worker.py", line 178, in _worker_loop
    data = fetcher.fetch(index)
  File "/srv/virtenv/pytorch-env/lib/python3.5/site-packages/torch/utils/data/_utils/fetch.py", line 44, in fetch
    data = [self.dataset[idx] for idx in possibly_batched_index]
  File "/srv/virtenv/pytorch-env/lib/python3.5/site-packages/torch/utils/data/_utils/fetch.py", line 44, in &lt;listcomp&gt;
    data = [self.dataset[idx] for idx in possibly_batched_index]
  File "/srv/algo/ultralytics-yolov3/utils/datasets.py", line 428, in __getitem__
    img, ratio, padw, padh = letterbox(img, self.batch_shapes[self.batch[index]], mode='rect')
  File "/srv/algo/ultralytics-yolov3/utils/datasets.py", line 645, in letterbox
    img = cv2.copyMakeBorder(img, top, bottom, left, right, cv2.BORDER_CONSTANT, value=color)  # add border
cv2.error: OpenCV(4.1.1) /io/opencv/modules/core/src/copy.cpp:1196: error: (-215:Assertion failed) top &gt;= 0 &amp;&amp; bottom &gt;= 0 &amp;&amp; left &gt;= 0 &amp;&amp; right &gt;= 0 &amp;&amp; _src.dims() &lt;= 2 in function 'copyMakeBorder'
&lt;/denchmark-code&gt;

But it's not the only image that has the same problem.
&lt;denchmark-link:https://user-images.githubusercontent.com/22129138/68923842-d9a07980-07b1-11ea-9894-856783862dbd.jpg&gt;&lt;/denchmark-link&gt;

I don't find anything wrong from the image above.
Also I don't understand why it always stops at beginning of validation, but not everywhere else.
		</comment>
		<comment id='3' author='VinniaKemala' date='2019-11-15T20:33:09Z'>
		&lt;denchmark-link:https://github.com/VinniaKemala&gt;@VinniaKemala&lt;/denchmark-link&gt;
 I'm not sure, I've never seen that error before. If an image is causing errors, I would remove it.
		</comment>
		<comment id='4' author='VinniaKemala' date='2019-11-16T05:48:15Z'>
		&lt;denchmark-link:https://github.com/glenn-jocher&gt;@glenn-jocher&lt;/denchmark-link&gt;

I did remove some images that might caused the problem but the error always occured at the beginning of validation regardless of the amount of images I removed.
		</comment>
		<comment id='5' author='VinniaKemala' date='2019-11-16T19:17:20Z'>
		&lt;denchmark-link:https://github.com/VinniaKemala&gt;@VinniaKemala&lt;/denchmark-link&gt;
 unless your error is reproducible in a common dataset like COCO then the error is likely of your own making, either in your data or changes to the default repository. Try to do some debugging to figure out the cause of the error:
git clone a clean copy of the repo, train with Pycharm in debug mode for example and see exactly what is causing it.
		</comment>
		<comment id='6' author='VinniaKemala' date='2019-12-11T01:22:36Z'>
		I'll close this issue for now as the original issue appears to have been resolved, and/or no activity has been seen for some time. Feel free to comment if this is not the case.
		</comment>
		<comment id='7' author='VinniaKemala' date='2020-02-14T10:26:49Z'>
		I am getting this error using the COCO dataset. My only change is setting all classes to the same ID.
In the letterbox() function, when called from __getitem__, I am receiving negative values in top and bottom
		</comment>
		<comment id='8' author='VinniaKemala' date='2020-02-14T15:57:04Z'>
		&lt;denchmark-link:https://github.com/asw-v4&gt;@asw-v4&lt;/denchmark-link&gt;
 can you supply minimum code to reproduce and information on your environment?
		</comment>
		<comment id='9' author='VinniaKemala' date='2020-02-14T16:03:00Z'>
		&lt;denchmark-link:https://github.com/glenn-jocher&gt;@glenn-jocher&lt;/denchmark-link&gt;
 The code was unchanged from the repo. The only change to the dataset was using a new  file for single class, and then adjusting all label  files accordingly to reflect the change to the  file.
My environment is:
&lt;denchmark-code&gt;# Name                    Version                   Build  Channel
_libgcc_mutex             0.1                        main  
ca-certificates           2020.1.1                      0  
certifi                   2019.11.28               py37_0  
colorama                  0.4.3                    pypi_0    pypi
cycler                    0.10.0                   pypi_0    pypi
decorator                 4.4.1                    pypi_0    pypi
imageio                   2.6.1                    pypi_0    pypi
imutils                   0.5.3                    pypi_0    pypi
kiwisolver                1.1.0                    pypi_0    pypi
libedit                   3.1.20181209         hc058e9b_0  
libffi                    3.2.1                hd88cf55_4  
libgcc-ng                 9.1.0                hdf63c60_0  
libstdcxx-ng              9.1.0                hdf63c60_0  
matplotlib                3.1.3                    pypi_0    pypi
ncurses                   6.1                  he6710b0_1  
networkx                  2.4                      pypi_0    pypi
numpy                     1.18.1                   pypi_0    pypi
onnx                      1.6.0                    pypi_0    pypi
opencv-contrib-python     4.2.0.32                 pypi_0    pypi
opencv-python             4.2.0.32                 pypi_0    pypi
openssl                   1.0.2u               h7b6447c_0  
pandas                    1.0.1                    pypi_0    pypi
pillow                    7.0.0                    pypi_0    pypi
pip                       20.0.2                   py37_1  
protobuf                  3.11.3                   pypi_0    pypi
pyparsing                 2.4.6                    pypi_0    pypi
python                    3.7.0                h6e4f718_3  
python-dateutil           2.8.1                    pypi_0    pypi
pytz                      2019.3                   pypi_0    pypi
pywavelets                1.1.1                    pypi_0    pypi
readline                  7.0                  h7b6447c_5  
scikit-image              0.16.2                   pypi_0    pypi
scipy                     1.1.0                    pypi_0    pypi
setproctitle              1.1.10                   pypi_0    pypi
setuptools                45.2.0                   py37_0  
six                       1.14.0                   pypi_0    pypi
sqlite                    3.31.1               h7b6447c_0  
tensorboardx              2.0                      pypi_0    pypi
tk                        8.6.8                hbc83047_0  
torch                     1.4.0                    pypi_0    pypi
torchvision               0.5.0                    pypi_0    pypi
tqdm                      4.42.1                   pypi_0    pypi
typing-extensions         3.7.4.1                  pypi_0    pypi
wheel                     0.34.2                   py37_0  
xz                        5.2.4                h14c3975_4  
zlib                      1.2.11               h7b6447c_3  
&lt;/denchmark-code&gt;

The only way I was able to get the training process to work was by changing the following in __getitem__
&lt;denchmark-code&gt;img, ratio, pad = letterbox(img, shape, auto=False, scaleup=self.augment)
&lt;/denchmark-code&gt;

to
&lt;denchmark-code&gt;img, ratio, pad = letterbox(img, auto=False, scaleup=self.augment)
&lt;/denchmark-code&gt;

which to me does not seem like it would be an appropriate fix
		</comment>
		<comment id='10' author='VinniaKemala' date='2020-02-14T22:48:06Z'>
		&lt;denchmark-link:https://github.com/asw-v4&gt;@asw-v4&lt;/denchmark-link&gt;
 does the error occur during training or at the beginning of validation? Does it occur partially through the epoch or at the very first batch?
		</comment>
		<comment id='11' author='VinniaKemala' date='2020-02-17T10:00:47Z'>
		This occurs at the beginning of validation
		</comment>
		<comment id='12' author='VinniaKemala' date='2020-02-17T17:26:01Z'>
		&lt;denchmark-link:https://github.com/asw-v4&gt;@asw-v4&lt;/denchmark-link&gt;
 then there must be something specific about your validation set causing the issue. Do you know what it might be?
		</comment>
		<comment id='13' author='VinniaKemala' date='2020-02-24T05:20:44Z'>
		hi! &lt;denchmark-link:https://github.com/glenn-jocher&gt;@glenn-jocher&lt;/denchmark-link&gt;

I have the following problem
Sizes of tensors must match except in dimension 0. Got 512 and 544 in dimension 2
using rect=True, mosaic = False
		</comment>
		<comment id='14' author='VinniaKemala' date='2020-02-24T23:17:45Z'>
		@hwwwi1 I would stick with the default settings, and see &lt;denchmark-link:https://github.com/ultralytics/yolov3/wiki/Train-Custom-Data&gt;https://github.com/ultralytics/yolov3/wiki/Train-Custom-Data&lt;/denchmark-link&gt;
 for formatting your cfg files correctly to avoid this issue (most likely your anchors and filters are not correct for your class count).
		</comment>
	</comments>
</bug>