<bug id='1613' author='jaysumona2019' open_date='2019-03-16T20:55:54Z' closed_time='2019-07-31T17:19:04Z'>
	<summary>turicreate import error cannot import name libsvm</summary>
	<description>
Hello:  I ran turicreate on my test images and it successfully ran 4000 iterations and prediction is also complete, but I can not import to cormel.  Can you please let me know why I ma getting this error and how to fix it?  Thanks.
ImportErrorTraceback (most recent call last)
 in ()
----&gt; 1 model.export_coreml("MyModel123.mlmodel")
/Applications/anaconda2/lib/python2.7/site-packages/turicreate/toolkits/object_detector/object_detector.pyc in export_coreml(self, filename, include_non_maximum_suppression, iou_threshold, confidence_threshold)
1192         """
1193         import mxnet as _mx
-&gt; 1194         from .._mxnet_to_coreml import _mxnet_converter
1195         import coremltools
1196         from coremltools.models import datatypes, neural_network
/Applications/anaconda2/lib/python2.7/site-packages/turicreate/toolkits/_mxnet_to_coreml/_mxnet_converter.py in ()
24 # under the License.
25
---&gt; 26 from . import _layers
27 import coremltools as _coremltools
28 import coremltools.models.datatypes as _datatypes
/Applications/anaconda2/lib/python2.7/site-packages/turicreate/toolkits/_mxnet_to_coreml/_layers.py in ()
24 # under the License.
25
---&gt; 26 from . import _add_pooling
27 from ast import literal_eval
28
/Applications/anaconda2/lib/python2.7/site-packages/turicreate/toolkits/_mxnet_to_coreml/_add_pooling.py in ()
24 # under the License.
25
---&gt; 26 from coremltools.proto import NeuralNetwork_pb2 as _NeuralNetwork_pb2
27
28
/Applications/anaconda2/lib/python2.7/site-packages/coremltools/init.py in ()
40
41 # expose sub packages as directories
---&gt; 42 from . import converters
43 from . import proto
44 from . import models
/Applications/anaconda2/lib/python2.7/site-packages/coremltools/converters/init.py in ()
5
6 # expose directories as imports
----&gt; 7 from . import libsvm
8 from . import sklearn
9 from . import xgboost
ImportError: cannot import name libsvm
	</description>
	<comments>
		<comment id='1' author='jaysumona2019' date='2019-03-17T08:20:28Z'>
		Thanks &lt;denchmark-link:https://github.com/jaysumona2019&gt;@jaysumona2019&lt;/denchmark-link&gt;
. It looks like this is actually a bug in coremltools, which I opened as &lt;denchmark-link:https://github.com/apple/coremltools/issues/340&gt;apple/coremltools#340&lt;/denchmark-link&gt;
.
I would try as a workaround, uninstalling and reinstalling turicreate and coremltools:
&lt;denchmark-code&gt;pip uninstall turicreate
pip uninstall coremltools
pip install turicreate
pip install coremltools
&lt;/denchmark-code&gt;

		</comment>
		<comment id='2' author='jaysumona2019' date='2019-03-17T08:22:19Z'>
		Reopening: keeping this issue open for visibility until &lt;denchmark-link:https://github.com/apple/coremltools/issues/340&gt;apple/coremltools#340&lt;/denchmark-link&gt;
 is determined to be reproduceable outside of turicreate.
		</comment>
		<comment id='3' author='jaysumona2019' date='2019-03-17T08:23:01Z'>
		&lt;denchmark-link:https://github.com/jaysumona2019&gt;@jaysumona2019&lt;/denchmark-link&gt;
 If you are able to reproduce this issue after uninstalling and reinstalling turicreate and coremltools, please let me know what steps you took to reproduce it. Thanks!
		</comment>
		<comment id='4' author='jaysumona2019' date='2019-03-17T11:42:26Z'>
		ok, I will try this soon as I am running batch which will finish in next 4 hrs.  If I reinstall again, do I have to run the model again, which takes about 12 hrs to run 3000 iterations in MACMini?  Thanks.
		</comment>
		<comment id='5' author='jaysumona2019' date='2019-03-17T14:43:07Z'>
		hi I reinstalled coremltools using pip install - U coremltools and it fixed the issue - I have an exported model now - yeah!!!!
I do have another problem that I did not tell you yesterday - it is written in next post.
		</comment>
		<comment id='6' author='jaysumona2019' date='2019-03-17T14:45:38Z'>
		when I run model.evaluate(test) - I see the following error on annotations but I do have annotations file as it is required for model prediction - which is all good, not sure why it is happening.  Can you please let me know why this is happening?  Thanks.
ToolkitErrorTraceback (most recent call last)
 in ()
----&gt; 1 model.evaluate(test)
/Applications/anaconda2/lib/python2.7/site-packages/turicreate/toolkits/object_detector/object_detector.pyc in evaluate(self, dataset, metric, output_type, iou_threshold, confidence_threshold, verbose)
1094                                               confidence_threshold=confidence_threshold,
1095                                               iou_threshold=iou_threshold,
-&gt; 1096                                               verbose=verbose)
1097
1098         pred_df = pred.to_dataframe()
/Applications/anaconda2/lib/python2.7/site-packages/turicreate/toolkits/object_detector/object_detector.pyc in _predict_with_options(self, dataset, with_ground_truth, postprocess, confidence_threshold, iou_threshold, verbose)
737         if iou_threshold is None: iou_threshold = self.non_maximum_suppression_threshold
738         _raise_error_if_not_detection_sframe(dataset, self.feature, self.annotations,
--&gt; 739                                              require_annotations=with_ground_truth)
740         from ._sframe_loader import SFrameDetectionIter as _SFrameDetectionIter
741         from ._detection import (yolo_map_to_bounding_boxes as _yolo_map_to_bounding_boxes,
/Applications/anaconda2/lib/python2.7/site-packages/turicreate/toolkits/object_detector/object_detector.pyc in _raise_error_if_not_detection_sframe(dataset, feature, annotations, require_annotations)
92     if require_annotations:
93         if annotations not in dataset.column_names():
---&gt; 94             raise _ToolkitError("Annotations column '%s' does not exist" % annotations)
95         if dataset[annotations].dtype not in [list, dict]:
96             raise _ToolkitError("Annotations column must be of type dict or list")
ToolkitError: Annotations column 'annotations' does not exist
		</comment>
		<comment id='7' author='jaysumona2019' date='2019-03-17T17:15:09Z'>
		Can you print out what's in test?
		</comment>
		<comment id='8' author='jaysumona2019' date='2019-03-17T18:24:51Z'>
		here it is
test = tc.load_images(‘path../‘)
test.explore()
Materializing SFrame
predictions = model.predict(test)
Predicting  1/33
Predicting 33/33
predictions[2]
[{'confidence': 0.7624946534299422,
'coordinates': {'height': 89.66340285081132,
'width': 126.71123064481282,
'x': 573.0152258188112,
'y': 87.97905523735105},
'label': 'Car',
'type': 'rectangle'},
{'confidence': 0.7126705800285476,
'coordinates': {'height': 352.22889826847955,
'width': 222.23303435398986,
'x': 148.3568270279041,
'y': 212.77190493921333},
'label': 'Human',
'type': 'rectangle'},
{'confidence': 0.6215335193778586,
'coordinates': {'height': 390.9562934196509,
'width': 517.7944357211773,
'x': 540.784163037051,
'y': 284.5218532901746},
'label': 'Animal',
'type': 'rectangle'},
{'confidence': 0.40169260866755546,
'coordinates': {'height': 318.2371638371394,
'width': 233.69316941041214,
'x': 144.57605387613353,
'y': 235.33842041754826},
'label': 'Animal',
'type': 'rectangle'}]
		</comment>
		<comment id='9' author='jaysumona2019' date='2019-03-18T01:21:56Z'>
		That looks like it succeeded. Can you print out the first row of the dataset that  failed evaluation?
		</comment>
		<comment id='10' author='jaysumona2019' date='2019-07-31T17:19:04Z'>
		Closing due to inactivity. If you are still seeing issues with coremltools importing libsvm, please feel free to re-open. If you are having issues with the evaluation function in the object detector, I would recommending filing a new issue
		</comment>
	</comments>
</bug>