<bug id='1708' author='fareeha' open_date='2019-04-08T20:54:22Z' closed_time='2020-10-09T18:32:06Z'>
	<summary>Possible SFrame memory corruption</summary>
	<description>
I’m running a few repeated jobs using Drawing Classifier toolkit to train a model from a random sample of classes from a dataset. All the jobs have the same setup configuration and allocated memory. Many of the jobs run to completion but some break down - following are examples of some of the error messages.
I’m not able to repro the error since it happens infrequently and seems nondeterministic.  In hopes of reproing I used the same sample of classes that broke the jobs but they ran to completion on retry. The problem seems to happen when an operation unique() is applied on the dataset SFrame.
Example 1:
&lt;denchmark-code&gt;Traceback (most recent call last):
File "experiments/baseline_10runs_tune_topk.py", line 92, in &lt;module&gt;
model = tc.drawing_classifier.create(train, 'label', validation_set = None, warm_start = ws_value)
File "/usr/local/lib/python2.7/dist-packages/turicreate/toolkits/drawing_classifier/drawing_classifier.py", line 152, in create
classes = dataset[target].unique()
File "/usr/local/lib/python2.7/dist-packages/turicreate/data_structures/sarray.py", line 2872, in unique
res = tmp_sf.groupby('X1',{})
File "/usr/local/lib/python2.7/dist-packages/turicreate/data_structures/sframe.py", line 4208, in groupby
group_ops))
File "/usr/local/lib/python2.7/dist-packages/turicreate/cython/context.py", line 49, in __exit__
raise exc_type(exc_value)
RuntimeError: Unexpected block read failure. Bad file?
&lt;/denchmark-code&gt;

Example 2:
&lt;denchmark-code&gt;Traceback (most recent call last):
File "experiments/baseline_10runs_tune_topk.py", line 92, in &lt;module&gt;
model = tc.drawing_classifier.create(train, 'label', validation_set = None, warm_start = ws_value)
File "/usr/local/lib/python2.7/dist-packages/turicreate/toolkits/drawing_classifier/drawing_classifier.py", line 152, in create
classes = dataset[target].unique()
File "/usr/local/lib/python2.7/dist-packages/turicreate/data_structures/sarray.py", line 2872, in unique
res = tmp_sf.groupby('X1',{})
File "/usr/local/lib/python2.7/dist-packages/turicreate/data_structures/sframe.py", line 4208, in groupby
group_ops))
File "/usr/local/lib/python2.7/dist-packages/turicreate/cython/context.py", line 49, in __exit__
raise exc_type(exc_value)
MemoryError: std::bad_alloc
&lt;/denchmark-code&gt;

Example 3:
&lt;denchmark-code&gt;Traceback (most recent call last):
File "experiments/baseline_10runs_tune_topk.py", line 74, in &lt;module&gt;
train = load_quickdraw_sframe(sframe_dir, current_classes, num_examples_per_class, 'train') # careful here
File "./utils/quickdraw_utils.py", line 16, in load_quickdraw_sframe
data = tc.SFrame(path)
File "/usr/local/lib/python2.7/dist-packages/turicreate/data_structures/sframe.py", line 812, in __init__
raise ValueError('Unknown input type: ' + format)
File "/usr/local/lib/python2.7/dist-packages/turicreate/cython/context.py", line 49, in __exit__
raise exc_type(exc_value)
RuntimeError: No such node (archive.version)
&lt;/denchmark-code&gt;

Example 4:
&lt;denchmark-code&gt;Traceback (most recent call last):
File "experiments/baseline_10runs_tune_topk.py", line 92, in &lt;module&gt;
model = tc.drawing_classifier.create(train, 'label', validation_set = None, warm_start = ws_value)
File "/usr/local/lib/python2.7/dist-packages/turicreate/toolkits/drawing_classifier/drawing_classifier.py", line 152, in create
classes = dataset[target].unique()
File "/usr/local/lib/python2.7/dist-packages/turicreate/data_structures/sarray.py", line 2872, in unique
res = tmp_sf.groupby('X1',{})
File "/usr/local/lib/python2.7/dist-packages/turicreate/data_structures/sframe.py", line 4208, in groupby
group_ops))
File "/usr/local/lib/python2.7/dist-packages/turicreate/cython/context.py", line 49, in __exit__
raise exc_type(exc_value)
MemoryError: std::bad_alloc
&lt;/denchmark-code&gt;

Example 5:
&lt;denchmark-code&gt;Traceback (most recent call last):
File "experiments/baseline_10runs_tune_topk.py", line 89, in &lt;module&gt;
model = tc.drawing_classifier.create(train, 'label', validation_set = None, warm_start = ws_value)
File "/usr/local/lib/python2.7/dist-packages/turicreate/toolkits/drawing_classifier/drawing_classifier.py", line 152, in create
classes = dataset[target].unique()
File "/usr/local/lib/python2.7/dist-packages/turicreate/data_structures/sarray.py", line 2872, in unique
res = tmp_sf.groupby('X1',{})
File "/usr/local/lib/python2.7/dist-packages/turicreate/data_structures/sframe.py", line 4208, in groupby
group_ops))
File "/usr/local/lib/python2.7/dist-packages/turicreate/cython/context.py", line 49, in __exit__
raise exc_type(exc_value)
IOError: Cannot open s3://drawing-classifier/quickdraw/sframe/steak.sframe/m_9da514471561c7d5.0000 for read. Cannot open s3://drawing-classifier/quickdraw/sframe/steak.sframe/m_9da514471561c7d5.0000
&lt;/denchmark-code&gt;

Example 6:
&lt;denchmark-code&gt;Traceback (most recent call last):
File "experiments/baseline_10runs_tune_topk.py", line 70, in &lt;module&gt;
train = load_quickdraw_sframe(sframe_dir, current_classes, num_examples_per_class, 'train') # careful here
File "./utils/quickdraw_utils.py", line 16, in load_quickdraw_sframe
data = tc.SFrame(path)
File "/usr/local/lib/python2.7/dist-packages/turicreate/data_structures/sframe.py", line 812, in __init__
raise ValueError('Unknown input type: ' + format)
File "/usr/local/lib/python2.7/dist-packages/turicreate/cython/context.py", line 49, in __exit__
raise exc_type(exc_value)
RuntimeError: No such node (archive.version)
&lt;/denchmark-code&gt;

Example 7:
&lt;denchmark-code&gt;Traceback (most recent call last):
File "experiments/baseline_10runs_tune_topk.py", line 92, in &lt;module&gt;
model = tc.drawing_classifier.create(train, 'label', validation_set = None, warm_start = ws_value)
File "/usr/local/lib/python2.7/dist-packages/turicreate/toolkits/drawing_classifier/drawing_classifier.py", line 152, in create
classes = dataset[target].unique()
File "/usr/local/lib/python2.7/dist-packages/turicreate/data_structures/sarray.py", line 2872, in unique
res = tmp_sf.groupby('X1',{})
File "/usr/local/lib/python2.7/dist-packages/turicreate/data_structures/sframe.py", line 4208, in groupby
group_ops))
File "/usr/local/lib/python2.7/dist-packages/turicreate/cython/context.py", line 49, in __exit__
raise exc_type(exc_value)
IOError: Cannot open s3://drawing-classifier/quickdraw/sframe/tiger.sframe/m_3c99250b0cfd2de8.0000 for read. Cannot open s3://drawing-classifier/quickdraw/sframe/tiger.sframe/m_3c99250b0cfd2de8.0000
&lt;/denchmark-code&gt;

Example 8:
&lt;denchmark-code&gt;Traceback (most recent call last):
File "experiments/baseline_10runs_tune_topk.py", line 92, in &lt;module&gt;
model = tc.drawing_classifier.create(train, 'label', validation_set = None, warm_start = ws_value)
File "/usr/local/lib/python2.7/dist-packages/turicreate/toolkits/drawing_classifier/drawing_classifier.py", line 152, in create
classes = dataset[target].unique()
File "/usr/local/lib/python2.7/dist-packages/turicreate/data_structures/sarray.py", line 2872, in unique
res = tmp_sf.groupby('X1',{})
File "/usr/local/lib/python2.7/dist-packages/turicreate/data_structures/sframe.py", line 4208, in groupby
group_ops))
File "/usr/local/lib/python2.7/dist-packages/turicreate/cython/context.py", line 49, in __exit__
raise exc_type(exc_value)
RuntimeError: Unexpected block read failure. Bad file?
&lt;/denchmark-code&gt;

Example 9:
&lt;denchmark-code&gt;Traceback (most recent call last):
File "experiments/baseline_10runs_tune_topk.py", line 92, in &lt;module&gt;
model = tc.drawing_classifier.create(train, 'label', validation_set = None, warm_start = ws_value)
File "/usr/local/lib/python2.7/dist-packages/turicreate/toolkits/drawing_classifier/drawing_classifier.py", line 152, in create
classes = dataset[target].unique()
File "/usr/local/lib/python2.7/dist-packages/turicreate/data_structures/sarray.py", line 2872, in unique
res = tmp_sf.groupby('X1',{})
File "/usr/local/lib/python2.7/dist-packages/turicreate/data_structures/sframe.py", line 4208, in groupby
group_ops))
File "/usr/local/lib/python2.7/dist-packages/turicreate/cython/context.py", line 49, in __exit__
raise exc_type(exc_value)
MemoryError: std::bad_alloc
&lt;/denchmark-code&gt;

The following has a different trace but may be related since when I tried to repro with the same set of classes that produced this error, it ran to completion correctly.
&lt;denchmark-code&gt;Traceback (most recent call last):
  File "experiments/baseline_10runs_tune_topk.py", line 76, in &lt;module&gt;
    train = load_quickdraw_sframe(sframe_dir, current_classes, num_examples_per_class, 'train') # careful here
  File "./utils/quickdraw_utils.py", line 16, in load_quickdraw_sframe
    data = tc.SFrame(path)
  File "/usr/local/lib/python2.7/dist-packages/turicreate/data_structures/sframe.py", line 812, in __init__
    raise ValueError('Unknown input type: ' + format)
  File "/usr/local/lib/python2.7/dist-packages/turicreate/cython/context.py", line 49, in __exit__
    raise exc_type(exc_value)
RuntimeError: No such node (archive.version)
&lt;/denchmark-code&gt;

	</description>
	<comments>
		<comment id='1' author='fareeha' date='2019-04-16T17:46:35Z'>
		Update: This appears to be related to not checking downloads -- it appears there's a failure case with the aws download routines that causes corrupted files to get through our checks.  Downloading manually using aws sync caused all the errors to go away.  Seems we need to check our downloads better !
		</comment>
		<comment id='2' author='fareeha' date='2019-04-16T18:54:52Z'>
		
Update: This appears to be related to not checking downloads -- it appears there's a failure case with the aws download routines that causes corrupted files to get through our checks. Downloading manually using aws sync caused all the errors to go away. Seems we need to check our downloads better !

Yes, that’s correct. Previously I was reading an SFrame from s3 bucket directly. That seemed to corrupt the SFrame somewhere in the code path.
&lt;denchmark-code&gt;path = os.path.join(s3_bucket_url, 'apple.sframe')
data = tc.SFrame(path)
&lt;/denchmark-code&gt;

If I download the sframes and then read the SFrame from a local directory, it works fine:
&lt;denchmark-code&gt;# Download all sframes using `s3 sync` in a local directory
path = os.path.join(sframe_dir, 'apple.sframe')
data = tc.SFrame(path)
&lt;/denchmark-code&gt;

		</comment>
		<comment id='3' author='fareeha' date='2020-08-31T23:01:12Z'>
		Is this still an issue with the latest version of TuriCreate?
		</comment>
		<comment id='4' author='fareeha' date='2020-10-09T18:32:06Z'>
		I haven't heard back here. This was likely fixed in our S3 rewrite. I'm going to close this issue.
		</comment>
	</comments>
</bug>