<bug id='2186' author='znation' open_date='2019-07-31T22:23:41Z' closed_time='2019-08-01T18:07:57Z'>
	<summary>Test failure in vega_example_tests.cxxtest</summary>
	<description>
In current master:
&lt;denchmark-code&gt;âžœ  vega_renderer git:(master) ./vega_example_tests.cxxtest 
Running 18 test cases...
2019-07-31 15:22:28.450 vega_example_tests.cxxtest[18225:547891] call made to setAttribute(class, marks)
2019-07-31 15:22:28.451 vega_example_tests.cxxtest[18225:547891] call made to setAttribute(class, vega-bindings)
2019-07-31 15:22:29.233 vega_example_tests.cxxtest[18225:547891] call made to setAttribute(class, marks)
2019-07-31 15:22:29.234 vega_example_tests.cxxtest[18225:547891] call made to setAttribute(class, vega-bindings)
2019-07-31 15:22:30.009 vega_example_tests.cxxtest[18225:547891] call made to setAttribute(class, marks)
2019-07-31 15:22:30.010 vega_example_tests.cxxtest[18225:547891] call made to setAttribute(class, vega-bindings)
2019-07-31 15:22:30.703 vega_example_tests.cxxtest[18225:547891] call made to setAttribute(class, marks)
2019-07-31 15:22:30.703 vega_example_tests.cxxtest[18225:547891] call made to setAttribute(class, vega-bindings)
2019-07-31 15:22:30.704 vega_example_tests.cxxtest[18225:547891] call made to setAttribute(class, vega-bind)
2019-07-31 15:22:30.704 vega_example_tests.cxxtest[18225:547891] creating elements of type 'span' is not supported
Assertion failed: (false), function -[VegaJSDocument createElementWithString:], file ../src/visualization/vega_renderer/JSDocument.m, line 29.
unknown location:0: fatal error: in "vega_example_tests/testNestedBarChart": signal: SIGABRT (application abort requested)
../test/vega_renderer/base_fixture.mm:87: last checkpoint
2019-07-31 15:22:30.991 vega_example_tests.cxxtest[18225:547891] call made to setAttribute(class, marks)
2019-07-31 15:22:30.991 vega_example_tests.cxxtest[18225:547891] call made to setAttribute(class, vega-bindings)
2019-07-31 15:22:30.992 vega_example_tests.cxxtest[18225:547891] call made to setAttribute(class, vega-bind)
2019-07-31 15:22:30.992 vega_example_tests.cxxtest[18225:547891] creating elements of type 'span' is not supported
Assertion failed: (false), function -[VegaJSDocument createElementWithString:], file ../src/visualization/vega_renderer/JSDocument.m, line 29.
unknown location:0: fatal error: in "vega_example_tests/testPopulationPyramid": signal: SIGABRT (application abort requested)
../test/vega_renderer/base_fixture.mm:87: last checkpoint
2019-07-31 15:22:31.111 vega_example_tests.cxxtest[18225:547891] call made to setAttribute(class, marks)
2019-07-31 15:22:31.112 vega_example_tests.cxxtest[18225:547891] call made to setAttribute(class, vega-bindings)
2019-07-31 15:22:31.113 vega_example_tests.cxxtest[18225:547891] call made to setAttribute(class, vega-bind)
2019-07-31 15:22:31.113 vega_example_tests.cxxtest[18225:547891] creating elements of type 'span' is not supported
Assertion failed: (false), function -[VegaJSDocument createElementWithString:], file ../src/visualization/vega_renderer/JSDocument.m, line 29.
unknown location:0: fatal error: in "vega_example_tests/testLineChart": signal: SIGABRT (application abort requested)
../test/vega_renderer/base_fixture.mm:87: last checkpoint
2019-07-31 15:22:31.230 vega_example_tests.cxxtest[18225:547891] call made to setAttribute(class, marks)
2019-07-31 15:22:31.231 vega_example_tests.cxxtest[18225:547891] call made to setAttribute(class, vega-bindings)
2019-07-31 15:22:31.231 vega_example_tests.cxxtest[18225:547891] call made to setAttribute(class, vega-bind)
2019-07-31 15:22:31.231 vega_example_tests.cxxtest[18225:547891] creating elements of type 'span' is not supported
Assertion failed: (false), function -[VegaJSDocument createElementWithString:], file ../src/visualization/vega_renderer/JSDocument.m, line 29.
unknown location:0: fatal error: in "vega_example_tests/testAreaChart": signal: SIGABRT (application abort requested)
../test/vega_renderer/base_fixture.mm:87: last checkpoint
2019-07-31 15:22:31.352 vega_example_tests.cxxtest[18225:547891] call made to setAttribute(class, marks)
2019-07-31 15:22:31.353 vega_example_tests.cxxtest[18225:547891] call made to setAttribute(class, vega-bindings)
2019-07-31 15:22:32.138 vega_example_tests.cxxtest[18225:547891] call made to setAttribute(class, marks)
2019-07-31 15:22:32.139 vega_example_tests.cxxtest[18225:547891] call made to setAttribute(class, vega-bindings)
2019-07-31 15:22:32.139 vega_example_tests.cxxtest[18225:547891] call made to setAttribute(class, vega-bind)
2019-07-31 15:22:32.139 vega_example_tests.cxxtest[18225:547891] creating elements of type 'span' is not supported
Assertion failed: (false), function -[VegaJSDocument createElementWithString:], file ../src/visualization/vega_renderer/JSDocument.m, line 29.
unknown location:0: fatal error: in "vega_example_tests/testHorizonGraph": signal: SIGABRT (application abort requested)
../test/vega_renderer/base_fixture.mm:87: last checkpoint
2019-07-31 15:22:32.468 vega_example_tests.cxxtest[18225:547891] call made to setAttribute(class, marks)
2019-07-31 15:22:32.469 vega_example_tests.cxxtest[18225:547891] call made to setAttribute(class, vega-bindings)
2019-07-31 15:22:32.469 vega_example_tests.cxxtest[18225:547891] call made to setAttribute(class, vega-bind)
2019-07-31 15:22:32.469 vega_example_tests.cxxtest[18225:547891] creating elements of type 'span' is not supported
Assertion failed: (false), function -[VegaJSDocument createElementWithString:], file ../src/visualization/vega_renderer/JSDocument.m, line 29.
unknown location:0: fatal error: in "vega_example_tests/testJobVoyager": signal: SIGABRT (application abort requested)
../test/vega_renderer/base_fixture.mm:87: last checkpoint
2019-07-31 15:22:32.583 vega_example_tests.cxxtest[18225:547891] call made to setAttribute(class, marks)
2019-07-31 15:22:32.584 vega_example_tests.cxxtest[18225:547891] call made to setAttribute(class, vega-bindings)
2019-07-31 15:22:32.584 vega_example_tests.cxxtest[18225:547891] call made to setAttribute(class, vega-bind)
2019-07-31 15:22:32.584 vega_example_tests.cxxtest[18225:547891] creating elements of type 'span' is not supported
Assertion failed: (false), function -[VegaJSDocument createElementWithString:], file ../src/visualization/vega_renderer/JSDocument.m, line 29.
unknown location:0: fatal error: in "vega_example_tests/testPieChart": signal: SIGABRT (application abort requested)
../test/vega_renderer/base_fixture.mm:87: last checkpoint
2019-07-31 15:22:32.698 vega_example_tests.cxxtest[18225:547891] call made to setAttribute(class, marks)
2019-07-31 15:22:32.699 vega_example_tests.cxxtest[18225:547891] call made to setAttribute(class, vega-bindings)
2019-07-31 15:22:32.699 vega_example_tests.cxxtest[18225:547891] call made to setAttribute(class, vega-bind)
2019-07-31 15:22:32.699 vega_example_tests.cxxtest[18225:547891] creating elements of type 'span' is not supported
Assertion failed: (false), function -[VegaJSDocument createElementWithString:], file ../src/visualization/vega_renderer/JSDocument.m, line 29.
unknown location:0: fatal error: in "vega_example_tests/testDonutChart": signal: SIGABRT (application abort requested)
../test/vega_renderer/base_fixture.mm:87: last checkpoint
2019-07-31 15:22:32.811 vega_example_tests.cxxtest[18225:547891] call made to setAttribute(class, marks)
2019-07-31 15:22:32.812 vega_example_tests.cxxtest[18225:547891] call made to setAttribute(class, vega-bindings)
[1]    18225 trace trap  ./vega_example_tests.cxxtest
&lt;/denchmark-code&gt;

	</description>
	<comments>
	</comments>
</bug>