# JRE version: OpenJDK Runtime Environment (14.0.1+7) (build 14.0.1+7-Ubuntu-1ubuntu1)
# Java VM: OpenJDK 64-Bit Server VM (14.0.1+7-Ubuntu-1ubuntu1, mixed mode, sharing, tiered, compressed oops, g1 gc, linux-amd64)
GC Heap History (20 events):
Event: 26.555 GC heap before
{Heap before GC invocations=131 (full 0):
garbage-first heap   total 40960K, used 9427K [0x0000000706e00000, 0x0000000800000000)
region size 1024K, 2 young (2048K), 1 survivors (1024K)
Metaspace       used 9447K, capacity 9815K, committed 10112K, reserved 1058816K
class space    used 954K, capacity 1069K, committed 1152K, reserved 1048576K
}
Event: 26.557 GC heap after
{Heap after GC invocations=132 (full 0):
garbage-first heap   total 40960K, used 7379K [0x0000000706e00000, 0x0000000800000000)
region size 1024K, 1 young (1024K), 1 survivors (1024K)
Metaspace       used 9447K, capacity 9815K, committed 10112K, reserved 1058816K
class space    used 954K, capacity 1069K, committed 1152K, reserved 1048576K
}
Event: 26.595 GC heap before
{Heap before GC invocations=133 (full 0):
garbage-first heap   total 40960K, used 9427K [0x0000000706e00000, 0x0000000800000000)
region size 1024K, 2 young (2048K), 1 survivors (1024K)
Metaspace       used 9447K, capacity 9815K, committed 10112K, reserved 1058816K
class space    used 954K, capacity 1069K, committed 1152K, reserved 1048576K
}
Event: 26.597 GC heap after
{Heap after GC invocations=134 (full 0):
garbage-first heap   total 40960K, used 7382K [0x0000000706e00000, 0x0000000800000000)
region size 1024K, 1 young (1024K), 1 survivors (1024K)
Metaspace       used 9447K, capacity 9815K, committed 10112K, reserved 1058816K
class space    used 954K, capacity 1069K, committed 1152K, reserved 1048576K
}
Event: 26.635 GC heap before
{Heap before GC invocations=135 (full 0):
garbage-first heap   total 40960K, used 9430K [0x0000000706e00000, 0x0000000800000000)
region size 1024K, 2 young (2048K), 1 survivors (1024K)
Metaspace       used 9447K, capacity 9815K, committed 10112K, reserved 1058816K
class space    used 954K, capacity 1069K, committed 1152K, reserved 1048576K
}
Event: 26.637 GC heap after
{Heap after GC invocations=136 (full 0):
garbage-first heap   total 40960K, used 7386K [0x0000000706e00000, 0x0000000800000000)
region size 1024K, 1 young (1024K), 1 survivors (1024K)
Metaspace       used 9447K, capacity 9815K, committed 10112K, reserved 1058816K
class space    used 954K, capacity 1069K, committed 1152K, reserved 1048576K
}
Event: 26.675 GC heap before
{Heap before GC invocations=137 (full 0):
garbage-first heap   total 40960K, used 9434K [0x0000000706e00000, 0x0000000800000000)
region size 1024K, 2 young (2048K), 1 survivors (1024K)
Metaspace       used 9447K, capacity 9815K, committed 10112K, reserved 1058816K
class space    used 954K, capacity 1069K, committed 1152K, reserved 1048576K
}
Event: 26.678 GC heap after
{Heap after GC invocations=138 (full 0):
garbage-first heap   total 148480K, used 7388K [0x0000000706e00000, 0x0000000800000000)
region size 1024K, 1 young (1024K), 1 survivors (1024K)
Metaspace       used 9447K, capacity 9815K, committed 10112K, reserved 1058816K
class space    used 954K, capacity 1069K, committed 1152K, reserved 1048576K
}
Event: 26.718 GC heap before
{Heap before GC invocations=139 (full 0):
garbage-first heap   total 45056K, used 9436K [0x0000000706e00000, 0x0000000800000000)
region size 1024K, 2 young (2048K), 1 survivors (1024K)
Metaspace       used 9447K, capacity 9815K, committed 10112K, reserved 1058816K
class space    used 954K, capacity 1069K, committed 1152K, reserved 1048576K
}
Event: 26.719 GC heap after
{Heap after GC invocations=140 (full 0):
garbage-first heap   total 45056K, used 7390K [0x0000000706e00000, 0x0000000800000000)
region size 1024K, 1 young (1024K), 1 survivors (1024K)
Metaspace       used 9447K, capacity 9815K, committed 10112K, reserved 1058816K
class space    used 954K, capacity 1069K, committed 1152K, reserved 1048576K
}
Event: 26.758 GC heap before
{Heap before GC invocations=141 (full 0):
garbage-first heap   total 45056K, used 9438K [0x0000000706e00000, 0x0000000800000000)
region size 1024K, 2 young (2048K), 1 survivors (1024K)
Metaspace       used 9447K, capacity 9815K, committed 10112K, reserved 1058816K
class space    used 954K, capacity 1069K, committed 1152K, reserved 1048576K
}
Event: 26.760 GC heap after
{Heap after GC invocations=142 (full 0):
garbage-first heap   total 45056K, used 7392K [0x0000000706e00000, 0x0000000800000000)
region size 1024K, 1 young (1024K), 1 survivors (1024K)
Metaspace       used 9447K, capacity 9815K, committed 10112K, reserved 1058816K
class space    used 954K, capacity 1069K, committed 1152K, reserved 1048576K
}
Event: 26.798 GC heap before
{Heap before GC invocations=143 (full 0):
garbage-first heap   total 45056K, used 9440K [0x0000000706e00000, 0x0000000800000000)
region size 1024K, 2 young (2048K), 1 survivors (1024K)
Metaspace       used 9447K, capacity 9815K, committed 10112K, reserved 1058816K
class space    used 954K, capacity 1069K, committed 1152K, reserved 1048576K
}
Event: 26.799 GC heap after
{Heap after GC invocations=144 (full 0):
garbage-first heap   total 45056K, used 7395K [0x0000000706e00000, 0x0000000800000000)
region size 1024K, 1 young (1024K), 1 survivors (1024K)
Metaspace       used 9447K, capacity 9815K, committed 10112K, reserved 1058816K
class space    used 954K, capacity 1069K, committed 1152K, reserved 1048576K
}
Event: 26.837 GC heap before
{Heap before GC invocations=145 (full 0):
garbage-first heap   total 45056K, used 9443K [0x0000000706e00000, 0x0000000800000000)
region size 1024K, 2 young (2048K), 1 survivors (1024K)
Metaspace       used 9447K, capacity 9815K, committed 10112K, reserved 1058816K
class space    used 954K, capacity 1069K, committed 1152K, reserved 1048576K
}
Event: 26.840 GC heap after
{Heap after GC invocations=146 (full 0):
garbage-first heap   total 150528K, used 7397K [0x0000000706e00000, 0x0000000800000000)
region size 1024K, 1 young (1024K), 1 survivors (1024K)
Metaspace       used 9447K, capacity 9815K, committed 10112K, reserved 1058816K
class space    used 954K, capacity 1069K, committed 1152K, reserved 1048576K
}
Event: 27.785 GC heap before
{Heap before GC invocations=147 (full 0):
garbage-first heap   total 72704K, used 67813K [0x0000000706e00000, 0x0000000800000000)
region size 1024K, 6 young (6144K), 1 survivors (1024K)
Metaspace       used 9756K, capacity 10106K, committed 10368K, reserved 1058816K
class space    used 985K, capacity 1102K, committed 1152K, reserved 1048576K
}
Event: 27.790 GC heap after
{Heap after GC invocations=148 (full 0):
garbage-first heap   total 74752K, used 10220K [0x0000000706e00000, 0x0000000800000000)
region size 1024K, 1 young (1024K), 1 survivors (1024K)
Metaspace       used 9756K, capacity 10106K, committed 10368K, reserved 1058816K
class space    used 985K, capacity 1102K, committed 1152K, reserved 1048576K
}
Event: 27.898 GC heap before
{Heap before GC invocations=148 (full 0):
garbage-first heap   total 74752K, used 12268K [0x0000000706e00000, 0x0000000800000000)
region size 1024K, 3 young (3072K), 1 survivors (1024K)
Metaspace       used 11219K, capacity 11584K, committed 11776K, reserved 1060864K
class space    used 1127K, capacity 1253K, committed 1280K, reserved 1048576K
}
Event: 27.901 GC heap after
{Heap after GC invocations=149 (full 0):
garbage-first heap   total 74752K, used 9821K [0x0000000706e00000, 0x0000000800000000)
region size 1024K, 1 young (1024K), 1 survivors (1024K)
Metaspace       used 11219K, capacity 11584K, committed 11776K, reserved 1060864K
class space    used 1127K, capacity 1253K, committed 1280K, reserved 1048576K
}
Deoptimization events (20 events):
Event: 28.188 Thread 0x00007f5ec8019800 DEOPT PACKING pc=0x00007f5eb099787b sp=0x00007f5ece622190
Event: 28.188 Thread 0x00007f5ec8019800 DEOPT UNPACKING pc=0x00007f5eafcd933a sp=0x00007f5ece6218c8 mode 0
Event: 28.188 Thread 0x00007f5ec8019800 DEOPT PACKING pc=0x00007f5eb099787b sp=0x00007f5ece622190
Event: 28.188 Thread 0x00007f5ec8019800 DEOPT UNPACKING pc=0x00007f5eafcd933a sp=0x00007f5ece6218c8 mode 0
Event: 28.188 Thread 0x00007f5ec8019800 DEOPT PACKING pc=0x00007f5eb099787b sp=0x00007f5ece622190
Event: 28.188 Thread 0x00007f5ec8019800 DEOPT UNPACKING pc=0x00007f5eafcd933a sp=0x00007f5ece6218c8 mode 0
Event: 28.189 Thread 0x00007f5ec8019800 DEOPT PACKING pc=0x00007f5eb099787b sp=0x00007f5ece622190
Event: 28.189 Thread 0x00007f5ec8019800 DEOPT UNPACKING pc=0x00007f5eafcd933a sp=0x00007f5ece6218c8 mode 0
Event: 28.190 Thread 0x00007f5ec8019800 DEOPT PACKING pc=0x00007f5eb099787b sp=0x00007f5ece622190
Event: 28.190 Thread 0x00007f5ec8019800 DEOPT UNPACKING pc=0x00007f5eafcd933a sp=0x00007f5ece6218c8 mode 0
Event: 28.190 Thread 0x00007f5ec8019800 DEOPT PACKING pc=0x00007f5eb099787b sp=0x00007f5ece622190
Event: 28.190 Thread 0x00007f5ec8019800 DEOPT UNPACKING pc=0x00007f5eafcd933a sp=0x00007f5ece6218c8 mode 0
Event: 28.190 Thread 0x00007f5ec8019800 DEOPT PACKING pc=0x00007f5eb099787b sp=0x00007f5ece622190
Event: 28.190 Thread 0x00007f5ec8019800 DEOPT UNPACKING pc=0x00007f5eafcd933a sp=0x00007f5ece6218c8 mode 0
Event: 28.190 Thread 0x00007f5ec8019800 DEOPT PACKING pc=0x00007f5eb099787b sp=0x00007f5ece622190
Event: 28.190 Thread 0x00007f5ec8019800 DEOPT UNPACKING pc=0x00007f5eafcd933a sp=0x00007f5ece6218c8 mode 0
Event: 28.193 Thread 0x00007f5ec8019800 Uncommon trap: trap_request=0xffffff45 fr.pc=0x00007f5eb79bf51c relative=0x0000000000001f7c
Event: 28.193 Thread 0x00007f5ec8019800 Uncommon trap: reason=unstable_if action=reinterpret pc=0x00007f5eb79bf51c method=java.util.concurrent.ConcurrentHashMap.clear()V @ 166 c2
Event: 28.193 Thread 0x00007f5ec8019800 DEOPT PACKING pc=0x00007f5eb79bf51c sp=0x00007f5ece622810
Event: 28.193 Thread 0x00007f5ec8019800 DEOPT UNPACKING pc=0x00007f5eafcd8e25 sp=0x00007f5ece622778 mode 2
Classes unloaded (0 events):
No events
Classes redefined (0 events):
No events
Internal exceptions (20 events):
Event: 0.665 Thread 0x00007f5ec8019800 Implicit null exception at 0x00007f5eb78750a2 to 0x00007f5eb7875858
Event: 0.905 Thread 0x00007f5ec8019800 Implicit null exception at 0x00007f5eb7870a22 to 0x00007f5eb78711a0
Event: 1.152 Thread 0x00007f5ec8019800 Exception &lt;a 'java/lang/NoSuchMethodError'{0x0000000715f150a8}: 'int java.lang.invoke.DirectMethodHandle$Holder.invokeStaticInit(java.lang.Object, java.lang.Object, java.lang.Object, java.lang.Object)'&gt; (0x0000000715f150a8)
thrown [src/hotspot/share/interpreter/linkResolver.cpp, line 765]
Event: 1.154 Thread 0x00007f5ec8019800 Exception &lt;a 'java/lang/IncompatibleClassChangeError'{0x0000000715f1dc00}: Found class java.lang.Object, but interface was expected&gt; (0x0000000715f1dc00)
thrown [src/hotspot/share/interpreter/linkResolver.cpp, line 832]
Event: 1.154 Thread 0x00007f5ec8019800 Exception &lt;a 'java/lang/NoSuchMethodError'{0x0000000715f20be0}: 'void java.lang.invoke.DirectMethodHandle$Holder.invokeStaticInit(java.lang.Object, java.lang.Object)'&gt; (0x0000000715f20be0)
thrown [src/hotspot/share/interpreter/linkResolver.cpp, line 765]
Event: 1.156 Thread 0x00007f5ec8019800 Exception &lt;a 'java/lang/NoSuchMethodError'{0x0000000715f27a60}: 'int java.lang.invoke.DirectMethodHandle$Holder.invokeStaticInit(java.lang.Object, java.lang.Object)'&gt; (0x0000000715f27a60)
thrown [src/hotspot/share/interpreter/linkResolver.cpp, line 765]
Event: 8.288 Thread 0x00007f5ec8019800 Exception &lt;a 'java/lang/NoSuchMethodError'{0x00000007154a64b0}: 'java.lang.Object java.lang.invoke.DirectMethodHandle$Holder.invokeStatic(java.lang.Object, java.lang.Object, int, java.lang.Object)'&gt; (0x00000007154a64b0)
thrown [src/hotspot/share/interpreter/linkResolver.cpp, line 765]
Event: 8.288 Thread 0x00007f5ec8019800 Exception &lt;a 'java/lang/NoSuchMethodError'{0x00000007154a91a0}: 'java.lang.Object java.lang.invoke.DirectMethodHandle$Holder.invokeStaticInit(java.lang.Object, java.lang.Object, int, java.lang.Object)'&gt; (0x00000007154a91a0)
thrown [src/hotspot/share/interpreter/linkResolver.cpp, line 765]
Event: 8.289 Thread 0x00007f5ec8019800 Exception &lt;a 'java/lang/NoSuchMethodError'{0x00000007154aeeb0}: 'java.lang.Object java.lang.invoke.Invokers$Holder.linkToTargetMethod(java.lang.Object, int, java.lang.Object)'&gt; (0x00000007154aeeb0)
thrown [src/hotspot/share/interpreter/linkResolver.cpp, line 765]
Event: 8.297 Thread 0x00007f5ec8019800 Exception &lt;a 'sun/nio/fs/UnixException'{0x000000071531a4c8}&gt; (0x000000071531a4c8)
thrown [src/hotspot/share/prims/jni.cpp, line 599]
Event: 8.453 Thread 0x00007f5ec8019800 Exception &lt;a 'java/lang/NoSuchMethodError'{0x000000071534df40}: 'java.lang.Object java.lang.invoke.DirectMethodHandle$Holder.invokeStatic(java.lang.Object, int, java.lang.Object, java.lang.Object)'&gt; (0x000000071534df40)
thrown [src/hotspot/share/interpreter/linkResolver.cpp, line 765]
Event: 8.453 Thread 0x00007f5ec8019800 Exception &lt;a 'java/lang/NoSuchMethodError'{0x00000007153511e0}: 'java.lang.Object java.lang.invoke.DirectMethodHandle$Holder.invokeSpecial(java.lang.Object, java.lang.Object, int, java.lang.Object, java.lang.Object)'&gt; (0x00000007153511e0)
thrown [src/hotspot/share/interpreter/linkResolver.cpp, line 765]
Event: 8.469 Thread 0x00007f5ec8019800 Exception &lt;a 'java/lang/NoSuchMethodError'{0x00000007153b6938}: 'int java.lang.invoke.DirectMethodHandle$Holder.invokeStatic(java.lang.Object, long)'&gt; (0x00000007153b6938)
thrown [src/hotspot/share/interpreter/linkResolver.cpp, line 765]
Event: 8.554 Thread 0x00007f5ec8019800 Exception &lt;a 'java/lang/NoSuchMethodError'{0x000000071516a610}: 'long java.lang.invoke.DirectMethodHandle$Holder.invokeStatic(java.lang.Object, int)'&gt; (0x000000071516a610)
thrown [src/hotspot/share/interpreter/linkResolver.cpp, line 765]
Event: 8.874 Thread 0x00007f5ec8019800 Exception &lt;a 'java/lang/NoSuchMethodError'{0x00000007151c5200}: 'long java.lang.invoke.DirectMethodHandle$Holder.invokeStatic(java.lang.Object, java.lang.Object)'&gt; (0x00000007151c5200)
thrown [src/hotspot/share/interpreter/linkResolver.cpp, line 765]
Event: 10.966 Thread 0x00007f5ec825c000 Implicit null exception at 0x00007f5eb7955d40 to 0x00007f5eb7956466
Event: 27.751 Thread 0x00007f5ec8019800 Exception &lt;a 'sun/nio/fs/UnixException'{0x0000000707fc5990}&gt; (0x0000000707fc5990)
thrown [src/hotspot/share/prims/jni.cpp, line 599]
Event: 27.846 Thread 0x00007f5ec8019800 Exception &lt;a 'java/lang/NoSuchMethodError'{0x000000070af853c0}: 'java.lang.Object java.lang.invoke.DirectMethodHandle$Holder.invokeStatic(java.lang.Object, java.lang.Object, java.lang.Object, java.lang.Object, java.lang.Object, java.lang.Object, java.lang.Object, java.lang.Object, java.lang.Object, java.lang.Object, java.lang.Object, java.lang.Object, java.lang.Object, java.lang.Object, java.lang.Object)'&gt; (0x000000070af853c0)
thrown [src/hotspot/share/interpreter/linkResolver.cpp, line 765]
Event: 27.847 Thread 0x00007f5ec8019800 Exception &lt;a 'java/lang/NoSuchMethodError'{0x000000070af93188}: 'java.lang.Object java.lang.invoke.DirectMethodHandle$Holder.invokeStatic(java.lang.Object, java.lang.Object, java.lang.Object, java.lang.Object, java.lang.Object, java.lang.Object, java.lang.Object, java.lang.Object, java.lang.Object, java.lang.Object, java.lang.Object, java.lang.Object, java.lang.Object, java.lang.Object, java.lang.Object, java.lang.Object)'&gt; (0x000000070af93188)
thrown [src/hotspot/share/interpreter/linkResolver.cpp, line
Event: 27.848 Thread 0x00007f5ec8019800 Exception &lt;a 'java/lang/NoSuchMethodError'{0x000000070afa0378}: 'java.lang.Object java.lang.invoke.Invokers$Holder.linkToTargetMethod(java.lang.Object, java.lang.Object, java.lang.Object, java.lang.Object, java.lang.Object, java.lang.Object)'&gt; (0x000000070afa0378)
thrown [src/hotspot/share/interpreter/linkResolver.cpp, line 765]
Events (20 events):
Event: 28.218 Executing VM operation: HandshakeOneThread
Event: 28.218 Executing VM operation: HandshakeOneThread done
Event: 28.218 Executing VM operation: HandshakeOneThread
Event: 28.218 Executing VM operation: HandshakeOneThread done
Event: 28.218 Executing VM operation: HandshakeOneThread
Event: 28.218 Executing VM operation: HandshakeOneThread done
Event: 28.218 loading class java/util/WeakHashMap$KeyIterator
Event: 28.218 Executing VM operation: HandshakeOneThread
Event: 28.218 Executing VM operation: HandshakeOneThread done
Event: 28.218 Executing VM operation: HandshakeOneThread
Event: 28.218 Executing VM operation: HandshakeOneThread done
Event: 28.218 loading class java/util/WeakHashMap$HashIterator
Event: 28.218 Executing VM operation: HandshakeOneThread
Event: 28.218 Executing VM operation: HandshakeOneThread done
Event: 28.218 Thread 0x00007f5b12235800 Thread exited: 0x00007f5b12235800
Event: 28.218 loading class java/util/WeakHashMap$HashIterator done
Event: 28.218 loading class java/util/WeakHashMap$KeyIterator done
Event: 28.219 Thread 0x00007f5b0501b800 Thread exited: 0x00007f5b0501b800
Event: 28.219 Thread 0x00007f5b0491a000 Thread exited: 0x00007f5b0491a000
Event: 28.220 Thread 0x00007f5ec8019800 Thread exited: 0x00007f5ec8019800
Dynamic libraries:
200000000-200200000 ---p 00000000 00:00 0
200200000-200400000 rw-s 00000000 00:06 576                              /dev/nvidiactl
200400000-200600000 rw-s 00000000 00:06 578                              /dev/nvidia1
200600000-203e00000 rw-s 00000000 00:06 576                              /dev/nvidiactl
203e00000-204000000 rw-s 00000000 00:06 578                              /dev/nvidia1
204000000-204a00000 ---p 00000000 00:00 0
204a00000-204c00000 rw-s 00000000 00:06 576                              /dev/nvidiactl
204c00000-204e00000 rw-s 00000000 00:06 576                              /dev/nvidiactl
204e00000-205000000 rw-s 204e00000 00:06 579                             /dev/nvidia-uvm
205000000-205200000 rw-s 00000000 00:06 576                              /dev/nvidiactl
205200000-205400000 ---p 00000000 00:00 0
205400000-205600000 rw-s 00000000 00:06 576                              /dev/nvidiactl
205600000-205a00000 ---p 00000000 00:00 0
205a00000-205c00000 rw-s 00000000 00:06 576                              /dev/nvidiactl
205c00000-207c00000 rw-s 00000000 00:06 576                              /dev/nvidiactl
207c00000-20ac00000 rw-s 00000000 00:06 576                              /dev/nvidiactl
20ac00000-20b000000 ---p 00000000 00:00 0
20b000000-20b200000 rw-s 00000000 00:06 576                              /dev/nvidiactl
20b200000-20b400000 rw-s 00000000 00:06 576                              /dev/nvidiactl
20b400000-20b600000 rw-s 20b400000 00:06 579                             /dev/nvidia-uvm
20b600000-20b800000 rw-s 00000000 00:06 576                              /dev/nvidiactl
20b800000-20ba00000 ---p 00000000 00:00 0
20ba00000-20bc00000 rw-s 00000000 00:06 576                              /dev/nvidiactl
20bc00000-400200000 ---p 00000000 00:00 0
706e00000-70b400000 rw-p 00000000 00:00 0
70b400000-7ffd00000 ---p 00000000 00:00 0
7ffd00000-7ffe00000 rw-p 00000000 00:00 0
7ffe00000-7ffe52000 rw-p 00bc5000 08:05 38014021                         /usr/lib/jvm/java-14-openjdk-amd64/lib/server/classes.jsa
7ffe52000-7fff00000 rw-p 00000000 00:00 0
7fff00000-7fff7f000 rw-p 00b46000 08:05 38014021                         /usr/lib/jvm/java-14-openjdk-amd64/lib/server/classes.jsa
7fff7f000-800000000 rw-p 00000000 00:00 0
800000000-800003000 rwxp 00001000 08:05 38014021                         /usr/lib/jvm/java-14-openjdk-amd64/lib/server/classes.jsa
800003000-800b18000 rw-p 00004000 08:05 38014021                         /usr/lib/jvm/java-14-openjdk-amd64/lib/server/classes.jsa
800b18000-800c78000 rw-p 00000000 00:00 0
800c78000-840b18000 ---p 00000000 00:00 0
10000000000-10108000000 ---p 00000000 00:00 0
55e8c842e000-55e8c842f000 r--p 00000000 08:05 38013858                   /usr/lib/jvm/java-14-openjdk-amd64/bin/java
55e8c842f000-55e8c8430000 r-xp 00001000 08:05 38013858                   /usr/lib/jvm/java-14-openjdk-amd64/bin/java
55e8c8430000-55e8c8431000 r--p 00002000 08:05 38013858                   /usr/lib/jvm/java-14-openjdk-amd64/bin/java
55e8c8431000-55e8c8432000 r--p 00002000 08:05 38013858                   /usr/lib/jvm/java-14-openjdk-amd64/bin/java
55e8c8432000-55e8c8433000 rw-p 00003000 08:05 38013858                   /usr/lib/jvm/java-14-openjdk-amd64/bin/java
55e8c9f8d000-55e8cdfbc000 rw-p 00000000 00:00 0                          [heap]
7f5abc000000-7f5abc021000 rw-p 00000000 00:00 0
7f5abc021000-7f5ac0000000 ---p 00000000 00:00 0
7f5ac0000000-7f5ac0021000 rw-p 00000000 00:00 0
7f5ac0021000-7f5ac4000000 ---p 00000000 00:00 0
7f5ac4000000-7f5ac4021000 rw-p 00000000 00:00 0
7f5ac4021000-7f5ac8000000 ---p 00000000 00:00 0
7f5ac8000000-7f5ac8021000 rw-p 00000000 00:00 0
7f5ac8021000-7f5acc000000 ---p 00000000 00:00 0
7f5acc000000-7f5acc021000 rw-p 00000000 00:00 0
7f5acc021000-7f5ad0000000 ---p 00000000 00:00 0
7f5ad0000000-7f5ad0021000 rw-p 00000000 00:00 0
7f5ad0021000-7f5ad4000000 ---p 00000000 00:00 0
7f5ad4000000-7f5ad4052000 rw-p 00000000 00:00 0
7f5ad4052000-7f5ad8000000 ---p 00000000 00:00 0
7f5ad8000000-7f5ad8021000 rw-p 00000000 00:00 0
7f5ad8021000-7f5adc000000 ---p 00000000 00:00 0
7f5adc000000-7f5adc021000 rw-p 00000000 00:00 0
7f5adc021000-7f5ae0000000 ---p 00000000 00:00 0
7f5ae0000000-7f5ae0215000 rw-p 00000000 00:00 0
7f5ae0215000-7f5ae4000000 ---p 00000000 00:00 0
7f5ae4000000-7f5ae4021000 rw-p 00000000 00:00 0
7f5ae4021000-7f5ae8000000 ---p 00000000 00:00 0
7f5ae8000000-7f5ae8021000 rw-p 00000000 00:00 0
7f5ae8021000-7f5aec000000 ---p 00000000 00:00 0
7f5af2000000-7f5af8000000 ---p 00000000 00:00 0
7f5af8000000-7f5afbf34000 rw-p 00000000 00:00 0
7f5afbf34000-7f5afc000000 ---p 00000000 00:00 0
7f5afc000000-7f5afd800000 ---p 00000000 00:00 0
7f5afd800000-7f5afda00000 rw-s 00000000 00:01 990633                     /dev/zero (deleted)
7f5afda00000-7f5b04000000 ---p 00000000 00:00 0
7f5b04000000-7f5b08000000 rw-p 00000000 00:00 0
7f5b0a000000-7f5b10000000 ---p 00000000 00:00 0
7f5b10000000-7f5b13dcd000 rw-p 00000000 00:00 0
7f5b13dcd000-7f5b14000000 ---p 00000000 00:00 0
7f5b14000000-7f5b17ff0000 rw-p 00000000 00:00 0
7f5b17ff0000-7f5b18000000 ---p 00000000 00:00 0
7f5b1a000000-7f5b1c000000 ---p 00000000 00:00 0
7f5b1c000000-7f5b1f432000 rw-p 00000000 00:00 0
7f5b1f432000-7f5b20000000 ---p 00000000 00:00 0
7f5b20000000-7f5b23b1c000 rw-p 00000000 00:00 0
7f5b23b1c000-7f5b24000000 ---p 00000000 00:00 0
7f5b24000000-7f5b27f20000 rw-p 00000000 00:00 0
7f5b27f20000-7f5b28000000 ---p 00000000 00:00 0
7f5b2a000000-7f5b2c000000 ---p 00000000 00:00 0
7f5b2e000000-7f5b34000000 ---p 00000000 00:00 0
7f5b34000000-7f5b37fa3000 rw-p 00000000 00:00 0
7f5b37fa3000-7f5b38000000 ---p 00000000 00:00 0
7f5b3a000000-7f5b3c000000 ---p 00000000 00:00 0
7f5b3c000000-7f5b40000000 rw-p 00000000 00:00 0
7f5b42000000-7f5b44000000 ---p 00000000 00:00 0
7f5b44000000-7f5b47ffb000 rw-p 00000000 00:00 0
7f5b47ffb000-7f5b48000000 ---p 00000000 00:00 0
7f5b4a000000-7f5b4c000000 ---p 00000000 00:00 0
7f5b4c000000-7f5b50000000 rw-p 00000000 00:00 0
7f5b52000000-7f5b54000000 ---p 00000000 00:00 0
7f5b54000000-7f5b58000000 rw-p 00000000 00:00 0
7f5b58000000-7f5b5be41000 rw-p 00000000 00:00 0
7f5b5be41000-7f5b5c000000 ---p 00000000 00:00 0
7f5b5e000000-7f5b64000000 ---p 00000000 00:00 0
7f5b64000000-7f5b68000000 rw-p 00000000 00:00 0
7f5b6a000000-7f5b6c000000 ---p 00000000 00:00 0
7f5b6c000000-7f5b70000000 rw-p 00000000 00:00 0
7f5b72000000-7f5b74000000 ---p 00000000 00:00 0
7f5b74000000-7f5b77feb000 rw-p 00000000 00:00 0
7f5b77feb000-7f5b78000000 ---p 00000000 00:00 0
7f5b7a000000-7f5b7c000000 ---p 00000000 00:00 0
7f5b7c000000-7f5b7ffb6000 rw-p 00000000 00:00 0
7f5b7ffb6000-7f5b80000000 ---p 00000000 00:00 0
7f5b82000000-7f5b84000000 ---p 00000000 00:00 0
7f5b84000000-7f5b87f67000 rw-p 00000000 00:00 0
7f5b87f67000-7f5b88000000 ---p 00000000 00:00 0
7f5b8a000000-7f5b8c000000 ---p 00000000 00:00 0
7f5b8c000000-7f5b8f337000 rw-p 00000000 00:00 0
7f5b8f337000-7f5b90000000 ---p 00000000 00:00 0
7f5b92000000-7f5b94000000 ---p 00000000 00:00 0
7f5b94000000-7f5b97ff1000 rw-p 00000000 00:00 0
7f5b97ff1000-7f5b98000000 ---p 00000000 00:00 0
7f5b9a000000-7f5b9c000000 ---p 00000000 00:00 0
7f5b9c000000-7f5ba0000000 rw-p 00000000 00:00 0
7f5ba2000000-7f5ba4000000 ---p 00000000 00:00 0
7f5ba4000000-7f5ba7ff1000 rw-p 00000000 00:00 0
7f5ba7ff1000-7f5ba8000000 ---p 00000000 00:00 0
7f5baa000000-7f5bac000000 ---p 00000000 00:00 0
7f5bac000000-7f5bafffd000 rw-p 00000000 00:00 0
7f5bafffd000-7f5bb0000000 ---p 00000000 00:00 0
7f5bb2000000-7f5bb4000000 ---p 00000000 00:00 0
7f5bb4000000-7f5bb7dad000 rw-p 00000000 00:00 0
7f5bb7dad000-7f5bb8000000 ---p 00000000 00:00 0
7f5bb8000000-7f5bbc000000 rw-p 00000000 00:00 0
7f5bbc000000-7f5bbffd6000 rw-p 00000000 00:00 0
7f5bbffd6000-7f5bc0000000 ---p 00000000 00:00 0
7f5bc2000000-7f5bc4000000 ---p 00000000 00:00 0
7f5bc4000000-7f5bc7ffc000 rw-p 00000000 00:00 0
7f5bc7ffc000-7f5bc8000000 ---p 00000000 00:00 0
7f5bca000000-7f5bd0000000 ---p 00000000 00:00 0
7f5bd0000000-7f5bd3e4b000 rw-p 00000000 00:00 0
7f5bd3e4b000-7f5bd4000000 ---p 00000000 00:00 0
7f5bde000000-7f5be0000000 ---p 00000000 00:00 0
7f5be0000000-7f5be7ffd000 rw-p 00000000 00:00 0
7f5be7ffd000-7f5be8000000 ---p 00000000 00:00 0
7f5be8000000-7f5bebfe3000 rw-p 00000000 00:00 0
7f5bebfe3000-7f5bec000000 ---p 00000000 00:00 0
7f5bec000000-7f5befad8000 rw-p 00000000 00:00 0
7f5befad8000-7f5bf0000000 ---p 00000000 00:00 0
7f5bf0000000-7f5bf3ffc000 rw-p 00000000 00:00 0
7f5bf3ffc000-7f5bf4000000 ---p 00000000 00:00 0
7f5bf57ff000-7f5bf5800000 ---p 00000000 00:00 0
7f5bf5800000-7f5bf6000000 rw-p 00000000 00:00 0
7f5bf6000000-7f5bf8000000 ---p 00000000 00:00 0
7f5bf8000000-7f5bfc000000 rw-p 00000000 00:00 0
7f5bfc7fd000-7f5bfc7fe000 ---p 00000000 00:00 0
7f5bfc7fe000-7f5bfcffe000 rw-p 00000000 00:00 0
7f5bfcffe000-7f5bfcfff000 ---p 00000000 00:00 0
7f5bfcfff000-7f5bfd7ff000 rw-p 00000000 00:00 0
7f5bfd7ff000-7f5bfd800000 ---p 00000000 00:00 0
7f5bfd800000-7f5bfe000000 rw-p 00000000 00:00 0
7f5bfe000000-7f5c06c00000 ---p 00000000 00:00 0
7f5c06c00000-7f5c06e00000 rw-s 00000000 00:01 990632                     /dev/zero (deleted)
7f5c06e00000-7f5c08000000 ---p 00000000 00:00 0
7f5c08000000-7f5c0b706000 rw-p 00000000 00:00 0
7f5c0b706000-7f5c0c000000 ---p 00000000 00:00 0
7f5c0e000000-7f5c10000000 ---p 00000000 00:00 0
7f5c10000000-7f5c14000000 rw-p 00000000 00:00 0
7f5c14000000-7f5c17dd4000 rw-p 00000000 00:00 0
7f5c17dd4000-7f5c18000000 ---p 00000000 00:00 0
7f5c18368000-7f5c18369000 ---p 00000000 00:00 0
7f5c18369000-7f5c18b69000 rw-p 00000000 00:00 0
7f5c1a000000-7f5c1c000000 ---p 00000000 00:00 0
7f5c1c000000-7f5c1f7aa000 rw-p 00000000 00:00 0
7f5c1f7aa000-7f5c20000000 ---p 00000000 00:00 0
7f5c2008d000-7f5c2008e000 ---p 00000000 00:00 0
7f5c2008e000-7f5c2088e000 rw-p 00000000 00:00 0
7f5c22000000-7f5c24000000 ---p 00000000 00:00 0
7f5c24000000-7f5c27f2d000 rw-p 00000000 00:00 0
7f5c27f2d000-7f5c28000000 ---p 00000000 00:00 0
7f5c2a000000-7f5c2c000000 ---p 00000000 00:00 0
7f5c2c48d000-7f5c2c48e000 ---p 00000000 00:00 0
7f5c2c48e000-7f5c2cc8e000 rw-p 00000000 00:00 0
7f5c2cc8e000-7f5c2cc8f000 ---p 00000000 00:00 0
7f5c2cc8f000-7f5c2d48f000 rw-p 00000000 00:00 0
7f5c2d48f000-7f5c48a26000 r-xp 00000000 08:05 38014916                   /usr/lib/x86_64-linux-gnu/libcudnn.so.7.6.5
7f5c48a26000-7f5c48c25000 ---p 1b597000 08:05 38014916                   /usr/lib/x86_64-linux-gnu/libcudnn.so.7.6.5
7f5c48c25000-7f5c48ce6000 rw-p 1b596000 08:05 38014916                   /usr/lib/x86_64-linux-gnu/libcudnn.so.7.6.5
7f5c48ce6000-7f5c48d79000 rw-p 00000000 00:00 0
7f5c48d79000-7f5c4fdea000 r-xp 00000000 08:05 38014497                   /usr/lib/x86_64-linux-gnu/libcusparse.so.10.3.0.243
7f5c4fdea000-7f5c4ffea000 ---p 07071000 08:05 38014497                   /usr/lib/x86_64-linux-gnu/libcusparse.so.10.3.0.243
7f5c4ffea000-7f5c4fff9000 rw-p 07071000 08:05 38014497                   /usr/lib/x86_64-linux-gnu/libcusparse.so.10.3.0.243
7f5c4fff9000-7f5c50000000 rw-p 00000000 00:00 0
7f5c50000000-7f5c53ff7000 rw-p 00000000 00:00 0
7f5c53ff7000-7f5c54000000 ---p 00000000 00:00 0
7f5c54415000-7f5c54416000 ---p 00000000 00:00 0
7f5c54416000-7f5c54c16000 rw-p 00000000 00:00 0
7f5c55f29000-7f5c55f2a000 ---p 00000000 00:00 0
7f5c55f2a000-7f5c5672a000 rw-p 00000000 00:00 0
7f5c577ff000-7f5c57800000 ---p 00000000 00:00 0
7f5c57800000-7f5c58000000 rw-p 00000000 00:00 0
7f5c58000000-7f5c58021000 rw-p 00000000 00:00 0
7f5c58021000-7f5c5c000000 ---p 00000000 00:00 0
7f5c5c000000-7f5c5c021000 rw-p 00000000 00:00 0
7f5c5c021000-7f5c60000000 ---p 00000000 00:00 0
7f5c60000000-7f5c62a00000 ---p 00000000 00:00 0
7f5c62a00000-7f5c62c00000 rw-s 00000000 00:01 990628                     /dev/zero (deleted)
7f5c62c00000-7f5c62e00000 rw-s 00000000 00:06 576                        /dev/nvidiactl
7f5c62e00000-7f5c63000000 rw-s 00000000 00:01 990629                     /dev/zero (deleted)
7f5c63000000-7f5c63200000 ---p 00000000 00:00 0
7f5c63200000-7f5c63400000 rw-s 00000000 00:06 576                        /dev/nvidiactl
7f5c63400000-7f5c63600000 ---p 00000000 00:00 0
7f5c63600000-7f5c63800000 rw-s 00000000 00:01 990631                     /dev/zero (deleted)
7f5c63800000-7f5c63ad6000 rw-s 00000000 00:06 576                        /dev/nvidiactl
7f5c63ad6000-7f5c66400000 ---p 00000000 00:00 0
7f5c66400000-7f5c66600000 rw-s 00000000 00:01 990621                     /dev/zero (deleted)
7f5c66600000-7f5c66800000 rw-s 00000000 00:06 576                        /dev/nvidiactl
7f5c66800000-7f5c66a00000 rw-s 00000000 00:01 990622                     /dev/zero (deleted)
7f5c66a00000-7f5c66e00000 ---p 00000000 00:00 0
7f5c66e00000-7f5c67000000 rw-s 00000000 00:06 576                        /dev/nvidiactl
7f5c67000000-7f5c67200000 ---p 00000000 00:00 0
7f5c67200000-7f5c67400000 rw-s 00000000 00:01 990624                     /dev/zero (deleted)
7f5c67400000-7f5c674e7000 rw-s 00000000 00:06 576                        /dev/nvidiactl
7f5c674e7000-7f5c68000000 ---p 00000000 00:00 0
7f5c68000000-7f5c68021000 rw-p 00000000 00:00 0
7f5c68021000-7f5c6c000000 ---p 00000000 00:00 0
7f5c6c000000-7f5c6c021000 rw-p 00000000 00:00 0
7f5c6c021000-7f5c70000000 ---p 00000000 00:00 0
7f5c70000000-7f5c70021000 rw-p 00000000 00:00 0
7f5c70021000-7f5c74000000 ---p 00000000 00:00 0
7f5c74000000-7f5c74021000 rw-p 00000000 00:00 0
7f5c74021000-7f5c78000000 ---p 00000000 00:00 0
7f5c78000000-7f5c78021000 rw-p 00000000 00:00 0
7f5c78021000-7f5c7c000000 ---p 00000000 00:00 0
7f5c7c7f9000-7f5c7c7fa000 ---p 00000000 00:00 0
7f5c7c7fa000-7f5c7cffa000 rw-p 00000000 00:00 0
7f5c7cffa000-7f5c7cffb000 ---p 00000000 00:00 0
7f5c7cffb000-7f5c7d7fb000 rw-p 00000000 00:00 0
7f5c7d7fb000-7f5c7d7fc000 ---p 00000000 00:00 0
7f5c7d7fc000-7f5c7dffc000 rw-p 00000000 00:00 0
7f5c7dffc000-7f5c7dffd000 ---p 00000000 00:00 0
7f5c7dffd000-7f5c7e7fd000 rw-p 00000000 00:00 0
7f5c7e7fd000-7f5c7e7fe000 ---p 00000000 00:00 0
7f5c7e7fe000-7f5c7effe000 rw-p 00000000 00:00 0
7f5c7effe000-7f5c7efff000 ---p 00000000 00:00 0
7f5c7efff000-7f5c7f7ff000 rw-p 00000000 00:00 0
7f5c7f7ff000-7f5c7f800000 ---p 00000000 00:00 0
7f5c7f800000-7f5c80000000 rw-p 00000000 00:00 0
7f5c80000000-7f5c80021000 rw-p 00000000 00:00 0
7f5c80021000-7f5c84000000 ---p 00000000 00:00 0
7f5c84000000-7f5c84021000 rw-p 00000000 00:00 0
7f5c84021000-7f5c88000000 ---p 00000000 00:00 0
7f5c88000000-7f5c88021000 rw-p 00000000 00:00 0
7f5c88021000-7f5c8c000000 ---p 00000000 00:00 0
7f5c8c000000-7f5c8c021000 rw-p 00000000 00:00 0
7f5c8c021000-7f5c90000000 ---p 00000000 00:00 0
7f5c90000000-7f5c90021000 rw-p 00000000 00:00 0
7f5c90021000-7f5c94000000 ---p 00000000 00:00 0
7f5c94000000-7f5c94021000 rw-p 00000000 00:00 0
7f5c94021000-7f5c98000000 ---p 00000000 00:00 0
7f5c98000000-7f5c98021000 rw-p 00000000 00:00 0
7f5c98021000-7f5c9c000000 ---p 00000000 00:00 0
7f5c9c000000-7f5c9c021000 rw-p 00000000 00:00 0
7f5c9c021000-7f5ca0000000 ---p 00000000 00:00 0
7f5ca0000000-7f5ca0021000 rw-p 00000000 00:00 0
7f5ca0021000-7f5ca4000000 ---p 00000000 00:00 0
7f5ca4000000-7f5ca4021000 rw-p 00000000 00:00 0
7f5ca4021000-7f5ca8000000 ---p 00000000 00:00 0
7f5ca8000000-7f5ca8021000 rw-p 00000000 00:00 0
7f5ca8021000-7f5cac000000 ---p 00000000 00:00 0
7f5cac000000-7f5cac021000 rw-p 00000000 00:00 0
7f5cac021000-7f5cb0000000 ---p 00000000 00:00 0
7f5cb0000000-7f5cb0021000 rw-p 00000000 00:00 0
7f5cb0021000-7f5cb4000000 ---p 00000000 00:00 0
7f5cb4000000-7f5cb4021000 rw-p 00000000 00:00 0
7f5cb4021000-7f5cb8000000 ---p 00000000 00:00 0
7f5cb8000000-7f5cb8021000 rw-p 00000000 00:00 0
7f5cb8021000-7f5cbc000000 ---p 00000000 00:00 0
7f5cbc000000-7f5cbc021000 rw-p 00000000 00:00 0
7f5cbc021000-7f5cc0000000 ---p 00000000 00:00 0
7f5cc0000000-7f5cc0021000 rw-p 00000000 00:00 0
7f5cc0021000-7f5cc4000000 ---p 00000000 00:00 0
7f5cc4000000-7f5cc4021000 rw-p 00000000 00:00 0
7f5cc4021000-7f5cc8000000 ---p 00000000 00:00 0
7f5cc8000000-7f5cc8021000 rw-p 00000000 00:00 0
7f5cc8021000-7f5ccc000000 ---p 00000000 00:00 0
7f5ccc7f9000-7f5ccc7fa000 ---p 00000000 00:00 0
7f5ccc7fa000-7f5cccffa000 rw-p 00000000 00:00 0
7f5cccffa000-7f5cccffb000 ---p 00000000 00:00 0
7f5cccffb000-7f5ccd7fb000 rw-p 00000000 00:00 0
7f5ccd7fb000-7f5ccd7fc000 ---p 00000000 00:00 0
7f5ccd7fc000-7f5ccdffc000 rw-p 00000000 00:00 0
7f5ccdffc000-7f5ccdffd000 ---p 00000000 00:00 0
7f5ccdffd000-7f5cce7fd000 rw-p 00000000 00:00 0
7f5cce7fd000-7f5cce7fe000 ---p 00000000 00:00 0
7f5cce7fe000-7f5cceffe000 rw-p 00000000 00:00 0
7f5cceffe000-7f5ccefff000 ---p 00000000 00:00 0
7f5ccefff000-7f5ccf7ff000 rw-p 00000000 00:00 0
7f5ccf7ff000-7f5ccf800000 ---p 00000000 00:00 0
7f5ccf800000-7f5cd0000000 rw-p 00000000 00:00 0
7f5cd0000000-7f5cd0021000 rw-p 00000000 00:00 0
7f5cd0021000-7f5cd4000000 ---p 00000000 00:00 0
7f5cd4104000-7f5cd4135000 r--p 00000000 08:05 38798917                   /usr/share/glib-2.0/schemas/gschemas.compiled
7f5cd4135000-7f5cd4137000 r--p 00000000 08:05 38018887                   /usr/lib/x86_64-linux-gnu/libpcre2-8.so.0.9.0
7f5cd4137000-7f5cd419b000 r-xp 00002000 08:05 38018887                   /usr/lib/x86_64-linux-gnu/libpcre2-8.so.0.9.0
7f5cd419b000-7f5cd41c3000 r--p 00066000 08:05 38018887                   /usr/lib/x86_64-linux-gnu/libpcre2-8.so.0.9.0
7f5cd41c3000-7f5cd41c4000 r--p 0008d000 08:05 38018887                   /usr/lib/x86_64-linux-gnu/libpcre2-8.so.0.9.0
7f5cd41c4000-7f5cd41c5000 rw-p 0008e000 08:05 38018887                   /usr/lib/x86_64-linux-gnu/libpcre2-8.so.0.9.0
7f5cd41c5000-7f5cd41cf000 r--p 00000000 08:05 38018018                   /usr/lib/x86_64-linux-gnu/libblkid.so.1.1.0
7f5cd41cf000-7f5cd4205000 r-xp 0000a000 08:05 38018018                   /usr/lib/x86_64-linux-gnu/libblkid.so.1.1.0
7f5cd4205000-7f5cd4215000 r--p 00040000 08:05 38018018                   /usr/lib/x86_64-linux-gnu/libblkid.so.1.1.0
7f5cd4215000-7f5cd4216000 ---p 00050000 08:05 38018018                   /usr/lib/x86_64-linux-gnu/libblkid.so.1.1.0
7f5cd4216000-7f5cd421b000 r--p 00050000 08:05 38018018                   /usr/lib/x86_64-linux-gnu/libblkid.so.1.1.0
7f5cd421b000-7f5cd421c000 rw-p 00055000 08:05 38018018                   /usr/lib/x86_64-linux-gnu/libblkid.so.1.1.0
7f5cd421c000-7f5cd421e000 r--p 00000000 08:05 38018883                   /usr/lib/x86_64-linux-gnu/libpcre.so.3.13.3
7f5cd421e000-7f5cd426f000 r-xp 00002000 08:05 38018883                   /usr/lib/x86_64-linux-gnu/libpcre.so.3.13.3
7f5cd426f000-7f5cd428d000 r--p 00053000 08:05 38018883                   /usr/lib/x86_64-linux-gnu/libpcre.so.3.13.3
7f5cd428d000-7f5cd428e000 r--p 00070000 08:05 38018883                   /usr/lib/x86_64-linux-gnu/libpcre.so.3.13.3
7f5cd428e000-7f5cd428f000 rw-p 00071000 08:05 38018883                   /usr/lib/x86_64-linux-gnu/libpcre.so.3.13.3
7f5cd428f000-7f5cd429a000 r--p 00000000 08:05 38018704                   /usr/lib/x86_64-linux-gnu/libmount.so.1.1.0
7f5cd429a000-7f5cd42d8000 r-xp 0000b000 08:05 38018704                   /usr/lib/x86_64-linux-gnu/libmount.so.1.1.0
7f5cd42d8000-7f5cd42eb000 r--p 00049000 08:05 38018704                   /usr/lib/x86_64-linux-gnu/libmount.so.1.1.0
7f5cd42eb000-7f5cd42ee000 r--p 0005b000 08:05 38018704                   /usr/lib/x86_64-linux-gnu/libmount.so.1.1.0
7f5cd42ee000-7f5cd42ef000 rw-p 0005e000 08:05 38018704                   /usr/lib/x86_64-linux-gnu/libmount.so.1.1.0
7f5cd42ef000-7f5cd430b000 r--p 00000000 08:05 38018379                   /usr/lib/x86_64-linux-gnu/libglib-2.0.so.0.6400.2
7f5cd430b000-7f5cd438f000 r-xp 0001c000 08:05 38018379                   /usr/lib/x86_64-linux-gnu/libglib-2.0.so.0.6400.2
7f5cd438f000-7f5cd4414000 r--p 000a0000 08:05 38018379                   /usr/lib/x86_64-linux-gnu/libglib-2.0.so.0.6400.2
7f5cd4414000-7f5cd4415000 ---p 00125000 08:05 38018379                   /usr/lib/x86_64-linux-gnu/libglib-2.0.so.0.6400.2
7f5cd4415000-7f5cd4416000 r--p 00125000 08:05 38018379                   /usr/lib/x86_64-linux-gnu/libglib-2.0.so.0.6400.2
7f5cd4416000-7f5cd4417000 rw-p 00126000 08:05 38018379                   /usr/lib/x86_64-linux-gnu/libglib-2.0.so.0.6400.2
7f5cd4417000-7f5cd4418000 rw-p 00000000 00:00 0
7f5cd4418000-7f5cd4450000 r--p 00000000 08:05 38018371                   /usr/lib/x86_64-linux-gnu/libgio-2.0.so.0.6400.2
7f5cd4450000-7f5cd4563000 r-xp 00038000 08:05 38018371                   /usr/lib/x86_64-linux-gnu/libgio-2.0.so.0.6400.2
7f5cd4563000-7f5cd45ec000 r--p 0014b000 08:05 38018371                   /usr/lib/x86_64-linux-gnu/libgio-2.0.so.0.6400.2
7f5cd45ec000-7f5cd45ed000 ---p 001d4000 08:05 38018371                   /usr/lib/x86_64-linux-gnu/libgio-2.0.so.0.6400.2
7f5cd45ed000-7f5cd45f6000 r--p 001d4000 08:05 38018371                   /usr/lib/x86_64-linux-gnu/libgio-2.0.so.0.6400.2
7f5cd45f6000-7f5cd45f7000 rw-p 001dd000 08:05 38018371                   /usr/lib/x86_64-linux-gnu/libgio-2.0.so.0.6400.2
7f5cd45f7000-7f5cd46b9000 rw-p 00000000 00:00 0
7f5cd46b9000-7f5cd47f9000 ---p 00000000 00:00 0
7f5cd47f9000-7f5cd47fa000 ---p 00000000 00:00 0
7f5cd47fa000-7f5cd4ffa000 rw-p 00000000 00:00 0
7f5cd4ffa000-7f5cd4ffb000 ---p 00000000 00:00 0
7f5cd4ffb000-7f5cd57fb000 rw-p 00000000 00:00 0
7f5cd57fb000-7f5cd57fc000 ---p 00000000 00:00 0
7f5cd57fc000-7f5cd5ffc000 rw-p 00000000 00:00 0
7f5cd5ffc000-7f5cd5ffd000 ---p 00000000 00:00 0
7f5cd5ffd000-7f5cd67fd000 rw-p 00000000 00:00 0
7f5cd67fd000-7f5cd67fe000 ---p 00000000 00:00 0
7f5cd67fe000-7f5cd6ffe000 rw-p 00000000 00:00 0
7f5cd6ffe000-7f5cd6fff000 ---p 00000000 00:00 0
7f5cd6fff000-7f5cd77ff000 rw-p 00000000 00:00 0
7f5cd77ff000-7f5cd7800000 ---p 00000000 00:00 0
7f5cd7800000-7f5cd8000000 rw-p 00000000 00:00 0
7f5cd8000000-7f5cd8021000 rw-p 00000000 00:00 0
7f5cd8021000-7f5cdc000000 ---p 00000000 00:00 0
7f5cdc00c000-7f5cdc010000 r--p 00000000 08:05 38013990                   /usr/lib/jvm/java-14-openjdk-amd64/lib/libfontmanager.so
7f5cdc010000-7f5cdc0fb000 r-xp 00004000 08:05 38013990                   /usr/lib/jvm/java-14-openjdk-amd64/lib/libfontmanager.so
7f5cdc0fb000-7f5cdc13b000 r--p 000ef000 08:05 38013990                   /usr/lib/jvm/java-14-openjdk-amd64/lib/libfontmanager.so
7f5cdc13b000-7f5cdc13c000 ---p 0012f000 08:05 38013990                   /usr/lib/jvm/java-14-openjdk-amd64/lib/libfontmanager.so
7f5cdc13c000-7f5cdc13d000 r--p 0012f000 08:05 38013990                   /usr/lib/jvm/java-14-openjdk-amd64/lib/libfontmanager.so
7f5cdc13d000-7f5cdc13e000 rw-p 00130000 08:05 38013990                   /usr/lib/jvm/java-14-openjdk-amd64/lib/libfontmanager.so
7f5cdc13e000-7f5cdc141000 rw-p 00000000 00:00 0
7f5cdc141000-7f5cdc142000 ---p 00000000 00:00 0
7f5cdc142000-7f5cdc243000 rw-p 00000000 00:00 0
7f5cdc243000-7f5cdc244000 ---p 00000000 00:00 0
7f5cdc244000-7f5cdc545000 rw-p 00000000 00:00 0
7f5cdc545000-7f5cdc546000 ---p 00000000 00:00 0
7f5cdc546000-7f5cdcd46000 rw-p 00000000 00:00 0
7f5cdcd46000-7f5cf8157000 r-xp 00000000 08:05 4588541                    /home/amr/.tensorflow/cache/2.2.0-gpu-linux-x86_64/libtensorflow.so.2
7f5cf8157000-7f5cf8357000 ---p 1b411000 08:05 4588541                    /home/amr/.tensorflow/cache/2.2.0-gpu-linux-x86_64/libtensorflow.so.2
7f5cf8357000-7f5cf8533000 r--p 1b411000 08:05 4588541                    /home/amr/.tensorflow/cache/2.2.0-gpu-linux-x86_64/libtensorflow.so.2
7f5cf8533000-7f5cf853d000 rw-p 1b5ed000 08:05 4588541                    /home/amr/.tensorflow/cache/2.2.0-gpu-linux-x86_64/libtensorflow.so.2
7f5cf853d000-7f5cf856e000 rw-p 00000000 00:00 0
7f5cf856e000-7f5cffcf2000 r-xp 00000000 08:05 4588544                    /home/amr/.tensorflow/cache/2.2.0-gpu-linux-x86_64/libmklml_intel.so
7f5cffcf2000-7f5cffef2000 ---p 07784000 08:05 4588544                    /home/amr/.tensorflow/cache/2.2.0-gpu-linux-x86_64/libmklml_intel.so
7f5cffef2000-7f5cfff15000 r--p 07784000 08:05 4588544                    /home/amr/.tensorflow/cache/2.2.0-gpu-linux-x86_64/libmklml_intel.so
7f5cfff15000-7f5cfffda000 rw-p 077a7000 08:05 4588544                    /home/amr/.tensorflow/cache/2.2.0-gpu-linux-x86_64/libmklml_intel.so
7f5cfffda000-7f5d00000000 rw-p 00000000 00:00 0
7f5d00000000-7f5d008c8000 rw-p 00000000 00:00 0
7f5d008c8000-7f5d04000000 ---p 00000000 00:00 0
7f5d04017000-7f5d0401b000 r--p 00000000 08:05 38018985                   /usr/lib/x86_64-linux-gnu/libresolv-2.31.so
7f5d0401b000-7f5d0402b000 r-xp 00004000 08:05 38018985                   /usr/lib/x86_64-linux-gnu/libresolv-2.31.so
7f5d0402b000-7f5d0402e000 r--p 00014000 08:05 38018985                   /usr/lib/x86_64-linux-gnu/libresolv-2.31.so
7f5d0402e000-7f5d0402f000 ---p 00017000 08:05 38018985                   /usr/lib/x86_64-linux-gnu/libresolv-2.31.so
7f5d0402f000-7f5d04030000 r--p 00017000 08:05 38018985                   /usr/lib/x86_64-linux-gnu/libresolv-2.31.so
7f5d04030000-7f5d04031000 rw-p 00018000 08:05 38018985                   /usr/lib/x86_64-linux-gnu/libresolv-2.31.so
7f5d04031000-7f5d04033000 rw-p 00000000 00:00 0
7f5d04033000-7f5d0403f000 r--p 00000000 08:05 38018302                   /usr/lib/x86_64-linux-gnu/libfreetype.so.6.17.1
7f5d0403f000-7f5d040bf000 r-xp 0000c000 08:05 38018302                   /usr/lib/x86_64-linux-gnu/libfreetype.so.6.17.1
7f5d040bf000-7f5d040e9000 r--p 0008c000 08:05 38018302                   /usr/lib/x86_64-linux-gnu/libfreetype.so.6.17.1
7f5d040e9000-7f5d040ea000 ---p 000b6000 08:05 38018302                   /usr/lib/x86_64-linux-gnu/libfreetype.so.6.17.1
7f5d040ea000-7f5d040f1000 r--p 000b6000 08:05 38018302                   /usr/lib/x86_64-linux-gnu/libfreetype.so.6.17.1
7f5d040f1000-7f5d040f2000 rw-p 000bd000 08:05 38018302                   /usr/lib/x86_64-linux-gnu/libfreetype.so.6.17.1
7f5d040f2000-7f5d040f3000 ---p 00000000 00:00 0
7f5d040f3000-7f5d041f4000 rw-p 00000000 00:00 0
7f5d043f9000-7f5d045f9000 rw-s 00000000 00:01 990630                     /dev/zero (deleted)
7f5d045f9000-7f5d047f9000 rw-s 00000000 00:01 990623                     /dev/zero (deleted)
7f5d047f9000-7f5d047fa000 ---p 00000000 00:00 0
7f5d047fa000-7f5d04ffa000 rw-p 00000000 00:00 0
7f5d04ffa000-7f5d04ffb000 ---p 00000000 00:00 0
7f5d04ffb000-7f5d057fb000 rw-p 00000000 00:00 0
7f5d057fb000-7f5d057fc000 ---p 00000000 00:00 0
7f5d057fc000-7f5d05ffc000 rw-p 00000000 00:00 0
7f5d05ffc000-7f5d05ffd000 ---p 00000000 00:00 0
7f5d05ffd000-7f5d067fd000 rw-p 00000000 00:00 0
7f5d067fd000-7f5d067fe000 ---p 00000000 00:00 0
7f5d067fe000-7f5d06ffe000 rw-p 00000000 00:00 0
7f5d06ffe000-7f5d06fff000 ---p 00000000 00:00 0
7f5d06fff000-7f5d077ff000 rw-p 00000000 00:00 0
7f5d077ff000-7f5d07800000 ---p 00000000 00:00 0
7f5d07800000-7f5d08000000 rw-p 00000000 00:00 0
7f5d08000000-7f5d08021000 rw-p 00000000 00:00 0
7f5d08021000-7f5d0c000000 ---p 00000000 00:00 0
7f5d0c000000-7f5d0c790000 rw-p 00000000 00:00 0
7f5d0c790000-7f5d10000000 ---p 00000000 00:00 0
7f5d10019000-7f5d10027000 r--p 00000000 08:05 38018409                   /usr/lib/x86_64-linux-gnu/libgobject-2.0.so.0.6400.2
7f5d10027000-7f5d1005d000 r-xp 0000e000 08:05 38018409                   /usr/lib/x86_64-linux-gnu/libgobject-2.0.so.0.6400.2
7f5d1005d000-7f5d10075000 r--p 00044000 08:05 38018409                   /usr/lib/x86_64-linux-gnu/libgobject-2.0.so.0.6400.2
7f5d10075000-7f5d10078000 r--p 0005b000 08:05 38018409                   /usr/lib/x86_64-linux-gnu/libgobject-2.0.so.0.6400.2
7f5d10078000-7f5d10079000 rw-p 0005e000 08:05 38018409                   /usr/lib/x86_64-linux-gnu/libgobject-2.0.so.0.6400.2
7f5d10079000-7f5d1007e000 r--p 00000000 08:05 38018921                   /usr/lib/x86_64-linux-gnu/libpng16.so.16.37.0
7f5d1007e000-7f5d100a3000 r-xp 00005000 08:05 38018921                   /usr/lib/x86_64-linux-gnu/libpng16.so.16.37.0
7f5d100a3000-7f5d100af000 r--p 0002a000 08:05 38018921                   /usr/lib/x86_64-linux-gnu/libpng16.so.16.37.0
7f5d100af000-7f5d100b0000 r--p 00035000 08:05 38018921                   /usr/lib/x86_64-linux-gnu/libpng16.so.16.37.0
7f5d100b0000-7f5d100b1000 rw-p 00036000 08:05 38018921                   /usr/lib/x86_64-linux-gnu/libpng16.so.16.37.0
7f5d100b1000-7f5d100b2000 ---p 00000000 00:00 0
7f5d100b2000-7f5d103b3000 rw-p 00000000 00:00 0
7f5d103b3000-7f5d103b4000 ---p 00000000 00:00 0
7f5d103b4000-7f5d10bb4000 rw-p 00000000 00:00 0
7f5d10bb4000-7f5d10c44000 r-xp 00000000 08:05 4588545                    /home/amr/.tensorflow/cache/2.2.0-gpu-linux-x86_64/libjnitensorflow.so
7f5d10c44000-7f5d10e44000 ---p 00090000 08:05 4588545                    /home/amr/.tensorflow/cache/2.2.0-gpu-linux-x86_64/libjnitensorflow.so
7f5d10e44000-7f5d10e46000 r--p 00090000 08:05 4588545                    /home/amr/.tensorflow/cache/2.2.0-gpu-linux-x86_64/libjnitensorflow.so
7f5d10e46000-7f5d10e47000 rw-p 00092000 08:05 4588545                    /home/amr/.tensorflow/cache/2.2.0-gpu-linux-x86_64/libjnitensorflow.so
7f5d10e47000-7f5d10e48000 rw-p 00000000 00:00 0
7f5d10e48000-7f5d13718000 r-xp 00000000 08:05 4588546                    /home/amr/.tensorflow/cache/2.2.0-gpu-linux-x86_64/libtensorflow_framework.so.2
7f5d13718000-7f5d13917000 ---p 028d0000 08:05 4588546                    /home/amr/.tensorflow/cache/2.2.0-gpu-linux-x86_64/libtensorflow_framework.so.2
7f5d13917000-7f5d139e2000 r--p 028cf000 08:05 4588546                    /home/amr/.tensorflow/cache/2.2.0-gpu-linux-x86_64/libtensorflow_framework.so.2
7f5d139e2000-7f5d139e7000 rw-p 0299a000 08:05 4588546                    /home/amr/.tensorflow/cache/2.2.0-gpu-linux-x86_64/libtensorflow_framework.so.2
7f5d139e7000-7f5d13a09000 rw-p 00000000 00:00 0
7f5d13a09000-7f5d13bc3000 r-xp 00000000 08:05 4588550                    /home/amr/.tensorflow/cache/2.2.0-gpu-linux-x86_64/libiomp5.so
7f5d13bc3000-7f5d13dc2000 ---p 001ba000 08:05 4588550                    /home/amr/.tensorflow/cache/2.2.0-gpu-linux-x86_64/libiomp5.so
7f5d13dc2000-7f5d13dc5000 r--p 001b9000 08:05 4588550                    /home/amr/.tensorflow/cache/2.2.0-gpu-linux-x86_64/libiomp5.so
7f5d13dc5000-7f5d13dcf000 rw-p 001bc000 08:05 4588550                    /home/amr/.tensorflow/cache/2.2.0-gpu-linux-x86_64/libiomp5.so
7f5d13dcf000-7f5d13dfe000 rw-p 00000000 00:00 0
7f5d13eff000-7f5d13f03000 ---p 00000000 00:00 0
7f5d13f03000-7f5d14000000 rw-p 00000000 00:00 0
7f5d14000000-7f5d14021000 rw-p 00000000 00:00 0
7f5d14021000-7f5d18000000 ---p 00000000 00:00 0
7f5d18000000-7f5d18021000 rw-p 00000000 00:00 0
7f5d18021000-7f5d1c000000 ---p 00000000 00:00 0
7f5d1c000000-7f5d1c021000 rw-p 00000000 00:00 0
7f5d1c021000-7f5d20000000 ---p 00000000 00:00 0
7f5d20000000-7f5d20021000 rw-p 00000000 00:00 0
7f5d20021000-7f5d24000000 ---p 00000000 00:00 0
7f5d24000000-7f5d24d31000 rw-p 00000000 00:00 0
7f5d24d31000-7f5d28000000 ---p 00000000 00:00 0
7f5d28000000-7f5d28021000 rw-p 00000000 00:00 0
7f5d28021000-7f5d2c000000 ---p 00000000 00:00 0
7f5d2c000000-7f5d2cab9000 rw-p 00000000 00:00 0
7f5d2cab9000-7f5d30000000 ---p 00000000 00:00 0
7f5d30000000-7f5d5c000000 rw-p 00000000 00:00 0
7f5d5c000000-7f5d5c021000 rw-p 00000000 00:00 0
7f5d5c021000-7f5d60000000 ---p 00000000 00:00 0
7f5d60000000-7f5d64000000 rw-p 00000000 00:00 0
7f5d64000000-7f5d64021000 rw-p 00000000 00:00 0
7f5d64021000-7f5d68000000 ---p 00000000 00:00 0
7f5d68000000-7f5d68021000 rw-p 00000000 00:00 0
7f5d68021000-7f5d6c000000 ---p 00000000 00:00 0
7f5d6c000000-7f5d6c021000 rw-p 00000000 00:00 0
7f5d6c021000-7f5d70000000 ---p 00000000 00:00 0
7f5d7000f000-7f5d7001c000 r-xp 00000000 08:05 4588551                    /home/amr/.tensorflow/cache/2.2.0-gpu-linux-x86_64/libjnijavacpp.so
7f5d7001c000-7f5d7021b000 ---p 0000d000 08:05 4588551                    /home/amr/.tensorflow/cache/2.2.0-gpu-linux-x86_64/libjnijavacpp.so
7f5d7021b000-7f5d7021c000 r--p 0000c000 08:05 4588551                    /home/amr/.tensorflow/cache/2.2.0-gpu-linux-x86_64/libjnijavacpp.so
7f5d7021c000-7f5d7021d000 rw-p 0000d000 08:05 4588551                    /home/amr/.tensorflow/cache/2.2.0-gpu-linux-x86_64/libjnijavacpp.so
7f5d7031e000-7f5d7031f000 ---p 00000000 00:00 0
7f5d7031f000-7f5d70420000 rw-p 00000000 00:00 0
7f5d70420000-7f5d70421000 ---p 00000000 00:00 0
7f5d70421000-7f5d70522000 rw-p 00000000 00:00 0
7f5d7552c000-7f5d77153000 r-xp 00000000 08:05 38014475                   /usr/lib/x86_64-linux-gnu/libcublasLt.so.10.2.1.243
7f5d77153000-7f5d77352000 ---p 01c27000 08:05 38014475                   /usr/lib/x86_64-linux-gnu/libcublasLt.so.10.2.1.243
7f5d77352000-7f5d773c7000 rw-p 01c26000 08:05 38014475                   /usr/lib/x86_64-linux-gnu/libcublasLt.so.10.2.1.243
7f5d773c7000-7f5d773d0000 rw-p 00000000 00:00 0
7f5d773d0000-7f5d7f780000 r-xp 00000000 08:05 38014481                   /usr/lib/x86_64-linux-gnu/libcufft.so.10.1.1.243
7f5d7f780000-7f5d7f980000 ---p 083b0000 08:05 38014481                   /usr/lib/x86_64-linux-gnu/libcufft.so.10.1.1.243
7f5d7f980000-7f5d7f992000 rw-p 083b0000 08:05 38014481                   /usr/lib/x86_64-linux-gnu/libcufft.so.10.1.1.243
7f5d7f992000-7f5d7fa0a000 rw-p 00000000 00:00 0
7f5d7fa0a000-7f5d8a27b000 r-xp 00000000 08:05 38014493                   /usr/lib/x86_64-linux-gnu/libcusolver.so.10.2.0.243
7f5d8a27b000-7f5d8a47a000 ---p 0a871000 08:05 38014493                   /usr/lib/x86_64-linux-gnu/libcusolver.so.10.2.0.243
7f5d8a47a000-7f5d8a4fe000 rw-p 0a870000 08:05 38014493                   /usr/lib/x86_64-linux-gnu/libcusolver.so.10.2.0.243
7f5d8a4fe000-7f5d8a515000 rw-p 00000000 00:00 0
7f5d8a515000-7f5d8ca51000 r-xp 00000000 08:05 38014491                   /usr/lib/x86_64-linux-gnu/libcurand.so.10.1.1.243
7f5d8ca51000-7f5d8cc50000 ---p 0253c000 08:05 38014491                   /usr/lib/x86_64-linux-gnu/libcurand.so.10.1.1.243
7f5d8cc50000-7f5d8e01f000 rw-p 0253b000 08:05 38014491                   /usr/lib/x86_64-linux-gnu/libcurand.so.10.1.1.243
7f5d8e01f000-7f5d8e576000 rw-p 00000000 00:00 0
7f5d8e576000-7f5dcb5db000 r-xp 00000000 08:05 4588367                    /home/amr/.mxnet/cache/1.6.0-20200221cu101mkl-linux-x86_64/libmxnet.so
7f5dcb5db000-7f5dcb7db000 ---p 3d065000 08:05 4588367                    /home/amr/.mxnet/cache/1.6.0-20200221cu101mkl-linux-x86_64/libmxnet.so
7f5dcb7db000-7f5dcb876000 r--p 3d065000 08:05 4588367                    /home/amr/.mxnet/cache/1.6.0-20200221cu101mkl-linux-x86_64/libmxnet.so
7f5dcb876000-7f5dcb893000 rw-p 3d100000 08:05 4588367                    /home/amr/.mxnet/cache/1.6.0-20200221cu101mkl-linux-x86_64/libmxnet.so
7f5dcb893000-7f5dcc4a7000 rw-p 00000000 00:00 0
7f5dcc4a7000-7f5e055ca000 r-xp 00000000 08:05 4587911                    /home/amr/.pytorch/cache/1.5.0cu101-linux-x86_64/libtorch_cuda.so
7f5e055ca000-7f5e057ca000 ---p 39123000 08:05 4587911                    /home/amr/.pytorch/cache/1.5.0cu101-linux-x86_64/libtorch_cuda.so
7f5e057ca000-7f5e058dc000 r--p 39123000 08:05 4587911                    /home/amr/.pytorch/cache/1.5.0cu101-linux-x86_64/libtorch_cuda.so
7f5e058dc000-7f5e06cdd000 rw-p 39235000 08:05 4587911                    /home/amr/.pytorch/cache/1.5.0cu101-linux-x86_64/libtorch_cuda.so
7f5e06cdd000-7f5e07418000 rw-p 00000000 00:00 0
7f5e07418000-7f5e08de2000 rw-p 3dd99000 08:05 4587911                    /home/amr/.pytorch/cache/1.5.0cu101-linux-x86_64/libtorch_cuda.so
7f5e08de2000-7f5e1758d000 r-xp 00000000 08:05 4587725                    /home/amr/.pytorch/cache/1.5.0cu101-linux-x86_64/libtorch_cpu.so
7f5e1758d000-7f5e1778c000 ---p 0e7ab000 08:05 4587725                    /home/amr/.pytorch/cache/1.5.0cu101-linux-x86_64/libtorch_cpu.so
7f5e1778c000-7f5e17899000 r--p 0e7aa000 08:05 4587725                    /home/amr/.pytorch/cache/1.5.0cu101-linux-x86_64/libtorch_cpu.so
7f5e17899000-7f5e17995000 rw-p 0e8b7000 08:05 4587725                    /home/amr/.pytorch/cache/1.5.0cu101-linux-x86_64/libtorch_cpu.so
7f5e17995000-7f5e179da000 rw-p 00000000 00:00 0
7f5e179da000-7f5e18000000 rw-p 0ff2a000 08:05 4587725                    /home/amr/.pytorch/cache/1.5.0cu101-linux-x86_64/libtorch_cpu.so
7f5e18000000-7f5e18021000 rw-p 00000000 00:00 0
7f5e18021000-7f5e1c000000 ---p 00000000 00:00 0
7f5e1c011000-7f5e1c061000 rw-p 00000000 00:00 0
7f5e1c061000-7f5e1c062000 ---p 00000000 00:00 0
7f5e1c062000-7f5e1c163000 rw-p 00000000 00:00 0
7f5e1c163000-7f5e1c164000 ---p 00000000 00:00 0
7f5e1c164000-7f5e1c265000 rw-p 00000000 00:00 0
7f5e1c265000-7f5e1fde9000 r-xp 00000000 08:05 38014477                   /usr/lib/x86_64-linux-gnu/libcublas.so.10.2.1.243
7f5e1fde9000-7f5e1ffe8000 ---p 03b84000 08:05 38014477                   /usr/lib/x86_64-linux-gnu/libcublas.so.10.2.1.243
7f5e1ffe8000-7f5e1fff6000 rw-p 03b83000 08:05 38014477                   /usr/lib/x86_64-linux-gnu/libcublas.so.10.2.1.243
7f5e1fff6000-7f5e20000000 rw-p 00000000 00:00 0
7f5e20000000-7f5e20001000 rw-s 00000000 00:06 577                        /dev/nvidia0
7f5e20001000-7f5e20002000 rw-s 00000000 00:06 577                        /dev/nvidia0
7f5e20002000-7f5e20003000 rw-s 00000000 00:06 577                        /dev/nvidia0
7f5e20003000-7f5e20004000 rw-s 00000000 00:06 577                        /dev/nvidia0
7f5e20004000-7f5e20005000 rw-s 00000000 00:06 577                        /dev/nvidia0
7f5e20005000-7f5e20006000 rw-s 00000000 00:06 577                        /dev/nvidia0
7f5e20006000-7f5e20007000 rw-s 00000000 00:06 577                        /dev/nvidia0
7f5e20007000-7f5e20008000 rw-s 00000000 00:06 577                        /dev/nvidia0
7f5e20008000-7f5e20009000 rw-s 00000000 00:06 577                        /dev/nvidia0
7f5e20009000-7f5e2000a000 rw-s 00000000 00:06 577                        /dev/nvidia0
7f5e2000a000-7f5e2000b000 rw-s 00000000 00:06 577                        /dev/nvidia0
7f5e2000b000-7f5e2000c000 rw-s 00000000 00:06 577                        /dev/nvidia0
7f5e2000c000-7f5e2000d000 rw-s 00000000 00:06 577                        /dev/nvidia0
7f5e2000d000-7f5e2000e000 rw-s 00000000 00:06 577                        /dev/nvidia0
7f5e2000e000-7f5e2000f000 rw-s 00000000 00:06 577                        /dev/nvidia0
7f5e2000f000-7f5e20010000 rw-s 00000000 00:06 577                        /dev/nvidia0
7f5e20010000-7f5e30000000 ---p 00000000 00:00 0
7f5e30007000-7f5e3000d000 r--p 00000000 08:05 38019041                   /usr/lib/x86_64-linux-gnu/libselinux.so.1
7f5e3000d000-7f5e30026000 r-xp 00006000 08:05 38019041                   /usr/lib/x86_64-linux-gnu/libselinux.so.1
7f5e30026000-7f5e3002d000 r--p 0001f000 08:05 38019041                   /usr/lib/x86_64-linux-gnu/libselinux.so.1
7f5e3002d000-7f5e3002e000 ---p 00026000 08:05 38019041                   /usr/lib/x86_64-linux-gnu/libselinux.so.1
7f5e3002e000-7f5e3002f000 r--p 00026000 08:05 38019041                   /usr/lib/x86_64-linux-gnu/libselinux.so.1
7f5e3002f000-7f5e30030000 rw-p 00027000 08:05 38019041                   /usr/lib/x86_64-linux-gnu/libselinux.so.1
7f5e30030000-7f5e30032000 rw-p 00000000 00:00 0
7f5e30032000-7f5e30033000 ---p 00000000 00:00 0
7f5e30033000-7f5e30134000 rw-p 00000000 00:00 0
7f5e30134000-7f5e30138000 ---p 00000000 00:00 0
7f5e30138000-7f5e30235000 rw-p 00000000 00:00 0
7f5e30a36000-7f5e30a7b000 r-xp 00000000 08:05 4588366                    /home/amr/.mxnet/cache/1.6.0-20200221cu101mkl-linux-x86_64/libquadmath.so.0
7f5e30a7b000-7f5e30c7b000 ---p 00045000 08:05 4588366                    /home/amr/.mxnet/cache/1.6.0-20200221cu101mkl-linux-x86_64/libquadmath.so.0
7f5e30c7b000-7f5e30c7c000 r--p 00045000 08:05 4588366                    /home/amr/.mxnet/cache/1.6.0-20200221cu101mkl-linux-x86_64/libquadmath.so.0
7f5e30c7c000-7f5e30c7d000 rw-p 00046000 08:05 4588366                    /home/amr/.mxnet/cache/1.6.0-20200221cu101mkl-linux-x86_64/libquadmath.so.0
7f5e30c7d000-7f5e31e7c000 r-xp 00000000 08:05 38014560                   /usr/lib/x86_64-linux-gnu/libnvrtc.so.10.1.243
7f5e31e7c000-7f5e3207b000 ---p 011ff000 08:05 38014560                   /usr/lib/x86_64-linux-gnu/libnvrtc.so.10.1.243
7f5e3207b000-7f5e322fe000 r--p 011fe000 08:05 38014560                   /usr/lib/x86_64-linux-gnu/libnvrtc.so.10.1.243
7f5e322fe000-7f5e32345000 rw-p 01481000 08:05 38014560                   /usr/lib/x86_64-linux-gnu/libnvrtc.so.10.1.243
7f5e32345000-7f5e323ed000 rw-p 00000000 00:00 0
7f5e323ed000-7f5e32511000 r-xp 00000000 08:05 4588357                    /home/amr/.mxnet/cache/1.6.0-20200221cu101mkl-linux-x86_64/libgfortran.so.3
7f5e32511000-7f5e32711000 ---p 00124000 08:05 4588357                    /home/amr/.mxnet/cache/1.6.0-20200221cu101mkl-linux-x86_64/libgfortran.so.3
7f5e32711000-7f5e32712000 r--p 00124000 08:05 4588357                    /home/amr/.mxnet/cache/1.6.0-20200221cu101mkl-linux-x86_64/libgfortran.so.3
7f5e32712000-7f5e32714000 rw-p 00125000 08:05 4588357                    /home/amr/.mxnet/cache/1.6.0-20200221cu101mkl-linux-x86_64/libgfortran.so.3
7f5e32714000-7f5e337d2000 r-xp 00000000 08:05 4588365                    /home/amr/.mxnet/cache/1.6.0-20200221cu101mkl-linux-x86_64/libmkldnn.so.1
7f5e337d2000-7f5e339d1000 ---p 010be000 08:05 4588365                    /home/amr/.mxnet/cache/1.6.0-20200221cu101mkl-linux-x86_64/libmkldnn.so.1
7f5e339d1000-7f5e33a02000 r--p 010bd000 08:05 4588365                    /home/amr/.mxnet/cache/1.6.0-20200221cu101mkl-linux-x86_64/libmkldnn.so.1
7f5e33a02000-7f5e33a03000 rw-p 010ee000 08:05 4588365                    /home/amr/.mxnet/cache/1.6.0-20200221cu101mkl-linux-x86_64/libmkldnn.so.1
7f5e33a03000-7f5e33a28000 rw-p 00000000 00:00 0
7f5e33a28000-7f5e33b28000 rwxp 00000000 00:00 0
7f5e33b28000-7f5e33b30000 r-xp 00000000 08:05 4587813                    /home/amr/.pytorch/cache/1.5.0cu101-linux-x86_64/libnvToolsExt-3965bdd0.so.1
7f5e33b30000-7f5e33d30000 ---p 00008000 08:05 4587813                    /home/amr/.pytorch/cache/1.5.0cu101-linux-x86_64/libnvToolsExt-3965bdd0.so.1
7f5e33d30000-7f5e33d31000 rw-p 00008000 08:05 4587813                    /home/amr/.pytorch/cache/1.5.0cu101-linux-x86_64/libnvToolsExt-3965bdd0.so.1
7f5e33d31000-7f5e33d32000 rw-p 0000a000 08:05 4587813                    /home/amr/.pytorch/cache/1.5.0cu101-linux-x86_64/libnvToolsExt-3965bdd0.so.1
7f5e33d32000-7f5e33d5d000 r-xp 00000000 08:05 4587908                    /home/amr/.pytorch/cache/1.5.0cu101-linux-x86_64/libc10_cuda.so
7f5e33d5d000-7f5e33f5c000 ---p 0002b000 08:05 4587908                    /home/amr/.pytorch/cache/1.5.0cu101-linux-x86_64/libc10_cuda.so
7f5e33f5c000-7f5e33f5d000 r--p 0002a000 08:05 4587908                    /home/amr/.pytorch/cache/1.5.0cu101-linux-x86_64/libc10_cuda.so
7f5e33f5d000-7f5e33f62000 rw-p 0002b000 08:05 4587908                    /home/amr/.pytorch/cache/1.5.0cu101-linux-x86_64/libc10_cuda.so
7f5e33f62000-7f5e33f68000 rw-p 00039000 08:05 4587908                    /home/amr/.pytorch/cache/1.5.0cu101-linux-x86_64/libc10_cuda.so
7f5e33f68000-7f5e33fdf000 r-xp 00000000 08:05 4587907                    /home/amr/.pytorch/cache/1.5.0cu101-linux-x86_64/libcudart-1b201d85.so.10.1
7f5e33fdf000-7f5e341df000 ---p 00077000 08:05 4587907                    /home/amr/.pytorch/cache/1.5.0cu101-linux-x86_64/libcudart-1b201d85.so.10.1
7f5e341df000-7f5e341e3000 rw-p 00077000 08:05 4587907                    /home/amr/.pytorch/cache/1.5.0cu101-linux-x86_64/libcudart-1b201d85.so.10.1
7f5e341e3000-7f5e341e4000 rw-p 00000000 00:00 0
7f5e341e4000-7f5e341e7000 rw-p 0007c000 08:05 4587907                    /home/amr/.pytorch/cache/1.5.0cu101-linux-x86_64/libcudart-1b201d85.so.10.1
7f5e341e7000-7f5e34208000 r-xp 00000000 08:05 4587724                    /home/amr/.pytorch/cache/1.5.0cu101-linux-x86_64/libgomp-75eea7e8.so.1
7f5e34208000-7f5e34407000 ---p 00021000 08:05 4587724                    /home/amr/.pytorch/cache/1.5.0cu101-linux-x86_64/libgomp-75eea7e8.so.1
7f5e34407000-7f5e34408000 r--p 00020000 08:05 4587724                    /home/amr/.pytorch/cache/1.5.0cu101-linux-x86_64/libgomp-75eea7e8.so.1
7f5e34408000-7f5e3440c000 rw-p 00021000 08:05 4587724                    /home/amr/.pytorch/cache/1.5.0cu101-linux-x86_64/libgomp-75eea7e8.so.1
7f5e3440c000-7f5e34414000 r-xp 00000000 08:05 38014602                   /usr/lib/x86_64-linux-gnu/libnvToolsExt.so.1.0.0
7f5e34414000-7f5e34614000 ---p 00008000 08:05 38014602                   /usr/lib/x86_64-linux-gnu/libnvToolsExt.so.1.0.0
7f5e34614000-7f5e34615000 rw-p 00008000 08:05 38014602                   /usr/lib/x86_64-linux-gnu/libnvToolsExt.so.1.0.0
7f5e34615000-7f5e34616000 r-xp 00000000 08:05 4587910                    /home/amr/.pytorch/cache/1.5.0cu101-linux-x86_64/libtorch.so
7f5e34616000-7f5e34815000 ---p 00001000 08:05 4587910                    /home/amr/.pytorch/cache/1.5.0cu101-linux-x86_64/libtorch.so
7f5e34815000-7f5e34816000 r--p 00000000 08:05 4587910                    /home/amr/.pytorch/cache/1.5.0cu101-linux-x86_64/libtorch.so
7f5e34816000-7f5e34817000 rw-p 00001000 08:05 4587910                    /home/amr/.pytorch/cache/1.5.0cu101-linux-x86_64/libtorch.so
7f5e34817000-7f5e3485c000 r-xp 00000000 08:05 4587828                    /home/amr/.pytorch/cache/1.5.0cu101-linux-x86_64/libc10.so
7f5e3485c000-7f5e34a5c000 ---p 00045000 08:05 4587828                    /home/amr/.pytorch/cache/1.5.0cu101-linux-x86_64/libc10.so
7f5e34a5c000-7f5e34a5d000 r--p 00045000 08:05 4587828                    /home/amr/.pytorch/cache/1.5.0cu101-linux-x86_64/libc10.so
7f5e34a5d000-7f5e34a5e000 rw-p 00046000 08:05 4587828                    /home/amr/.pytorch/cache/1.5.0cu101-linux-x86_64/libc10.so
7f5e34a5e000-7f5e34a60000 rw-p 00000000 00:00 0
7f5e34a60000-7f5e34a67000 rw-p 0005e000 08:05 4587828                    /home/amr/.pytorch/cache/1.5.0cu101-linux-x86_64/libc10.so
7f5e34a67000-7f5e34bd7000 r-xp 00000000 08:05 4587912                    /home/amr/.pytorch/cache/1.5.0cu101-linux-x86_64/0.6.0-SNAPSHOT-20200624cu101libdjl_torch.so
7f5e34bd7000-7f5e34dd6000 ---p 00170000 08:05 4587912                    /home/amr/.pytorch/cache/1.5.0cu101-linux-x86_64/0.6.0-SNAPSHOT-20200624cu101libdjl_torch.so
7f5e34dd6000-7f5e34dd8000 r--p 0016f000 08:05 4587912                    /home/amr/.pytorch/cache/1.5.0cu101-linux-x86_64/0.6.0-SNAPSHOT-20200624cu101libdjl_torch.so
7f5e34dd8000-7f5e34dde000 rw-p 00171000 08:05 4587912                    /home/amr/.pytorch/cache/1.5.0cu101-linux-x86_64/0.6.0-SNAPSHOT-20200624cu101libdjl_torch.so
7f5e34dde000-7f5e34ddf000 rw-p 00000000 00:00 0
7f5e34ddf000-7f5e3addf000 ---p 00000000 00:00 0
7f5e3addf000-7f5e3bccf000 r-xp 00000000 08:05 38017029                   /usr/lib/x86_64-linux-gnu/libcuda.so.440.100
7f5e3bccf000-7f5e3becf000 ---p 00ef0000 08:05 38017029                   /usr/lib/x86_64-linux-gnu/libcuda.so.440.100
7f5e3becf000-7f5e3bfea000 rw-p 00ef0000 08:05 38017029                   /usr/lib/x86_64-linux-gnu/libcuda.so.440.100
7f5e3bfea000-7f5e3c000000 rw-p 00000000 00:00 0
7f5e3c000000-7f5e3c021000 rw-p 00000000 00:00 0
7f5e3c021000-7f5e40000000 ---p 00000000 00:00 0
7f5e40000000-7f5e40021000 rw-p 00000000 00:00 0
7f5e40021000-7f5e44000000 ---p 00000000 00:00 0
7f5e44000000-7f5e44021000 rw-p 00000000 00:00 0
7f5e44021000-7f5e48000000 ---p 00000000 00:00 0
7f5e48000000-7f5e48021000 rw-p 00000000 00:00 0
7f5e48021000-7f5e4c000000 ---p 00000000 00:00 0
7f5e4c000000-7f5e4c035000 rw-p 00000000 00:00 0
7f5e4c035000-7f5e50000000 ---p 00000000 00:00 0
7f5e50000000-7f5e50021000 rw-p 00000000 00:00 0
7f5e50021000-7f5e54000000 ---p 00000000 00:00 0
7f5e54000000-7f5e54170000 rw-p 00000000 00:00 0
7f5e54170000-7f5e58000000 ---p 00000000 00:00 0
7f5e58000000-7f5e58038000 rw-p 00000000 00:00 0
7f5e58038000-7f5e5c000000 ---p 00000000 00:00 0
7f5e5c000000-7f5e5c1bb000 rw-p 00000000 00:00 0
7f5e5c1bb000-7f5e60000000 ---p 00000000 00:00 0
7f5e60000000-7f5e601ea000 rw-p 00000000 00:00 0
7f5e601ea000-7f5e64000000 ---p 00000000 00:00 0
7f5e64000000-7f5e64021000 rw-p 00000000 00:00 0
7f5e64021000-7f5e68000000 ---p 00000000 00:00 0
7f5e68000000-7f5e6825a000 rw-p 00000000 00:00 0
7f5e6825a000-7f5e6c000000 ---p 00000000 00:00 0
7f5e6c000000-7f5e6c2fb000 rw-p 00000000 00:00 0
7f5e6c2fb000-7f5e70000000 ---p 00000000 00:00 0
7f5e70000000-7f5e70021000 rw-p 00000000 00:00 0
7f5e70021000-7f5e74000000 ---p 00000000 00:00 0
7f5e74000000-7f5e74021000 rw-p 00000000 00:00 0
7f5e74021000-7f5e78000000 ---p 00000000 00:00 0
7f5e78000000-7f5e7923f000 rw-p 00000000 00:00 0
7f5e7923f000-7f5e7c000000 ---p 00000000 00:00 0
7f5e7c000000-7f5e7c021000 rw-p 00000000 00:00 0
7f5e7c021000-7f5e80000000 ---p 00000000 00:00 0
7f5e80000000-7f5e80021000 rw-p 00000000 00:00 0
7f5e80021000-7f5e84000000 ---p 00000000 00:00 0
7f5e84000000-7f5e84021000 rw-p 00000000 00:00 0
7f5e84021000-7f5e88000000 ---p 00000000 00:00 0
7f5e88000000-7f5e88021000 rw-p 00000000 00:00 0
7f5e88021000-7f5e8c000000 ---p 00000000 00:00 0
7f5e8c000000-7f5e8c021000 rw-p 00000000 00:00 0
7f5e8c021000-7f5e90000000 ---p 00000000 00:00 0
7f5e90000000-7f5e90021000 rw-p 00000000 00:00 0
7f5e90021000-7f5e94000000 ---p 00000000 00:00 0
7f5e94006000-7f5e94008000 r--p 00000000 08:05 38018271                   /usr/lib/x86_64-linux-gnu/libffi.so.7.1.0
7f5e94008000-7f5e9400e000 r-xp 00002000 08:05 38018271                   /usr/lib/x86_64-linux-gnu/libffi.so.7.1.0
7f5e9400e000-7f5e9400f000 r--p 00008000 08:05 38018271                   /usr/lib/x86_64-linux-gnu/libffi.so.7.1.0
7f5e9400f000-7f5e94010000 ---p 00009000 08:05 38018271                   /usr/lib/x86_64-linux-gnu/libffi.so.7.1.0
7f5e94010000-7f5e94011000 r--p 00009000 08:05 38018271                   /usr/lib/x86_64-linux-gnu/libffi.so.7.1.0
7f5e94011000-7f5e94012000 rw-p 0000a000 08:05 38018271                   /usr/lib/x86_64-linux-gnu/libffi.so.7.1.0
7f5e94012000-7f5e94013000 r--p 00000000 08:05 38018385                   /usr/lib/x86_64-linux-gnu/libgmodule-2.0.so.0.6400.2
7f5e94013000-7f5e94015000 r-xp 00001000 08:05 38018385                   /usr/lib/x86_64-linux-gnu/libgmodule-2.0.so.0.6400.2
7f5e94015000-7f5e94016000 r--p 00003000 08:05 38018385                   /usr/lib/x86_64-linux-gnu/libgmodule-2.0.so.0.6400.2
7f5e94016000-7f5e94017000 r--p 00003000 08:05 38018385                   /usr/lib/x86_64-linux-gnu/libgmodule-2.0.so.0.6400.2
7f5e94017000-7f5e94018000 rw-p 00004000 08:05 38018385                   /usr/lib/x86_64-linux-gnu/libgmodule-2.0.so.0.6400.2
7f5e94018000-7f5e9401a000 r--p 00000000 08:05 38017901                   /usr/lib/x86_64-linux-gnu/libXrandr.so.2.2.0
7f5e9401a000-7f5e94021000 r-xp 00002000 08:05 38017901                   /usr/lib/x86_64-linux-gnu/libXrandr.so.2.2.0
7f5e94021000-7f5e94023000 r--p 00009000 08:05 38017901                   /usr/lib/x86_64-linux-gnu/libXrandr.so.2.2.0
7f5e94023000-7f5e94024000 r--p 0000a000 08:05 38017901                   /usr/lib/x86_64-linux-gnu/libXrandr.so.2.2.0
7f5e94024000-7f5e94025000 rw-p 0000b000 08:05 38017901                   /usr/lib/x86_64-linux-gnu/libXrandr.so.2.2.0
7f5e94027000-7f5e9402a000 r--p 00000000 08:05 4470095                    /home/amr/.config/dconf/user
7f5e9402a000-7f5e9402e000 r--p 00000000 08:05 38668855                   /usr/lib/x86_64-linux-gnu/gio/modules/libdconfsettings.so
7f5e9402e000-7f5e94036000 r-xp 00004000 08:05 38668855                   /usr/lib/x86_64-linux-gnu/gio/modules/libdconfsettings.so
7f5e94036000-7f5e94039000 r--p 0000c000 08:05 38668855                   /usr/lib/x86_64-linux-gnu/gio/modules/libdconfsettings.so
7f5e94039000-7f5e9403a000 ---p 0000f000 08:05 38668855                   /usr/lib/x86_64-linux-gnu/gio/modules/libdconfsettings.so
7f5e9403a000-7f5e9403b000 r--p 0000f000 08:05 38668855                   /usr/lib/x86_64-linux-gnu/gio/modules/libdconfsettings.so
7f5e9403b000-7f5e9403c000 rw-p 00010000 08:05 38668855                   /usr/lib/x86_64-linux-gnu/gio/modules/libdconfsettings.so
7f5e9403c000-7f5e940de000 rw-p 00000000 00:00 0
7f5e940de000-7f5e940df000 r--s 00000000 00:32 90                         /run/user/1000/snap.intellij-idea-community/dconf/user
7f5e940df000-7f5e940e0000 r--p 00000000 08:05 38017893                   /usr/lib/x86_64-linux-gnu/libXinerama.so.1.0.0
7f5e940e0000-7f5e940e1000 r-xp 00001000 08:05 38017893                   /usr/lib/x86_64-linux-gnu/libXinerama.so.1.0.0
7f5e940e1000-7f5e940e2000 r--p 00002000 08:05 38017893                   /usr/lib/x86_64-linux-gnu/libXinerama.so.1.0.0
7f5e940e2000-7f5e940e3000 r--p 00002000 08:05 38017893                   /usr/lib/x86_64-linux-gnu/libXinerama.so.1.0.0
7f5e940e3000-7f5e940e4000 rw-p 00003000 08:05 38017893                   /usr/lib/x86_64-linux-gnu/libXinerama.so.1.0.0
7f5e940e4000-7f5e940e5000 r--p 00000000 00:00 0
7f5e940e5000-7f5e940e6000 rw-s 00000000 00:06 576                        /dev/nvidiactl
7f5e940e6000-7f5e940e7000 rw-s 00000000 00:06 576                        /dev/nvidiactl
7f5e940e7000-7f5e940e8000 rw-s 00000000 00:06 576                        /dev/nvidiactl
7f5e940e8000-7f5e940e9000 rw-s 00000000 00:06 576                        /dev/nvidiactl
7f5e940e9000-7f5e940ea000 rw-s 00000000 00:06 576                        /dev/nvidiactl
7f5e940ea000-7f5e940eb000 rw-s 00000000 00:06 576                        /dev/nvidiactl
7f5e940eb000-7f5e940ec000 rw-s 00000000 00:06 576                        /dev/nvidiactl
7f5e940ec000-7f5e940ed000 rw-s 00000000 00:06 576                        /dev/nvidiactl
7f5e940ed000-7f5e940ee000 rw-s 00000000 00:06 576                        /dev/nvidiactl
7f5e940ee000-7f5e940ef000 rw-s 00000000 00:06 576                        /dev/nvidiactl
7f5e940ef000-7f5e940f0000 rw-s 00000000 00:06 576                        /dev/nvidiactl
7f5e940f0000-7f5e940f1000 rw-s 00000000 00:06 576                        /dev/nvidiactl
7f5e940f1000-7f5e940f2000 rw-s 00000000 00:06 576                        /dev/nvidiactl
7f5e940f2000-7f5e940f3000 rw-s 00000000 00:06 576                        /dev/nvidiactl
7f5e940f3000-7f5e940f4000 rw-s 00000000 00:06 576                        /dev/nvidiactl
7f5e940f4000-7f5e940f5000 rw-s 00000000 00:06 576                        /dev/nvidiactl
7f5e940f5000-7f5e940f6000 ---p 00000000 00:00 0
7f5e940f6000-7f5e948f6000 rw-p 00000000 00:00 0
7f5e948f6000-7f5e948f9000 r--p 00000000 08:05 38019005                   /usr/lib/x86_64-linux-gnu/librt-2.31.so
7f5e948f9000-7f5e948fd000 r-xp 00003000 08:05 38019005                   /usr/lib/x86_64-linux-gnu/librt-2.31.so
7f5e948fd000-7f5e948fe000 r--p 00007000 08:05 38019005                   /usr/lib/x86_64-linux-gnu/librt-2.31.so
7f5e948fe000-7f5e948ff000 ---p 00008000 08:05 38019005                   /usr/lib/x86_64-linux-gnu/librt-2.31.so
7f5e948ff000-7f5e94900000 r--p 00008000 08:05 38019005                   /usr/lib/x86_64-linux-gnu/librt-2.31.so
7f5e94900000-7f5e94901000 rw-p 00009000 08:05 38019005                   /usr/lib/x86_64-linux-gnu/librt-2.31.so
7f5e94901000-7f5e94978000 r-xp 00000000 08:05 38014479                   /usr/lib/x86_64-linux-gnu/libcudart.so.10.1.243
7f5e94978000-7f5e94b78000 ---p 00077000 08:05 38014479                   /usr/lib/x86_64-linux-gnu/libcudart.so.10.1.243
7f5e94b78000-7f5e94b7c000 rw-p 00077000 08:05 38014479                   /usr/lib/x86_64-linux-gnu/libcudart.so.10.1.243
7f5e94b7c000-7f5e94b7d000 rw-p 00000000 00:00 0
7f5e94b7d000-7f5e94b81000 ---p 00000000 00:00 0
7f5e94b81000-7f5e94b9f000 rw-p 00000000 00:00 0
7f5e94b9f000-7f5e94bb7000 r-xp 00000000 08:05 4467920                    /home/amr/.cache/JNA/temp/jna10604579013148408243.tmp (deleted)
7f5e94bb7000-7f5e94db7000 ---p 00018000 08:05 4467920                    /home/amr/.cache/JNA/temp/jna10604579013148408243.tmp (deleted)
7f5e94db7000-7f5e94db8000 rw-p 00018000 08:05 4467920                    /home/amr/.cache/JNA/temp/jna10604579013148408243.tmp (deleted)
7f5e94db8000-7f5e94dc1000 r--p 00000000 08:05 38018652                   /usr/lib/x86_64-linux-gnu/liblcms2.so.2.0.8
7f5e94dc1000-7f5e94df8000 r-xp 00009000 08:05 38018652                   /usr/lib/x86_64-linux-gnu/liblcms2.so.2.0.8
7f5e94df8000-7f5e94e0c000 r--p 00040000 08:05 38018652                   /usr/lib/x86_64-linux-gnu/liblcms2.so.2.0.8
7f5e94e0c000-7f5e94e0d000 ---p 00054000 08:05 38018652                   /usr/lib/x86_64-linux-gnu/liblcms2.so.2.0.8
7f5e94e0d000-7f5e94e0f000 r--p 00054000 08:05 38018652                   /usr/lib/x86_64-linux-gnu/liblcms2.so.2.0.8
7f5e94e0f000-7f5e94e12000 rw-p 00056000 08:05 38018652                   /usr/lib/x86_64-linux-gnu/liblcms2.so.2.0.8
7f5e94e12000-7f5e94e13000 rw-p 00000000 00:00 0
7f5e94e13000-7f5e94e17000 r--p 00000000 08:05 38017243                   /usr/lib/x86_64-linux-gnu/libjpeg.so.8.2.2
7f5e94e17000-7f5e94e5b000 r-xp 00004000 08:05 38017243                   /usr/lib/x86_64-linux-gnu/libjpeg.so.8.2.2
7f5e94e5b000-7f5e94e95000 r--p 00048000 08:05 38017243                   /usr/lib/x86_64-linux-gnu/libjpeg.so.8.2.2
7f5e94e95000-7f5e94e96000 ---p 00082000 08:05 38017243                   /usr/lib/x86_64-linux-gnu/libjpeg.so.8.2.2
7f5e94e96000-7f5e94e97000 r--p 00082000 08:05 38017243                   /usr/lib/x86_64-linux-gnu/libjpeg.so.8.2.2
7f5e94e97000-7f5e94e98000 rw-p 00083000 08:05 38017243                   /usr/lib/x86_64-linux-gnu/libjpeg.so.8.2.2
7f5e94e98000-7f5e94e99000 rw-s 00000000 00:06 576                        /dev/nvidiactl
7f5e94e99000-7f5e94e9a000 rw-s 00000000 00:06 576                        /dev/nvidiactl
7f5e94e9a000-7f5e94e9b000 rw-s 00000000 00:06 576                        /dev/nvidiactl
7f5e94e9b000-7f5e94e9c000 rw-s 00000000 00:06 576                        /dev/nvidiactl
7f5e94e9c000-7f5e94e9d000 rw-s 00000000 00:06 576                        /dev/nvidiactl
7f5e94e9d000-7f5e94e9e000 rw-s 00000000 00:06 576                        /dev/nvidiactl
7f5e94e9e000-7f5e94e9f000 rw-s 00000000 00:06 576                        /dev/nvidiactl
7f5e94e9f000-7f5e94eaf000 -w-s 00000000 00:06 578                        /dev/nvidia1
7f5e94eaf000-7f5e94eb3000 ---p 00000000 00:00 0
7f5e94eb3000-7f5e94fb0000 rw-p 00000000 00:00 0
7f5e94fb0000-7f5e94fb4000 r--p 00000000 08:05 38018037                   /usr/lib/x86_64-linux-gnu/libbsd.so.0.10.0
7f5e94fb4000-7f5e94fc3000 r-xp 00004000 08:05 38018037                   /usr/lib/x86_64-linux-gnu/libbsd.so.0.10.0
7f5e94fc3000-7f5e94fc6000 r--p 00013000 08:05 38018037                   /usr/lib/x86_64-linux-gnu/libbsd.so.0.10.0
7f5e94fc6000-7f5e94fc7000 ---p 00016000 08:05 38018037                   /usr/lib/x86_64-linux-gnu/libbsd.so.0.10.0
7f5e94fc7000-7f5e94fc8000 r--p 00016000 08:05 38018037                   /usr/lib/x86_64-linux-gnu/libbsd.so.0.10.0
7f5e94fc8000-7f5e94fc9000 rw-p 00017000 08:05 38018037                   /usr/lib/x86_64-linux-gnu/libbsd.so.0.10.0
7f5e94fc9000-7f5e94fca000 rw-p 00000000 00:00 0
7f5e94fca000-7f5e94fd5000 r--p 00000000 08:05 38019339                   /usr/lib/x86_64-linux-gnu/libxcb.so.1.1.0
7f5e94fd5000-7f5e94fe9000 r-xp 0000b000 08:05 38019339                   /usr/lib/x86_64-linux-gnu/libxcb.so.1.1.0
7f5e94fe9000-7f5e94ff2000 r--p 0001f000 08:05 38019339                   /usr/lib/x86_64-linux-gnu/libxcb.so.1.1.0
7f5e94ff2000-7f5e94ff3000 r--p 00027000 08:05 38019339                   /usr/lib/x86_64-linux-gnu/libxcb.so.1.1.0
7f5e94ff3000-7f5e94ff4000 rw-p 00028000 08:05 38019339                   /usr/lib/x86_64-linux-gnu/libxcb.so.1.1.0
7f5e94ff4000-7f5e94ff6000 r--p 00000000 08:05 38017891                   /usr/lib/x86_64-linux-gnu/libXi.so.6.1.0
7f5e94ff6000-7f5e95001000 r-xp 00002000 08:05 38017891                   /usr/lib/x86_64-linux-gnu/libXi.so.6.1.0
7f5e95001000-7f5e95004000 r--p 0000d000 08:05 38017891                   /usr/lib/x86_64-linux-gnu/libXi.so.6.1.0
7f5e95004000-7f5e95005000 r--p 0000f000 08:05 38017891                   /usr/lib/x86_64-linux-gnu/libXi.so.6.1.0
7f5e95005000-7f5e95006000 rw-p 00010000 08:05 38017891                   /usr/lib/x86_64-linux-gnu/libXi.so.6.1.0
7f5e95006000-7f5e9500b000 r-xp 00000000 08:05 38017909                   /usr/lib/x86_64-linux-gnu/libXtst.so.6.1.0
7f5e9500b000-7f5e9520a000 ---p 00005000 08:05 38017909                   /usr/lib/x86_64-linux-gnu/libXtst.so.6.1.0
7f5e9520a000-7f5e9520b000 r--p 00004000 08:05 38017909                   /usr/lib/x86_64-linux-gnu/libXtst.so.6.1.0
7f5e9520b000-7f5e9520c000 rw-p 00005000 08:05 38017909                   /usr/lib/x86_64-linux-gnu/libXtst.so.6.1.0
7f5e9520c000-7f5e95215000 r-xp 00000000 08:05 38017903                   /usr/lib/x86_64-linux-gnu/libXrender.so.1.3.0
7f5e95215000-7f5e95414000 ---p 00009000 08:05 38017903                   /usr/lib/x86_64-linux-gnu/libXrender.so.1.3.0
7f5e95414000-7f5e95415000 r--p 00008000 08:05 38017903                   /usr/lib/x86_64-linux-gnu/libXrender.so.1.3.0
7f5e95415000-7f5e95416000 rw-p 00009000 08:05 38017903                   /usr/lib/x86_64-linux-gnu/libXrender.so.1.3.0
7f5e95416000-7f5e9542e000 r--p 00000000 08:05 38017866                   /usr/lib/x86_64-linux-gnu/libX11.so.6.3.0
7f5e9542e000-7f5e954b9000 r-xp 00018000 08:05 38017866                   /usr/lib/x86_64-linux-gnu/libX11.so.6.3.0
7f5e954b9000-7f5e9554d000 r--p 000a3000 08:05 38017866                   /usr/lib/x86_64-linux-gnu/libX11.so.6.3.0
7f5e9554d000-7f5e9554e000 ---p 00137000 08:05 38017866                   /usr/lib/x86_64-linux-gnu/libX11.so.6.3.0
7f5e9554e000-7f5e9554f000 r--p 00137000 08:05 38017866                   /usr/lib/x86_64-linux-gnu/libX11.so.6.3.0
7f5e9554f000-7f5e95553000 rw-p 00138000 08:05 38017866                   /usr/lib/x86_64-linux-gnu/libX11.so.6.3.0
7f5e95553000-7f5e95563000 r--p 00000000 08:05 38013987                   /usr/lib/jvm/java-14-openjdk-amd64/lib/libawt_xawt.so
7f5e95563000-7f5e955a0000 r-xp 00010000 08:05 38013987                   /usr/lib/jvm/java-14-openjdk-amd64/lib/libawt_xawt.so
7f5e955a0000-7f5e955b1000 r--p 0004d000 08:05 38013987                   /usr/lib/jvm/java-14-openjdk-amd64/lib/libawt_xawt.so
7f5e955b1000-7f5e955b2000 r--p 0005d000 08:05 38013987                   /usr/lib/jvm/java-14-openjdk-amd64/lib/libawt_xawt.so
7f5e955b2000-7f5e955b5000 rw-p 0005e000 08:05 38013987                   /usr/lib/jvm/java-14-openjdk-amd64/lib/libawt_xawt.so
7f5e955b5000-7f5e955b7000 rw-p 00000000 00:00 0
7f5e955b7000-7f5e955e3000 r--p 00000000 08:05 38013985                   /usr/lib/jvm/java-14-openjdk-amd64/lib/libawt.so
7f5e955e3000-7f5e9564c000 r-xp 0002c000 08:05 38013985                   /usr/lib/jvm/java-14-openjdk-amd64/lib/libawt.so
7f5e9564c000-7f5e95658000 r--p 00095000 08:05 38013985                   /usr/lib/jvm/java-14-openjdk-amd64/lib/libawt.so
7f5e95658000-7f5e95659000 ---p 000a1000 08:05 38013985                   /usr/lib/jvm/java-14-openjdk-amd64/lib/libawt.so
7f5e95659000-7f5e9565a000 r--p 000a1000 08:05 38013985                   /usr/lib/jvm/java-14-openjdk-amd64/lib/libawt.so
7f5e9565a000-7f5e95665000 rw-p 000a2000 08:05 38013985                   /usr/lib/jvm/java-14-openjdk-amd64/lib/libawt.so
7f5e95665000-7f5e9568a000 rw-p 00000000 00:00 0
7f5e9578c000-7f5e95790000 ---p 00000000 00:00 0
7f5e95790000-7f5e9588d000 rw-p 00000000 00:00 0
7f5e9588d000-7f5e95891000 ---p 00000000 00:00 0
7f5e95891000-7f5e9598e000 rw-p 00000000 00:00 0
7f5e9598e000-7f5e95992000 ---p 00000000 00:00 0
7f5e95992000-7f5e95a8f000 rw-p 00000000 00:00 0
7f5e95a8f000-7f5e95a93000 ---p 00000000 00:00 0
7f5e95a93000-7f5e95b90000 rw-p 00000000 00:00 0
7f5e95f94000-7f5e95f98000 ---p 00000000 00:00 0
7f5e95f98000-7f5e96095000 rw-p 00000000 00:00 0
7f5e96095000-7f5e96099000 ---p 00000000 00:00 0
7f5e96099000-7f5e96196000 rw-p 00000000 00:00 0
7f5e96196000-7f5e9619a000 ---p 00000000 00:00 0
7f5e9619a000-7f5e96297000 rw-p 00000000 00:00 0
7f5e96297000-7f5e9629b000 ---p 00000000 00:00 0
7f5e9629b000-7f5e96398000 rw-p 00000000 00:00 0
7f5e96398000-7f5e9639c000 ---p 00000000 00:00 0
7f5e9639c000-7f5e96499000 rw-p 00000000 00:00 0
7f5e96499000-7f5e9649d000 ---p 00000000 00:00 0
7f5e9649d000-7f5e9659a000 rw-p 00000000 00:00 0
7f5e9659a000-7f5e97379000 r--p 00000000 08:05 38017194                   /usr/lib/locale/locale-archive
7f5e97379000-7f5e9737d000 ---p 00000000 00:00 0
7f5e9737d000-7f5e9747a000 rw-p 00000000 00:00 0
7f5e9747a000-7f5e9747e000 ---p 00000000 00:00 0
7f5e9747e000-7f5e9757b000 rw-p 00000000 00:00 0
7f5e9767d000-7f5e97efe000 rw-p 00000000 00:00 0
7f5e98000000-7f5e98021000 rw-p 00000000 00:00 0
7f5e98021000-7f5e9c000000 ---p 00000000 00:00 0
7f5e9c000000-7f5e9c021000 rw-p 00000000 00:00 0
7f5e9c021000-7f5ea0000000 ---p 00000000 00:00 0
7f5ea0000000-7f5ea0021000 rw-p 00000000 00:00 0
7f5ea0021000-7f5ea4000000 ---p 00000000 00:00 0
7f5ea4000000-7f5ea4001000 rw-s 00000000 00:06 576                        /dev/nvidiactl
7f5ea4001000-7f5ea4002000 rw-s 00000000 00:06 576                        /dev/nvidiactl
7f5ea4002000-7f5ea4003000 rw-s 00000000 00:06 576                        /dev/nvidiactl
7f5ea4003000-7f5ea4004000 rw-s 00000000 00:06 576                        /dev/nvidiactl
7f5ea4004000-7f5ea4005000 rw-s 00000000 00:06 576                        /dev/nvidiactl
7f5ea4005000-7f5ea4007000 r--p 00000000 08:05 38017881                   /usr/lib/x86_64-linux-gnu/libXdmcp.so.6.0.0
7f5ea4007000-7f5ea4009000 r-xp 00002000 08:05 38017881                   /usr/lib/x86_64-linux-gnu/libXdmcp.so.6.0.0
7f5ea4009000-7f5ea400b000 r--p 00004000 08:05 38017881                   /usr/lib/x86_64-linux-gnu/libXdmcp.so.6.0.0
7f5ea400b000-7f5ea400c000 r--p 00005000 08:05 38017881                   /usr/lib/x86_64-linux-gnu/libXdmcp.so.6.0.0
7f5ea400c000-7f5ea400d000 rw-p 00006000 08:05 38017881                   /usr/lib/x86_64-linux-gnu/libXdmcp.so.6.0.0
7f5ea400d000-7f5ea4011000 r--p 00000000 08:05 38017883                   /usr/lib/x86_64-linux-gnu/libXext.so.6.4.0
7f5ea4011000-7f5ea401c000 r-xp 00004000 08:05 38017883                   /usr/lib/x86_64-linux-gnu/libXext.so.6.4.0
7f5ea401c000-7f5ea4020000 r--p 0000f000 08:05 38017883                   /usr/lib/x86_64-linux-gnu/libXext.so.6.4.0
7f5ea4020000-7f5ea4021000 r--p 00012000 08:05 38017883                   /usr/lib/x86_64-linux-gnu/libXext.so.6.4.0
7f5ea4021000-7f5ea4022000 rw-p 00013000 08:05 38017883                   /usr/lib/x86_64-linux-gnu/libXext.so.6.4.0
7f5ea4124000-7f5ea7336000 rw-p 00000000 00:00 0
7f5ea7336000-7f5ea7337000 ---p 00000000 00:00 0
7f5ea7337000-7f5ea7438000 rw-p 00000000 00:00 0
7f5ea753a000-7f5ea753b000 ---p 00000000 00:00 0
7f5ea753b000-7f5ea794f000 rw-p 00000000 00:00 0
7f5ea794f000-7f5eab673000 ---p 00000000 00:00 0
7f5eab673000-7f5eab797000 rw-p 00000000 00:00 0
7f5eab797000-7f5eaf4bb000 ---p 00000000 00:00 0
7f5eaf4bb000-7f5eaf4ea000 rw-p 00000000 00:00 0
7f5eaf4ea000-7f5eafc8e000 ---p 00000000 00:00 0
7f5eafc8e000-7f5eafc90000 rw-p 00000000 00:00 0
7f5eafc90000-7f5eaffa0000 rwxp 00000000 00:00 0
7f5eaffa0000-7f5eb03d1000 ---p 00000000 00:00 0
7f5eb03d1000-7f5eb09d1000 rwxp 00000000 00:00 0
7f5eb09d1000-7f5eb7830000 ---p 00000000 00:00 0
7f5eb7830000-7f5eb7aa0000 rwxp 00000000 00:00 0
7f5eb7aa0000-7f5ebec90000 ---p 00000000 00:00 0
7f5ebec90000-7f5ec8000000 r--s 00000000 08:05 38014018                   /usr/lib/jvm/java-14-openjdk-amd64/lib/modules
7f5ec8000000-7f5ecbffd000 rw-p 00000000 00:00 0
7f5ecbffd000-7f5ecc000000 ---p 00000000 00:00 0
7f5ecc000000-7f5ecc001000 rw-s 00000000 00:06 576                        /dev/nvidiactl
7f5ecc001000-7f5ecc002000 rw-s 00000000 00:06 576                        /dev/nvidiactl
7f5ecc002000-7f5ecc003000 rw-s 00000000 00:06 576                        /dev/nvidiactl
7f5ecc003000-7f5ecc004000 rw-s 00000000 00:06 576                        /dev/nvidiactl
7f5ecc004000-7f5ecc005000 rw-s 00000000 00:06 576                        /dev/nvidiactl
7f5ecc005000-7f5ecc006000 rw-s 00000000 00:06 576                        /dev/nvidiactl
7f5ecc006000-7f5ecc007000 rw-s 00000000 00:06 576                        /dev/nvidiactl
7f5ecc007000-7f5ecc008000 rw-s 00000000 00:06 576                        /dev/nvidiactl
7f5ecc008000-7f5ecc00a000 r--p 00000000 08:05 38014004                   /usr/lib/jvm/java-14-openjdk-amd64/lib/liblcms.so
7f5ecc00a000-7f5ecc00c000 r-xp 00002000 08:05 38014004                   /usr/lib/jvm/java-14-openjdk-amd64/lib/liblcms.so
7f5ecc00c000-7f5ecc00d000 r--p 00004000 08:05 38014004                   /usr/lib/jvm/java-14-openjdk-amd64/lib/liblcms.so
7f5ecc00d000-7f5ecc00e000 r--p 00004000 08:05 38014004                   /usr/lib/jvm/java-14-openjdk-amd64/lib/liblcms.so
7f5ecc00e000-7f5ecc00f000 rw-p 00005000 08:05 38014004                   /usr/lib/jvm/java-14-openjdk-amd64/lib/liblcms.so
7f5ecc00f000-7f5ecc011000 r--p 00000000 08:05 38013997                   /usr/lib/jvm/java-14-openjdk-amd64/lib/libjavajpeg.so
7f5ecc011000-7f5ecc018000 r-xp 00002000 08:05 38013997                   /usr/lib/jvm/java-14-openjdk-amd64/lib/libjavajpeg.so
7f5ecc018000-7f5ecc019000 r--p 00009000 08:05 38013997                   /usr/lib/jvm/java-14-openjdk-amd64/lib/libjavajpeg.so
7f5ecc019000-7f5ecc01a000 ---p 0000a000 08:05 38013997                   /usr/lib/jvm/java-14-openjdk-amd64/lib/libjavajpeg.so
7f5ecc01a000-7f5ecc01b000 r--p 0000a000 08:05 38013997                   /usr/lib/jvm/java-14-openjdk-amd64/lib/libjavajpeg.so
7f5ecc01b000-7f5ecc01c000 rw-p 0000b000 08:05 38013997                   /usr/lib/jvm/java-14-openjdk-amd64/lib/libjavajpeg.so
7f5ecc01c000-7f5ecc020000 r--p 00000000 08:05 38014016                   /usr/lib/jvm/java-14-openjdk-amd64/lib/libverify.so
7f5ecc020000-7f5ecc027000 r-xp 00004000 08:05 38014016                   /usr/lib/jvm/java-14-openjdk-amd64/lib/libverify.so
7f5ecc027000-7f5ecc029000 r--p 0000b000 08:05 38014016                   /usr/lib/jvm/java-14-openjdk-amd64/lib/libverify.so
7f5ecc029000-7f5ecc02b000 r--p 0000c000 08:05 38014016                   /usr/lib/jvm/java-14-openjdk-amd64/lib/libverify.so
7f5ecc02b000-7f5ecc02c000 rw-p 0000e000 08:05 38014016                   /usr/lib/jvm/java-14-openjdk-amd64/lib/libverify.so
7f5ecc02c000-7f5ecc030000 r--p 00000000 08:05 38014009                   /usr/lib/jvm/java-14-openjdk-amd64/lib/libnet.so
7f5ecc030000-7f5ecc03e000 r-xp 00004000 08:05 38014009                   /usr/lib/jvm/java-14-openjdk-amd64/lib/libnet.so
7f5ecc03e000-7f5ecc042000 r--p 00012000 08:05 38014009                   /usr/lib/jvm/java-14-openjdk-amd64/lib/libnet.so
7f5ecc042000-7f5ecc043000 r--p 00015000 08:05 38014009                   /usr/lib/jvm/java-14-openjdk-amd64/lib/libnet.so
7f5ecc043000-7f5ecc044000 rw-p 00016000 08:05 38014009                   /usr/lib/jvm/java-14-openjdk-amd64/lib/libnet.so
7f5ecc044000-7f5ecc04b000 r--p 00000000 08:05 38014010                   /usr/lib/jvm/java-14-openjdk-amd64/lib/libnio.so
7f5ecc04b000-7f5ecc054000 r-xp 00007000 08:05 38014010                   /usr/lib/jvm/java-14-openjdk-amd64/lib/libnio.so
7f5ecc054000-7f5ecc058000 r--p 00010000 08:05 38014010                   /usr/lib/jvm/java-14-openjdk-amd64/lib/libnio.so
7f5ecc058000-7f5ecc059000 r--p 00013000 08:05 38014010                   /usr/lib/jvm/java-14-openjdk-amd64/lib/libnio.so
7f5ecc059000-7f5ecc05a000 rw-p 00014000 08:05 38014010                   /usr/lib/jvm/java-14-openjdk-amd64/lib/libnio.so
7f5ecc05a000-7f5ecc05c000 r--p 00000000 08:05 38013988                   /usr/lib/jvm/java-14-openjdk-amd64/lib/libdt_socket.so
7f5ecc05c000-7f5ecc05f000 r-xp 00002000 08:05 38013988                   /usr/lib/jvm/java-14-openjdk-amd64/lib/libdt_socket.so
7f5ecc05f000-7f5ecc060000 r--p 00005000 08:05 38013988                   /usr/lib/jvm/java-14-openjdk-amd64/lib/libdt_socket.so
7f5ecc060000-7f5ecc061000 ---p 00006000 08:05 38013988                   /usr/lib/jvm/java-14-openjdk-amd64/lib/libdt_socket.so
7f5ecc061000-7f5ecc062000 r--p 00006000 08:05 38013988                   /usr/lib/jvm/java-14-openjdk-amd64/lib/libdt_socket.so
7f5ecc062000-7f5ecc063000 rw-p 00007000 08:05 38013988                   /usr/lib/jvm/java-14-openjdk-amd64/lib/libdt_socket.so
7f5ecc063000-7f5ecc122000 rw-p 00000000 00:00 0
7f5ecc122000-7f5ecc8c6000 ---p 00000000 00:00 0
7f5ecc8c6000-7f5ecc8eb000 rw-p 00000000 00:00 0
7f5ecc8eb000-7f5ecd08f000 ---p 00000000 00:00 0
7f5ecd08f000-7f5ece2a8000 rw-p 00000000 00:00 0
7f5ece2a8000-7f5ece38c000 ---p 00000000 00:00 0
7f5ece38c000-7f5ece398000 rw-p 00000000 00:00 0
7f5ece398000-7f5ece475000 ---p 00000000 00:00 0
7f5ece475000-7f5ece47c000 rw-p 00000000 00:00 0
7f5ece47c000-7f5ece484000 ---p 00000000 00:00 0
7f5ece484000-7f5ece487000 r--p 00000000 08:05 38018803                   /usr/lib/x86_64-linux-gnu/libnss_files-2.31.so
7f5ece487000-7f5ece48e000 r-xp 00003000 08:05 38018803                   /usr/lib/x86_64-linux-gnu/libnss_files-2.31.so
7f5ece48e000-7f5ece490000 r--p 0000a000 08:05 38018803                   /usr/lib/x86_64-linux-gnu/libnss_files-2.31.so
7f5ece490000-7f5ece491000 r--p 0000b000 08:05 38018803                   /usr/lib/x86_64-linux-gnu/libnss_files-2.31.so
7f5ece491000-7f5ece492000 rw-p 0000c000 08:05 38018803                   /usr/lib/x86_64-linux-gnu/libnss_files-2.31.so
7f5ece492000-7f5ece498000 rw-p 00000000 00:00 0
7f5ece498000-7f5ece499000 r--p 00000000 08:05 38017870                   /usr/lib/x86_64-linux-gnu/libXau.so.6.0.0
7f5ece499000-7f5ece49b000 r-xp 00001000 08:05 38017870                   /usr/lib/x86_64-linux-gnu/libXau.so.6.0.0
7f5ece49b000-7f5ece49c000 r--p 00003000 08:05 38017870                   /usr/lib/x86_64-linux-gnu/libXau.so.6.0.0
7f5ece49c000-7f5ece49d000 r--p 00003000 08:05 38017870                   /usr/lib/x86_64-linux-gnu/libXau.so.6.0.0
7f5ece49d000-7f5ece49e000 rw-p 00004000 08:05 38017870                   /usr/lib/x86_64-linux-gnu/libXau.so.6.0.0
7f5ece49e000-7f5ece4a5000 r--s 00000000 08:05 38668729                   /usr/lib/x86_64-linux-gnu/gconv/gconv-modules.cache
7f5ece4a5000-7f5ece4a7000 r--p 00000000 08:05 38014017                   /usr/lib/jvm/java-14-openjdk-amd64/lib/libzip.so
7f5ece4a7000-7f5ece4ab000 r-xp 00002000 08:05 38014017                   /usr/lib/jvm/java-14-openjdk-amd64/lib/libzip.so
7f5ece4ab000-7f5ece4ad000 r--p 00006000 08:05 38014017                   /usr/lib/jvm/java-14-openjdk-amd64/lib/libzip.so
7f5ece4ad000-7f5ece4ae000 r--p 00007000 08:05 38014017                   /usr/lib/jvm/java-14-openjdk-amd64/lib/libzip.so
7f5ece4ae000-7f5ece4af000 rw-p 00008000 08:05 38014017                   /usr/lib/jvm/java-14-openjdk-amd64/lib/libzip.so
7f5ece4af000-7f5ece4b1000 r--p 00000000 08:05 38013991                   /usr/lib/jvm/java-14-openjdk-amd64/lib/libinstrument.so
7f5ece4b1000-7f5ece4b7000 r-xp 00002000 08:05 38013991                   /usr/lib/jvm/java-14-openjdk-amd64/lib/libinstrument.so
7f5ece4b7000-7f5ece4ba000 r--p 00008000 08:05 38013991                   /usr/lib/jvm/java-14-openjdk-amd64/lib/libinstrument.so
7f5ece4ba000-7f5ece4bb000 r--p 0000a000 08:05 38013991                   /usr/lib/jvm/java-14-openjdk-amd64/lib/libinstrument.so
7f5ece4bb000-7f5ece4bc000 rw-p 0000b000 08:05 38013991                   /usr/lib/jvm/java-14-openjdk-amd64/lib/libinstrument.so
7f5ece4bc000-7f5ece4c9000 r--p 00000000 08:05 38013996                   /usr/lib/jvm/java-14-openjdk-amd64/lib/libjava.so
7f5ece4c9000-7f5ece4dc000 r-xp 0000d000 08:05 38013996                   /usr/lib/jvm/java-14-openjdk-amd64/lib/libjava.so
7f5ece4dc000-7f5ece4e2000 r--p 00020000 08:05 38013996                   /usr/lib/jvm/java-14-openjdk-amd64/lib/libjava.so
7f5ece4e2000-7f5ece4e3000 r--p 00025000 08:05 38013996                   /usr/lib/jvm/java-14-openjdk-amd64/lib/libjava.so
7f5ece4e3000-7f5ece4e5000 rw-p 00026000 08:05 38013996                   /usr/lib/jvm/java-14-openjdk-amd64/lib/libjava.so
7f5ece4e5000-7f5ece4e7000 r--p 00000000 08:05 38013999                   /usr/lib/jvm/java-14-openjdk-amd64/lib/libjdwp.so
7f5ece4e7000-7f5ece513000 r-xp 00002000 08:05 38013999                   /usr/lib/jvm/java-14-openjdk-amd64/lib/libjdwp.so
7f5ece513000-7f5ece521000 r--p 0002e000 08:05 38013999                   /usr/lib/jvm/java-14-openjdk-amd64/lib/libjdwp.so
7f5ece521000-7f5ece522000 r--p 0003b000 08:05 38013999                   /usr/lib/jvm/java-14-openjdk-amd64/lib/libjdwp.so
7f5ece522000-7f5ece523000 rw-p 0003c000 08:05 38013999                   /usr/lib/jvm/java-14-openjdk-amd64/lib/libjdwp.so
7f5ece523000-7f5ece527000 ---p 00000000 00:00 0
7f5ece527000-7f5ece624000 rw-p 00000000 00:00 0
7f5ece624000-7f5ece627000 r--p 00000000 08:05 38018326                   /usr/lib/x86_64-linux-gnu/libgcc_s.so.1
7f5ece627000-7f5ece639000 r-xp 00003000 08:05 38018326                   /usr/lib/x86_64-linux-gnu/libgcc_s.so.1
7f5ece639000-7f5ece63d000 r--p 00015000 08:05 38018326                   /usr/lib/x86_64-linux-gnu/libgcc_s.so.1
7f5ece63d000-7f5ece63e000 r--p 00018000 08:05 38018326                   /usr/lib/x86_64-linux-gnu/libgcc_s.so.1
7f5ece63e000-7f5ece63f000 rw-p 00019000 08:05 38018326                   /usr/lib/x86_64-linux-gnu/libgcc_s.so.1
7f5ece63f000-7f5ece64e000 r--p 00000000 08:05 38018679                   /usr/lib/x86_64-linux-gnu/libm-2.31.so
7f5ece64e000-7f5ece6f5000 r-xp 0000f000 08:05 38018679                   /usr/lib/x86_64-linux-gnu/libm-2.31.so
7f5ece6f5000-7f5ece78c000 r--p 000b6000 08:05 38018679                   /usr/lib/x86_64-linux-gnu/libm-2.31.so
7f5ece78c000-7f5ece78d000 r--p 0014c000 08:05 38018679                   /usr/lib/x86_64-linux-gnu/libm-2.31.so
7f5ece78d000-7f5ece78e000 rw-p 0014d000 08:05 38018679                   /usr/lib/x86_64-linux-gnu/libm-2.31.so
7f5ece78e000-7f5ece824000 r--p 00000000 08:05 38019107                   /usr/lib/x86_64-linux-gnu/libstdc++.so.6.0.28
7f5ece824000-7f5ece914000 r-xp 00096000 08:05 38019107                   /usr/lib/x86_64-linux-gnu/libstdc++.so.6.0.28
7f5ece914000-7f5ece95d000 r--p 00186000 08:05 38019107                   /usr/lib/x86_64-linux-gnu/libstdc++.so.6.0.28
7f5ece95d000-7f5ece95e000 ---p 001cf000 08:05 38019107                   /usr/lib/x86_64-linux-gnu/libstdc++.so.6.0.28
7f5ece95e000-7f5ece969000 r--p 001cf000 08:05 38019107                   /usr/lib/x86_64-linux-gnu/libstdc++.so.6.0.28
7f5ece969000-7f5ece96c000 rw-p 001da000 08:05 38019107                   /usr/lib/x86_64-linux-gnu/libstdc++.so.6.0.28
7f5ece96c000-7f5ece96f000 rw-p 00000000 00:00 0
7f5ece96f000-7f5eceb9d000 r--p 00000000 08:05 38014023                   /usr/lib/jvm/java-14-openjdk-amd64/lib/server/libjvm.so
7f5eceb9d000-7f5ecf8b8000 r-xp 0022e000 08:05 38014023                   /usr/lib/jvm/java-14-openjdk-amd64/lib/server/libjvm.so
7f5ecf8b8000-7f5ecfb19000 r--p 00f49000 08:05 38014023                   /usr/lib/jvm/java-14-openjdk-amd64/lib/server/libjvm.so
7f5ecfb19000-7f5ecfb1a000 ---p 011aa000 08:05 38014023                   /usr/lib/jvm/java-14-openjdk-amd64/lib/server/libjvm.so
7f5ecfb1a000-7f5ecfbc1000 r--p 011aa000 08:05 38014023                   /usr/lib/jvm/java-14-openjdk-amd64/lib/server/libjvm.so
7f5ecfbc1000-7f5ecfbfb000 rw-p 01251000 08:05 38014023                   /usr/lib/jvm/java-14-openjdk-amd64/lib/server/libjvm.so
7f5ecfbfb000-7f5ecfc7e000 rw-p 00000000 00:00 0
7f5ecfc7e000-7f5ecfc85000 r--p 00000000 08:05 38018944                   /usr/lib/x86_64-linux-gnu/libpthread-2.31.so
7f5ecfc85000-7f5ecfc96000 r-xp 00007000 08:05 38018944                   /usr/lib/x86_64-linux-gnu/libpthread-2.31.so
7f5ecfc96000-7f5ecfc9b000 r--p 00018000 08:05 38018944                   /usr/lib/x86_64-linux-gnu/libpthread-2.31.so
7f5ecfc9b000-7f5ecfc9c000 r--p 0001c000 08:05 38018944                   /usr/lib/x86_64-linux-gnu/libpthread-2.31.so
7f5ecfc9c000-7f5ecfc9d000 rw-p 0001d000 08:05 38018944                   /usr/lib/x86_64-linux-gnu/libpthread-2.31.so
7f5ecfc9d000-7f5ecfca1000 rw-p 00000000 00:00 0
7f5ecfca1000-7f5ecfca2000 r--p 00000000 08:05 38018176                   /usr/lib/x86_64-linux-gnu/libdl-2.31.so
7f5ecfca2000-7f5ecfca4000 r-xp 00001000 08:05 38018176                   /usr/lib/x86_64-linux-gnu/libdl-2.31.so
7f5ecfca4000-7f5ecfca5000 r--p 00003000 08:05 38018176                   /usr/lib/x86_64-linux-gnu/libdl-2.31.so
7f5ecfca5000-7f5ecfca6000 r--p 00003000 08:05 38018176                   /usr/lib/x86_64-linux-gnu/libdl-2.31.so
7f5ecfca6000-7f5ecfca7000 rw-p 00004000 08:05 38018176                   /usr/lib/x86_64-linux-gnu/libdl-2.31.so
7f5ecfca7000-7f5ecfca9000 r--p 00000000 08:05 38019369                   /usr/lib/x86_64-linux-gnu/libz.so.1.2.11
7f5ecfca9000-7f5ecfcba000 r-xp 00002000 08:05 38019369                   /usr/lib/x86_64-linux-gnu/libz.so.1.2.11
7f5ecfcba000-7f5ecfcc0000 r--p 00013000 08:05 38019369                   /usr/lib/x86_64-linux-gnu/libz.so.1.2.11
7f5ecfcc0000-7f5ecfcc1000 ---p 00019000 08:05 38019369                   /usr/lib/x86_64-linux-gnu/libz.so.1.2.11
7f5ecfcc1000-7f5ecfcc2000 r--p 00019000 08:05 38019369                   /usr/lib/x86_64-linux-gnu/libz.so.1.2.11
7f5ecfcc2000-7f5ecfcc3000 rw-p 0001a000 08:05 38019369                   /usr/lib/x86_64-linux-gnu/libz.so.1.2.11
7f5ecfcc3000-7f5ecfce8000 r--p 00000000 08:05 38018041                   /usr/lib/x86_64-linux-gnu/libc-2.31.so
7f5ecfce8000-7f5ecfe60000 r-xp 00025000 08:05 38018041                   /usr/lib/x86_64-linux-gnu/libc-2.31.so
7f5ecfe60000-7f5ecfeaa000 r--p 0019d000 08:05 38018041                   /usr/lib/x86_64-linux-gnu/libc-2.31.so
7f5ecfeaa000-7f5ecfeab000 ---p 001e7000 08:05 38018041                   /usr/lib/x86_64-linux-gnu/libc-2.31.so
7f5ecfeab000-7f5ecfeae000 r--p 001e7000 08:05 38018041                   /usr/lib/x86_64-linux-gnu/libc-2.31.so
7f5ecfeae000-7f5ecfeb1000 rw-p 001ea000 08:05 38018041                   /usr/lib/x86_64-linux-gnu/libc-2.31.so
7f5ecfeb1000-7f5ecfeb5000 rw-p 00000000 00:00 0
7f5ecfeb5000-7f5ecfeb7000 r--s 00001000 07:01 2680                       /snap/intellij-idea-community/232/plugins/java/lib/rt/debugger-agent-storage.jar
7f5ecfeb7000-7f5ecfeb9000 r--s 0000c000 08:05 38799945                   /usr/share/java/java-atk-wrapper.jar
7f5ecfeb9000-7f5ecfec1000 rw-s 00000000 08:05 2883650                    /tmp/hsperfdata_amr/24107 (deleted)
7f5ecfec1000-7f5ecfec2000 ---p 00000000 00:00 0
7f5ecfec2000-7f5ecfec3000 r--p 00000000 00:00 0
7f5ecfec3000-7f5ecfec5000 r--p 00000000 08:05 38014000                   /usr/lib/jvm/java-14-openjdk-amd64/lib/libjimage.so
7f5ecfec5000-7f5ecfec8000 r-xp 00002000 08:05 38014000                   /usr/lib/jvm/java-14-openjdk-amd64/lib/libjimage.so
7f5ecfec8000-7f5ecfec9000 r--p 00005000 08:05 38014000                   /usr/lib/jvm/java-14-openjdk-amd64/lib/libjimage.so
7f5ecfec9000-7f5ecfeca000 ---p 00006000 08:05 38014000                   /usr/lib/jvm/java-14-openjdk-amd64/lib/libjimage.so
7f5ecfeca000-7f5ecfecb000 r--p 00006000 08:05 38014000                   /usr/lib/jvm/java-14-openjdk-amd64/lib/libjimage.so
7f5ecfecb000-7f5ecfecc000 rw-p 00007000 08:05 38014000                   /usr/lib/jvm/java-14-openjdk-amd64/lib/libjimage.so
7f5ecfecc000-7f5ecfecf000 r--p 00000000 08:05 38014001                   /usr/lib/jvm/java-14-openjdk-amd64/lib/libjli.so
7f5ecfecf000-7f5ecfed9000 r-xp 00003000 08:05 38014001                   /usr/lib/jvm/java-14-openjdk-amd64/lib/libjli.so
7f5ecfed9000-7f5ecfedc000 r--p 0000d000 08:05 38014001                   /usr/lib/jvm/java-14-openjdk-amd64/lib/libjli.so
7f5ecfedc000-7f5ecfedd000 r--p 0000f000 08:05 38014001                   /usr/lib/jvm/java-14-openjdk-amd64/lib/libjli.so
7f5ecfedd000-7f5ecfede000 rw-p 00010000 08:05 38014001                   /usr/lib/jvm/java-14-openjdk-amd64/lib/libjli.so
7f5ecfede000-7f5ecfee0000 rw-p 00000000 00:00 0
7f5ecfee0000-7f5ecfee1000 r--p 00000000 08:05 38017828                   /usr/lib/x86_64-linux-gnu/ld-2.31.so
7f5ecfee1000-7f5ecff04000 r-xp 00001000 08:05 38017828                   /usr/lib/x86_64-linux-gnu/ld-2.31.so
7f5ecff04000-7f5ecff0c000 r--p 00024000 08:05 38017828                   /usr/lib/x86_64-linux-gnu/ld-2.31.so
7f5ecff0c000-7f5ecff0d000 ---p 00000000 00:00 0
7f5ecff0d000-7f5ecff0e000 r--p 0002c000 08:05 38017828                   /usr/lib/x86_64-linux-gnu/ld-2.31.so
7f5ecff0e000-7f5ecff0f000 rw-p 0002d000 08:05 38017828                   /usr/lib/x86_64-linux-gnu/ld-2.31.so
7f5ecff0f000-7f5ecff10000 rw-p 00000000 00:00 0
7ffc769df000-7ffc76a01000 rw-p 00000000 00:00 0                          [stack]
7ffc76a7a000-7ffc76a7d000 r--p 00000000 00:00 0                          [vvar]
7ffc76a7d000-7ffc76a7e000 r-xp 00000000 00:00 0                          [vdso]
ffffffffff600000-ffffffffff601000 --xp 00000000 00:00 0                  [vsyscall]
VM Arguments:
jvm_args: -agentlib:jdwp=transport=dt_socket,address=127.0.0.1:49845,suspend=y,server=n -javaagent:/snap/intellij-idea-community/232/plugins/java/lib/rt/debugger-agent.jar -Dfile.encoding=UTF-8
java_command: ae.smartv.ObjectDetection
java_class_path (initial): /home/amr/IdeaProjects/SmartVision/out/production/SmartVision:/home/amr/IdeaProjects/SmartVision/lib/pytorch-model-zoo-0.6.0.jar:/home/amr/IdeaProjects/SmartVision/lib/pytorch-engine-0.6.0.jar:/home/amr/IdeaProjects/SmartVision/lib/api-0.6.0.jar:/home/amr/IdeaProjects/SmartVision/lib/gson-2.8.5.jar:/home/amr/IdeaProjects/SmartVision/lib/jna-5.3.0.jar:/home/amr/IdeaProjects/SmartVision/lib/commons-compress-1.20.jar:/home/amr/IdeaProjects/SmartVision/lib/slf4j-api-1.7.26.jar:/home/amr/IdeaProjects/SmartVision/lib/model-zoo-0.6.0.jar:/home/amr/IdeaProjects/SmartVision/lib/pytorch-native-auto-1.5.0.jar:/home/amr/IdeaProjects/SmartVision/lib/mxnet-native-auto-1.6.0.jar:/home/amr/IdeaProjects/SmartVision/lib/mxnet-model-zoo-0.6.0.jar:/home/amr/IdeaProjects/SmartVision/lib/mxnet-engine-0.6.0.jar:/home/amr/IdeaProjects/SmartVision/lib/tensorflow-api-0.6.0.jar:/home/amr/IdeaProjects/SmartVision/lib/javacpp-1.5.3.jar:/home/amr/IdeaProjects/SmartVision/lib/protobuf-java-3.8.0.jar:/home/amr/IdeaProjects/SmartVision/lib/tensorflow-engine-0.6.0.jar:/home/amr/IdeaProjects/SmartVision/lib/tensorflow-model-zoo-0.6.0.jar:/home/amr/IdeaProjects/SmartVision/lib/tensorflow-native-auto-2.2.0.jar:/snap/intellij-idea-community/232/lib/idea_rt.jar
Launcher Type: SUN_STANDARD
[Global flags]
intx CICompilerCount                          = 12                                        {product} {ergonomic}
uint ConcGCThreads                            = 5                                         {product} {ergonomic}
uint G1ConcRefinementThreads                  = 18                                        {product} {ergonomic}
size_t G1HeapRegionSize                         = 1048576                                   {product} {ergonomic}
uintx GCDrainStackTargetSize                   = 64                                        {product} {ergonomic}
size_t InitialHeapSize                          = 262144000                                 {product} {ergonomic}
size_t MarkStackSize                            = 4194304                                   {product} {ergonomic}
size_t MaxHeapSize                              = 4179623936                                {product} {ergonomic}
size_t MaxNewSize                               = 2507145216                                {product} {ergonomic}
size_t MinHeapDeltaBytes                        = 1048576                                   {product} {ergonomic}
size_t MinHeapSize                              = 8388608                                   {product} {ergonomic}
uintx NonNMethodCodeHeapSize                   = 7602480                                {pd product} {ergonomic}
uintx NonProfiledCodeHeapSize                  = 122027880                              {pd product} {ergonomic}
uintx ProfiledCodeHeapSize                     = 122027880                              {pd product} {ergonomic}
uintx ReservedCodeCacheSize                    = 251658240                              {pd product} {ergonomic}
bool SegmentedCodeCache                       = true                                      {product} {ergonomic}
size_t SoftMaxHeapSize                          = 4179623936                             {manageable} {ergonomic}
bool UseCompressedClassPointers               = true                                 {lp64_product} {ergonomic}
bool UseCompressedOops                        = true                                 {lp64_product} {ergonomic}
bool UseG1GC                                  = true                                      {product} {ergonomic}
Logging:
Log output configuration:
#0:
[error occurred during error reporting (printing log configuration), id 0xb, SIGSEGV (0xb) at pc=0x00007f5ecf37d819]
Environment Variables:
JAVA_HOME=/usr/lib/jvm/java-14-openjdk-amd64
PATH=/usr/local/sbin:/usr/local/bin:/usr/sbin:/usr/bin:/sbin:/bin:/usr/games:/usr/local/games:/snap/bin
USERNAME=amr
SHELL=/bin/bash
DISPLAY=:0
Signal Handlers:
SIGSEGV: [libjvm.so+0xed87d0], sa_mask[0]=11111111011111111101111111111110, sa_flags=SA_RESTART|SA_SIGINFO
SIGBUS: [libjvm.so+0xed87d0], sa_mask[0]=11111111011111111101111111111110, sa_flags=SA_RESTART|SA_SIGINFO
SIGFPE: [libjvm.so+0xed87d0], sa_mask[0]=11111111011111111101111111111110, sa_flags=SA_RESTART|SA_SIGINFO
SIGPIPE: SIG_IGN, sa_mask[0]=00000000000010000000000000000000, sa_flags=SA_RESTART
SIGXFSZ: [libjvm.so+0xb87af0], sa_mask[0]=11111111011111111101111111111110, sa_flags=SA_RESTART|SA_SIGINFO
SIGILL: [libjvm.so+0xed87d0], sa_mask[0]=11111111011111111101111111111110, sa_flags=SA_RESTART|SA_SIGINFO
SIGUSR2: [libjvm.so+0xb87990], sa_mask[0]=00100000000000000000000000000000, sa_flags=SA_RESTART|SA_SIGINFO
SIGHUP: [libjvm.so+0xb880d0], sa_mask[0]=11111111011111111101111111111110, sa_flags=SA_RESTART|SA_SIGINFO
SIGINT: [libjvm.so+0xb880d0], sa_mask[0]=11111111011111111101111111111110, sa_flags=SA_RESTART|SA_SIGINFO
SIGTERM: [libjvm.so+0xb880d0], sa_mask[0]=11111111011111111101111111111110, sa_flags=SA_RESTART|SA_SIGINFO
SIGQUIT: [libjvm.so+0xb880d0], sa_mask[0]=11111111011111111101111111111110, sa_flags=SA_RESTART|SA_SIGINFO
---------------  S Y S T E M  ---------------
OS:DISTRIB_ID=Ubuntu
DISTRIB_RELEASE=20.04
DISTRIB_CODENAME=focal
DISTRIB_DESCRIPTION="Ubuntu 20.04 LTS"
uname:Linux 5.4.0-39-generic &lt;denchmark-link:https://github.com/awslabs/djl/pull/43&gt;#43&lt;/denchmark-link&gt;
-Ubuntu SMP Fri Jun 19 10:28:31 UTC 2020 x86_64
OS uptime: 0 days 18:05 hours
libc:glibc 2.31 NPTL 2.31
rlimit: STACK 8192k, CORE 0k, NPROC 63543, NOFILE 1048576, AS infinity, DATA infinity, FSIZE infinity
load average:2.25 2.83 5.63
/proc/meminfo:
MemTotal:       16323500 kB
MemFree:          944440 kB
MemAvailable:    6243172 kB
Buffers:          221640 kB
Cached:          5524224 kB
SwapCached:           80 kB
Active:         10453492 kB
Inactive:        3819960 kB
Active(anon):    7853048 kB
Inactive(anon):  1008132 kB
Active(file):    2600444 kB
Inactive(file):  2811828 kB
Unevictable:          48 kB
Mlocked:              48 kB
SwapTotal:       2097148 kB
SwapFree:        2089200 kB
Dirty:              6624 kB
Writeback:             0 kB
AnonPages:       8528020 kB
Mapped:          1816048 kB
Shmem:            333544 kB
KReclaimable:     283476 kB
Slab:             598396 kB
SReclaimable:     283476 kB
SUnreclaim:       314920 kB
KernelStack:       23568 kB
PageTables:        47472 kB
NFS_Unstable:          0 kB
Bounce:                0 kB
WritebackTmp:          0 kB
CommitLimit:    10258896 kB
Committed_AS:   13239280 kB
VmallocTotal:   34359738367 kB
VmallocUsed:       97396 kB
VmallocChunk:          0 kB
Percpu:            32640 kB
HardwareCorrupted:     0 kB
AnonHugePages:         0 kB
ShmemHugePages:        0 kB
ShmemPmdMapped:        0 kB
FileHugePages:         0 kB
FilePmdMapped:         0 kB
CmaTotal:              0 kB
CmaFree:               0 kB
HugePages_Total:       0
HugePages_Free:        0
HugePages_Rsvd:        0
HugePages_Surp:        0
Hugepagesize:       2048 kB
Hugetlb:               0 kB
DirectMap4k:     1379816 kB
DirectMap2M:    14254080 kB
DirectMap1G:     2097152 kB
/proc/sys/kernel/threads-max (system-wide limit on the number of threads):
127087
/proc/sys/vm/max_map_count (maximum number of memory map areas a process may have):
65530
/proc/sys/kernel/pid_max (system-wide limit on number of process identifiers):
4194304
container (cgroup) information:
container_type: cgroupv1
cpu_cpuset_cpus: 0-23
cpu_memory_nodes: 0-1
active_processor_count: 24
cpu_quota: no quota
cpu_period: 100000
cpu_shares: no shares
memory_limit_in_bytes: unlimited
memory_and_swap_limit_in_bytes: not supported
memory_soft_limit_in_bytes: unlimited
memory_usage_in_bytes: 13418352640
memory_max_usage_in_bytes: 14232588288
Steal ticks since vm start: 0
Steal ticks percentage since vm start:  0.000
CPU:total 24 (initial active 24) (6 cores per cpu, 2 threads per core) family 6 model 63 stepping 2, cmov, cx8, fxsr, mmx, sse, sse2, sse3, ssse3, sse4.1, sse4.2, popcnt, avx, avx2, aes, clmul, erms, lzcnt, ht, tsc, tscinvbit, bmi1, bmi2, fma
CPU Model and flags from /proc/cpuinfo:
model name	: Intel(R) Xeon(R) CPU E5-2620 v3 @ 2.40GHz
flags		: fpu vme de pse tsc msr pae mce cx8 apic sep mtrr pge mca cmov pat pse36 clflush dts acpi mmx fxsr sse sse2 ss ht tm pbe syscall nx pdpe1gb rdtscp lm constant_tsc arch_perfmon pebs bts rep_good nopl xtopology nonstop_tsc cpuid aperfmperf pni pclmulqdq dtes64 monitor ds_cpl vmx smx est tm2 ssse3 sdbg fma cx16 xtpr pdcm pcid dca sse4_1 sse4_2 x2apic movbe popcnt tsc_deadline_timer aes xsave avx f16c rdrand lahf_lm abm cpuid_fault epb invpcid_single pti intel_ppin ssbd ibrs ibpb stibp tpr_shadow vnmi flexpriority ept vpid ept_ad fsgsbase tsc_adjust bmi1 avx2 smep bmi2 erms invpcid cqm xsaveopt cqm_llc cqm_occup_llc dtherm ida arat pln pts md_clear flush_l1d
Memory: 4k page, physical 16323500k(942928k free), swap 2097148k(2089200k free)
vm_info: OpenJDK 64-Bit Server VM (14.0.1+7-Ubuntu-1ubuntu1) for linux-amd64 JRE (14.0.1+7-Ubuntu-1ubuntu1), built on Apr 18 2020 12:25:53 by "unknown" with gcc 9.3.0
END.
&lt;denchmark-h:h2&gt;How to Reproduce?&lt;/denchmark-h&gt;

(If you developed your own code, please provide a short script that reproduces the error. For existing examples, please provide link.)
having cuda 10.2 installed on ubuntu and these maven dependencies in the project,
ai.djl.tensorflow:tensorflow-api:0.6.0
ai.djl.tensorflow:tensorflow-engine:0.6.0
ai.djl.tensorflow:tensorflow-model-zoo:0.6.0
ai.djl.tensorflow:tensorflow-native-auto:2.2.0
ubuntu 20.04
gtx 1660 ti
Quadro p600
	</description>
	<comments>
		<comment id='1' author='AmrRahmy' date='2020-07-02T15:53:33Z'>
		&lt;denchmark-link:https://github.com/AmrRahmy&gt;@AmrRahmy&lt;/denchmark-link&gt;
 Thanks for reporting this issue.
I noticed you are loading both libmxnet.so, libtorch.so and libtensorflow.so into the memory. Are you intend to use both of the engine?
I suggest you only add one dependency if you don't need them, DJL will load all engines as long as they are in classpath:

