<bug id='621' author='coalboss' open_date='2019-03-02T10:01:19Z' closed_time='2019-03-04T13:30:21Z'>
	<summary>Error while install mecab-python3</summary>
	<description>
while PATH=$(PWD)/swig/bin:$(PWD)/mecab/bin:$(PATH) pip install mecab-python3, there is a error:

Collecting mecab-python3
Retrying (Retry(total=4, connect=None, read=None, redirect=None, status=None)) after connection broken by 'NewConnectionError('&lt;pip._vendor.urllib3.connection.VerifiedHTTPSConnection object at 0x7fe4446514a8&gt;: Failed to establish a new connection: [Errno 101] Network is unreachable')': /simple/mecab-python3/
Using cached https://files.pythonhosted.org/packages/ac/48/295efe525df40cbc2173748eb869290e81a57e835bc41f6d3834fc5dad5f/mecab-python3-0.996.1.tar.gz
Building wheels for collected packages: mecab-python3
Building wheel for mecab-python3 (setup.py) ... error
Complete output from command /home/hangchen/.conda/envs/espnet_py37/bin/python -u -c "import setuptools, tokenize;file='/tmp/pip-install-xaezj77b/mecab-python3/setup.py';f=getattr(tokenize, 'open', open)(file);code=f.read().replace('\r\n', '\n');f.close();exec(compile(code, file, 'exec'))" bdist_wheel -d /tmp/pip-wheel-gzdbrlct --python-tag cp37:
running bdist_wheel
running build
running build_py
running build_ext
building '_MeCab' extension
swigging MeCab.i to MeCab_wrap.cpp
swig -python -shadow -c++ -I/home/hangchen/tools/espnet-master/tools/mecab/include -o MeCab_wrap.cpp MeCab.i
swig: error while loading shared libraries: libpcre.so.1: cannot open shared object file: No such file or directory
error: command 'swig' failed with exit status 127




Failed building wheel for mecab-python3
Running setup.py clean for mecab-python3
Failed to build mecab-python3
Installing collected packages: mecab-python3
Running setup.py install for mecab-python3 ... error

Complete output from command /home/hangchen/.conda/envs/espnet_py37/bin/python -u -c "import setuptools, tokenize;__file__='/tmp/pip-install-xaezj77b/mecab-python3/setup.py';f=getattr(tokenize, 'open', open)(__file__);code=f.read().replace('\r\n', '\n');f.close();exec(compile(code, __file__, 'exec'))" install --record /tmp/pip-record-68m2p1fo/install-record.txt --single-version-externally-managed --compile:



running install



running build



running build_py



running build_ext



building '_MeCab' extension



swigging MeCab.i to MeCab_wrap.cpp



swig -python -shadow -c++ -I/home/hangchen/tools/espnet-master/tools/mecab/include -o MeCab_wrap.cpp MeCab.i



swig: error while loading shared libraries: libpcre.so.1: cannot open shared object file: No such file or directory



error: command 'swig' failed with exit status 127




----------------------------------------


Command "/home/hangchen/.conda/envs/espnet_py37/bin/python -u -c "import setuptools, tokenize;file='/tmp/pip-install-xaezj77b/mecab-python3/setup.py';f=getattr(tokenize, 'open', open)(file);code=f.read().replace('\r\n', '\n');f.close();exec(compile(code, file, 'exec'))" install --record /tmp/pip-record-68m2p1fo/install-record.txt --single-version-externally-managed --compile" failed with error code 1 in /tmp/pip-install-xaezj77b/mecab-python3/
Makefile:105: recipe for target 'mecab.done' failed
make: *** [mecab.done] Error 1
But, i already install libprce3-dev, what can do with this error?

	</description>
	<comments>
		<comment id='1' author='coalboss' date='2019-03-04T10:15:42Z'>
		Same thing
		</comment>
		<comment id='2' author='coalboss' date='2019-03-04T11:13:38Z'>
		I will check it. Could you tell me your environment?
		</comment>
		<comment id='3' author='coalboss' date='2019-03-04T11:33:27Z'>
		Mine is Ubuntu 16.04
		</comment>
		<comment id='4' author='coalboss' date='2019-03-04T11:45:56Z'>
		&lt;denchmark-link:https://github.com/coalboss&gt;@coalboss&lt;/denchmark-link&gt;
 &lt;denchmark-link:https://github.com/EgorLakomkin&gt;@EgorLakomkin&lt;/denchmark-link&gt;
 Could you test this patch &lt;denchmark-link:https://github.com/espnet/espnet/pull/622&gt;#622&lt;/denchmark-link&gt;
?
		</comment>
		<comment id='5' author='coalboss' date='2019-03-04T13:28:30Z'>
		I use this method to install mecab successfully.
sudo apt-get install mecab mecab-ipadic-utf8 libmecab-dev swig
pip install mecab-python3
		</comment>
		<comment id='6' author='coalboss' date='2019-03-04T13:58:48Z'>
		&lt;denchmark-link:https://github.com/kan-bayashi&gt;@kan-bayashi&lt;/denchmark-link&gt;
 worked like a charm, thank you!
		</comment>
		<comment id='7' author='coalboss' date='2020-04-07T10:04:22Z'>
		Running setup.py install for mecab-python3 ... error
ERROR: Command errored out with exit status 1:
command: 'C:\Users\My PC\Anaconda3\python.exe' -u -c 'import sys, setuptools, tokenize; sys.argv[0] = '"'"'C:\Users\MYPC1\AppData\Local\Temp\pip-install-jfc1zfzx\mecab-python3\setup.py'"'"'; file='"'"'C:\Users\MYPC1\AppData\Local\Temp\pip-install-jfc1zfzx\mecab-python3\setup.py'"'"';f=getattr(tokenize, '"'"'open'"'"', open)(file);code=f.read().replace('"'"'\r\n'"'"', '"'"'\n'"'"');f.close();exec(compile(code, file, '"'"'exec'"'"'))' install --record 'C:\Users\MYPC1\AppData\Local\Temp\pip-record-l3ui5_pw\install-record.txt' --single-version-externally-managed --compile
cwd: C:\Users\MYPC1\AppData\Local\Temp\pip-install-jfc1zfzx\mecab-python3
Complete output (9 lines):
running install
running build
running build_py
creating build
creating build\lib.win-amd64-3.7
creating build\lib.win-amd64-3.7\MeCab
copying src\MeCab_init_.py -&gt; build\lib.win-amd64-3.7\MeCab
running build_ext
error: [WinError 2] The system cannot find the file specified
----------------------------------------
ERROR: Command errored out with exit status 1: 'C:\Users\My PC\Anaconda3\python.exe' -u -c 'import sys, setuptools, tokenize; sys.argv[0] = '"'"'C:\Users\MYPC1\AppData\Local\Temp\pip-install-jfc1zfzx\mecab-python3\setup.py'"'"'; file='"'"'C:\Users\MYPC1\AppData\Local\Temp\pip-install-jfc1zfzx\mecab-python3\setup.py'"'"';f=getattr(tokenize, '"'"'open'"'"', open)(file);code=f.read().replace('"'"'\r\n'"'"', '"'"'\n'"'"');f.close();exec(compile(code, file, '"'"'exec'"'"'))' install --record 'C:\Users\MYPC~1\AppData\Local\Temp\pip-record-l3ui5_pw\install-record.txt' --single-version-externally-managed --compile Check the logs for full command output.
please help me, error in anaconda promt
		</comment>
	</comments>
</bug>