<bug id='834' author='lewfish' open_date='2019-09-25T16:11:19Z' closed_time='2020-07-07T15:46:02Z'>
	<summary>-p path option is broken</summary>
	<description>
Using the -p option to specify that an experiment is at a certain path does not work. See below. I set a breakpoint at the point where it crashes and _relpath was set to '../data/integration_tests/object_detection_tests/experiment'
&lt;denchmark-code&gt;root@239f44cdf253:/opt/src# ./scripts/debug rastervision run local -p /opt/data/integration_tests/object_detection_tests/experiment.py     -a root_uri /opt/data/integration_tests/output/ -a full_test True     -a data_uri /opt/data/integration_tests/object_detection_tests
Traceback (most recent call last):
  File "/opt/conda/lib/python3.6/runpy.py", line 193, in _run_module_as_main
    "__main__", mod_spec)
  File "/opt/conda/lib/python3.6/runpy.py", line 85, in _run_code
    exec(code, run_globals)
  File "/opt/conda/lib/python3.6/site-packages/ptvsd/__main__.py", line 448, in &lt;module&gt;
    main(sys.argv)
  File "/opt/conda/lib/python3.6/site-packages/ptvsd/__main__.py", line 434, in main
    run()
  File "/opt/conda/lib/python3.6/site-packages/ptvsd/__main__.py", line 338, in run_module
    run_module_as_main(target, alter_argv=True)
  File "/opt/conda/lib/python3.6/runpy.py", line 193, in _run_module_as_main
    "__main__", mod_spec)
  File "/opt/conda/lib/python3.6/runpy.py", line 85, in _run_code
    exec(code, run_globals)
  File "/opt/src/rastervision/__main__.py", line 17, in &lt;module&gt;
    rv.main()
  File "/opt/conda/lib/python3.6/site-packages/click/core.py", line 722, in __call__
    return self.main(*args, **kwargs)
  File "/opt/conda/lib/python3.6/site-packages/click/core.py", line 697, in main
    rv = self.invoke(ctx)
  File "/opt/conda/lib/python3.6/site-packages/click/core.py", line 1066, in invoke
    return _process_result(sub_ctx.command.invoke(sub_ctx))
  File "/opt/conda/lib/python3.6/site-packages/click/core.py", line 895, in invoke
    return ctx.invoke(self.callback, **ctx.params)
  File "/opt/conda/lib/python3.6/site-packages/click/core.py", line 535, in invoke
    return callback(*args, **kwargs)
  File "/opt/src/rastervision/cli/main.py", line 145, in run
    experiments, command_configs = loader.load_from_file(path)
  File "/opt/src/rastervision/experiment/experiment_loader.py", line 49, in load_from_file
    name = self._get_name_from_path(path)
  File "/opt/src/rastervision/experiment/experiment_loader.py", line 39, in _get_name_from_path
    assert not _relpath.startswith('..'), 'Path must be within the project'
AssertionError: Path must be within the project
&lt;/denchmark-code&gt;

	</description>
	<comments>
	</comments>
</bug>