<bug id='10342' author='tomoaki0705' open_date='2017-12-18T06:38:32Z' closed_time='2017-12-18T17:04:39Z'>
	<summary>3rdparty: Building OpenCV 3.4-rc fails on Visual Studio 2013 and older</summary>
	<description>
Building OpenCV 3.4-rc on Visual Studio 2012 and 2013 fails for two reasons

inline is not supported in C
fall safe version of snprintf is not included in libtiff

&lt;denchmark-h:h5&gt;System information (version)&lt;/denchmark-h&gt;


OpenCV =&gt; 3.4.0-rc
Operating System / Platform =&gt; Windows 7 Pro 64bit
Compiler =&gt; Visual Studio 2012 and 2013

&lt;denchmark-h:h5&gt;Detailed description&lt;/denchmark-h&gt;

Libtiff problem on VS2013 and earlier
When building OpenCV 3.4.0-rc on Visual Studio 2012 and 2013, following error happens
&lt;denchmark-code&gt;C:\opencv\3rdparty\libtiff\tif_fax3.c(844): error C2054: expected '(' to follow 'inline' [C:\opencv\build\3rdparty\libtiff\libtiff.vcxproj]
C:\opencv\3rdparty\libtiff\tif_fax3.c(845): error C2085: 'find0span' : not in formal parameter list [C:\opencv\build\3rdparty\libtiff\libtiff.vcxproj]
C:\opencv\3rdparty\libtiff\tif_fax3.c(845): error C2143: syntax error : missing ';' before '{' [C:\opencv\build\3rdparty\libtiff\libtiff.vcxproj]
C:\opencv\3rdparty\libtiff\tif_fax3.c(906): error C2054: expected '(' to follow 'inline' [C:\opencv\build\3rdparty\libtiff\libtiff.vcxproj]
C:\opencv\3rdparty\libtiff\tif_fax3.c(907): error C2085: 'find1span' : not in formal parameter list [C:\opencv\build\3rdparty\libtiff\libtiff.vcxproj]
C:\opencv\3rdparty\libtiff\tif_fax3.c(907): error C2143: syntax error : missing ';' before '{' [C:\opencv\build\3rdparty\libtiff\libtiff.vcxproj]
&lt;/denchmark-code&gt;

I looked in the source code and realized &lt;denchmark-link:https://github.com/opencv/opencv/blob/3.4.0-rc/3rdparty/libtiff/tif_fax3.c#L843-L844&gt;these&lt;/denchmark-link&gt;
 &lt;denchmark-link:https://github.com/opencv/opencv/blob/3.4.0-rc/3rdparty/libtiff/tif_fax3.c#L905-L906&gt;two functions&lt;/denchmark-link&gt;
 are violating strict C.  Visual Studio 2013 and earlier requires "strict C" for file which has extension ".c", so, the &lt;denchmark-link:https://github.com/opencv/opencv/blob/3.4.0-rc/3rdparty/libtiff/tif_fax3.c&gt;libtiff/tif_fax3.c&lt;/denchmark-link&gt;
 is treated as "C" file, not "C++".
Thus the  keyword is violating the compilation.
For a workaround, I tried two approaches, but either of them end up in another problem of linker.

Remove inline (i.e. inline static int32 to static int32)
Replace by __inline (i.e. __inline static int32)

Now, new problem is the linker saying
error LNK2019: unresolved external symbol _TIFF_snprintf_f referenced in function _TIFFCreateAnonField
I googled up a bit and found following points

_TIFF_snprintf_f are defined as extern here in tiffiop.h
_TIFF_snprintf_f seems a fail safe implementation when compiler doesn't support API snprintf
Unfortunately, the implementation of the fail safe version is missing in OpenCV

Looking back in libtiff mirror, it does exists in the original libtiff, but seems it disappeared during the migration.



Before I write a patch, I'd like to ask that I'm doing the write thing.  Are Visual Studio 2012 and 2013 still in the supported compiler list ?
&lt;denchmark-h:h5&gt;Steps to reproduce&lt;/denchmark-h&gt;


Use Visual Studio 2012 or 2013
Get OpenCV 3.4-rc source code
Build with no option, it should

try to build libtiff
fail to find snprintf


Build target ALL_BUILD

	</description>
	<comments>
	</comments>
</bug>