<bug id='10737' author='tomoaki0705' open_date='2018-01-31T09:21:10Z' closed_time='2018-01-31T09:57:48Z'>
	<summary>features2d: build fails on Visual Studio 2013 and earlier</summary>
	<description>
features2d: build fails on Visual Studio 2013 and earlier
&lt;denchmark-h:h5&gt;System information (version)&lt;/denchmark-h&gt;


OpenCV =&gt; master (b97b650 and after)
Operating System / Platform =&gt; Windows 7 Pro 64 bit
Compiler =&gt; Visual Studio 2012, 2013

&lt;denchmark-h:h5&gt;Detailed description&lt;/denchmark-h&gt;


When building OpenCV master branch on Visual Studio 2013 and earlier, the compilation fails saying following error

&lt;denchmark-code&gt; C:\work\opencv\modules\features2d\src\fast.cpp(448): error C2065: 'uint32_t' : undeclared identifier [C:\work\opencv\build\modules\features2d\opencv_features2d.vcxproj]
 C:\work\opencv\modules\features2d\src\fast.cpp(448): error C2146: syntax error : missing ';' before identifier 'uthreshold' [C:\work\opencv\build\modules\features2d\opencv_features2d.vcxproj]
 C:\work\opencv\modules\features2d\src\fast.cpp(448): error C2065: 'uthreshold' : undeclared identifier [C:\work\opencv\build\modules\features2d\opencv_features2d.vcxproj]
 C:\work\opencv\modules\features2d\src\fast.cpp(448): error C2146: syntax error : missing ';' before identifier 'threshold' [C:\work\opencv\build\modules\features2d\opencv_features2d.vcxproj]
 C:\work\opencv\modules\features2d\src\fast.cpp(453): error C4430: missing type specifier - int assumed. Note: C++ does not support default-int [C:\work\opencv\build\modules\features2d\opencv_features2d.vcxproj]
 C:\work\opencv\modules\features2d\src\fast.cpp(453): error C2143: syntax error : missing ';' before '*' [C:\work\opencv\build\modules\features2d\opencv_features2d.vcxproj]
 C:\work\opencv\modules\features2d\src\fast.cpp(453): error C2065: 'pscore' : undeclared identifier [C:\work\opencv\build\modules\features2d\opencv_features2d.vcxproj]
 C:\work\opencv\modules\features2d\src\fast.cpp(462): error C2065: 'uint32_t' : undeclared identifier [C:\work\opencv\build\modules\features2d\opencv_features2d.vcxproj]
 C:\work\opencv\modules\features2d\src\fast.cpp(462): error C2146: syntax error : missing ';' before identifier 'score' [C:\work\opencv\build\modules\features2d\opencv_features2d.vcxproj]
 C:\work\opencv\modules\features2d\src\fast.cpp(462): error C2065: 'score' : undeclared identifier [C:\work\opencv\build\modules\features2d\opencv_features2d.vcxproj]
 C:\work\opencv\modules\features2d\src\fast.cpp(462): error C2065: 'pscore' : undeclared identifier [C:\work\opencv\build\modules\features2d\opencv_features2d.vcxproj]
 C:\work\opencv\modules\features2d\src\fast.cpp(463): error C2065: 'score' : undeclared identifier [C:\work\opencv\build\modules\features2d\opencv_features2d.vcxproj]
 C:\work\opencv\modules\features2d\src\fast.cpp(463): error C2065: 'uthreshold' : undeclared identifier [C:\work\opencv\build\modules\features2d\opencv_features2d.vcxproj]
 C:\work\opencv\modules\features2d\src\fast.cpp(466): error C2065: 'int32_t' : undeclared identifier [C:\work\opencv\build\modules\features2d\opencv_features2d.vcxproj]
 C:\work\opencv\modules\features2d\src\fast.cpp(466): error C2146: syntax error : missing ')' before identifier 'score' [C:\work\opencv\build\modules\features2d\opencv_features2d.vcxproj]
 C:\work\opencv\modules\features2d\src\fast.cpp(466): error C2059: syntax error : ')' [C:\work\opencv\build\modules\features2d\opencv_features2d.vcxproj]
&lt;/denchmark-code&gt;


The cause of the error is that old Visual Studio doesn't accept int32_t, uint32_t or uint8_t
I'll write a patch to avoid this build error later

&lt;denchmark-h:h5&gt;Steps to reproduce&lt;/denchmark-h&gt;


Build master on Visual Studio 2013 or earlier

	</description>
	<comments>
	</comments>
</bug>