<bug id='10855' author='tomoaki0705' open_date='2018-02-13T09:30:34Z' closed_time='2018-02-14T11:33:30Z'>
	<summary>core: build fails on Visual Studio 2013 and earlier</summary>
	<description>
&lt;denchmark-h:h5&gt;System information (version)&lt;/denchmark-h&gt;


OpenCV =&gt; master ( after e225850 )
Operating System / Platform =&gt; Windows 7 64bit Professional
Compiler =&gt; Visual Studio 2012, 2013

&lt;denchmark-h:h5&gt;Detailed description&lt;/denchmark-h&gt;

related &lt;denchmark-link:https://github.com/opencv/opencv/issues/10737&gt;#10737&lt;/denchmark-link&gt;
, &lt;denchmark-link:https://github.com/opencv/opencv/issues/10342&gt;#10342&lt;/denchmark-link&gt;

But rather than that, I figured out that Visual Studio 2012 and 2013 also supports  and others.
The problem is that the source code has to explicitly include  before using .
These lines &lt;denchmark-link:https://github.com/opencv/opencv/blob/221342fb256164b2fca03b17ac42ca2447fd739f/modules/calib3d/src/rho.cpp#L51&gt;1&lt;/denchmark-link&gt;
 &lt;denchmark-link:https://github.com/opencv/opencv/blob/221342fb256164b2fca03b17ac42ca2447fd739f/modules/calib3d/src/rho.cpp#L151-L152&gt;2&lt;/denchmark-link&gt;
 will be a good proof to show that old Visual Studio handles fixed width type
I'll write a patch later to fix this.
&lt;denchmark-h:h5&gt;Steps to reproduce&lt;/denchmark-h&gt;

Build recent master on Visual Studio 2012/2013.
We'll get following error message
All of the message are triggered by the missing typedef of uint8_t
&lt;denchmark-code&gt;  c:\opencv\modules\core\src\persistence.hpp(47): error C2065: 'uint8_t' : undeclared identifier (c:\opencv\modules\core\src\persistence.cpp) [c:\opencv\build\modules\core\opencv_core.vcxproj]
  c:\opencv\modules\core\src\persistence.hpp(47): error C2143: syntax error : missing ')' before 'const' (c:\opencv\modules\core\src\persistence.cpp) [c:\opencv\build\modules\core\opencv_core.vcxproj]
  c:\opencv\modules\core\src\persistence.hpp(47): error C2059: syntax error : ')' (c:\opencv\modules\core\src\persistence.cpp) [c:\opencv\build\modules\core\opencv_core.vcxproj]
  c:\opencv\modules\core\src\persistence.hpp(48): error C2365: 'base64::base64_encode' : redefinition; previous definition was 'data variable' (c:\opencv\modules\core\src\persistence.cpp) [c:\opencv\build\modules\core\opencv_core.vcxproj]
  c:\opencv\modules\core\src\persistence.hpp(49): error C2065: 'uint8_t' : undeclared identifier (c:\opencv\modules\core\src\persistence.cpp) [c:\opencv\build\modules\core\opencv_core.vcxproj]
  c:\opencv\modules\core\src\persistence.hpp(49): error C2143: syntax error : missing ')' before 'const' (c:\opencv\modules\core\src\persistence.cpp) [c:\opencv\build\modules\core\opencv_core.vcxproj]
  c:\opencv\modules\core\src\persistence.hpp(49): error C2059: syntax error : ')' (c:\opencv\modules\core\src\persistence.cpp) [c:\opencv\build\modules\core\opencv_core.vcxproj]
  c:\opencv\modules\core\src\persistence.hpp(50): error C2365: 'base64::base64_decode' : redefinition; previous definition was 'data variable' (c:\opencv\modules\core\src\persistence.cpp) [c:\opencv\build\modules\core\opencv_core.vcxproj]
  c:\opencv\modules\core\src\persistence.hpp(51): error C2065: 'uint8_t' : undeclared identifier (c:\opencv\modules\core\src\persistence.cpp) [c:\opencv\build\modules\core\opencv_core.vcxproj]
  c:\opencv\modules\core\src\persistence.hpp(51): error C2143: syntax error : missing ')' before 'const' (c:\opencv\modules\core\src\persistence.cpp) [c:\opencv\build\modules\core\opencv_core.vcxproj]
  c:\opencv\modules\core\src\persistence.hpp(51): error C2059: syntax error : ')' (c:\opencv\modules\core\src\persistence.cpp) [c:\opencv\build\modules\core\opencv_core.vcxproj]
  c:\opencv\modules\core\src\persistence.hpp(52): error C2365: 'base64::base64_valid' : redefinition; previous definition was 'data variable' (c:\opencv\modules\core\src\persistence.cpp) [c:\opencv\build\modules\core\opencv_core.vcxproj]
  c:\opencv\modules\core\src\persistence.hpp(47): error C2065: 'uint8_t' : undeclared identifier (c:\opencv\modules\core\src\persistence_base64.cpp) [c:\opencv\build\modules\core\opencv_core.vcxproj]
  c:\opencv\modules\core\src\persistence.hpp(47): error C2143: syntax error : missing ')' before 'const' (c:\opencv\modules\core\src\persistence_base64.cpp) [c:\opencv\build\modules\core\opencv_core.vcxproj]
&lt;/denchmark-code&gt;

	</description>
	<comments>
		<comment id='1' author='tomoaki0705' date='2018-02-15T19:28:08Z'>
		&lt;denchmark-link:https://github.com/tomoaki0705&gt;@tomoaki0705&lt;/denchmark-link&gt;

There is next one build issue with  types: &lt;denchmark-link:https://github.com/opencv/opencv/pull/10145&gt;#10145&lt;/denchmark-link&gt;

I will take a look on this.
		</comment>
	</comments>
</bug>