<bug id='11814' author='Bleach665' open_date='2018-06-23T11:15:48Z' closed_time='2018-11-28T16:29:03Z'>
	<summary>Error building examples with CUDA and TBB</summary>
	<description>
opencv - &lt;denchmark-link:https://github.com/opencv/opencv/commit/64f2b1b250804a3501e631733e2ad4db776c8aee&gt;64f2b1b&lt;/denchmark-link&gt;
 + contrib modules
Windows 10 Enterprise N 2016 LTSB 10.0.14393 Build 14393
VS 2017 15.7.3
CMake - 3.11.4.
Opencv builded with CUDA 9.2 and TBB 4.4 (20180411). On examples build stage I receive error:
&lt;denchmark-code&gt;"C:\Lib\opencv\1111\OpenCV.sln" (default target) (1) -&gt;
       "C:\Lib\opencv\1111\ALL_BUILD.vcxproj.metaproj" (default target) (2) -&gt;
       "C:\Lib\opencv\1111\samples\gpu\example_gpu_multi.vcxproj.metaproj" (default target) (174) -&gt;
       "C:\Lib\opencv\1111\samples\gpu\example_gpu_multi.vcxproj" (default target) (488) -&gt;
       (ClCompile target) -&gt;
         c:\lib\opencv\source\opencv\samples\gpu\multi.cpp(15): fatal error C1083: Cannot open include file: 'tbb/tbb.h
       ': No such file or directory [C:\Lib\opencv\1111\samples\gpu\example_gpu_multi.vcxproj]
&lt;/denchmark-code&gt;

	</description>
	<comments>
		<comment id='1' author='Bleach665' date='2018-07-02T09:00:34Z'>
		In linux (xubuntu 18.04 lts x64) we also have problem with this sample:
&lt;denchmark-code&gt;Scanning dependencies of target example_gpu_multi
[100%] Building CXX object samples/gpu/CMakeFiles/example_gpu_multi.dir/multi.cpp.o
[100%] Linking CXX executable ../../bin/example_gpu_multi
/usr/bin/x86_64-linux-gnu-ld: CMakeFiles/example_gpu_multi.dir/multi.cpp.o: undefined reference to symbol '_ZN3tbb18task_group_contextD1Ev'
//usr/lib/x86_64-linux-gnu/libtbb.so.2: error adding symbols: DSO missing from command line
collect2: error: ld returned 1 exit status
samples/gpu/CMakeFiles/example_gpu_multi.dir/build.make:120: recipe for target 'bin/example_gpu_multi' failed
make[2]: *** [bin/example_gpu_multi] Error 1
CMakeFiles/Makefile2:26345: recipe for target 'samples/gpu/CMakeFiles/example_gpu_multi.dir/all' failed
make[1]: *** [samples/gpu/CMakeFiles/example_gpu_multi.dir/all] Error 2
Makefile:162: recipe for target 'all' failed
make: *** [all] Error 2
&lt;/denchmark-code&gt;

		</comment>
		<comment id='2' author='Bleach665' date='2018-07-23T22:31:31Z'>
		I met the same issue, any elegant solution to this?
		</comment>
		<comment id='3' author='Bleach665' date='2018-07-27T07:22:23Z'>
		&lt;denchmark-link:https://github.com/ZhengRui&gt;@ZhengRui&lt;/denchmark-link&gt;
. Did yo watch it &lt;denchmark-link:https://github.com/opencv/opencv/pull/11872&gt;#11872&lt;/denchmark-link&gt;
? Maybe not so elegance, bu it work.
		</comment>
		<comment id='4' author='Bleach665' date='2018-07-27T14:52:20Z'>
		thanks &lt;denchmark-link:https://github.com/Bleach665&gt;@Bleach665&lt;/denchmark-link&gt;
 , finally I had to installed an older version. Will try your solution when I install the recent version next time.
		</comment>
		<comment id='5' author='Bleach665' date='2018-08-28T02:31:38Z'>
		&lt;denchmark-link:https://github.com/ZhengRui&gt;@ZhengRui&lt;/denchmark-link&gt;
 which version do you install finally ? I have installed TBB 2018 Update 5 ,still meet the issue -- gpu\multi.cpp(15): fatal error C1083: Cannot open include file: 'tbb/tbb.h': No such file or directory
		</comment>
		<comment id='6' author='Bleach665' date='2018-11-28T16:29:03Z'>
		parallel_for_() is used in mentioned sample
		</comment>
	</comments>
</bug>