<bug id='12304' author='StrangeTcy' open_date='2018-08-24T20:31:04Z' closed_time='2018-08-28T09:46:42Z'>
	<summary>error: macro "CV_Assert" passed 3 arguments, but takes just 1</summary>
	<description>
&lt;denchmark-h:h5&gt;System information (version)&lt;/denchmark-h&gt;


OpenCV =&gt; 3.1 (a freshly cloned git repository)
Operating System / Platform =&gt;  Ubuntu 16.04 x64
Compiler =&gt; gcc 7.3.0

&lt;denchmark-h:h5&gt;Detailed description&lt;/denchmark-h&gt;

When I try to run make, the output is the following:
&lt;denchmark-code&gt;[ 33%] Linking CXX shared library ../../lib/libopencv_dnn.so
[ 33%] Building CXX object modules/videoio/CMakeFiles/opencv_videoio.dir/src/cap_dc1394_v2.cpp.o
[ 33%] Building CXX object modules/videoio/CMakeFiles/opencv_videoio.dir/src/cap_gstreamer.cpp.o
[ 33%] Building CXX object modules/videoio/CMakeFiles/opencv_videoio.dir/src/cap_v4l.cpp.o
[ 33%] Building CXX object modules/videoio/CMakeFiles/opencv_videoio.dir/src/cap_ffmpeg.cpp.o
[ 33%] Building CXX object modules/videoio/CMakeFiles/opencv_videoio.dir/src/cap_gphoto2.cpp.o
/home/enoch/opencv/modules/videoio/src/cap_xine.cpp:110:43: error: macro "CV_Assert" passed 3 arguments, but takes just 1
         CV_Assert(!xine, !stream, !vo_port);
                                           ^
/home/enoch/opencv/modules/videoio/src/cap_xine.cpp:210:40: error: macro "CV_Assert" passed 3 arguments, but takes just 1
         CV_Assert(xine, vo_port, stream);
                                        ^
/home/enoch/opencv/modules/videoio/src/cap_xine.cpp:243:40: error: macro "CV_Assert" passed 3 arguments, but takes just 1
         CV_Assert(xine, vo_port, stream);
                                        ^
/home/enoch/opencv/modules/videoio/src/cap_xine.cpp:293:40: error: macro "CV_Assert" passed 3 arguments, but takes just 1
         CV_Assert(xine, vo_port, stream);
                                        ^
/home/enoch/opencv/modules/videoio/src/cap_xine.cpp:312:40: error: macro "CV_Assert" passed 3 arguments, but takes just 1
         CV_Assert(xine, vo_port, stream);
                                        ^
/home/enoch/opencv/modules/videoio/src/cap_xine.cpp:331:40: error: macro "CV_Assert" passed 3 arguments, but takes just 1
         CV_Assert(xine, vo_port, stream);
                                        ^
[ 33%] Built target opencv_dnn
/home/enoch/opencv/modules/videoio/src/cap_xine.cpp: In member function ‘bool XINECapture::open(const char*)’:
/home/enoch/opencv/modules/videoio/src/cap_xine.cpp:110:9: error: ‘CV_Assert’ was not declared in this scope
         CV_Assert(!xine, !stream, !vo_port);
         ^~~~~~~~~
/home/enoch/opencv/modules/videoio/src/cap_xine.cpp:110:9: note: suggested alternative: ‘CV_StsAssert’
         CV_Assert(!xine, !stream, !vo_port);
         ^~~~~~~~~
         CV_StsAssert
/home/enoch/opencv/modules/videoio/src/cap_xine.cpp: In member function ‘virtual double XINECapture::getProperty(int) const’:
/home/enoch/opencv/modules/videoio/src/cap_xine.cpp:210:9: error: ‘CV_Assert’ was not declared in this scope
         CV_Assert(xine, vo_port, stream);
         ^~~~~~~~~
/home/enoch/opencv/modules/videoio/src/cap_xine.cpp:210:9: note: suggested alternative: ‘CV_StsAssert’
         CV_Assert(xine, vo_port, stream);
         ^~~~~~~~~
         CV_StsAssert
/home/enoch/opencv/modules/videoio/src/cap_xine.cpp: In member function ‘bool XINECapture::oldSeekFrame(int)’:
/home/enoch/opencv/modules/videoio/src/cap_xine.cpp:243:9: error: ‘CV_Assert’ was not declared in this scope
         CV_Assert(xine, vo_port, stream);
         ^~~~~~~~~
/home/enoch/opencv/modules/videoio/src/cap_xine.cpp:243:9: note: suggested alternative: ‘CV_StsAssert’
         CV_Assert(xine, vo_port, stream);
         ^~~~~~~~~
         CV_StsAssert
/home/enoch/opencv/modules/videoio/src/cap_xine.cpp: In member function ‘bool XINECapture::seekFrame(int)’:
/home/enoch/opencv/modules/videoio/src/cap_xine.cpp:293:9: error: ‘CV_Assert’ was not declared in this scope
         CV_Assert(xine, vo_port, stream);
         ^~~~~~~~~
/home/enoch/opencv/modules/videoio/src/cap_xine.cpp:293:9: note: suggested alternative: ‘CV_StsAssert’
         CV_Assert(xine, vo_port, stream);
         ^~~~~~~~~
         CV_StsAssert
/home/enoch/opencv/modules/videoio/src/cap_xine.cpp: In member function ‘bool XINECapture::seekTime(int)’:
/home/enoch/opencv/modules/videoio/src/cap_xine.cpp:312:9: error: ‘CV_Assert’ was not declared in this scope
         CV_Assert(xine, vo_port, stream);
         ^~~~~~~~~
/home/enoch/opencv/modules/videoio/src/cap_xine.cpp:312:9: note: suggested alternative: ‘CV_StsAssert’
         CV_Assert(xine, vo_port, stream);
         ^~~~~~~~~
         CV_StsAssert
/home/enoch/opencv/modules/videoio/src/cap_xine.cpp: In member function ‘bool XINECapture::seekRatio(double)’:
/home/enoch/opencv/modules/videoio/src/cap_xine.cpp:331:9: error: ‘CV_Assert’ was not declared in this scope
         CV_Assert(xine, vo_port, stream);
         ^~~~~~~~~
/home/enoch/opencv/modules/videoio/src/cap_xine.cpp:331:9: note: suggested alternative: ‘CV_StsAssert’
         CV_Assert(xine, vo_port, stream);
         ^~~~~~~~~
         CV_StsAssert
modules/videoio/CMakeFiles/opencv_videoio.dir/build.make:230: recipe for target 'modules/videoio/CMakeFiles/opencv_videoio.dir/src/cap_xine.cpp.o' failed
make[2]: *** [modules/videoio/CMakeFiles/opencv_videoio.dir/src/cap_xine.cpp.o] Error 1
make[2]: *** Waiting for unfinished jobs....
CMakeFiles/Makefile2:2664: recipe for target 'modules/videoio/CMakeFiles/opencv_videoio.dir/all' failed
make[1]: *** [modules/videoio/CMakeFiles/opencv_videoio.dir/all] Error 2
Makefile:160: recipe for target 'all' failed
make: *** [all] Error 2
&lt;/denchmark-code&gt;

	</description>
	<comments>
		<comment id='1' author='StrangeTcy' date='2018-08-24T21:17:05Z'>
		Please replace to CV_Assert_N and create PR into 3.4 branch.
related &lt;denchmark-link:https://github.com/opencv/opencv/pull/12219&gt;#12219&lt;/denchmark-link&gt;

		</comment>
		<comment id='2' author='StrangeTcy' date='2018-08-25T11:55:11Z'>
		This seems to have helped, so thanks a lot.
A PR has been created.
		</comment>
	</comments>
</bug>