<bug id='13101' author='alalek' open_date='2018-11-10T09:18:28Z' closed_time='2018-11-10T22:44:17Z'>
	<summary>AVX2: Core_Mat_array.copyTo_roi_row failed in getContinuousSize()</summary>
	<description>
&lt;denchmark-link:http://pullrequest.opencv.org/buildbot/builders/3_4_opt-avx2_noICV-skl-lin64/builds/49&gt;Build&lt;/denchmark-link&gt;
 with  :
&lt;denchmark-code&gt;[ RUN      ] Core_Mat_array.copyTo_roi_row
unknown file: Failure
C++ exception with description "OpenCV(3.4.3-dev) /build/3_4_opt-avx2_noICV-skl-lin64/opencv/modules/core/src/precomp.hpp:266: error: (-215:Assertion failed) m1.size() == m2.size() in function 'getContinuousSize'
" thrown in the test body.
[  FAILED  ] Core_Mat_array.copyTo_roi_row (0 ms)
&lt;/denchmark-code&gt;

relates &lt;denchmark-link:https://github.com/opencv/opencv/pull/13080&gt;#13080&lt;/denchmark-link&gt;

	</description>
	<comments>
	</comments>
</bug>