<bug id='13788' author='alalek' open_date='2019-02-10T13:45:23Z' closed_time='2019-02-13T14:24:25Z'>
	<summary>G-API: failed tests in Win32 / Linux32 builds</summary>
	<description>
&lt;denchmark-link:http://pullrequest.opencv.org/buildbot/builders/master-win32-vc14/builds/10720&gt;Build Win32&lt;/denchmark-link&gt;
:
&lt;denchmark-code&gt;[ RUN      ] SobelXYTestCPU/SobelXYTest.AccuracyTest/0, where GetParam() = (compare_f, 8UC1, 3, 1280x720, -1, 1, 0, 0, { gapi.kernel_package })
unknown file: error: C++ exception with description "OpenCV(4.0.1-dev) C:\build\master-win32-vc14\opencv\modules\core\src\alloc.cpp:55: error: (-4:Insufficient memory) Failed to allocate 943718400 bytes in function 'cv::OutOfMemoryError'
" thrown in the test body.
[  FAILED  ] SobelXYTestCPU/SobelXYTest.AccuracyTest/0, where GetParam() = (compare_f, 8UC1, 3, 1280x720, -1, 1, 0, 0, { gapi.kernel_package }) (14 ms)
...
[  PASSED  ] 28555 tests.
[  FAILED  ] 216 tests, listed below:
[  FAILED  ] SobelXYTestCPU/SobelXYTest.AccuracyTest/0, where GetParam() = (compare_f, 8UC1, 3, 1280x720, -1, 1, 0, 0, { gapi.kernel_package })
...
[  FAILED  ] SobelXYTestCPU/SobelXYTest.AccuracyTest/17, where GetParam() = (compare_f, 8UC1, 3, 1280x720, -1, 2, 2, 255, { gapi.kernel_package })
[  FAILED  ] SobelXYTestCPU/SobelXYTest.AccuracyTest/108, where GetParam() = (compare_f, 8UC1, 5, 1280x720, -1, 1, 0, 0, { gapi.kernel_package })
...
&lt;/denchmark-code&gt;

&lt;denchmark-link:http://pullrequest.opencv.org/buildbot/builders/master_noOCL-lin32/builds/640&gt;Linux32&lt;/denchmark-link&gt;
:
&lt;denchmark-code&gt;[ RUN      ] SobelXYPerfTestFluid/SobelXYPerfTest.TestPerformance/12, where GetParam() = (compare_f, 8UC1, 3, 1920x1080, -1, 1, { gapi.kernel_package })
/build/master_noOCL-lin32/opencv/modules/ts/src/ts_perf.cpp:2012: Failure
Failed
Expected: PerfTestBody() doesn't throw an exception.
  Actual: it throws cv::Exception:
  OpenCV(4.0.1-dev) /build/master_noOCL-lin32/opencv/modules/core/src/alloc.cpp:55: error: (-4:Insufficient memory) Failed to allocate 2123366400 bytes in function 'OutOfMemoryError'
...
&lt;/denchmark-code&gt;

&lt;denchmark-h:hr&gt;&lt;/denchmark-h&gt;

Regular OpenCV tests should not use above 200Mb of RAM.
	</description>
	<comments>
		<comment id='1' author='alalek' date='2019-02-10T13:45:54Z'>
		/cc &lt;denchmark-link:https://github.com/dmatveev&gt;@dmatveev&lt;/denchmark-link&gt;
 &lt;denchmark-link:https://github.com/smirnov-alexey&gt;@smirnov-alexey&lt;/denchmark-link&gt;

		</comment>
		<comment id='2' author='alalek' date='2019-02-13T14:24:24Z'>
		Fixed by &lt;denchmark-link:https://github.com/opencv/opencv/pull/13812&gt;#13812&lt;/denchmark-link&gt;

		</comment>
	</comments>
</bug>