<bug id='17114' author='kloczek' open_date='2020-04-20T13:23:07Z' closed_time='2020-05-27T12:36:28Z'>
	<summary>4.3.0: build fails</summary>
	<description>
&lt;denchmark-h:h5&gt;System information (version)&lt;/denchmark-h&gt;


OpenCV = 4.3.0
Operating System / Platform =&gt; Linux x86_64
Compiler =&gt; gcc 10.0.1

&lt;denchmark-h:h5&gt;Detailed description&lt;/denchmark-h&gt;

&lt;denchmark-code&gt;[ 21%] Building CXX object modules/dnn/CMakeFiles/opencv_dnn.dir/src/vkcom/src/buffer.cpp.o
cd /home/tkloczko/rpmbuild/BUILD/opencv-4.3.0/x86_64-redhat-linux-gnu/modules/dnn &amp;&amp; /usr/bin/g++  -DCVAPI_EXPORTS -DHAVE_PROTOBUF=1 -DOPENCV_DNN_EXTERNAL_PROTOBUF=1 -DVK_NO_PROTOTYPES -D_USE_MATH_DEFINES -D__OPENCV_BUILD=1 -D__STDC_CONSTANT_MACROS -D__STDC_FORMAT_MACROS -D__STDC_LIMIT_MACROS -I/home/tkloczko/rpmbuild/BUILD/opencv-4.3.0/x86_64-redhat-linux-gnu -I/home/tkloczko/rpmbuild/BUILD/opencv-4.3.0/3rdparty/include -I/home/tkloczko/rpmbuild/BUILD/opencv-4.3.0/modules/dnn/include -I/home/tkloczko/rpmbuild/BUILD/opencv-4.3.0/x86_64-redhat-linux-gnu/modules/dnn -I/home/tkloczko/rpmbuild/BUILD/opencv-4.3.0/modules/core/include -I/home/tkloczko/rpmbuild/BUILD/opencv-4.3.0/modules/imgproc/include -isystem /usr/include/gdal -isystem /usr/include/eigen3 -isystem /usr/include/coin -isystem /usr/include/openblas  -O2 -g -pipe -Wall -Werror=format-security -Wp,-D_FORTIFY_SOURCE=2 -Wp,-D_GLIBCXX_ASSERTIONS -fstack-protector-strong -grecord-gcc-switches -specs=/usr/lib/rpm/redhat/redhat-hardened-cc1 -specs=/usr/lib/rpm/redhat/redhat-annobin-cc1 -m64 -mtune=generic -fasynchronous-unwind-tables -fstack-clash-protection -fcf-protection -flto=auto -flto-partition=none   -fsigned-char -W -Wall -Werror=return-type -Werror=non-virtual-dtor -Werror=address -Werror=sequence-point -Wformat -Werror=format-security -Wundef -Winit-self -Wpointer-arith -Wsign-promo -Wuninitialized -Winit-self -Wsuggest-override -Wno-delete-non-virtual-dtor -Wno-comment -Wimplicit-fallthrough=3 -Wno-strict-overflow -fdiagnostics-show-option -Wno-long-long -pthread -fomit-frame-pointer -ffunction-sections -fdata-sections  -msse -msse2 -msse3 -fvisibility=hidden -fvisibility-inlines-hidden -fopenmp -Wno-deprecated -Wno-missing-declarations -Wno-shadow -Wno-unused-parameter -Wno-sign-compare -Wno-invalid-offsetof -fPIC   -std=c++11 -o CMakeFiles/opencv_dnn.dir/src/vkcom/src/buffer.cpp.o -c /home/tkloczko/rpmbuild/BUILD/opencv-4.3.0/modules/dnn/src/vkcom/src/buffer.cpp
In file included from /home/tkloczko/rpmbuild/BUILD/opencv-4.3.0/modules/dnn/src/vkcom/src/common.hpp:25,
                 from /home/tkloczko/rpmbuild/BUILD/opencv-4.3.0/modules/dnn/src/vkcom/src/buffer.cpp:9:
/home/tkloczko/rpmbuild/BUILD/opencv-4.3.0/modules/dnn/src/vkcom/src/../vulkan/vk_functions.hpp:18:30: error: ‘PFN_vkCmdProcessCommandsNVX’ does not name a type; did you mean ‘PFN_vkCmdExecuteCommand ’?
   18 | #define VK_FUNC(func) extern PFN_##func func;
      |                              ^~~~
/home/tkloczko/rpmbuild/BUILD/opencv-4.3.0/modules/dnn/src/vkcom/src/../vulkan/function_list.inl.hpp:257:1: note: in expansion of macro ‘VK_FUNC’
  257 | VK_FUNC(vkCmdProcessCommandsNVX)
      | ^~~~~~~
/home/tkloczko/rpmbuild/BUILD/opencv-4.3.0/modules/dnn/src/vkcom/src/../vulkan/vk_functions.hpp:18:30: error: ‘PFN_vkCmdReserveSpaceForCommandsNVX’ does not name a type
   18 | #define VK_FUNC(func) extern PFN_##func func;
      |                              ^~~~
/home/tkloczko/rpmbuild/BUILD/opencv-4.3.0/modules/dnn/src/vkcom/src/../vulkan/function_list.inl.hpp:258:1: note: in expansion of macro ‘VK_FUNC’
  258 | VK_FUNC(vkCmdReserveSpaceForCommandsNVX)
      | ^~~~~~~
/home/tkloczko/rpmbuild/BUILD/opencv-4.3.0/modules/dnn/src/vkcom/src/../vulkan/vk_functions.hpp:18:30: error: ‘PFN_vkCreateIndirectCommandsLayoutNVX’ does not name a type; did you mean ‘PFN_vkCreateIndirectCommandsLayoutNV’?
   18 | #define VK_FUNC(func) extern PFN_##func func;
      |                              ^~~~
/home/tkloczko/rpmbuild/BUILD/opencv-4.3.0/modules/dnn/src/vkcom/src/../vulkan/function_list.inl.hpp:259:1: note: in expansion of macro ‘VK_FUNC’
  259 | VK_FUNC(vkCreateIndirectCommandsLayoutNVX)
      | ^~~~~~~
/home/tkloczko/rpmbuild/BUILD/opencv-4.3.0/modules/dnn/src/vkcom/src/../vulkan/vk_functions.hpp:18:30: error: ‘PFN_vkDestroyIndirectCommandsLayoutNVX’ does not name a type; did you mean ‘PFN_vkDestroyIndirectCommandsLayoutNV’?
   18 | #define VK_FUNC(func) extern PFN_##func func;
      |                              ^~~~
/home/tkloczko/rpmbuild/BUILD/opencv-4.3.0/modules/dnn/src/vkcom/src/../vulkan/function_list.inl.hpp:260:1: note: in expansion of macro ‘VK_FUNC’
  260 | VK_FUNC(vkDestroyIndirectCommandsLayoutNVX)
      | ^~~~~~~
/home/tkloczko/rpmbuild/BUILD/opencv-4.3.0/modules/dnn/src/vkcom/src/../vulkan/vk_functions.hpp:18:30: error: ‘PFN_vkCreateObjectTableNVX’ does not name a type
   18 | #define VK_FUNC(func) extern PFN_##func func;
      |                              ^~~~
/home/tkloczko/rpmbuild/BUILD/opencv-4.3.0/modules/dnn/src/vkcom/src/../vulkan/function_list.inl.hpp:261:1: note: in expansion of macro ‘VK_FUNC’
  261 | VK_FUNC(vkCreateObjectTableNVX)
      | ^~~~~~~
/home/tkloczko/rpmbuild/BUILD/opencv-4.3.0/modules/dnn/src/vkcom/src/../vulkan/vk_functions.hpp:18:30: error: ‘PFN_vkDestroyObjectTableNVX’ does not name a type
   18 | #define VK_FUNC(func) extern PFN_##func func;
      |                              ^~~~
/home/tkloczko/rpmbuild/BUILD/opencv-4.3.0/modules/dnn/src/vkcom/src/../vulkan/function_list.inl.hpp:262:1: note: in expansion of macro ‘VK_FUNC’
  262 | VK_FUNC(vkDestroyObjectTableNVX)
      | ^~~~~~~
/home/tkloczko/rpmbuild/BUILD/opencv-4.3.0/modules/dnn/src/vkcom/src/../vulkan/vk_functions.hpp:18:30: error: ‘PFN_vkRegisterObjectsNVX’ does not name a type
   18 | #define VK_FUNC(func) extern PFN_##func func;
      |                              ^~~~
/home/tkloczko/rpmbuild/BUILD/opencv-4.3.0/modules/dnn/src/vkcom/src/../vulkan/function_list.inl.hpp:263:1: note: in expansion of macro ‘VK_FUNC’
  263 | VK_FUNC(vkRegisterObjectsNVX)
      | ^~~~~~~
/home/tkloczko/rpmbuild/BUILD/opencv-4.3.0/modules/dnn/src/vkcom/src/../vulkan/vk_functions.hpp:18:30: error: ‘PFN_vkUnregisterObjectsNVX’ does not name a type
   18 | #define VK_FUNC(func) extern PFN_##func func;
      |                              ^~~~
/home/tkloczko/rpmbuild/BUILD/opencv-4.3.0/modules/dnn/src/vkcom/src/../vulkan/function_list.inl.hpp:264:1: note: in expansion of macro ‘VK_FUNC’
  264 | VK_FUNC(vkUnregisterObjectsNVX)
      | ^~~~~~~
/home/tkloczko/rpmbuild/BUILD/opencv-4.3.0/modules/dnn/src/vkcom/src/../vulkan/vk_functions.hpp:18:30: error: ‘PFN_vkGetPhysicalDeviceGeneratedCommandsPropertiesNVX’ does not name a type; did you mean ‘VkPhysicalDeviceDeviceGeneratedCommandsPropertiesNV’?
   18 | #define VK_FUNC(func) extern PFN_##func func;
      |                              ^~~~
/home/tkloczko/rpmbuild/BUILD/opencv-4.3.0/modules/dnn/src/vkcom/src/../vulkan/function_list.inl.hpp:265:1: note: in expansion of macro ‘VK_FUNC’
  265 | VK_FUNC(vkGetPhysicalDeviceGeneratedCommandsPropertiesNVX)
      | ^~~~~~~
make[2]: *** [modules/dnn/CMakeFiles/opencv_dnn.dir/build.make:1167: modules/dnn/CMakeFiles/opencv_dnn.dir/src/vkcom/src/buffer.cpp.o] Error 1
make[2]: Leaving directory '/home/tkloczko/rpmbuild/BUILD/opencv-4.3.0/x86_64-redhat-linux-gnu'
make[1]: *** [CMakeFiles/Makefile2:7019: modules/dnn/CMakeFiles/opencv_dnn.dir/all] Error 2
make[1]: Leaving directory '/home/tkloczko/rpmbuild/BUILD/opencv-4.3.0/x86_64-redhat-linux-gnu'
make: *** [Makefile:186: all] Error 2
&lt;/denchmark-code&gt;

	</description>
	<comments>
		<comment id='1' author='kloczek' date='2020-04-20T13:32:30Z'>
		Please provide more information: cmake configuration parameters. Do you want to build OpenCV DNN with Vulkan support or it is not required?
		</comment>
		<comment id='2' author='kloczek' date='2020-04-20T14:07:36Z'>
		Yest I've specified vulkan support in cmake options.
Here is what I'm passing to cmake optios:
&lt;denchmark-code&gt;+ /usr/bin/cmake -DBUILD_SHARED_LIBS=ON -DCMAKE_AR=/usr/bin/gcc-ar -DCMAKE_C_FLAGS_RELEASE=-DNDEBUG -DCMAKE_CXX_FLAGS_RELEASE=-DNDEBUG -DCMAKE_Fortran_FLAGS_RELEASE=-DNDEBUG -DCMAKE_INSTALL_PREFIX=/usr -DCMAKE_NM=/usr/bin/gcc-nm -DCMAKE_RANLIB=/usr/bin/gcc-ranlib -DCMAKE_VERBOSE_MAKEFILE=ON -DINCLUDE_INSTALL_DIR=/usr/include -DLIB_INSTALL_DIR=/usr/lib64 -DLIB_SUFFIX=64 -DSHARE_INSTALL_PREFIX=/usr/share -DSYSCONF_INSTALL_DIR=/etc . -B x86_64-redhat-linux-gnu -D BUILD_DOCS=ON -D BUILD_EXAMPLES=ON -D BUILD_opencv_java=ON -D BUILD_opencv_java=ON -D BUILD_PROTOBUF=OFF -D CMAKE_BUILD_TYPE=ReleaseWithDebInfo -D CMAKE_SKIP_RPATH=ON -D ENABLE_PRECOMPILED_HEADERS=OFF -D ENABLE_PYLINT=ON -D INSTALL_C_EXAMPLES=ON -D INSTALL_PYTHON_EXAMPLES=ON -D OPENCV_CONFIG_INSTALL_PATH=lib64/cmake/OpenCV -D OPENCV_EXTRA_MODULES_PATH=opencv_contrib-4.3.0/modules -D OPENCV_GENERATE_PKGCONFIG=ON -D OPENCV_JAR_INSTALL_PATH=/usr/lib/java -D OPENCV_PC_FILE_NAME=opencv.pc -D OPENCV_SKIP_PYTHON_LOADER=ON -D OpenGL_GL_PREFERENCE=GLVND -D PNG_PNG_INCLUDE_DIR=/usr/include -D PROTOBUF_UPDATE_FILES=ON -D PYTHON2_EXECUTABLE=false -D PYTHON3_EXECUTABLE=/usr/bin/python3 -D PYTHON3_PACKAGES_PATH=/usr/lib64/python3.8/site-packages -D WITH_CAROTENE=OFF -D WITH_CLP=ON -D WITH_FFMPEG=OFF -D WITH_GDAL=ON -D WITH_GDCM=ON -D WITH_GPHOTO2=ON -D WITH_GSTREAMER=ON -D WITH_IPP=OFF -D WITH_ITT=OFF -D WITH_LIBV4L=ON -D WITH_MFX=ON -D WITH_OPENCL=OFF -D WITH_OPENGL=ON -D WITH_OPENMP=ON -D WITH_OPENNI=ON -D WITH_QT=ON -D WITH_TBB=ON -D WITH_UNICAP=ON -D WITH_VA=ON -D WITH_VTK=OFF -D WITH_XINE==OFF -D WITH_VULKAN=ON -D VULKAN_INCLUDE_DIRS=/usr/include/vulkan
&lt;/denchmark-code&gt;

		</comment>
		<comment id='3' author='kloczek' date='2020-04-20T14:11:43Z'>
		I'm using vulkan-headers 1.2.137 and vulkan-loader 1.2.137.
		</comment>
		<comment id='4' author='kloczek' date='2020-05-27T12:36:28Z'>
		see &lt;denchmark-link:https://github.com/opencv/opencv/issues/17239&gt;#17239&lt;/denchmark-link&gt;

		</comment>
	</comments>
</bug>