<bug id='4631' author='opencv-pushbot' open_date='2015-07-27T09:57:14Z' closed_time='2019-09-26T17:20:22Z'>
	<summary>make failed. Missing ending } in generated file</summary>
	<description>
Transferred from &lt;denchmark-link:http://code.opencv.org/issues/3295&gt;http://code.opencv.org/issues/3295&lt;/denchmark-link&gt;

&lt;denchmark-code&gt;|| shantanu saha on 2013-09-28 20:56
|| Priority: Low
|| Affected: branch 'master' (3.0-dev)
|| Category: build/install
|| Tracker: Bug
|| Difficulty: 
|| PR: 
|| Platform: x64 / Linux
&lt;/denchmark-code&gt;

&lt;denchmark-h:h2&gt;make failed. Missing ending } in generated file&lt;/denchmark-h&gt;

&lt;denchmark-code&gt;@[ 80%] Built target opencv_perf_softcascade
[ 80%] Building CXX object modules/softcascade/CMakeFiles/opencv_test_softcascade_pch_dephelp.dir/opencv_test_softcascade_pch_dephelp.cxx.o
/home/shantanu/Downloads/flareGet/Compressed/opencv-master/build/modules/softcascade/opencv_test_softcascade_pch_dephelp.cxx: In function ‘int testfunction()’:
/home/shantanu/Downloads/flareGet/Compressed/opencv-master/build/modules/softcascade/opencv_test_softcascade_pch_dephelp.cxx:4:1: error: expected ‘}’ at end of input
/home/shantanu/Downloads/flareGet/Compressed/opencv-master/build/modules/softcascade/opencv_test_softcascade_pch_dephelp.cxx:4:1: error: no return statement in function returning non-void [-Werror=return-type]
cc1plus: some warnings being treated as errors
make[2]: *** [modules/softcascade/CMakeFiles/opencv_test_softcascade_pch_dephelp.dir/opencv_test_softcascade_pch_dephelp.cxx.o] Error 1
@
&lt;/denchmark-code&gt;

&lt;denchmark-h:h2&gt;History&lt;/denchmark-h&gt;

&lt;denchmark-h:h5&gt;Vladislav Vinogradov on 2013-09-30 08:51&lt;/denchmark-h&gt;

&lt;denchmark-code&gt;Hello shantanu saha,

It seems like some error happened during CMake configuration.

Could you re-run CMake in build directory and re-build the library?
-   Priority changed from High to Low
-   Assignee set to shantanu saha
&lt;/denchmark-code&gt;

&lt;denchmark-h:h5&gt;Anna Kogan on 2013-10-03 11:18&lt;/denchmark-h&gt;

&lt;denchmark-code&gt;-   Affected version changed from branch 'master' (2.9) to branch
    'master' (3.0-dev)
-   Status changed from New to Incomplete
&lt;/denchmark-code&gt;

	</description>
	<comments>
		<comment id='1' author='opencv-pushbot' date='2015-12-14T13:36:02Z'>
		This issue is related to parallel make builds (via job argument -j5).
		</comment>
		<comment id='2' author='opencv-pushbot' date='2019-09-26T17:20:22Z'>
		close as not actual
		</comment>
	</comments>
</bug>