<bug id='7886' author='gusdoe' open_date='2016-12-17T18:47:22Z' closed_time='2016-12-18T20:15:18Z'>
	<summary>Compile error with OpenCV 3.1.0, GCC 5.4</summary>
	<description>
Hi,
While I was trying to compile the source code, I have confronted with following error. Can anyone hint me how to fix?
Thank you very much!
&lt;denchmark-h:hr&gt;&lt;/denchmark-h&gt;

[ 22%] Generating test_precomp.hpp
[ 22%] Generating precomp.hpp.gch/opencv_freetype_RELEASE.gch
[ 22%] Generating precomp.hpp
[ 22%] Generating test_precomp.hpp
[ 22%] Generating test_precomp.hpp.gch/opencv_test_fuzzy_RELEASE.gch
[ 22%] Generating precomp.hpp.gch/opencv_fuzzy_RELEASE.gch
[ 22%] Generating test_precomp.hpp.gch/opencv_test_imgcodecs_RELEASE.gch
/home/gusto/src/opencv/build/modules/freetype/precomp.hpp:61:22: fatal error: ft2build.h: No such file or directory
compilation terminated.
modules/freetype/CMakeFiles/pch_Generate_opencv_freetype.dir/build.make:62: recipe for target 'modules/freetype/precomp.hpp.gch/opencv_freetype_RELEASE.gch' failed
make[2]: *** [modules/freetype/precomp.hpp.gch/opencv_freetype_RELEASE.gch] Error 1
CMakeFiles/Makefile2:6186: recipe for target 'modules/freetype/CMakeFiles/pch_Generate_opencv_freetype.dir/all' failed
make[1]: *** [modules/freetype/CMakeFiles/pch_Generate_opencv_freetype.dir/all] Error 2
make[1]: *** Waiting for unfinished jobs....
[ 22%] Built target pch_Generate_opencv_test_fuzzy
[ 22%] Built target pch_Generate_opencv_fuzzy
[ 22%] Built target pch_Generate_opencv_test_imgcodecs
Makefile:160: recipe for target 'all' failed
make: *** [all] Error 2
	</description>
	<comments>
		<comment id='1' author='gusdoe' date='2016-12-17T22:40:21Z'>
		You can switch off the module freetype with cmake if you don't need the freetype module. Generate again and the build should be successful.
I also encounter the same issue. I have Ubuntu 16.04 with the following configuration:
/usr/include/freetype2/ft2build.h
		</comment>
		<comment id='2' author='gusdoe' date='2016-12-18T04:31:30Z'>
		same error happened to me, my ft2build.h is also at /usr/include/freetype2/ft2build.h
		</comment>
		<comment id='3' author='gusdoe' date='2016-12-18T05:36:11Z'>
		same error happened to me, my ft2build.h is also at /usr/include/freetype2/ft2build.h
		</comment>
		<comment id='4' author='gusdoe' date='2016-12-18T15:32:42Z'>
		same error happened to me, my ft2build.h is also at /usr/include/freetype2/ft2build.h. I am using Ubuntu 14.04.
		</comment>
		<comment id='5' author='gusdoe' date='2016-12-18T16:05:13Z'>
		Thanks for report!
Fix: &lt;denchmark-link:https://github.com/opencv/opencv_contrib/pull/906&gt;opencv/opencv_contrib#906&lt;/denchmark-link&gt;

		</comment>
	</comments>
</bug>