<bug id='7890' author='fnoop' open_date='2016-12-18T09:46:52Z' closed_time='2017-06-08T02:47:41Z'>
	<summary>TBB compile error 3.1-dev</summary>
	<description>
&lt;denchmark-h:h5&gt;System information (version)&lt;/denchmark-h&gt;


OpenCV =&gt; 3.1-dev
Operating System / Platform =&gt; Ubuntu 16.04 / Odroid XU4
Compiler =&gt; gcc version 5.4.0 20160609 (Ubuntu/Linaro 5.4.0-6ubuntu1~16.04.4)

&lt;denchmark-h:h5&gt;Detailed description&lt;/denchmark-h&gt;

&lt;denchmark-code&gt;[ 10%] Building CXX object 3rdparty/tbb/CMakeFiles/tbb.dir/arm_linux_stub.cpp.o
/srv/maverick/var/build/opencv/3rdparty/tbb/arm_linux_stub.cpp:6:6: error: prototype for ‘void tbb::internal::affinity_helper::protect_affinity_mask()’ does
 not match any in class ‘tbb::internal::affinity_helper’
 void affinity_helper::protect_affinity_mask() {}
      ^
In file included from /srv/maverick/var/build/opencv/3rdparty/tbb/arm_linux_stub.cpp:1:0:
/srv/maverick/var/build/opencv/build/3rdparty/tbb/tbb44_20160128oss/src/tbb/tbb_misc.h:255:14: error: candidate is: void tbb::internal::affinity_helper::pro
tect_affinity_mask(bool)
         void protect_affinity_mask( bool restore_process_mask  );
              ^
3rdparty/tbb/CMakeFiles/tbb.dir/build.make:854: recipe for target '3rdparty/tbb/CMakeFiles/tbb.dir/arm_linux_stub.cpp.o' failed
make[2]: *** [3rdparty/tbb/CMakeFiles/tbb.dir/arm_linux_stub.cpp.o] Error 1
CMakeFiles/Makefile2:310: recipe for target '3rdparty/tbb/CMakeFiles/tbb.dir/all' failed
make[1]: *** [3rdparty/tbb/CMakeFiles/tbb.dir/all] Error 2
make[1]: *** Waiting for unfinished jobs....
&lt;/denchmark-code&gt;

&lt;denchmark-h:h5&gt;Steps to reproduce&lt;/denchmark-h&gt;

/usr/bin/cmake -D CMAKE_BUILD_TYPE=RELEASE -D INSTALL_C_EXAMPLES=ON -D INSTALL_PYTHON_EXAMPLES=ON -D BUILD_EXAMPLES=ON -D WITH_EIGEN=ON -DWITH_OPENGL=ON -DENABLE_NEON=ON -DWITH_TBB=ON -DBUILD_TBB=ON -DENABLE_VFPV3=ON
	</description>
	<comments>
		<comment id='1' author='fnoop' date='2016-12-27T12:24:24Z'>
		I can reproduce the problem also with:

OpenCV =&gt; 3.2
Operating System / Platform =&gt; Ubuntu 14.04.04 /  freescale imx6dl
Compiler =&gt; gcc version 4.8.3 20140401 (prerelease) (crosstool-NG linaro-1.13.1-4.8-2014.04 - Linaro GCC 4.8-2014.04)

		</comment>
		<comment id='2' author='fnoop' date='2017-01-13T16:33:24Z'>
		Same issue here on a ODroid XU4, OpenCV 3.2 (&lt;denchmark-link:https://github.com/opencv/opencv/archive/3.2.0.zip&gt;https://github.com/opencv/opencv/archive/3.2.0.zip&lt;/denchmark-link&gt;
)
&lt;denchmark-code&gt;root@odroid:~# uname -a
Linux odroid 3.10.104-128 #1 SMP PREEMPT Mon Jan 9 23:04:30 UTC 2017 armv7l armv7l armv7l GNU/Linux

root@odroid:~# gcc -v
Using built-in specs.
COLLECT_GCC=gcc
COLLECT_LTO_WRAPPER=/usr/lib/gcc/arm-linux-gnueabihf/5/lto-wrapper
Target: arm-linux-gnueabihf
Configured with: ../src/configure -v --with-pkgversion='Ubuntu/Linaro 5.4.0-6ubuntu1~16.04.4' --with-bugurl=file:///usr/share/doc/gcc-5/README.Bugs --enable-languages=c,ada,c++,java,go,d,fortran,objc,obj-c++ --prefix=/usr --program-suffix=-5 --enable-shared --enable-linker-build-id --libexecdir=/usr/lib --without-included-gettext --enable-threads=posix --libdir=/usr/lib --enable-nls --with-sysroot=/ --enable-clocale=gnu --enable-libstdcxx-debug --enable-libstdcxx-time=yes --with-default-libstdcxx-abi=new --enable-gnu-unique-object --disable-libitm --disable-libquadmath --enable-plugin --with-system-zlib --disable-browser-plugin --enable-java-awt=gtk --enable-gtk-cairo --with-java-home=/usr/lib/jvm/java-1.5.0-gcj-5-armhf/jre --enable-java-home --with-jvm-root-dir=/usr/lib/jvm/java-1.5.0-gcj-5-armhf --with-jvm-jar-dir=/usr/lib/jvm-exports/java-1.5.0-gcj-5-armhf --with-arch-directory=arm --with-ecj-jar=/usr/share/java/eclipse-ecj.jar --enable-objc-gc --enable-multiarch --enable-multilib --disable-sjlj-exceptions --with-arch=armv7-a --with-fpu=vfpv3-d16 --with-float=hard --with-mode=thumb --disable-werror --enable-multilib --enable-checking=release --build=arm-linux-gnueabihf --host=arm-linux-gnueabihf --target=arm-linux-gnueabihf
Thread model: posix
gcc version 5.4.0 20160609 (Ubuntu/Linaro 5.4.0-6ubuntu1~16.04.4) 
&lt;/denchmark-code&gt;

Any update?
		</comment>
		<comment id='3' author='fnoop' date='2017-01-21T08:18:32Z'>
		Seeing this also on the Raspbian operating system (Raspberry Pi 3) with OpenCV 3.2.
I was able to make it build by adding  in the parentheses &lt;denchmark-link:https://github.com/opencv/opencv/blob/master/3rdparty/tbb/arm_linux_stub.cpp#L6&gt;here&lt;/denchmark-link&gt;
 to match the stub function with the prototype. I haven't tested if the built library actually works.
		</comment>
		<comment id='4' author='fnoop' date='2018-04-08T14:04:14Z'>
		&lt;denchmark-link:https://github.com/fnoop&gt;@fnoop&lt;/denchmark-link&gt;
 &lt;denchmark-link:https://github.com/abhiTronix/TBB_Raspberry_pi&gt;https://github.com/abhiTronix/TBB_Raspberry_pi&lt;/denchmark-link&gt;
 Latest precompiled TBB binaries. goodluck.
		</comment>
		<comment id='5' author='fnoop' date='2018-04-30T06:01:44Z'>
		^^ Warning, this abhiTronix guy is trying to sell his precompiled binaries and is not making them publicly available.  Avoid like the plague.
		</comment>
		<comment id='6' author='fnoop' date='2018-04-30T06:27:28Z'>
		LOL !!! &lt;denchmark-link:https://github.com/goodrobots/maverick/issues/233&gt;goodrobots/maverick#233&lt;/denchmark-link&gt;

		</comment>
	</comments>
</bug>