<bug id='9160' author='alalek' open_date='2017-07-13T16:36:53Z' closed_time='2018-02-20T10:24:27Z'>
	<summary>dnn: failed test in nightly build</summary>
	<description>
&lt;denchmark-link:http://pullrequest.opencv.org/buildbot/builders/master_noOCL_noICV_noSSE-win64-vc14/builds/10155&gt;Windows x64, disabled optimizations&lt;/denchmark-link&gt;
:
&lt;denchmark-code&gt;[ RUN      ] Torch_Importer.ENet_accuracy
c:\build\master_noocl_noicv_nosse-win64-vc14\opencv\modules\dnn\test\test_common.hpp(54): error: Expected: (normL1) &lt;= (l1), actual: nan vs 0.00044
[  FAILED  ] Torch_Importer.ENet_accuracy (1821 ms)
&lt;/denchmark-code&gt;

	</description>
	<comments>
		<comment id='1' author='alalek' date='2017-10-18T04:44:59Z'>
		 in &lt;denchmark-link:https://github.com/opencv/opencv/pull/9939&gt;#9939&lt;/denchmark-link&gt;

&lt;denchmark-link:http://pullrequest.opencv.org/buildbot/builders/master-win64-vc14-static/builds/10251/steps/test_dnn-ippicv-opencl/logs/stdio&gt;Win64 static build with OpenCL&lt;/denchmark-link&gt;

&lt;denchmark-code&gt;[ RUN      ] Test_TensorFlow.conv
unknown file: error: SEH exception with code 0xc0000005 thrown in the test body.
[  FAILED  ] Test_TensorFlow.conv (27 ms)
&lt;/denchmark-code&gt;

&lt;denchmark-link:http://pullrequest.opencv.org/buildbot/builders/master_noICV-win32-vc14/builds/10256/steps/test_dnn-opencl/logs/stdio&gt;Win32 w/o IPP&lt;/denchmark-link&gt;

&lt;denchmark-code&gt;[ RUN      ] Test_TensorFlow.conv
unknown file: error: SEH exception with code 0xc0000005 thrown in the test body.
[  FAILED  ] Test_TensorFlow.conv (10 ms)
&lt;/denchmark-code&gt;

		</comment>
		<comment id='2' author='alalek' date='2018-02-20T10:24:27Z'>
		"NaN" problem is not observed anymore.
		</comment>
	</comments>
</bug>