<bug id='9165' author='alalek' open_date='2017-07-15T02:06:45Z' closed_time='2017-07-17T13:40:09Z'>
	<summary>Nightly builds: convertTo() tests</summary>
	<description>
&lt;denchmark-link:http://pullrequest.opencv.org/buildbot/builders/master_noICV-lin64/builds/10156&gt;Linux without IPPICV&lt;/denchmark-link&gt;
  / &lt;denchmark-link:http://pullrequest.opencv.org/buildbot/builders/master_noICV-lin64/builds/10156&gt;Windows without IPPICV&lt;/denchmark-link&gt;
:
&lt;denchmark-code&gt;[  FAILED  ] 5 tests, listed below:
[  FAILED  ] OCL_MatrixOperation/ConvertTo.WithScale_Accuracy/201, where GetParam() = (CV_16S, CV_32S, Channels(1), true)
[  FAILED  ] OCL_MatrixOperation/ConvertTo.WithScale_Accuracy/203, where GetParam() = (CV_16S, CV_32S, Channels(2), true)
[  FAILED  ] OCL_MatrixOperation/ConvertTo.WithScale_Accuracy/205, where GetParam() = (CV_16S, CV_32S, Channels(3), true)
[  FAILED  ] OCL_MatrixOperation/ConvertTo.WithScale_Accuracy/207, where GetParam() = (CV_16S, CV_32S, Channels(4), true)
[  FAILED  ] Core_ConvertScale/ElemWiseTest.accuracy/0, where GetParam() = 16-byte object &lt;70-1D EB-01 00-00 00-00 80-AE EC-01 00-00 00-00&gt;
&lt;/denchmark-code&gt;

&lt;denchmark-link:http://pullrequest.opencv.org/buildbot/builders/master_coverage-lin64-debug/builds/10154&gt;master_coverage-lin64-debug&lt;/denchmark-link&gt;

&lt;denchmark-link:http://pullrequest.opencv.org/buildbot/builders/master_noOCL_noICV-lin64/builds/10155/steps/test_core/logs/stdio&gt;Linux&lt;/denchmark-link&gt;
 / &lt;denchmark-link:http://pullrequest.opencv.org/buildbot/builders/master_noOCL_noICV-win64-vc14/builds/10156&gt;Windows&lt;/denchmark-link&gt;
 without IPPICV/OpenCL
&lt;denchmark-link:http://pullrequest.opencv.org/buildbot/builders/master_noOCL_noICV_noSSE-lin64/builds/10155/steps/test_core/logs/stdio&gt;Linux&lt;/denchmark-link&gt;
 / &lt;denchmark-link:http://pullrequest.opencv.org/buildbot/builders/master_noOCL_noICV_noSSE-win64-vc14/builds/10157&gt;Windows&lt;/denchmark-link&gt;
 without IPPICV/OpenCL/SSE
&lt;denchmark-code&gt;[ RUN      ] Core_ConvertScale/ElemWiseTest.accuracy/0
/build/master_coverage-lin64-debug/opencv/modules/core/test/test_arithm.cpp:1421: Failure
too big relative difference (1148844946 &gt; 2) between 32sC2 2-dim (2451 x 4) 'dst0' and 'dst' at [1, 0].
- dst0:
4757, -4496;
*-4752*, 1244;
207, -4574.
- dst:
4757, -4496;
*-1004971132*, -1001902519;
-1013287379, -1002837628.


src[0] ~ 16sC2 2-dim (2451 x 4)
testCase #180

[  FAILED  ] Core_ConvertScale/ElemWiseTest.accuracy/0, where GetParam() = 16-byte object &lt;F0-6C F9-01 00-00 00-00 30-16 FF-01 00-00 00-00&gt; (152 ms)
&lt;/denchmark-code&gt;

Probably related PR: &lt;denchmark-link:https://github.com/opencv/opencv/pull/9061&gt;#9061&lt;/denchmark-link&gt;

	</description>
	<comments>
	</comments>
</bug>