<bug id='9166' author='alalek' open_date='2017-07-15T02:19:44Z' closed_time='2017-07-17T13:40:09Z'>
	<summary>Nightly builds: Imgproc Warp tests</summary>
	<description>
&lt;denchmark-link:http://pullrequest.opencv.org/buildbot/builders/master_noOCL-lin32/builds/71&gt;Linux 32-bit&lt;/denchmark-link&gt;


test_imgproc:

&lt;denchmark-code&gt;[ RUN      ] Imgproc_WarpPerspective.accuracy
/build/master_noOCL-lin32/opencv/modules/ts/src/ts.cpp:541: Failure
Failed

	failure reason: Arithmetic exception
	test case #1
	seed: d6a0089785671b5b
-----------------------------------
	LOG:
General failure:
	Arithmetic exception (-6)

-----------------------------------

[  FAILED  ] Imgproc_WarpPerspective.accuracy (1 ms)
&lt;/denchmark-code&gt;


java:

&lt;denchmark-code&gt;    [junit] Tests run: 1, Failures: 0, Errors: 1, Skipped: 0, Time elapsed: 0 sec
    [junit] Test org.opencv.test.imgproc.ImgprocTest FAILED (crashed)
&lt;/denchmark-code&gt;

&lt;denchmark-h:hr&gt;&lt;/denchmark-h&gt;

&lt;denchmark-link:http://pullrequest.opencv.org/buildbot/builders/master_noOCL-win32-vc14/builds/10156&gt;Win32&lt;/denchmark-link&gt;
:

test_imgproc:

&lt;denchmark-code&gt;[ RUN      ] Imgproc_WarpPerspective.accuracy
C:\build\master_noOCL-win32-vc14\opencv\modules\ts\src\ts.cpp(541): error: Failed

	failure reason: Invalid memory access
	test case #0
	seed: ffffffffffffffff
-----------------------------------
	LOG:
General failure:
	Invalid memory access (-5)

-----------------------------------

[  FAILED  ] Imgproc_WarpPerspective.accuracy (0 ms)

[ RUN      ] Imgproc_Warp.multichannel
unknown file: error: SEH exception with code 0xc0000005 thrown in the test body.
[  FAILED  ] Imgproc_Warp.multichannel (3 ms)

 RUN      ] Imgproc_WarpPerspective_Test.accuracy
C:\build\master_noOCL-win32-vc14\opencv\modules\ts\src\ts.cpp(541): error: Failed

	failure reason: Invalid memory access
	test case #1
	seed: 52d1480cd9c5290b
-----------------------------------
	LOG:
General failure:
	Invalid memory access (-5)

-----------------------------------

[  FAILED  ] Imgproc_WarpPerspective_Test.accuracy (1 ms)
&lt;/denchmark-code&gt;


perf_imgproc:

&lt;denchmark-code&gt;[ RUN      ] TestWarpPerspective_WarpPerspective.WarpPerspective/0
Process returned: -1073741819
&lt;/denchmark-code&gt;

Probably related PR: &lt;denchmark-link:https://github.com/opencv/opencv/pull/9082&gt;#9082&lt;/denchmark-link&gt;

	</description>
	<comments>
	</comments>
</bug>