<bug id='9298' author='tomoaki0705' open_date='2017-08-03T00:08:31Z' closed_time='2017-08-04T00:18:05Z'>
	<summary>build: fails on Visual Studio 2012, 2013</summary>
	<description>
&lt;denchmark-h:h5&gt;System information (version)&lt;/denchmark-h&gt;


OpenCV =&gt; master ( bb6496d )
Operating System / Platform =&gt; Win 7 Pro 64bit
Compiler =&gt; Visual Studio 2012 and 2013

&lt;denchmark-h:h5&gt;Detailed description&lt;/denchmark-h&gt;

Visual Studio build fails with following message
&lt;denchmark-code&gt;  D:\Jenkins\workspace\OpenCV-MSBuild\modules\features2d\src\kaze\AKAZEFeatures.cpp(1159): error C2146: syntax error : missing ';' before identifier 'xidx' [D:\Jenkins\workspace\OpenCV-MSBuild\build\modules\features2d\opencv_features2d.vcxproj]
  D:\Jenkins\workspace\OpenCV-MSBuild\modules\features2d\src\kaze\AKAZEFeatures.cpp(1159): error C4430: missing type specifier - int assumed. Note: C++ does not support default-int [D:\Jenkins\workspace\OpenCV-MSBuild\build\modules\features2d\opencv_features2d.vcxproj]
  D:\Jenkins\workspace\OpenCV-MSBuild\modules\features2d\src\kaze\AKAZEFeatures.cpp(1160): error C2146: syntax error : missing ';' before identifier 'yidx' [D:\Jenkins\workspace\OpenCV-MSBuild\build\modules\features2d\opencv_features2d.vcxproj]
  D:\Jenkins\workspace\OpenCV-MSBuild\modules\features2d\src\kaze\AKAZEFeatures.cpp(1160): error C4430: missing type specifier - int assumed. Note: C++ does not support default-int [D:\Jenkins\workspace\OpenCV-MSBuild\build\modules\features2d\opencv_features2d.vcxproj]
  D:\Jenkins\workspace\OpenCV-MSBuild\modules\features2d\src\kaze\AKAZEFeatures.cpp(1185): error C2039: 'yidx' : is not a member of 'cv::Sample_Derivative_Response_Radius6::gtable' [D:\Jenkins\workspace\OpenCV-MSBuild\build\modules\features2d\opencv_features2d.vcxproj]
  D:\Jenkins\workspace\OpenCV-MSBuild\modules\features2d\src\kaze\AKAZEFeatures.cpp(1185): error C2039: 'xidx' : is not a member of 'cv::Sample_Derivative_Response_Radius6::gtable' [D:\Jenkins\workspace\OpenCV-MSBuild\build\modules\features2d\opencv_features2d.vcxproj]
  D:\Jenkins\workspace\OpenCV-MSBuild\modules\features2d\src\kaze\AKAZEFeatures.cpp(1170): error C2065: 'yidx' : undeclared identifier [D:\Jenkins\workspace\OpenCV-MSBuild\build\modules\features2d\opencv_features2d.vcxproj]
  D:\Jenkins\workspace\OpenCV-MSBuild\modules\features2d\src\kaze\AKAZEFeatures.cpp(1170): error C2061: syntax error : identifier 'int8_t' [D:\Jenkins\workspace\OpenCV-MSBuild\build\modules\features2d\opencv_features2d.vcxproj]
  D:\Jenkins\workspace\OpenCV-MSBuild\modules\features2d\src\kaze\AKAZEFeatures.cpp(1171): error C2065: 'xidx' : undeclared identifier [D:\Jenkins\workspace\OpenCV-MSBuild\build\modules\features2d\opencv_features2d.vcxproj]
  D:\Jenkins\workspace\OpenCV-MSBuild\modules\features2d\src\kaze\AKAZEFeatures.cpp(1171): error C2061: syntax error : identifier 'int8_t' [D:\Jenkins\workspace\OpenCV-MSBuild\build\modules\features2d\opencv_features2d.vcxproj]
  D:\Jenkins\workspace\OpenCV-MSBuild\modules\features2d\src\kaze\AKAZEFeatures.cpp(1211): error C2061: syntax error : identifier 'uint8_t' [D:\Jenkins\workspace\OpenCV-MSBuild\build\modules\features2d\opencv_features2d.vcxproj]
  D:\Jenkins\workspace\OpenCV-MSBuild\modules\features2d\src\kaze\AKAZEFeatures.cpp(1216): error C2065: 'cum' : undeclared identifier [D:\Jenkins\workspace\OpenCV-MSBuild\build\modules\features2d\opencv_features2d.vcxproj]
  D:\Jenkins\workspace\OpenCV-MSBuild\modules\features2d\src\kaze\AKAZEFeatures.cpp(1220): error C2065: 'cum' : undeclared identifier [D:\Jenkins\workspace\OpenCV-MSBuild\build\modules\features2d\opencv_features2d.vcxproj]
  D:\Jenkins\workspace\OpenCV-MSBuild\modules\features2d\src\kaze\AKAZEFeatures.cpp(1224): error C2065: 'cum' : undeclared identifier [D:\Jenkins\workspace\OpenCV-MSBuild\build\modules\features2d\opencv_features2d.vcxproj]
  D:\Jenkins\workspace\OpenCV-MSBuild\modules\features2d\src\kaze\AKAZEFeatures.cpp(1228): error C2065: 'idx' : undeclared identifier [D:\Jenkins\workspace\OpenCV-MSBuild\build\modules\features2d\opencv_features2d.vcxproj]
  D:\Jenkins\workspace\OpenCV-MSBuild\modules\features2d\src\kaze\AKAZEFeatures.cpp(1228): error C2065: 'cum' : undeclared identifier [D:\Jenkins\workspace\OpenCV-MSBuild\build\modules\features2d\opencv_features2d.vcxproj]
  D:\Jenkins\workspace\OpenCV-MSBuild\modules\features2d\src\kaze\AKAZEFeatures.cpp(1228): error C2061: syntax error : identifier 'uint8_t' [D:\Jenkins\workspace\OpenCV-MSBuild\build\modules\features2d\opencv_features2d.vcxproj]
  D:\Jenkins\workspace\OpenCV-MSBuild\modules\features2d\src\kaze\AKAZEFeatures.cpp(1259): error C2065: 'uint8_t' : undeclared identifier [D:\Jenkins\workspace\OpenCV-MSBuild\build\modules\features2d\opencv_features2d.vcxproj]
  D:\Jenkins\workspace\OpenCV-MSBuild\modules\features2d\src\kaze\AKAZEFeatures.cpp(1259): error C2146: syntax error : missing ';' before identifier 'slice' [D:\Jenkins\workspace\OpenCV-MSBuild\build\modules\features2d\opencv_features2d.vcxproj]
  D:\Jenkins\workspace\OpenCV-MSBuild\modules\features2d\src\kaze\AKAZEFeatures.cpp(1259): error C2065: 'slice' : undeclared identifier [D:\Jenkins\workspace\OpenCV-MSBuild\build\modules\features2d\opencv_features2d.vcxproj]
  D:\Jenkins\workspace\OpenCV-MSBuild\modules\features2d\src\kaze\AKAZEFeatures.cpp(1260): error C2065: 'uint8_t' : undeclared identifier [D:\Jenkins\workspace\OpenCV-MSBuild\build\modules\features2d\opencv_features2d.vcxproj]
  D:\Jenkins\workspace\OpenCV-MSBuild\modules\features2d\src\kaze\AKAZEFeatures.cpp(1260): error C2146: syntax error : missing ';' before identifier 'sorted_idx' [D:\Jenkins\workspace\OpenCV-MSBuild\build\modules\features2d\opencv_features2d.vcxproj]
  D:\Jenkins\workspace\OpenCV-MSBuild\modules\features2d\src\kaze\AKAZEFeatures.cpp(1260): error C2065: 'sorted_idx' : undeclared identifier [D:\Jenkins\workspace\OpenCV-MSBuild\build\modules\features2d\opencv_features2d.vcxproj]
  D:\Jenkins\workspace\OpenCV-MSBuild\modules\features2d\src\kaze\AKAZEFeatures.cpp(1261): error C2065: 'sorted_idx' : undeclared identifier [D:\Jenkins\workspace\OpenCV-MSBuild\build\modules\features2d\opencv_features2d.vcxproj]
  D:\Jenkins\workspace\OpenCV-MSBuild\modules\features2d\src\kaze\AKAZEFeatures.cpp(1261): error C2065: 'slice' : undeclared identifier [D:\Jenkins\workspace\OpenCV-MSBuild\build\modules\features2d\opencv_features2d.vcxproj]
  D:\Jenkins\workspace\OpenCV-MSBuild\modules\features2d\src\kaze\AKAZEFeatures.cpp(1267): error C2065: 'slice' : undeclared identifier [D:\Jenkins\workspace\OpenCV-MSBuild\build\modules\features2d\opencv_features2d.vcxproj]
  D:\Jenkins\workspace\OpenCV-MSBuild\modules\features2d\src\kaze\AKAZEFeatures.cpp(1268): error C2065: 'sorted_idx' : undeclared identifier [D:\Jenkins\workspace\OpenCV-MSBuild\build\modules\features2d\opencv_features2d.vcxproj]
  D:\Jenkins\workspace\OpenCV-MSBuild\modules\features2d\src\kaze\AKAZEFeatures.cpp(1269): error C2065: 'sorted_idx' : undeclared identifier [D:\Jenkins\workspace\OpenCV-MSBuild\build\modules\features2d\opencv_features2d.vcxproj]
  D:\Jenkins\workspace\OpenCV-MSBuild\modules\features2d\src\kaze\AKAZEFeatures.cpp(1275): error C2065: 'slice' : undeclared identifier [D:\Jenkins\workspace\OpenCV-MSBuild\build\modules\features2d\opencv_features2d.vcxproj]
  D:\Jenkins\workspace\OpenCV-MSBuild\modules\features2d\src\kaze\AKAZEFeatures.cpp(1279): error C2065: 'slice' : undeclared identifier [D:\Jenkins\workspace\OpenCV-MSBuild\build\modules\features2d\opencv_features2d.vcxproj]
  D:\Jenkins\workspace\OpenCV-MSBuild\modules\features2d\src\kaze\AKAZEFeatures.cpp(1280): error C2065: 'sorted_idx' : undeclared identifier [D:\Jenkins\workspace\OpenCV-MSBuild\build\modules\features2d\opencv_features2d.vcxproj]
  D:\Jenkins\workspace\OpenCV-MSBuild\modules\features2d\src\kaze\AKAZEFeatures.cpp(1281): error C2065: 'sorted_idx' : undeclared identifier [D:\Jenkins\workspace\OpenCV-MSBuild\build\modules\features2d\opencv_features2d.vcxproj]
  D:\Jenkins\workspace\OpenCV-MSBuild\modules\features2d\src\kaze\AKAZEFeatures.cpp(1292): error C2065: 'slice' : undeclared identifier [D:\Jenkins\workspace\OpenCV-MSBuild\build\modules\features2d\opencv_features2d.vcxproj]
  D:\Jenkins\workspace\OpenCV-MSBuild\modules\features2d\src\kaze\AKAZEFeatures.cpp(1296): error C2065: 'slice' : undeclared identifier [D:\Jenkins\workspace\OpenCV-MSBuild\build\modules\features2d\opencv_features2d.vcxproj]
  D:\Jenkins\workspace\OpenCV-MSBuild\modules\features2d\src\kaze\AKAZEFeatures.cpp(1297): error C2065: 'sorted_idx' : undeclared identifier [D:\Jenkins\workspace\OpenCV-MSBuild\build\modules\features2d\opencv_features2d.vcxproj]
  D:\Jenkins\workspace\OpenCV-MSBuild\modules\features2d\src\kaze\AKAZEFeatures.cpp(1298): error C2065: 'sorted_idx' : undeclared identifier [D:\Jenkins\workspace\OpenCV-MSBuild\build\modules\features2d\opencv_features2d.vcxproj]
  D:\Jenkins\workspace\OpenCV-MSBuild\modules\features2d\src\kaze\AKAZEFeatures.cpp(1300): error C2065: 'slice' : undeclared identifier [D:\Jenkins\workspace\OpenCV-MSBuild\build\modules\features2d\opencv_features2d.vcxproj]
  D:\Jenkins\workspace\OpenCV-MSBuild\modules\features2d\src\kaze\AKAZEFeatures.cpp(1301): error C2065: 'sorted_idx' : undeclared identifier [D:\Jenkins\workspace\OpenCV-MSBuild\build\modules\features2d\opencv_features2d.vcxproj]
  D:\Jenkins\workspace\OpenCV-MSBuild\modules\features2d\src\kaze\AKAZEFeatures.cpp(1302): error C2065: 'sorted_idx' : undeclared identifier [D:\Jenkins\workspace\OpenCV-MSBuild\build\modules\features2d\opencv_features2d.vcxproj]
&lt;/denchmark-code&gt;

Also, following error happens under debug mode
&lt;denchmark-code&gt;  D:\Jenkins\workspace\OpenCV-MSBuild\modules\features2d\src\kaze\AKAZEFeatures.cpp(1197): error C3861: 'isfinite': identifier not found
  D:\Jenkins\workspace\OpenCV-MSBuild\modules\features2d\src\kaze\AKAZEFeatures.cpp(1198): error C3861: 'isfinite': identifier not found
&lt;/denchmark-code&gt;

There are two problems.

VS 2102 doesn't support int8_t, it should include cstdint (something similar to #9194)
VS 2012 doesn't support isfinite, so it should include float.h and alias _finite as isfinite

&lt;denchmark-h:h5&gt;Steps to reproduce&lt;/denchmark-h&gt;

I'll write PR to fix this problem.
	</description>
	<comments>
	</comments>
</bug>