<bug id='1363' author='karthikvadla' open_date='2019-05-29T20:50:21Z' closed_time='2019-06-04T21:56:19Z'>
	<summary>Docker build issue with r1.14 branch</summary>
	<description>
Hi, i'm trying to build tensorflow serving image with r1.14 branch. I see below parse issue with the branch
&lt;denchmark-code&gt;Step 21/24 : RUN bazel build --color=yes --curses=yes     ${TF_SERVING_BAZEL_OPTIONS}     --verbose_failures     --output_filter=DONT_MATCH_ANYTHING     ${TF_SERVING_BUILD_OPTIONS}     tensorflow_serving/tools/pip_package:build_pip_package &amp;&amp;     bazel-bin/tensorflow_serving/tools/pip_package/build_pip_package     /tmp/pip &amp;&amp;     pip --no-cache-dir install --upgrade     /tmp/pip/tensorflow_serving_api-*.whl &amp;&amp;     rm -rf /tmp/pip
 ---&gt; Running in 486382c275ec
Starting local Bazel server and connecting to it...
INFO: Analysed target //tensorflow_serving/tools/pip_package:build_pip_package (26 packages loaded, 798 targets configured).
INFO: Found 1 target...
Target //tensorflow_serving/tools/pip_package:build_pip_package up-to-date:
  bazel-bin/tensorflow_serving/tools/pip_package/build_pip_package
INFO: Elapsed time: 5.082s, Critical Path: 0.58s
INFO: 83 processes: 83 local.
INFO: Build completed successfully, 87 total actions
Wed May 29 20:42:56 UTC 2019 : === Using tmpdir: /tmp/tmp.SM4La0lE8S
Adding python files
Adding package setup files
/tmp/tmp.SM4La0lE8S /tensorflow-serving
Wed May 29 20:42:56 UTC 2019 : === Building wheel (CPU)
error in tensorflow-serving-api setup command: 'install_requires' must be a string or list of strings containing valid project/version requirement specifiers; Invalid requirement, parse error at "'=1.14.0r'"
The command '/bin/sh -c bazel build --color=yes --curses=yes     ${TF_SERVING_BAZEL_OPTIONS}     --verbose_failures     --output_filter=DONT_MATCH_ANYTHING     ${TF_SERVING_BUILD_OPTIONS}     tensorflow_serving/tools/pip_package:build_pip_package &amp;&amp;     bazel-bin/tensorflow_serving/tools/pip_package/build_pip_package     /tmp/pip &amp;&amp;     pip --no-cache-dir install --upgrade     /tmp/pip/tensorflow_serving_api-*.whl &amp;&amp;     rm -rf /tmp/pip' returned a non-zero code: 1
&lt;/denchmark-code&gt;

I used docker build command as below
&lt;denchmark-code&gt;docker build \
    --build-arg TF_SERVING_VERSION_GIT_BRANCH="r1.14" \
    --build-arg HTTP_PROXY=${HTTP_PROXY} \
    --build-arg HTTPS_PROXY=${HTTPS_PROXY} \
    --build-arg http_proxy=${http_proxy} \
    --build-arg https_proxy=${https_proxy} \
    -f Dockerfile.devel -t tensorflow/serving:latest-devel .
&lt;/denchmark-code&gt;

Any help please.
	</description>
	<comments>
		<comment id='1' author='karthikvadla' date='2019-05-30T17:11:39Z'>
		&lt;denchmark-link:https://github.com/lilao&gt;@lilao&lt;/denchmark-link&gt;
 can't we build images based of branches? just wonder how it's working with . 
		</comment>
		<comment id='2' author='karthikvadla' date='2019-05-30T17:17:41Z'>
		&lt;denchmark-link:https://github.com/gautamvasudevan&gt;@gautamvasudevan&lt;/denchmark-link&gt;
 This is different question, where is tensorflow version set in tensorflow serving?
I know when i set  as  it uses same version of tensorflow. Do we have a way to control different version of tensorflow? or any pointers to code base where this is configured automatically?
		</comment>
		<comment id='3' author='karthikvadla' date='2019-05-30T18:24:59Z'>
		&lt;denchmark-link:https://github.com/karthikvadla&gt;@karthikvadla&lt;/denchmark-link&gt;
 Thanks for filing this issue.
In the meantime I created a PR here: &lt;denchmark-link:https://github.com/tensorflow/serving/pull/1367&gt;#1367&lt;/denchmark-link&gt;
 to unblock you.
Here is how you use it:
&lt;denchmark-code&gt;git clone git@github.com:karthikvadla/serving.git
git remote add upstream git@github.com:tensorflow/serving.git
git remote add ashahba git@github.com:ashahba/serving.git
&lt;/denchmark-code&gt;

Now checkout my branch:
&lt;denchmark-code&gt;git remote update --prune
git checkout ashahba ashahba/future
&lt;/denchmark-code&gt;

and run your build command as usual:
&lt;denchmark-code&gt;docker build --build-arg TF_SERVING_VERSION_GIT_BRANCH="master"  -f Dockerfile.devel -t tensorflow/serving:latest-devel .
&lt;/denchmark-code&gt;

		</comment>
		<comment id='4' author='karthikvadla' date='2019-05-30T18:29:21Z'>
		&lt;denchmark-link:https://github.com/ashahba&gt;@ashahba&lt;/denchmark-link&gt;
 Thank you . Will try that now.
		</comment>
		<comment id='5' author='karthikvadla' date='2019-06-01T00:18:23Z'>
		Please check here &lt;denchmark-link:https://github.com/tensorflow/serving/pull/1367#discussion_r289582625&gt;#1367 (comment)&lt;/denchmark-link&gt;
 . Your patch fixed different error i have with master branch. Still i see parse issue with  branch.
		</comment>
		<comment id='6' author='karthikvadla' date='2019-06-01T06:22:09Z'>
		&lt;denchmark-link:https://github.com/karthikvadla&gt;@karthikvadla&lt;/denchmark-link&gt;
  should be good now, since  branch in  was patched earlier today here: &lt;denchmark-link:https://github.com/tensorflow/tensorflow/pull/29233&gt;tensorflow/tensorflow#29233&lt;/denchmark-link&gt;

Would you please try building the container with  branch and let us know?
Thanks.
		</comment>
		<comment id='7' author='karthikvadla' date='2019-06-04T02:00:11Z'>
		Hey &lt;denchmark-link:https://github.com/karthikvadla&gt;@karthikvadla&lt;/denchmark-link&gt;
, Are you still facing this issue? Can we close this if it is resolved on your end? Thanks!
		</comment>
		<comment id='8' author='karthikvadla' date='2019-06-04T18:57:52Z'>
		fwiw our official docker builds are out for r1.14 (rc0) on hub.docker.com. so this is working now.
		</comment>
		<comment id='9' author='karthikvadla' date='2019-06-04T18:58:05Z'>
		sorry did not want to close the issue, just comment.
		</comment>
		<comment id='10' author='karthikvadla' date='2019-06-04T20:42:55Z'>
		I will test and update you.
		</comment>
		<comment id='11' author='karthikvadla' date='2019-06-04T20:48:44Z'>
		&lt;denchmark-code&gt;docker build \
--build-arg TF_SERVING_VERSION_GIT_BRANCH="r1.14" \
--build-arg HTTP_PROXY=${HTTP_PROXY} \
--build-arg HTTPS_PROXY=${HTTPS_PROXY} \
--build-arg http_proxy=${http_proxy} \
--build-arg https_proxy=${https_proxy} \
-f Dockerfile.devel-mkl -t tensorflow/serving:latest-devel-mkl .
&lt;/denchmark-code&gt;

&lt;denchmark-code&gt;/tensorflow-serving
Tue Jun 4 20:47:00 UTC 2019 : === Output wheel file is in: /tmp/pip
DEPRECATION: Python 2.7 will reach the end of its life on January 1st, 2020. Please upgrade your Python as Python 2.7 won't be maintained after that date. A future version of pip will drop support for Python 2.7.
Processing /tmp/pip/tensorflow_serving_api-1.14.0rc0-py2.py3-none-any.whl
ERROR: Exception:
Traceback (most recent call last):
  File "/usr/local/lib/python2.7/dist-packages/pip/_internal/cli/base_command.py", line 178, in main
    status = self.run(options, args)
  File "/usr/local/lib/python2.7/dist-packages/pip/_internal/commands/install.py", line 352, in run
    resolver.resolve(requirement_set)
  File "/usr/local/lib/python2.7/dist-packages/pip/_internal/resolve.py", line 131, in resolve
    self._resolve_one(requirement_set, req)
  File "/usr/local/lib/python2.7/dist-packages/pip/_internal/resolve.py", line 345, in _resolve_one
    set(req_to_install.extras) - set(dist.extras)
  File "/usr/local/lib/python2.7/dist-packages/pip/_vendor/pkg_resources/__init__.py", line 2969, in extras
    return [dep for dep in self._dep_map if dep]
  File "/usr/local/lib/python2.7/dist-packages/pip/_vendor/pkg_resources/__init__.py", line 3014, in _dep_map
    self.__dep_map = self._compute_dependencies()
  File "/usr/local/lib/python2.7/dist-packages/pip/_vendor/pkg_resources/__init__.py", line 3024, in _compute_dependencies
    reqs.extend(parse_requirements(req))
  File "/usr/local/lib/python2.7/dist-packages/pip/_vendor/pkg_resources/__init__.py", line 3085, in parse_requirements
    yield Requirement(line)
  File "/usr/local/lib/python2.7/dist-packages/pip/_vendor/pkg_resources/__init__.py", line 3094, in __init__
    raise RequirementParseError(str(e))
RequirementParseError: Parse error at "'(===1.14'": Expected stringEnd
The command '/bin/sh -c bazel build --color=yes --curses=yes     ${TF_SERVING_BAZEL_OPTIONS}     --verbose_failures     --output_filter=DONT_MATCH_ANYTHING     ${TF_SERVING_BUILD_OPTIONS}     tensorflow_serving/tools/pip_package:build_pip_package &amp;&amp;     bazel-bin/tensorflow_serving/tools/pip_package/build_pip_package     /tmp/pip &amp;&amp;     pip --no-cache-dir install --upgrade /tmp/pip/tensorflow_serving*.whl &amp;&amp;     rm -rf /tmp/pip' returned a non-zero code: 2
&lt;/denchmark-code&gt;

Am i doing anything wrong?
		</comment>
		<comment id='12' author='karthikvadla' date='2019-06-04T21:14:57Z'>
		
docker build \
--build-arg TF_SERVING_VERSION_GIT_BRANCH="r1.14" \
--build-arg HTTP_PROXY=${HTTP_PROXY} \
--build-arg HTTPS_PROXY=${HTTPS_PROXY} \
--build-arg http_proxy=${http_proxy} \
--build-arg https_proxy=${https_proxy} \
-f Dockerfile.devel-mkl -t tensorflow/serving:latest-devel-mkl .

/tensorflow-serving
Tue Jun 4 20:47:00 UTC 2019 : === Output wheel file is in: /tmp/pip
DEPRECATION: Python 2.7 will reach the end of its life on January 1st, 2020. Please upgrade your Python as Python 2.7 won't be maintained after that date. A future version of pip will drop support for Python 2.7.
Processing /tmp/pip/tensorflow_serving_api-1.14.0rc0-py2.py3-none-any.whl
ERROR: Exception:
Traceback (most recent call last):
  File "/usr/local/lib/python2.7/dist-packages/pip/_internal/cli/base_command.py", line 178, in main
    status = self.run(options, args)
  File "/usr/local/lib/python2.7/dist-packages/pip/_internal/commands/install.py", line 352, in run
    resolver.resolve(requirement_set)
  File "/usr/local/lib/python2.7/dist-packages/pip/_internal/resolve.py", line 131, in resolve
    self._resolve_one(requirement_set, req)
  File "/usr/local/lib/python2.7/dist-packages/pip/_internal/resolve.py", line 345, in _resolve_one
    set(req_to_install.extras) - set(dist.extras)
  File "/usr/local/lib/python2.7/dist-packages/pip/_vendor/pkg_resources/__init__.py", line 2969, in extras
    return [dep for dep in self._dep_map if dep]
  File "/usr/local/lib/python2.7/dist-packages/pip/_vendor/pkg_resources/__init__.py", line 3014, in _dep_map
    self.__dep_map = self._compute_dependencies()
  File "/usr/local/lib/python2.7/dist-packages/pip/_vendor/pkg_resources/__init__.py", line 3024, in _compute_dependencies
    reqs.extend(parse_requirements(req))
  File "/usr/local/lib/python2.7/dist-packages/pip/_vendor/pkg_resources/__init__.py", line 3085, in parse_requirements
    yield Requirement(line)
  File "/usr/local/lib/python2.7/dist-packages/pip/_vendor/pkg_resources/__init__.py", line 3094, in __init__
    raise RequirementParseError(str(e))
RequirementParseError: Parse error at "'(===1.14'": Expected stringEnd
The command '/bin/sh -c bazel build --color=yes --curses=yes     ${TF_SERVING_BAZEL_OPTIONS}     --verbose_failures     --output_filter=DONT_MATCH_ANYTHING     ${TF_SERVING_BUILD_OPTIONS}     tensorflow_serving/tools/pip_package:build_pip_package &amp;&amp;     bazel-bin/tensorflow_serving/tools/pip_package/build_pip_package     /tmp/pip &amp;&amp;     pip --no-cache-dir install --upgrade /tmp/pip/tensorflow_serving*.whl &amp;&amp;     rm -rf /tmp/pip' returned a non-zero code: 2

Am i doing anything wrong?

are you using the latest r1.14 sources? the === indicates you are not.
		</comment>
		<comment id='13' author='karthikvadla' date='2019-06-04T21:18:02Z'>
		I didn't get this latest r1.14 sources ðŸ¤” , what do you mean by this?
I did as below.
&lt;denchmark-code&gt;git clone git@github.com:tensorflow/serving
cd serving/tensorflow_serving/tools/docker
&lt;/denchmark-code&gt;

and then ran docker build command.
		</comment>
		<comment id='14' author='karthikvadla' date='2019-06-04T21:20:18Z'>
		the error on  should be fixed in 1.14 branch by &lt;denchmark-link:https://github.com/tensorflow/serving/commit/91484e1a7087744dc7b0c5ff773b84d58dbab0d5&gt;91484e1&lt;/denchmark-link&gt;

so its strange that your build is seeing === in r1.14 sources.
		</comment>
		<comment id='15' author='karthikvadla' date='2019-06-04T21:56:19Z'>
		Oh yeah i cleaned up all my docker cache and re-built with r1.14 branch. Issue resolved. Closing it now.
		</comment>
	</comments>
</bug>