<bug_data>
<bug id='639' author='chicm-ms' open_date='2019-01-22T03:54:31Z' closed_time='2019-03-06T07:39:55Z'>
 	<summary>Multiphase integration test failed</summary>
 	<description>
 &lt;denchmark-link:https://msrasrg.visualstudio.com/NNIOpenSource/_build/results?buildId=1630&gt;https://msrasrg.visualstudio.com/NNIOpenSource/_build/results?buildId=1630&lt;/denchmark-link&gt;
 
 I was not able to reproduce it on local system, but it occasionally failed on azure pipeline.
 2019-01-22T03:09:30.1662354Z Traceback (most recent call last):
 2019-01-22T03:09:30.1662620Z   File "multi_phase.py", line 6, in 
 2019-01-22T03:09:30.1662677Z     hyper_params = nni.get_next_parameter()
 2019-01-22T03:09:30.1662783Z   File "/home/nni/myagent/_work/1/s/src/sdk/pynni/nni/trial.py", line 44, in get_next_parameter
 2019-01-22T03:09:30.1662837Z     _params = platform.get_next_parameter()
 2019-01-22T03:09:30.1662934Z   File "/home/nni/myagent/_work/1/s/src/sdk/pynni/nni/platform/local.py", line 75, in get_next_parameter
 2019-01-22T03:09:30.1662987Z     params = json.load(params_file)
 2019-01-22T03:09:30.1663036Z   File "/usr/lib/python3.5/json/init.py", line 268, in load
 2019-01-22T03:09:30.1663130Z     parse_constant=parse_constant, object_pairs_hook=object_pairs_hook, **kw)
 2019-01-22T03:09:30.1663185Z   File "/usr/lib/python3.5/json/init.py", line 319, in loads
 2019-01-22T03:09:30.1663276Z     return _default_decoder.decode(s)
 2019-01-22T03:09:30.1663324Z   File "/usr/lib/python3.5/json/decoder.py", line 339, in decode
 2019-01-22T03:09:30.1663677Z     obj, end = self.raw_decode(s, idx=_w(s, 0).end())
 2019-01-22T03:09:30.1663785Z   File "/usr/lib/python3.5/json/decoder.py", line 357, in raw_decode
 2019-01-22T03:09:30.1663838Z     raise JSONDecodeError("Expecting value", s, err.value) from None
 2019-01-22T03:09:30.1663929Z json.decoder.JSONDecodeError: Expecting value: line 1 column 1 (char 0)
 2019-01-22T03:09:30.4967110Z INFO: Stoping experiment tEtjD5xI
 2019-01-22T03:09:30.4967347Z INFO: Stop experiment success!
 2019-01-22T03:09:30.5346283Z Traceback (most recent call last):
 2019-01-22T03:09:30.5346531Z   File "config_test.py", line 99, in run
 2019-01-22T03:09:30.5346929Z     run_test(config_file, args.ts, args.local_gpu)
 2019-01-22T03:09:30.5347904Z   File "config_test.py", line 74, in run_test
 2019-01-22T03:09:30.5348734Z     assert num_succeeded == max_trial_num, 'only %d succeeded trial jobs, there should be %d' % (num_succeeded, max_trial_num)
 2019-01-22T03:09:30.5349306Z AssertionError: only 1 succeeded trial jobs, there should be 2
 2019-01-22T03:09:30.5349366Z
 	</description>
 	<comments>
 	</comments>
 </bug>
<commit id='26bd7272bc3eb64ae7959eff5e9fed1a3d59af36' author='chicm-ms' date='2019-01-28 13:28:41+08:00'>
 	<dmm_unit complexity='None' interfacing='None' size='None'></dmm_unit>
 	<modification change_type='MODIFY' old_name='src\sdk\pynni\nni\platform\local.py' new_name='src\sdk\pynni\nni\platform\local.py'>
 		<file_info nloc='61' complexity='13' token_count='451'></file_info>
 		<method name='get_next_parameter' parameters=''>
 				<method_info nloc='21' complexity='9' token_count='145' nesting_level='0' start_line='56' end_line='77'></method_info>
 			<added_lines>72</added_lines>
 			<deleted_lines>72</deleted_lines>
 		</method>
 		<modified_lines>
 			<added_lines></added_lines>
 			<deleted_lines></deleted_lines>
 		</modified_lines>
 	</modification>
 	<modification change_type='MODIFY' old_name='test\config_test\multi_phase\multi_phase.test.yml' new_name='test\config_test\multi_phase\multi_phase.test.yml'>
 		<file_info nloc='None' complexity='None' token_count='None'></file_info>
 		<modified_lines>
 			<added_lines>4,5</added_lines>
 			<deleted_lines>4,5</deleted_lines>
 		</modified_lines>
 	</modification>
 </commit>
</bug_data>
